[2.416s] Invoking command in '/home/khushant/pid/src/controller': PYTHONPATH=/home/khushant/pid/build/controller/prefix_override:/home/khushant/pid/install/controller/lib/python3.10/site-packages:${PYTHONPATH} WSLENV=ELECTRON_RUN_AS_NODE/w: /usr/bin/python3 setup.py egg_info --egg-base ../../build/controller build --build-base /home/khushant/pid/build/controller/build install --record /home/khushant/pid/build/controller/install.log --single-version-externally-managed
[3.009s] running egg_info
[3.010s] writing ../../build/controller/controller.egg-info/PKG-INFO
[3.010s] writing dependency_links to ../../build/controller/controller.egg-info/dependency_links.txt
[3.010s] writing entry points to ../../build/controller/controller.egg-info/entry_points.txt
[3.011s] writing requirements to ../../build/controller/controller.egg-info/requires.txt
[3.011s] writing top-level names to ../../build/controller/controller.egg-info/top_level.txt
[3.013s] reading manifest file '../../build/controller/controller.egg-info/SOURCES.txt'
[3.014s] writing manifest file '../../build/controller/controller.egg-info/SOURCES.txt'
[3.015s] running build
[3.015s] running build_py
[3.015s] running install
[3.015s] running install_lib
[3.018s] running install_data
[3.020s] running install_egg_info
[3.024s] removing '/home/khushant/pid/install/controller/lib/python3.10/site-packages/controller-0.0.0-py3.10.egg-info' (and everything under it)
[3.024s] Copying ../../build/controller/controller.egg-info to /home/khushant/pid/install/controller/lib/python3.10/site-packages/controller-0.0.0-py3.10.egg-info
[3.025s] running install_scripts
[3.074s] Installing pid script to /home/khushant/pid/install/controller/lib/controller
[3.074s] Installing ref script to /home/khushant/pid/install/controller/lib/controller
[3.074s] Installing system script to /home/khushant/pid/install/controller/lib/controller
[3.074s] writing list of installed files to '/home/khushant/pid/build/controller/install.log'
[3.105s] Invoked command in '/home/khushant/pid/src/controller' returned '0': PYTHONPATH=/home/khushant/pid/build/controller/prefix_override:/home/khushant/pid/install/controller/lib/python3.10/site-packages:${PYTHONPATH} WSLENV=ELECTRON_RUN_AS_NODE/w: /usr/bin/python3 setup.py egg_info --egg-base ../../build/controller build --build-base /home/khushant/pid/build/controller/build install --record /home/khushant/pid/build/controller/install.log --single-version-externally-managed
