[  1%] Built target messages__rosidl_generator_type_description
[  1%] Built target ament_cmake_python_symlink_messages
[  3%] Built target messages__cpp
[ 24%] Built target messages__rosidl_generator_c
[ 33%] Built target messages__rosidl_typesupport_introspection_c
[ 42%] Built target messages__rosidl_typesupport_fastrtps_c
[ 51%] Built target messages__rosidl_typesupport_cpp
[ 61%] Built target messages__rosidl_typesupport_fastrtps_cpp
[ 70%] Built target messages__rosidl_typesupport_c
[ 79%] Built target messages__rosidl_typesupport_introspection_cpp
[ 79%] Built target messages
[ 81%] Built target messages__py
[ 88%] Built target messages__rosidl_generator_py
[ 92%] Built target messages__rosidl_typesupport_fastrtps_c__pyext
[ 96%] Built target messages__rosidl_typesupport_introspection_c__pyext
[100%] Built target messages__rosidl_typesupport_c__pyext
running egg_info
writing messages.egg-info/PKG-INFO
writing dependency_links to messages.egg-info/dependency_links.txt
writing top-level names to messages.egg-info/top_level.txt
reading manifest file 'messages.egg-info/SOURCES.txt'
writing manifest file 'messages.egg-info/SOURCES.txt'
[100%] Built target ament_cmake_python_build_messages_egg
-- Install configuration: ""
-- Execute custom install script
-- Up-to-date symlink: /home/khushant/pid/install/messages/share/ament_index/resource_index/rosidl_interfaces/messages
-- Up-to-date symlink: /home/khushant/pid/install/messages/share/messages/msg/Pidsignal.json
-- Up-to-date symlink: /home/khushant/pid/install/messages/share/messages/msg/Refsignal.json
-- Up-to-date symlink: /home/khushant/pid/install/messages/share/messages/msg/Systemsignal.json
-- Up-to-date symlink: /home/khushant/pid/install/messages/include/messages/messages/msg/detail/pidsignal__functions.h
-- Up-to-date symlink: /home/khushant/pid/install/messages/include/messages/messages/msg/detail/pidsignal__struct.h
-- Up-to-date symlink: /home/khushant/pid/install/messages/include/messages/messages/msg/detail/pidsignal__type_support.h
-- Up-to-date symlink: /home/khushant/pid/install/messages/include/messages/messages/msg/detail/refsignal__functions.h
-- Up-to-date symlink: /home/khushant/pid/install/messages/include/messages/messages/msg/detail/refsignal__struct.h
-- Up-to-date symlink: /home/khushant/pid/install/messages/include/messages/messages/msg/detail/refsignal__type_support.h
-- Up-to-date symlink: /home/khushant/pid/install/messages/include/messages/messages/msg/detail/systemsignal__functions.h
-- Up-to-date symlink: /home/khushant/pid/install/messages/include/messages/messages/msg/detail/systemsignal__struct.h
-- Up-to-date symlink: /home/khushant/pid/install/messages/include/messages/messages/msg/detail/systemsignal__type_support.h
-- Up-to-date symlink: /home/khushant/pid/install/messages/include/messages/messages/msg/pidsignal.h
-- Up-to-date symlink: /home/khushant/pid/install/messages/include/messages/messages/msg/refsignal.h
-- Up-to-date symlink: /home/khushant/pid/install/messages/include/messages/messages/msg/rosidl_generator_c__visibility_control.h
-- Up-to-date symlink: /home/khushant/pid/install/messages/include/messages/messages/msg/systemsignal.h
-- Up-to-date symlink: /home/khushant/pid/install/messages/share/messages/environment/library_path.sh
-- Up-to-date symlink: /home/khushant/pid/install/messages/share/messages/environment/library_path.dsv
-- Up-to-date symlink: /home/khushant/pid/install/messages/include/messages/messages/msg/detail/pidsignal__rosidl_typesupport_introspection_c.h
-- Up-to-date symlink: /home/khushant/pid/install/messages/include/messages/messages/msg/detail/refsignal__rosidl_typesupport_introspection_c.h
-- Up-to-date symlink: /home/khushant/pid/install/messages/include/messages/messages/msg/detail/systemsignal__rosidl_typesupport_introspection_c.h
-- Up-to-date symlink: /home/khushant/pid/install/messages/include/messages/messages/msg/rosidl_typesupport_introspection_c__visibility_control.h
-- Up-to-date symlink: /home/khushant/pid/install/messages/include/messages/messages/msg/detail/pidsignal__rosidl_typesupport_fastrtps_c.h
-- Up-to-date symlink: /home/khushant/pid/install/messages/include/messages/messages/msg/detail/refsignal__rosidl_typesupport_fastrtps_c.h
-- Up-to-date symlink: /home/khushant/pid/install/messages/include/messages/messages/msg/detail/systemsignal__rosidl_typesupport_fastrtps_c.h
-- Up-to-date symlink: /home/khushant/pid/install/messages/include/messages/messages/msg/rosidl_typesupport_fastrtps_c__visibility_control.h
-- Up-to-date symlink: /home/khushant/pid/install/messages/include/messages/messages/msg/detail/pidsignal__builder.hpp
-- Up-to-date symlink: /home/khushant/pid/install/messages/include/messages/messages/msg/detail/pidsignal__struct.hpp
-- Up-to-date symlink: /home/khushant/pid/install/messages/include/messages/messages/msg/detail/pidsignal__traits.hpp
-- Up-to-date symlink: /home/khushant/pid/install/messages/include/messages/messages/msg/detail/refsignal__builder.hpp
-- Up-to-date symlink: /home/khushant/pid/install/messages/include/messages/messages/msg/detail/refsignal__struct.hpp
-- Up-to-date symlink: /home/khushant/pid/install/messages/include/messages/messages/msg/detail/refsignal__traits.hpp
-- Up-to-date symlink: /home/khushant/pid/install/messages/include/messages/messages/msg/detail/systemsignal__builder.hpp
-- Up-to-date symlink: /home/khushant/pid/install/messages/include/messages/messages/msg/detail/systemsignal__struct.hpp
-- Up-to-date symlink: /home/khushant/pid/install/messages/include/messages/messages/msg/detail/systemsignal__traits.hpp
-- Up-to-date symlink: /home/khushant/pid/install/messages/include/messages/messages/msg/pidsignal.hpp
-- Up-to-date symlink: /home/khushant/pid/install/messages/include/messages/messages/msg/refsignal.hpp
-- Up-to-date symlink: /home/khushant/pid/install/messages/include/messages/messages/msg/systemsignal.hpp
-- Up-to-date symlink: /home/khushant/pid/install/messages/include/messages/messages/msg/detail/pidsignal__rosidl_typesupport_introspection_cpp.hpp
-- Up-to-date symlink: /home/khushant/pid/install/messages/include/messages/messages/msg/detail/refsignal__rosidl_typesupport_introspection_cpp.hpp
-- Up-to-date symlink: /home/khushant/pid/install/messages/include/messages/messages/msg/detail/systemsignal__rosidl_typesupport_introspection_cpp.hpp
-- Up-to-date symlink: /home/khushant/pid/install/messages/include/messages/messages/msg/detail/pidsignal__rosidl_typesupport_fastrtps_cpp.hpp
-- Up-to-date symlink: /home/khushant/pid/install/messages/include/messages/messages/msg/detail/refsignal__rosidl_typesupport_fastrtps_cpp.hpp
-- Up-to-date symlink: /home/khushant/pid/install/messages/include/messages/messages/msg/detail/systemsignal__rosidl_typesupport_fastrtps_cpp.hpp
-- Up-to-date symlink: /home/khushant/pid/install/messages/include/messages/messages/msg/rosidl_typesupport_fastrtps_cpp__visibility_control.h
-- Up-to-date symlink: /home/khushant/pid/install/messages/share/messages/environment/pythonpath.sh
-- Up-to-date symlink: /home/khushant/pid/install/messages/share/messages/environment/pythonpath.dsv
-- Up-to-date symlink: /home/khushant/pid/install/messages/lib/python3.10/site-packages/messages-0.0.0-py3.10.egg-info/PKG-INFO
-- Up-to-date symlink: /home/khushant/pid/install/messages/lib/python3.10/site-packages/messages-0.0.0-py3.10.egg-info/SOURCES.txt
-- Up-to-date symlink: /home/khushant/pid/install/messages/lib/python3.10/site-packages/messages-0.0.0-py3.10.egg-info/dependency_links.txt
-- Up-to-date symlink: /home/khushant/pid/install/messages/lib/python3.10/site-packages/messages-0.0.0-py3.10.egg-info/top_level.txt
-- Up-to-date symlink: /home/khushant/pid/install/messages/lib/python3.10/site-packages/messages/__init__.py
-- Up-to-date symlink: /home/khushant/pid/install/messages/lib/python3.10/site-packages/messages/_messages_s.ep.rosidl_typesupport_c.c
-- Up-to-date symlink: /home/khushant/pid/install/messages/lib/python3.10/site-packages/messages/_messages_s.ep.rosidl_typesupport_fastrtps_c.c
-- Up-to-date symlink: /home/khushant/pid/install/messages/lib/python3.10/site-packages/messages/_messages_s.ep.rosidl_typesupport_introspection_c.c
-- Up-to-date symlink: /home/khushant/pid/install/messages/lib/python3.10/site-packages/messages/libmessages__rosidl_generator_py.so
-- Up-to-date symlink: /home/khushant/pid/install/messages/lib/python3.10/site-packages/messages/messages_s__rosidl_typesupport_c.cpython-310-x86_64-linux-gnu.so
-- Up-to-date symlink: /home/khushant/pid/install/messages/lib/python3.10/site-packages/messages/messages_s__rosidl_typesupport_fastrtps_c.cpython-310-x86_64-linux-gnu.so
-- Up-to-date symlink: /home/khushant/pid/install/messages/lib/python3.10/site-packages/messages/messages_s__rosidl_typesupport_introspection_c.cpython-310-x86_64-linux-gnu.so
-- Up-to-date symlink: /home/khushant/pid/install/messages/lib/python3.10/site-packages/messages/msg/__init__.py
-- Up-to-date symlink: /home/khushant/pid/install/messages/lib/python3.10/site-packages/messages/msg/_pidsignal.py
-- Up-to-date symlink: /home/khushant/pid/install/messages/lib/python3.10/site-packages/messages/msg/_pidsignal_s.c
-- Up-to-date symlink: /home/khushant/pid/install/messages/lib/python3.10/site-packages/messages/msg/_refsignal.py
-- Up-to-date symlink: /home/khushant/pid/install/messages/lib/python3.10/site-packages/messages/msg/_refsignal_s.c
-- Up-to-date symlink: /home/khushant/pid/install/messages/lib/python3.10/site-packages/messages/msg/_systemsignal.py
-- Up-to-date symlink: /home/khushant/pid/install/messages/lib/python3.10/site-packages/messages/msg/_systemsignal_s.c
-- Up-to-date symlink: /home/khushant/pid/install/messages/lib/python3.10/site-packages/messages/messages_s__rosidl_typesupport_introspection_c.cpython-310-x86_64-linux-gnu.so
-- Up-to-date symlink: /home/khushant/pid/install/messages/lib/python3.10/site-packages/messages/messages_s__rosidl_typesupport_fastrtps_c.cpython-310-x86_64-linux-gnu.so
-- Up-to-date symlink: /home/khushant/pid/install/messages/lib/python3.10/site-packages/messages/messages_s__rosidl_typesupport_c.cpython-310-x86_64-linux-gnu.so
-- Up-to-date symlink: /home/khushant/pid/install/messages/share/messages/msg/Pidsignal.idl
-- Up-to-date symlink: /home/khushant/pid/install/messages/share/messages/msg/Refsignal.idl
-- Up-to-date symlink: /home/khushant/pid/install/messages/share/messages/msg/Systemsignal.idl
-- Up-to-date symlink: /home/khushant/pid/install/messages/share/messages/msg/Pidsignal.msg
-- Up-to-date symlink: /home/khushant/pid/install/messages/share/messages/msg/Refsignal.msg
-- Up-to-date symlink: /home/khushant/pid/install/messages/share/messages/msg/Systemsignal.msg
-- Up-to-date symlink: /home/khushant/pid/install/messages/share/ament_index/resource_index/package_run_dependencies/messages
-- Up-to-date symlink: /home/khushant/pid/install/messages/share/ament_index/resource_index/parent_prefix_path/messages
-- Up-to-date symlink: /home/khushant/pid/install/messages/share/messages/environment/ament_prefix_path.sh
-- Up-to-date symlink: /home/khushant/pid/install/messages/share/messages/environment/ament_prefix_path.dsv
-- Up-to-date symlink: /home/khushant/pid/install/messages/share/messages/environment/path.sh
-- Up-to-date symlink: /home/khushant/pid/install/messages/share/messages/environment/path.dsv
-- Up-to-date symlink: /home/khushant/pid/install/messages/share/messages/local_setup.bash
-- Up-to-date symlink: /home/khushant/pid/install/messages/share/messages/local_setup.sh
-- Up-to-date symlink: /home/khushant/pid/install/messages/share/messages/local_setup.zsh
-- Up-to-date symlink: /home/khushant/pid/install/messages/share/messages/local_setup.dsv
-- Symlinking: /home/khushant/pid/install/messages/share/messages/package.dsv
-- Up-to-date symlink: /home/khushant/pid/install/messages/share/ament_index/resource_index/packages/messages
-- Up-to-date symlink: /home/khushant/pid/install/messages/share/messages/cmake/rosidl_cmake-extras.cmake
-- Up-to-date symlink: /home/khushant/pid/install/messages/share/messages/cmake/ament_cmake_export_include_directories-extras.cmake
-- Up-to-date symlink: /home/khushant/pid/install/messages/share/messages/cmake/ament_cmake_export_libraries-extras.cmake
-- Up-to-date symlink: /home/khushant/pid/install/messages/share/messages/cmake/ament_cmake_export_targets-extras.cmake
-- Up-to-date symlink: /home/khushant/pid/install/messages/share/messages/cmake/rosidl_cmake_export_typesupport_targets-extras.cmake
-- Up-to-date symlink: /home/khushant/pid/install/messages/share/messages/cmake/ament_cmake_export_dependencies-extras.cmake
-- Up-to-date symlink: /home/khushant/pid/install/messages/share/messages/cmake/rosidl_cmake_export_typesupport_libraries-extras.cmake
-- Up-to-date symlink: /home/khushant/pid/install/messages/share/messages/cmake/messagesConfig.cmake
-- Up-to-date symlink: /home/khushant/pid/install/messages/share/messages/cmake/messagesConfig-version.cmake
-- Up-to-date symlink: /home/khushant/pid/install/messages/share/messages/package.xml
-- Up-to-date: /home/khushant/pid/install/messages/lib/libmessages__rosidl_generator_c.so
-- Up-to-date: /home/khushant/pid/install/messages/lib/libmessages__rosidl_typesupport_introspection_c.so
-- Up-to-date: /home/khushant/pid/install/messages/lib/libmessages__rosidl_typesupport_fastrtps_c.so
-- Up-to-date: /home/khushant/pid/install/messages/lib/libmessages__rosidl_typesupport_c.so
-- Up-to-date: /home/khushant/pid/install/messages/lib/libmessages__rosidl_typesupport_introspection_cpp.so
-- Up-to-date: /home/khushant/pid/install/messages/lib/libmessages__rosidl_typesupport_fastrtps_cpp.so
-- Up-to-date: /home/khushant/pid/install/messages/lib/libmessages__rosidl_typesupport_cpp.so
Listing '/home/khushant/pid/install/messages/lib/python3.10/site-packages/messages'...
Listing '/home/khushant/pid/install/messages/lib/python3.10/site-packages/messages/msg'...
-- Up-to-date: /home/khushant/pid/install/messages/lib/libmessages__rosidl_generator_py.so
-- Up-to-date: /home/khushant/pid/install/messages/share/messages/cmake/export_messages__rosidl_generator_cExport.cmake
-- Up-to-date: /home/khushant/pid/install/messages/share/messages/cmake/export_messages__rosidl_generator_cExport-noconfig.cmake
-- Up-to-date: /home/khushant/pid/install/messages/share/messages/cmake/messages__rosidl_typesupport_introspection_cExport.cmake
-- Up-to-date: /home/khushant/pid/install/messages/share/messages/cmake/messages__rosidl_typesupport_introspection_cExport-noconfig.cmake
-- Up-to-date: /home/khushant/pid/install/messages/share/messages/cmake/export_messages__rosidl_typesupport_fastrtps_cExport.cmake
-- Up-to-date: /home/khushant/pid/install/messages/share/messages/cmake/export_messages__rosidl_typesupport_fastrtps_cExport-noconfig.cmake
-- Up-to-date: /home/khushant/pid/install/messages/share/messages/cmake/messages__rosidl_typesupport_cExport.cmake
-- Up-to-date: /home/khushant/pid/install/messages/share/messages/cmake/messages__rosidl_typesupport_cExport-noconfig.cmake
-- Up-to-date: /home/khushant/pid/install/messages/share/messages/cmake/export_messages__rosidl_generator_cppExport.cmake
-- Up-to-date: /home/khushant/pid/install/messages/share/messages/cmake/messages__rosidl_typesupport_introspection_cppExport.cmake
-- Up-to-date: /home/khushant/pid/install/messages/share/messages/cmake/messages__rosidl_typesupport_introspection_cppExport-noconfig.cmake
-- Up-to-date: /home/khushant/pid/install/messages/share/messages/cmake/export_messages__rosidl_typesupport_fastrtps_cppExport.cmake
-- Up-to-date: /home/khushant/pid/install/messages/share/messages/cmake/export_messages__rosidl_typesupport_fastrtps_cppExport-noconfig.cmake
-- Up-to-date: /home/khushant/pid/install/messages/share/messages/cmake/messages__rosidl_typesupport_cppExport.cmake
-- Up-to-date: /home/khushant/pid/install/messages/share/messages/cmake/messages__rosidl_typesupport_cppExport-noconfig.cmake
-- Up-to-date: /home/khushant/pid/install/messages/share/messages/cmake/export_messages__rosidl_generator_pyExport.cmake
-- Up-to-date: /home/khushant/pid/install/messages/share/messages/cmake/export_messages__rosidl_generator_pyExport-noconfig.cmake
