[1.029s] Invoking command in '/home/khushant/pid/build/messages': CMAKE_PREFIX_PATH=${CMAKE_PREFIX_PATH}:/home/khushant/pid/install/controller:/home/khushant/ros2_iron/install/rqt_bag_plugins:/home/khushant/ros2_iron/install/rqt_bag:/home/khushant/ros2_iron/install/rosbag2_examples_py:/home/khushant/ros2_iron/install/launch_testing_examples:/home/khushant/ros2_iron/install/ros2bag:/home/khushant/ros2_iron/install/tracetools_test:/home/khushant/ros2_iron/install/tracetools_launch:/home/khushant/ros2_iron/install/topic_monitor:/home/khushant/ros2_iron/install/tf2_tools:/home/khushant/ros2_iron/install/examples_tf2_py:/home/khushant/ros2_iron/install/tf2_ros_py:/home/khushant/ros2_iron/install/examples_rclpy_pointcloud_publisher:/home/khushant/ros2_iron/install/sensor_msgs_py:/home/khushant/ros2_iron/install/quality_of_service_demo_py:/home/khushant/ros2_iron/install/rqt_plot:/home/khushant/ros2_iron/install/ros2doctor:/home/khushant/ros2_iron/install/lifecycle_py:/home/khushant/ros2_iron/install/examples_rclpy_minimal_subscriber:/home/khushant/ros2_iron/install/examples_rclpy_minimal_service:/home/khushant/ros2_iron/install/examples_rclpy_minimal_publisher:/home/khushant/ros2_iron/install/examples_rclpy_minimal_client:/home/khushant/ros2_iron/install/examples_rclpy_executors:/home/khushant/ros2_iron/install/demo_nodes_py:/home/khushant/ros2_iron/install/rqt:/home/khushant/ros2_iron/install/ros2component:/home/khushant/ros2_iron/install/sros2:/home/khushant/ros2_iron/install/rqt_topic:/home/khushant/ros2_iron/install/rqt_srv:/home/khushant/ros2_iron/install/rqt_shell:/home/khushant/ros2_iron/install/rqt_service_caller:/home/khushant/ros2_iron/install/rqt_reconfigure:/home/khushant/ros2_iron/install/rqt_py_console:/home/khushant/ros2_iron/install/rqt_publisher:/home/khushant/ros2_iron/install/rqt_action:/home/khushant/ros2_iron/install/rqt_msg:/home/khushant/ros2_iron/install/rqt_console:/home/khushant/ros2_iron/install/rqt_graph:/home/khushant/ros2_iron/install/rqt_gui_py:/home/khushant/ros2_iron/install/rqt_gui:/home/khushant/ros2_iron/install/ros2trace:/home/khushant/ros2_iron/install/ros2topic:/home/khushant/ros2_iron/install/ros2test:/home/khushant/ros2_iron/install/ros2param:/home/khushant/ros2_iron/install/ros2lifecycle:/home/khushant/ros2_iron/install/ros2service:/home/khushant/ros2_iron/install/ros2run:/home/khushant/ros2_iron/install/ros2launch:/home/khushant/ros2_iron/install/ros2pkg:/home/khushant/ros2_iron/install/ros2node:/home/khushant/ros2_iron/install/ros2multicast:/home/khushant/ros2_iron/install/ros2interface:/home/khushant/ros2_iron/install/ros2action:/home/khushant/ros2_iron/install/ros2cli:/home/khushant/ros2_iron/install/launch_testing_ros:/home/khushant/ros2_iron/install/launch_ros:/home/khushant/ros2_iron/install/examples_rclpy_minimal_action_server:/home/khushant/ros2_iron/install/examples_rclpy_minimal_action_client:/home/khushant/ros2_iron/install/examples_rclpy_guard_conditions:/home/khushant/ros2_iron/install/action_tutorials_py:/home/khushant/ros2_iron/install/ament_uncrustify:/home/khushant/ros2_iron/install/tracetools_trace:/home/khushant/ros2_iron/install/tracetools_read:/home/khushant/ros2_iron/install/test_tracetools_launch:/home/khushant/ros2_iron/install/test_ros2trace:/home/khushant/ros2_iron/install/test_launch_ros:/home/khushant/ros2_iron/install/rpyutils:/home/khushant/ros2_iron/install/rosidl_runtime_py:/home/khushant/ros2_iron/install/rosidl_pycommon:/home/khushant/ros2_iron/install/rosidl_cli:/home/khushant/ros2_iron/install/launch_pytest:/home/khushant/ros2_iron/install/launch_testing:/home/khushant/ros2_iron/install/launch_yaml:/home/khushant/ros2_iron/install/launch_xml:/home/khushant/ros2_iron/install/launch:/home/khushant/ros2_iron/install/osrf_pycommon:/home/khushant/ros2_iron/install/domain_coordinator:/home/khushant/ros2_iron/install/ament_xmllint:/home/khushant/ros2_iron/install/ament_pyflakes:/home/khushant/ros2_iron/install/ament_pycodestyle:/home/khushant/ros2_iron/install/ament_pep257:/home/khushant/ros2_iron/install/ament_pclint:/home/khushant/ros2_iron/install/ament_package:/home/khushant/ros2_iron/install/ament_mypy:/home/khushant/ros2_iron/install/ament_lint_cmake:/home/khushant/ros2_iron/install/ament_flake8:/home/khushant/ros2_iron/install/ament_copyright:/home/khushant/ros2_iron/install/ament_lint:/home/khushant/ros2_iron/install/ament_index_python:/home/khushant/ros2_iron/install/ament_cpplint:/home/khushant/ros2_iron/install/ament_cppcheck:/home/khushant/ros2_iron/install/ament_clang_tidy:/home/khushant/ros2_iron/install/ament_clang_format:/opt/ros/iron /home/khushant/.local/bin/cmake /home/khushant/pid/src/messages -DAMENT_CMAKE_SYMLINK_INSTALL=1 -DCMAKE_INSTALL_PREFIX=/home/khushant/pid/install/messages
[1.162s] -- Found ament_cmake: 2.0.3 (/home/khushant/ros2_iron/install/ament_cmake/share/ament_cmake/cmake)
[1.536s] -- Override CMake install command with custom implementation using symlinks instead of copying resources
[1.548s] -- Found rosidl_default_generators: 1.5.0 (/home/khushant/ros2_iron/install/rosidl_default_generators/share/rosidl_default_generators/cmake)
[1.743s] -- Using all available rosidl_typesupport_c: rosidl_typesupport_introspection_c;rosidl_typesupport_fastrtps_c
[2.307s] -- Using all available rosidl_typesupport_cpp: rosidl_typesupport_introspection_cpp;rosidl_typesupport_fastrtps_cpp
[2.361s] -- Found rosidl_adapter: 4.0.1 (/home/khushant/ros2_iron/install/rosidl_adapter/share/rosidl_adapter/cmake)
[3.128s] -- Found ament_cmake_ros: 0.11.2 (/home/khushant/ros2_iron/install/ament_cmake_ros/share/ament_cmake_ros/cmake)
[3.348s] -- Using all available rosidl_typesupport_c: rosidl_typesupport_introspection_c;rosidl_typesupport_fastrtps_c
[3.723s] -- Using all available rosidl_typesupport_cpp: rosidl_typesupport_introspection_cpp;rosidl_typesupport_fastrtps_cpp
[3.797s] -- Found python_cmake_module: 0.10.2 (/home/khushant/ros2_iron/install/python_cmake_module/share/python_cmake_module/cmake)
[3.867s] -- Using PYTHON_EXECUTABLE: /usr/bin/python3
[3.868s] -- Using PYTHON_INCLUDE_DIRS: /usr/include/python3.10
[3.868s] -- Using PYTHON_LIBRARIES: /usr/lib/x86_64-linux-gnu/libpython3.10.so
[4.358s] -- Configuring done (3.2s)
[4.413s] -- Generating done (0.0s)
[4.418s] -- Build files have been written to: /home/khushant/pid/build/messages
[4.433s] Invoked command in '/home/khushant/pid/build/messages' returned '0': CMAKE_PREFIX_PATH=${CMAKE_PREFIX_PATH}:/home/khushant/pid/install/controller:/home/khushant/ros2_iron/install/rqt_bag_plugins:/home/khushant/ros2_iron/install/rqt_bag:/home/khushant/ros2_iron/install/rosbag2_examples_py:/home/khushant/ros2_iron/install/launch_testing_examples:/home/khushant/ros2_iron/install/ros2bag:/home/khushant/ros2_iron/install/tracetools_test:/home/khushant/ros2_iron/install/tracetools_launch:/home/khushant/ros2_iron/install/topic_monitor:/home/khushant/ros2_iron/install/tf2_tools:/home/khushant/ros2_iron/install/examples_tf2_py:/home/khushant/ros2_iron/install/tf2_ros_py:/home/khushant/ros2_iron/install/examples_rclpy_pointcloud_publisher:/home/khushant/ros2_iron/install/sensor_msgs_py:/home/khushant/ros2_iron/install/quality_of_service_demo_py:/home/khushant/ros2_iron/install/rqt_plot:/home/khushant/ros2_iron/install/ros2doctor:/home/khushant/ros2_iron/install/lifecycle_py:/home/khushant/ros2_iron/install/examples_rclpy_minimal_subscriber:/home/khushant/ros2_iron/install/examples_rclpy_minimal_service:/home/khushant/ros2_iron/install/examples_rclpy_minimal_publisher:/home/khushant/ros2_iron/install/examples_rclpy_minimal_client:/home/khushant/ros2_iron/install/examples_rclpy_executors:/home/khushant/ros2_iron/install/demo_nodes_py:/home/khushant/ros2_iron/install/rqt:/home/khushant/ros2_iron/install/ros2component:/home/khushant/ros2_iron/install/sros2:/home/khushant/ros2_iron/install/rqt_topic:/home/khushant/ros2_iron/install/rqt_srv:/home/khushant/ros2_iron/install/rqt_shell:/home/khushant/ros2_iron/install/rqt_service_caller:/home/khushant/ros2_iron/install/rqt_reconfigure:/home/khushant/ros2_iron/install/rqt_py_console:/home/khushant/ros2_iron/install/rqt_publisher:/home/khushant/ros2_iron/install/rqt_action:/home/khushant/ros2_iron/install/rqt_msg:/home/khushant/ros2_iron/install/rqt_console:/home/khushant/ros2_iron/install/rqt_graph:/home/khushant/ros2_iron/install/rqt_gui_py:/home/khushant/ros2_iron/install/rqt_gui:/home/khushant/ros2_iron/install/ros2trace:/home/khushant/ros2_iron/install/ros2topic:/home/khushant/ros2_iron/install/ros2test:/home/khushant/ros2_iron/install/ros2param:/home/khushant/ros2_iron/install/ros2lifecycle:/home/khushant/ros2_iron/install/ros2service:/home/khushant/ros2_iron/install/ros2run:/home/khushant/ros2_iron/install/ros2launch:/home/khushant/ros2_iron/install/ros2pkg:/home/khushant/ros2_iron/install/ros2node:/home/khushant/ros2_iron/install/ros2multicast:/home/khushant/ros2_iron/install/ros2interface:/home/khushant/ros2_iron/install/ros2action:/home/khushant/ros2_iron/install/ros2cli:/home/khushant/ros2_iron/install/launch_testing_ros:/home/khushant/ros2_iron/install/launch_ros:/home/khushant/ros2_iron/install/examples_rclpy_minimal_action_server:/home/khushant/ros2_iron/install/examples_rclpy_minimal_action_client:/home/khushant/ros2_iron/install/examples_rclpy_guard_conditions:/home/khushant/ros2_iron/install/action_tutorials_py:/home/khushant/ros2_iron/install/ament_uncrustify:/home/khushant/ros2_iron/install/tracetools_trace:/home/khushant/ros2_iron/install/tracetools_read:/home/khushant/ros2_iron/install/test_tracetools_launch:/home/khushant/ros2_iron/install/test_ros2trace:/home/khushant/ros2_iron/install/test_launch_ros:/home/khushant/ros2_iron/install/rpyutils:/home/khushant/ros2_iron/install/rosidl_runtime_py:/home/khushant/ros2_iron/install/rosidl_pycommon:/home/khushant/ros2_iron/install/rosidl_cli:/home/khushant/ros2_iron/install/launch_pytest:/home/khushant/ros2_iron/install/launch_testing:/home/khushant/ros2_iron/install/launch_yaml:/home/khushant/ros2_iron/install/launch_xml:/home/khushant/ros2_iron/install/launch:/home/khushant/ros2_iron/install/osrf_pycommon:/home/khushant/ros2_iron/install/domain_coordinator:/home/khushant/ros2_iron/install/ament_xmllint:/home/khushant/ros2_iron/install/ament_pyflakes:/home/khushant/ros2_iron/install/ament_pycodestyle:/home/khushant/ros2_iron/install/ament_pep257:/home/khushant/ros2_iron/install/ament_pclint:/home/khushant/ros2_iron/install/ament_package:/home/khushant/ros2_iron/install/ament_mypy:/home/khushant/ros2_iron/install/ament_lint_cmake:/home/khushant/ros2_iron/install/ament_flake8:/home/khushant/ros2_iron/install/ament_copyright:/home/khushant/ros2_iron/install/ament_lint:/home/khushant/ros2_iron/install/ament_index_python:/home/khushant/ros2_iron/install/ament_cpplint:/home/khushant/ros2_iron/install/ament_cppcheck:/home/khushant/ros2_iron/install/ament_clang_tidy:/home/khushant/ros2_iron/install/ament_clang_format:/opt/ros/iron /home/khushant/.local/bin/cmake /home/khushant/pid/src/messages -DAMENT_CMAKE_SYMLINK_INSTALL=1 -DCMAKE_INSTALL_PREFIX=/home/khushant/pid/install/messages
[4.438s] Invoking command in '/home/khushant/pid/build/messages': CMAKE_PREFIX_PATH=${CMAKE_PREFIX_PATH}:/home/khushant/pid/install/controller:/home/khushant/ros2_iron/install/rqt_bag_plugins:/home/khushant/ros2_iron/install/rqt_bag:/home/khushant/ros2_iron/install/rosbag2_examples_py:/home/khushant/ros2_iron/install/launch_testing_examples:/home/khushant/ros2_iron/install/ros2bag:/home/khushant/ros2_iron/install/tracetools_test:/home/khushant/ros2_iron/install/tracetools_launch:/home/khushant/ros2_iron/install/topic_monitor:/home/khushant/ros2_iron/install/tf2_tools:/home/khushant/ros2_iron/install/examples_tf2_py:/home/khushant/ros2_iron/install/tf2_ros_py:/home/khushant/ros2_iron/install/examples_rclpy_pointcloud_publisher:/home/khushant/ros2_iron/install/sensor_msgs_py:/home/khushant/ros2_iron/install/quality_of_service_demo_py:/home/khushant/ros2_iron/install/rqt_plot:/home/khushant/ros2_iron/install/ros2doctor:/home/khushant/ros2_iron/install/lifecycle_py:/home/khushant/ros2_iron/install/examples_rclpy_minimal_subscriber:/home/khushant/ros2_iron/install/examples_rclpy_minimal_service:/home/khushant/ros2_iron/install/examples_rclpy_minimal_publisher:/home/khushant/ros2_iron/install/examples_rclpy_minimal_client:/home/khushant/ros2_iron/install/examples_rclpy_executors:/home/khushant/ros2_iron/install/demo_nodes_py:/home/khushant/ros2_iron/install/rqt:/home/khushant/ros2_iron/install/ros2component:/home/khushant/ros2_iron/install/sros2:/home/khushant/ros2_iron/install/rqt_topic:/home/khushant/ros2_iron/install/rqt_srv:/home/khushant/ros2_iron/install/rqt_shell:/home/khushant/ros2_iron/install/rqt_service_caller:/home/khushant/ros2_iron/install/rqt_reconfigure:/home/khushant/ros2_iron/install/rqt_py_console:/home/khushant/ros2_iron/install/rqt_publisher:/home/khushant/ros2_iron/install/rqt_action:/home/khushant/ros2_iron/install/rqt_msg:/home/khushant/ros2_iron/install/rqt_console:/home/khushant/ros2_iron/install/rqt_graph:/home/khushant/ros2_iron/install/rqt_gui_py:/home/khushant/ros2_iron/install/rqt_gui:/home/khushant/ros2_iron/install/ros2trace:/home/khushant/ros2_iron/install/ros2topic:/home/khushant/ros2_iron/install/ros2test:/home/khushant/ros2_iron/install/ros2param:/home/khushant/ros2_iron/install/ros2lifecycle:/home/khushant/ros2_iron/install/ros2service:/home/khushant/ros2_iron/install/ros2run:/home/khushant/ros2_iron/install/ros2launch:/home/khushant/ros2_iron/install/ros2pkg:/home/khushant/ros2_iron/install/ros2node:/home/khushant/ros2_iron/install/ros2multicast:/home/khushant/ros2_iron/install/ros2interface:/home/khushant/ros2_iron/install/ros2action:/home/khushant/ros2_iron/install/ros2cli:/home/khushant/ros2_iron/install/launch_testing_ros:/home/khushant/ros2_iron/install/launch_ros:/home/khushant/ros2_iron/install/examples_rclpy_minimal_action_server:/home/khushant/ros2_iron/install/examples_rclpy_minimal_action_client:/home/khushant/ros2_iron/install/examples_rclpy_guard_conditions:/home/khushant/ros2_iron/install/action_tutorials_py:/home/khushant/ros2_iron/install/ament_uncrustify:/home/khushant/ros2_iron/install/tracetools_trace:/home/khushant/ros2_iron/install/tracetools_read:/home/khushant/ros2_iron/install/test_tracetools_launch:/home/khushant/ros2_iron/install/test_ros2trace:/home/khushant/ros2_iron/install/test_launch_ros:/home/khushant/ros2_iron/install/rpyutils:/home/khushant/ros2_iron/install/rosidl_runtime_py:/home/khushant/ros2_iron/install/rosidl_pycommon:/home/khushant/ros2_iron/install/rosidl_cli:/home/khushant/ros2_iron/install/launch_pytest:/home/khushant/ros2_iron/install/launch_testing:/home/khushant/ros2_iron/install/launch_yaml:/home/khushant/ros2_iron/install/launch_xml:/home/khushant/ros2_iron/install/launch:/home/khushant/ros2_iron/install/osrf_pycommon:/home/khushant/ros2_iron/install/domain_coordinator:/home/khushant/ros2_iron/install/ament_xmllint:/home/khushant/ros2_iron/install/ament_pyflakes:/home/khushant/ros2_iron/install/ament_pycodestyle:/home/khushant/ros2_iron/install/ament_pep257:/home/khushant/ros2_iron/install/ament_pclint:/home/khushant/ros2_iron/install/ament_package:/home/khushant/ros2_iron/install/ament_mypy:/home/khushant/ros2_iron/install/ament_lint_cmake:/home/khushant/ros2_iron/install/ament_flake8:/home/khushant/ros2_iron/install/ament_copyright:/home/khushant/ros2_iron/install/ament_lint:/home/khushant/ros2_iron/install/ament_index_python:/home/khushant/ros2_iron/install/ament_cpplint:/home/khushant/ros2_iron/install/ament_cppcheck:/home/khushant/ros2_iron/install/ament_clang_tidy:/home/khushant/ros2_iron/install/ament_clang_format:/opt/ros/iron /home/khushant/.local/bin/cmake --build /home/khushant/pid/build/messages -- -j20 -l20
[4.581s] [  1%] Built target messages__rosidl_generator_type_description
[4.590s] [  1%] Built target ament_cmake_python_symlink_messages
[4.609s] [  3%] Built target messages__cpp
[4.624s] [ 25%] Built target messages__rosidl_generator_c
[4.673s] [ 34%] Built target messages__rosidl_typesupport_c
[4.677s] [ 51%] Built target messages__rosidl_typesupport_fastrtps_cpp
[4.678s] [ 53%] Built target messages__rosidl_typesupport_introspection_cpp
[4.679s] [ 62%] Built target messages__rosidl_typesupport_cpp
[4.680s] [ 71%] Built target messages__rosidl_typesupport_fastrtps_c
[4.687s] [ 81%] Built target messages__rosidl_typesupport_introspection_c
[4.711s] [ 81%] Built target messages
[4.735s] [ 82%] Built target messages__py
[4.768s] [ 90%] Built target messages__rosidl_generator_py
[4.797s] [ 93%] Built target messages__rosidl_typesupport_c__pyext
[4.799s] [ 96%] Built target messages__rosidl_typesupport_fastrtps_c__pyext
[4.800s] [100%] Built target messages__rosidl_typesupport_introspection_c__pyext
[5.221s] running egg_info
[5.223s] writing messages.egg-info/PKG-INFO
[5.223s] writing dependency_links to messages.egg-info/dependency_links.txt
[5.224s] writing top-level names to messages.egg-info/top_level.txt
[5.229s] reading manifest file 'messages.egg-info/SOURCES.txt'
[5.230s] writing manifest file 'messages.egg-info/SOURCES.txt'
[5.274s] [100%] Built target ament_cmake_python_build_messages_egg
[5.299s] Invoked command in '/home/khushant/pid/build/messages' returned '0': CMAKE_PREFIX_PATH=${CMAKE_PREFIX_PATH}:/home/khushant/pid/install/controller:/home/khushant/ros2_iron/install/rqt_bag_plugins:/home/khushant/ros2_iron/install/rqt_bag:/home/khushant/ros2_iron/install/rosbag2_examples_py:/home/khushant/ros2_iron/install/launch_testing_examples:/home/khushant/ros2_iron/install/ros2bag:/home/khushant/ros2_iron/install/tracetools_test:/home/khushant/ros2_iron/install/tracetools_launch:/home/khushant/ros2_iron/install/topic_monitor:/home/khushant/ros2_iron/install/tf2_tools:/home/khushant/ros2_iron/install/examples_tf2_py:/home/khushant/ros2_iron/install/tf2_ros_py:/home/khushant/ros2_iron/install/examples_rclpy_pointcloud_publisher:/home/khushant/ros2_iron/install/sensor_msgs_py:/home/khushant/ros2_iron/install/quality_of_service_demo_py:/home/khushant/ros2_iron/install/rqt_plot:/home/khushant/ros2_iron/install/ros2doctor:/home/khushant/ros2_iron/install/lifecycle_py:/home/khushant/ros2_iron/install/examples_rclpy_minimal_subscriber:/home/khushant/ros2_iron/install/examples_rclpy_minimal_service:/home/khushant/ros2_iron/install/examples_rclpy_minimal_publisher:/home/khushant/ros2_iron/install/examples_rclpy_minimal_client:/home/khushant/ros2_iron/install/examples_rclpy_executors:/home/khushant/ros2_iron/install/demo_nodes_py:/home/khushant/ros2_iron/install/rqt:/home/khushant/ros2_iron/install/ros2component:/home/khushant/ros2_iron/install/sros2:/home/khushant/ros2_iron/install/rqt_topic:/home/khushant/ros2_iron/install/rqt_srv:/home/khushant/ros2_iron/install/rqt_shell:/home/khushant/ros2_iron/install/rqt_service_caller:/home/khushant/ros2_iron/install/rqt_reconfigure:/home/khushant/ros2_iron/install/rqt_py_console:/home/khushant/ros2_iron/install/rqt_publisher:/home/khushant/ros2_iron/install/rqt_action:/home/khushant/ros2_iron/install/rqt_msg:/home/khushant/ros2_iron/install/rqt_console:/home/khushant/ros2_iron/install/rqt_graph:/home/khushant/ros2_iron/install/rqt_gui_py:/home/khushant/ros2_iron/install/rqt_gui:/home/khushant/ros2_iron/install/ros2trace:/home/khushant/ros2_iron/install/ros2topic:/home/khushant/ros2_iron/install/ros2test:/home/khushant/ros2_iron/install/ros2param:/home/khushant/ros2_iron/install/ros2lifecycle:/home/khushant/ros2_iron/install/ros2service:/home/khushant/ros2_iron/install/ros2run:/home/khushant/ros2_iron/install/ros2launch:/home/khushant/ros2_iron/install/ros2pkg:/home/khushant/ros2_iron/install/ros2node:/home/khushant/ros2_iron/install/ros2multicast:/home/khushant/ros2_iron/install/ros2interface:/home/khushant/ros2_iron/install/ros2action:/home/khushant/ros2_iron/install/ros2cli:/home/khushant/ros2_iron/install/launch_testing_ros:/home/khushant/ros2_iron/install/launch_ros:/home/khushant/ros2_iron/install/examples_rclpy_minimal_action_server:/home/khushant/ros2_iron/install/examples_rclpy_minimal_action_client:/home/khushant/ros2_iron/install/examples_rclpy_guard_conditions:/home/khushant/ros2_iron/install/action_tutorials_py:/home/khushant/ros2_iron/install/ament_uncrustify:/home/khushant/ros2_iron/install/tracetools_trace:/home/khushant/ros2_iron/install/tracetools_read:/home/khushant/ros2_iron/install/test_tracetools_launch:/home/khushant/ros2_iron/install/test_ros2trace:/home/khushant/ros2_iron/install/test_launch_ros:/home/khushant/ros2_iron/install/rpyutils:/home/khushant/ros2_iron/install/rosidl_runtime_py:/home/khushant/ros2_iron/install/rosidl_pycommon:/home/khushant/ros2_iron/install/rosidl_cli:/home/khushant/ros2_iron/install/launch_pytest:/home/khushant/ros2_iron/install/launch_testing:/home/khushant/ros2_iron/install/launch_yaml:/home/khushant/ros2_iron/install/launch_xml:/home/khushant/ros2_iron/install/launch:/home/khushant/ros2_iron/install/osrf_pycommon:/home/khushant/ros2_iron/install/domain_coordinator:/home/khushant/ros2_iron/install/ament_xmllint:/home/khushant/ros2_iron/install/ament_pyflakes:/home/khushant/ros2_iron/install/ament_pycodestyle:/home/khushant/ros2_iron/install/ament_pep257:/home/khushant/ros2_iron/install/ament_pclint:/home/khushant/ros2_iron/install/ament_package:/home/khushant/ros2_iron/install/ament_mypy:/home/khushant/ros2_iron/install/ament_lint_cmake:/home/khushant/ros2_iron/install/ament_flake8:/home/khushant/ros2_iron/install/ament_copyright:/home/khushant/ros2_iron/install/ament_lint:/home/khushant/ros2_iron/install/ament_index_python:/home/khushant/ros2_iron/install/ament_cpplint:/home/khushant/ros2_iron/install/ament_cppcheck:/home/khushant/ros2_iron/install/ament_clang_tidy:/home/khushant/ros2_iron/install/ament_clang_format:/opt/ros/iron /home/khushant/.local/bin/cmake --build /home/khushant/pid/build/messages -- -j20 -l20
[5.990s] Invoking command in '/home/khushant/pid/build/messages': CMAKE_PREFIX_PATH=${CMAKE_PREFIX_PATH}:/home/khushant/pid/install/controller:/home/khushant/ros2_iron/install/rqt_bag_plugins:/home/khushant/ros2_iron/install/rqt_bag:/home/khushant/ros2_iron/install/rosbag2_examples_py:/home/khushant/ros2_iron/install/launch_testing_examples:/home/khushant/ros2_iron/install/ros2bag:/home/khushant/ros2_iron/install/tracetools_test:/home/khushant/ros2_iron/install/tracetools_launch:/home/khushant/ros2_iron/install/topic_monitor:/home/khushant/ros2_iron/install/tf2_tools:/home/khushant/ros2_iron/install/examples_tf2_py:/home/khushant/ros2_iron/install/tf2_ros_py:/home/khushant/ros2_iron/install/examples_rclpy_pointcloud_publisher:/home/khushant/ros2_iron/install/sensor_msgs_py:/home/khushant/ros2_iron/install/quality_of_service_demo_py:/home/khushant/ros2_iron/install/rqt_plot:/home/khushant/ros2_iron/install/ros2doctor:/home/khushant/ros2_iron/install/lifecycle_py:/home/khushant/ros2_iron/install/examples_rclpy_minimal_subscriber:/home/khushant/ros2_iron/install/examples_rclpy_minimal_service:/home/khushant/ros2_iron/install/examples_rclpy_minimal_publisher:/home/khushant/ros2_iron/install/examples_rclpy_minimal_client:/home/khushant/ros2_iron/install/examples_rclpy_executors:/home/khushant/ros2_iron/install/demo_nodes_py:/home/khushant/ros2_iron/install/rqt:/home/khushant/ros2_iron/install/ros2component:/home/khushant/ros2_iron/install/sros2:/home/khushant/ros2_iron/install/rqt_topic:/home/khushant/ros2_iron/install/rqt_srv:/home/khushant/ros2_iron/install/rqt_shell:/home/khushant/ros2_iron/install/rqt_service_caller:/home/khushant/ros2_iron/install/rqt_reconfigure:/home/khushant/ros2_iron/install/rqt_py_console:/home/khushant/ros2_iron/install/rqt_publisher:/home/khushant/ros2_iron/install/rqt_action:/home/khushant/ros2_iron/install/rqt_msg:/home/khushant/ros2_iron/install/rqt_console:/home/khushant/ros2_iron/install/rqt_graph:/home/khushant/ros2_iron/install/rqt_gui_py:/home/khushant/ros2_iron/install/rqt_gui:/home/khushant/ros2_iron/install/ros2trace:/home/khushant/ros2_iron/install/ros2topic:/home/khushant/ros2_iron/install/ros2test:/home/khushant/ros2_iron/install/ros2param:/home/khushant/ros2_iron/install/ros2lifecycle:/home/khushant/ros2_iron/install/ros2service:/home/khushant/ros2_iron/install/ros2run:/home/khushant/ros2_iron/install/ros2launch:/home/khushant/ros2_iron/install/ros2pkg:/home/khushant/ros2_iron/install/ros2node:/home/khushant/ros2_iron/install/ros2multicast:/home/khushant/ros2_iron/install/ros2interface:/home/khushant/ros2_iron/install/ros2action:/home/khushant/ros2_iron/install/ros2cli:/home/khushant/ros2_iron/install/launch_testing_ros:/home/khushant/ros2_iron/install/launch_ros:/home/khushant/ros2_iron/install/examples_rclpy_minimal_action_server:/home/khushant/ros2_iron/install/examples_rclpy_minimal_action_client:/home/khushant/ros2_iron/install/examples_rclpy_guard_conditions:/home/khushant/ros2_iron/install/action_tutorials_py:/home/khushant/ros2_iron/install/ament_uncrustify:/home/khushant/ros2_iron/install/tracetools_trace:/home/khushant/ros2_iron/install/tracetools_read:/home/khushant/ros2_iron/install/test_tracetools_launch:/home/khushant/ros2_iron/install/test_ros2trace:/home/khushant/ros2_iron/install/test_launch_ros:/home/khushant/ros2_iron/install/rpyutils:/home/khushant/ros2_iron/install/rosidl_runtime_py:/home/khushant/ros2_iron/install/rosidl_pycommon:/home/khushant/ros2_iron/install/rosidl_cli:/home/khushant/ros2_iron/install/launch_pytest:/home/khushant/ros2_iron/install/launch_testing:/home/khushant/ros2_iron/install/launch_yaml:/home/khushant/ros2_iron/install/launch_xml:/home/khushant/ros2_iron/install/launch:/home/khushant/ros2_iron/install/osrf_pycommon:/home/khushant/ros2_iron/install/domain_coordinator:/home/khushant/ros2_iron/install/ament_xmllint:/home/khushant/ros2_iron/install/ament_pyflakes:/home/khushant/ros2_iron/install/ament_pycodestyle:/home/khushant/ros2_iron/install/ament_pep257:/home/khushant/ros2_iron/install/ament_pclint:/home/khushant/ros2_iron/install/ament_package:/home/khushant/ros2_iron/install/ament_mypy:/home/khushant/ros2_iron/install/ament_lint_cmake:/home/khushant/ros2_iron/install/ament_flake8:/home/khushant/ros2_iron/install/ament_copyright:/home/khushant/ros2_iron/install/ament_lint:/home/khushant/ros2_iron/install/ament_index_python:/home/khushant/ros2_iron/install/ament_cpplint:/home/khushant/ros2_iron/install/ament_cppcheck:/home/khushant/ros2_iron/install/ament_clang_tidy:/home/khushant/ros2_iron/install/ament_clang_format:/opt/ros/iron /home/khushant/.local/bin/cmake --install /home/khushant/pid/build/messages
[6.094s] -- Install configuration: ""
[6.094s] -- Execute custom install script
[6.095s] -- Up-to-date symlink: /home/khushant/pid/install/messages/share/ament_index/resource_index/rosidl_interfaces/messages
[6.095s] -- Up-to-date symlink: /home/khushant/pid/install/messages/share/messages/msg/Pidsignal.json
[6.095s] -- Up-to-date symlink: /home/khushant/pid/install/messages/share/messages/msg/Refsignal.json
[6.096s] -- Up-to-date symlink: /home/khushant/pid/install/messages/share/messages/msg/Systemsignal.json
[6.096s] -- Up-to-date symlink: /home/khushant/pid/install/messages/share/messages/msg/Noise.json
[6.096s] -- Up-to-date symlink: /home/khushant/pid/install/messages/include/messages/messages/msg/detail/noise__functions.h
[6.097s] -- Up-to-date symlink: /home/khushant/pid/install/messages/include/messages/messages/msg/detail/noise__struct.h
[6.097s] -- Up-to-date symlink: /home/khushant/pid/install/messages/include/messages/messages/msg/detail/noise__type_support.h
[6.098s] -- Up-to-date symlink: /home/khushant/pid/install/messages/include/messages/messages/msg/detail/pidsignal__functions.h
[6.098s] -- Up-to-date symlink: /home/khushant/pid/install/messages/include/messages/messages/msg/detail/pidsignal__struct.h
[6.098s] -- Up-to-date symlink: /home/khushant/pid/install/messages/include/messages/messages/msg/detail/pidsignal__type_support.h
[6.099s] -- Up-to-date symlink: /home/khushant/pid/install/messages/include/messages/messages/msg/detail/refsignal__functions.h
[6.099s] -- Up-to-date symlink: /home/khushant/pid/install/messages/include/messages/messages/msg/detail/refsignal__struct.h
[6.099s] -- Up-to-date symlink: /home/khushant/pid/install/messages/include/messages/messages/msg/detail/refsignal__type_support.h
[6.099s] -- Up-to-date symlink: /home/khushant/pid/install/messages/include/messages/messages/msg/detail/systemsignal__functions.h
[6.100s] -- Up-to-date symlink: /home/khushant/pid/install/messages/include/messages/messages/msg/detail/systemsignal__struct.h
[6.100s] -- Up-to-date symlink: /home/khushant/pid/install/messages/include/messages/messages/msg/detail/systemsignal__type_support.h
[6.100s] -- Up-to-date symlink: /home/khushant/pid/install/messages/include/messages/messages/msg/noise.h
[6.100s] -- Up-to-date symlink: /home/khushant/pid/install/messages/include/messages/messages/msg/pidsignal.h
[6.101s] -- Up-to-date symlink: /home/khushant/pid/install/messages/include/messages/messages/msg/refsignal.h
[6.101s] -- Up-to-date symlink: /home/khushant/pid/install/messages/include/messages/messages/msg/rosidl_generator_c__visibility_control.h
[6.101s] -- Up-to-date symlink: /home/khushant/pid/install/messages/include/messages/messages/msg/systemsignal.h
[6.102s] -- Up-to-date symlink: /home/khushant/pid/install/messages/share/messages/environment/library_path.sh
[6.102s] -- Up-to-date symlink: /home/khushant/pid/install/messages/share/messages/environment/library_path.dsv
[6.102s] -- Up-to-date symlink: /home/khushant/pid/install/messages/include/messages/messages/msg/detail/noise__rosidl_typesupport_introspection_c.h
[6.103s] -- Up-to-date symlink: /home/khushant/pid/install/messages/include/messages/messages/msg/detail/pidsignal__rosidl_typesupport_introspection_c.h
[6.103s] -- Up-to-date symlink: /home/khushant/pid/install/messages/include/messages/messages/msg/detail/refsignal__rosidl_typesupport_introspection_c.h
[6.103s] -- Up-to-date symlink: /home/khushant/pid/install/messages/include/messages/messages/msg/detail/systemsignal__rosidl_typesupport_introspection_c.h
[6.103s] -- Up-to-date symlink: /home/khushant/pid/install/messages/include/messages/messages/msg/rosidl_typesupport_introspection_c__visibility_control.h
[6.104s] -- Up-to-date symlink: /home/khushant/pid/install/messages/include/messages/messages/msg/detail/noise__rosidl_typesupport_fastrtps_c.h
[6.104s] -- Up-to-date symlink: /home/khushant/pid/install/messages/include/messages/messages/msg/detail/pidsignal__rosidl_typesupport_fastrtps_c.h
[6.104s] -- Up-to-date symlink: /home/khushant/pid/install/messages/include/messages/messages/msg/detail/refsignal__rosidl_typesupport_fastrtps_c.h
[6.105s] -- Up-to-date symlink: /home/khushant/pid/install/messages/include/messages/messages/msg/detail/systemsignal__rosidl_typesupport_fastrtps_c.h
[6.105s] -- Up-to-date symlink: /home/khushant/pid/install/messages/include/messages/messages/msg/rosidl_typesupport_fastrtps_c__visibility_control.h
[6.106s] -- Up-to-date symlink: /home/khushant/pid/install/messages/include/messages/messages/msg/detail/noise__builder.hpp
[6.106s] -- Up-to-date symlink: /home/khushant/pid/install/messages/include/messages/messages/msg/detail/noise__struct.hpp
[6.106s] -- Up-to-date symlink: /home/khushant/pid/install/messages/include/messages/messages/msg/detail/noise__traits.hpp
[6.107s] -- Up-to-date symlink: /home/khushant/pid/install/messages/include/messages/messages/msg/detail/pidsignal__builder.hpp
[6.107s] -- Up-to-date symlink: /home/khushant/pid/install/messages/include/messages/messages/msg/detail/pidsignal__struct.hpp
[6.107s] -- Up-to-date symlink: /home/khushant/pid/install/messages/include/messages/messages/msg/detail/pidsignal__traits.hpp
[6.107s] -- Up-to-date symlink: /home/khushant/pid/install/messages/include/messages/messages/msg/detail/refsignal__builder.hpp
[6.108s] -- Up-to-date symlink: /home/khushant/pid/install/messages/include/messages/messages/msg/detail/refsignal__struct.hpp
[6.108s] -- Up-to-date symlink: /home/khushant/pid/install/messages/include/messages/messages/msg/detail/refsignal__traits.hpp
[6.108s] -- Up-to-date symlink: /home/khushant/pid/install/messages/include/messages/messages/msg/detail/systemsignal__builder.hpp
[6.108s] -- Up-to-date symlink: /home/khushant/pid/install/messages/include/messages/messages/msg/detail/systemsignal__struct.hpp
[6.109s] -- Up-to-date symlink: /home/khushant/pid/install/messages/include/messages/messages/msg/detail/systemsignal__traits.hpp
[6.109s] -- Up-to-date symlink: /home/khushant/pid/install/messages/include/messages/messages/msg/noise.hpp
[6.109s] -- Up-to-date symlink: /home/khushant/pid/install/messages/include/messages/messages/msg/pidsignal.hpp
[6.109s] -- Up-to-date symlink: /home/khushant/pid/install/messages/include/messages/messages/msg/refsignal.hpp
[6.109s] -- Up-to-date symlink: /home/khushant/pid/install/messages/include/messages/messages/msg/systemsignal.hpp
[6.109s] -- Up-to-date symlink: /home/khushant/pid/install/messages/include/messages/messages/msg/detail/noise__rosidl_typesupport_introspection_cpp.hpp
[6.109s] -- Up-to-date symlink: /home/khushant/pid/install/messages/include/messages/messages/msg/detail/pidsignal__rosidl_typesupport_introspection_cpp.hpp
[6.109s] -- Up-to-date symlink: /home/khushant/pid/install/messages/include/messages/messages/msg/detail/refsignal__rosidl_typesupport_introspection_cpp.hpp
[6.110s] -- Up-to-date symlink: /home/khushant/pid/install/messages/include/messages/messages/msg/detail/systemsignal__rosidl_typesupport_introspection_cpp.hpp
[6.112s] -- Up-to-date symlink: /home/khushant/pid/install/messages/include/messages/messages/msg/detail/noise__rosidl_typesupport_fastrtps_cpp.hpp
[6.112s] -- Up-to-date symlink: /home/khushant/pid/install/messages/include/messages/messages/msg/detail/pidsignal__rosidl_typesupport_fastrtps_cpp.hpp
[6.112s] -- Up-to-date symlink: /home/khushant/pid/install/messages/include/messages/messages/msg/detail/refsignal__rosidl_typesupport_fastrtps_cpp.hpp
[6.112s] -- Up-to-date symlink: /home/khushant/pid/install/messages/include/messages/messages/msg/detail/systemsignal__rosidl_typesupport_fastrtps_cpp.hpp
[6.112s] -- Up-to-date symlink: /home/khushant/pid/install/messages/include/messages/messages/msg/rosidl_typesupport_fastrtps_cpp__visibility_control.h
[6.112s] -- Up-to-date symlink: /home/khushant/pid/install/messages/share/messages/environment/pythonpath.sh
[6.112s] -- Up-to-date symlink: /home/khushant/pid/install/messages/share/messages/environment/pythonpath.dsv
[6.112s] -- Up-to-date symlink: /home/khushant/pid/install/messages/lib/python3.10/site-packages/messages-0.0.0-py3.10.egg-info/PKG-INFO
[6.112s] -- Up-to-date symlink: /home/khushant/pid/install/messages/lib/python3.10/site-packages/messages-0.0.0-py3.10.egg-info/SOURCES.txt
[6.113s] -- Up-to-date symlink: /home/khushant/pid/install/messages/lib/python3.10/site-packages/messages-0.0.0-py3.10.egg-info/dependency_links.txt
[6.113s] -- Up-to-date symlink: /home/khushant/pid/install/messages/lib/python3.10/site-packages/messages-0.0.0-py3.10.egg-info/top_level.txt
[6.113s] -- Up-to-date symlink: /home/khushant/pid/install/messages/lib/python3.10/site-packages/messages/__init__.py
[6.113s] -- Up-to-date symlink: /home/khushant/pid/install/messages/lib/python3.10/site-packages/messages/_messages_s.ep.rosidl_typesupport_c.c
[6.113s] -- Up-to-date symlink: /home/khushant/pid/install/messages/lib/python3.10/site-packages/messages/_messages_s.ep.rosidl_typesupport_fastrtps_c.c
[6.114s] -- Up-to-date symlink: /home/khushant/pid/install/messages/lib/python3.10/site-packages/messages/_messages_s.ep.rosidl_typesupport_introspection_c.c
[6.115s] -- Up-to-date symlink: /home/khushant/pid/install/messages/lib/python3.10/site-packages/messages/libmessages__rosidl_generator_py.so
[6.115s] -- Up-to-date symlink: /home/khushant/pid/install/messages/lib/python3.10/site-packages/messages/messages_s__rosidl_typesupport_c.cpython-310-x86_64-linux-gnu.so
[6.116s] -- Up-to-date symlink: /home/khushant/pid/install/messages/lib/python3.10/site-packages/messages/messages_s__rosidl_typesupport_fastrtps_c.cpython-310-x86_64-linux-gnu.so
[6.116s] -- Up-to-date symlink: /home/khushant/pid/install/messages/lib/python3.10/site-packages/messages/messages_s__rosidl_typesupport_introspection_c.cpython-310-x86_64-linux-gnu.so
[6.117s] -- Up-to-date symlink: /home/khushant/pid/install/messages/lib/python3.10/site-packages/messages/msg/__init__.py
[6.117s] -- Up-to-date symlink: /home/khushant/pid/install/messages/lib/python3.10/site-packages/messages/msg/_noise.py
[6.118s] -- Up-to-date symlink: /home/khushant/pid/install/messages/lib/python3.10/site-packages/messages/msg/_noise_s.c
[6.118s] -- Up-to-date symlink: /home/khushant/pid/install/messages/lib/python3.10/site-packages/messages/msg/_pidsignal.py
[6.119s] -- Up-to-date symlink: /home/khushant/pid/install/messages/lib/python3.10/site-packages/messages/msg/_pidsignal_s.c
[6.119s] -- Up-to-date symlink: /home/khushant/pid/install/messages/lib/python3.10/site-packages/messages/msg/_refsignal.py
[6.120s] -- Up-to-date symlink: /home/khushant/pid/install/messages/lib/python3.10/site-packages/messages/msg/_refsignal_s.c
[6.120s] -- Up-to-date symlink: /home/khushant/pid/install/messages/lib/python3.10/site-packages/messages/msg/_systemsignal.py
[6.120s] -- Up-to-date symlink: /home/khushant/pid/install/messages/lib/python3.10/site-packages/messages/msg/_systemsignal_s.c
[6.121s] -- Up-to-date symlink: /home/khushant/pid/install/messages/lib/python3.10/site-packages/messages/messages_s__rosidl_typesupport_introspection_c.cpython-310-x86_64-linux-gnu.so
[6.121s] -- Up-to-date symlink: /home/khushant/pid/install/messages/lib/python3.10/site-packages/messages/messages_s__rosidl_typesupport_fastrtps_c.cpython-310-x86_64-linux-gnu.so
[6.121s] -- Up-to-date symlink: /home/khushant/pid/install/messages/lib/python3.10/site-packages/messages/messages_s__rosidl_typesupport_c.cpython-310-x86_64-linux-gnu.so
[6.121s] -- Up-to-date symlink: /home/khushant/pid/install/messages/share/messages/msg/Pidsignal.idl
[6.121s] -- Up-to-date symlink: /home/khushant/pid/install/messages/share/messages/msg/Refsignal.idl
[6.121s] -- Up-to-date symlink: /home/khushant/pid/install/messages/share/messages/msg/Systemsignal.idl
[6.121s] -- Up-to-date symlink: /home/khushant/pid/install/messages/share/messages/msg/Noise.idl
[6.121s] -- Up-to-date symlink: /home/khushant/pid/install/messages/share/messages/msg/Pidsignal.msg
[6.121s] -- Up-to-date symlink: /home/khushant/pid/install/messages/share/messages/msg/Refsignal.msg
[6.121s] -- Up-to-date symlink: /home/khushant/pid/install/messages/share/messages/msg/Systemsignal.msg
[6.121s] -- Up-to-date symlink: /home/khushant/pid/install/messages/share/messages/msg/Noise.msg
[6.121s] -- Up-to-date symlink: /home/khushant/pid/install/messages/share/ament_index/resource_index/package_run_dependencies/messages
[6.122s] -- Up-to-date symlink: /home/khushant/pid/install/messages/share/ament_index/resource_index/parent_prefix_path/messages
[6.122s] -- Up-to-date symlink: /home/khushant/pid/install/messages/share/messages/environment/ament_prefix_path.sh
[6.122s] -- Up-to-date symlink: /home/khushant/pid/install/messages/share/messages/environment/ament_prefix_path.dsv
[6.122s] -- Up-to-date symlink: /home/khushant/pid/install/messages/share/messages/environment/path.sh
[6.122s] -- Up-to-date symlink: /home/khushant/pid/install/messages/share/messages/environment/path.dsv
[6.122s] -- Up-to-date symlink: /home/khushant/pid/install/messages/share/messages/local_setup.bash
[6.122s] -- Up-to-date symlink: /home/khushant/pid/install/messages/share/messages/local_setup.sh
[6.123s] -- Up-to-date symlink: /home/khushant/pid/install/messages/share/messages/local_setup.zsh
[6.123s] -- Up-to-date symlink: /home/khushant/pid/install/messages/share/messages/local_setup.dsv
[6.123s] -- Symlinking: /home/khushant/pid/install/messages/share/messages/package.dsv
[6.128s] -- Up-to-date symlink: /home/khushant/pid/install/messages/share/ament_index/resource_index/packages/messages
[6.129s] -- Up-to-date symlink: /home/khushant/pid/install/messages/share/messages/cmake/rosidl_cmake-extras.cmake
[6.129s] -- Up-to-date symlink: /home/khushant/pid/install/messages/share/messages/cmake/ament_cmake_export_include_directories-extras.cmake
[6.129s] -- Up-to-date symlink: /home/khushant/pid/install/messages/share/messages/cmake/ament_cmake_export_libraries-extras.cmake
[6.129s] -- Up-to-date symlink: /home/khushant/pid/install/messages/share/messages/cmake/ament_cmake_export_targets-extras.cmake
[6.130s] -- Up-to-date symlink: /home/khushant/pid/install/messages/share/messages/cmake/rosidl_cmake_export_typesupport_targets-extras.cmake
[6.130s] -- Up-to-date symlink: /home/khushant/pid/install/messages/share/messages/cmake/ament_cmake_export_dependencies-extras.cmake
[6.130s] -- Up-to-date symlink: /home/khushant/pid/install/messages/share/messages/cmake/rosidl_cmake_export_typesupport_libraries-extras.cmake
[6.131s] -- Up-to-date symlink: /home/khushant/pid/install/messages/share/messages/cmake/messagesConfig.cmake
[6.131s] -- Up-to-date symlink: /home/khushant/pid/install/messages/share/messages/cmake/messagesConfig-version.cmake
[6.131s] -- Up-to-date symlink: /home/khushant/pid/install/messages/share/messages/package.xml
[6.131s] -- Up-to-date: /home/khushant/pid/install/messages/lib/libmessages__rosidl_generator_c.so
[6.132s] -- Up-to-date: /home/khushant/pid/install/messages/lib/libmessages__rosidl_typesupport_introspection_c.so
[6.132s] -- Up-to-date: /home/khushant/pid/install/messages/lib/libmessages__rosidl_typesupport_fastrtps_c.so
[6.132s] -- Up-to-date: /home/khushant/pid/install/messages/lib/libmessages__rosidl_typesupport_c.so
[6.132s] -- Up-to-date: /home/khushant/pid/install/messages/lib/libmessages__rosidl_typesupport_introspection_cpp.so
[6.132s] -- Up-to-date: /home/khushant/pid/install/messages/lib/libmessages__rosidl_typesupport_fastrtps_cpp.so
[6.132s] -- Up-to-date: /home/khushant/pid/install/messages/lib/libmessages__rosidl_typesupport_cpp.so
[6.268s] Listing '/home/khushant/pid/install/messages/lib/python3.10/site-packages/messages'...
[6.268s] Compiling '/home/khushant/pid/install/messages/lib/python3.10/site-packages/messages/__init__.py'...
[6.268s] Listing '/home/khushant/pid/install/messages/lib/python3.10/site-packages/messages/msg'...
[6.274s] -- Up-to-date: /home/khushant/pid/install/messages/lib/libmessages__rosidl_generator_py.so
[6.275s] -- Up-to-date: /home/khushant/pid/install/messages/share/messages/cmake/export_messages__rosidl_generator_cExport.cmake
[6.275s] -- Up-to-date: /home/khushant/pid/install/messages/share/messages/cmake/export_messages__rosidl_generator_cExport-noconfig.cmake
[6.276s] -- Up-to-date: /home/khushant/pid/install/messages/share/messages/cmake/messages__rosidl_typesupport_introspection_cExport.cmake
[6.276s] -- Up-to-date: /home/khushant/pid/install/messages/share/messages/cmake/messages__rosidl_typesupport_introspection_cExport-noconfig.cmake
[6.276s] -- Up-to-date: /home/khushant/pid/install/messages/share/messages/cmake/export_messages__rosidl_typesupport_fastrtps_cExport.cmake
[6.276s] -- Up-to-date: /home/khushant/pid/install/messages/share/messages/cmake/export_messages__rosidl_typesupport_fastrtps_cExport-noconfig.cmake
[6.276s] -- Up-to-date: /home/khushant/pid/install/messages/share/messages/cmake/messages__rosidl_typesupport_cExport.cmake
[6.276s] -- Up-to-date: /home/khushant/pid/install/messages/share/messages/cmake/messages__rosidl_typesupport_cExport-noconfig.cmake
[6.276s] -- Up-to-date: /home/khushant/pid/install/messages/share/messages/cmake/export_messages__rosidl_generator_cppExport.cmake
[6.276s] -- Up-to-date: /home/khushant/pid/install/messages/share/messages/cmake/messages__rosidl_typesupport_introspection_cppExport.cmake
[6.276s] -- Up-to-date: /home/khushant/pid/install/messages/share/messages/cmake/messages__rosidl_typesupport_introspection_cppExport-noconfig.cmake
[6.276s] -- Up-to-date: /home/khushant/pid/install/messages/share/messages/cmake/export_messages__rosidl_typesupport_fastrtps_cppExport.cmake
[6.276s] -- Up-to-date: /home/khushant/pid/install/messages/share/messages/cmake/export_messages__rosidl_typesupport_fastrtps_cppExport-noconfig.cmake
[6.276s] -- Up-to-date: /home/khushant/pid/install/messages/share/messages/cmake/messages__rosidl_typesupport_cppExport.cmake
[6.276s] -- Up-to-date: /home/khushant/pid/install/messages/share/messages/cmake/messages__rosidl_typesupport_cppExport-noconfig.cmake
[6.277s] -- Up-to-date: /home/khushant/pid/install/messages/share/messages/cmake/export_messages__rosidl_generator_pyExport.cmake
[6.277s] -- Up-to-date: /home/khushant/pid/install/messages/share/messages/cmake/export_messages__rosidl_generator_pyExport-noconfig.cmake
[6.285s] Invoked command in '/home/khushant/pid/build/messages' returned '0': CMAKE_PREFIX_PATH=${CMAKE_PREFIX_PATH}:/home/khushant/pid/install/controller:/home/khushant/ros2_iron/install/rqt_bag_plugins:/home/khushant/ros2_iron/install/rqt_bag:/home/khushant/ros2_iron/install/rosbag2_examples_py:/home/khushant/ros2_iron/install/launch_testing_examples:/home/khushant/ros2_iron/install/ros2bag:/home/khushant/ros2_iron/install/tracetools_test:/home/khushant/ros2_iron/install/tracetools_launch:/home/khushant/ros2_iron/install/topic_monitor:/home/khushant/ros2_iron/install/tf2_tools:/home/khushant/ros2_iron/install/examples_tf2_py:/home/khushant/ros2_iron/install/tf2_ros_py:/home/khushant/ros2_iron/install/examples_rclpy_pointcloud_publisher:/home/khushant/ros2_iron/install/sensor_msgs_py:/home/khushant/ros2_iron/install/quality_of_service_demo_py:/home/khushant/ros2_iron/install/rqt_plot:/home/khushant/ros2_iron/install/ros2doctor:/home/khushant/ros2_iron/install/lifecycle_py:/home/khushant/ros2_iron/install/examples_rclpy_minimal_subscriber:/home/khushant/ros2_iron/install/examples_rclpy_minimal_service:/home/khushant/ros2_iron/install/examples_rclpy_minimal_publisher:/home/khushant/ros2_iron/install/examples_rclpy_minimal_client:/home/khushant/ros2_iron/install/examples_rclpy_executors:/home/khushant/ros2_iron/install/demo_nodes_py:/home/khushant/ros2_iron/install/rqt:/home/khushant/ros2_iron/install/ros2component:/home/khushant/ros2_iron/install/sros2:/home/khushant/ros2_iron/install/rqt_topic:/home/khushant/ros2_iron/install/rqt_srv:/home/khushant/ros2_iron/install/rqt_shell:/home/khushant/ros2_iron/install/rqt_service_caller:/home/khushant/ros2_iron/install/rqt_reconfigure:/home/khushant/ros2_iron/install/rqt_py_console:/home/khushant/ros2_iron/install/rqt_publisher:/home/khushant/ros2_iron/install/rqt_action:/home/khushant/ros2_iron/install/rqt_msg:/home/khushant/ros2_iron/install/rqt_console:/home/khushant/ros2_iron/install/rqt_graph:/home/khushant/ros2_iron/install/rqt_gui_py:/home/khushant/ros2_iron/install/rqt_gui:/home/khushant/ros2_iron/install/ros2trace:/home/khushant/ros2_iron/install/ros2topic:/home/khushant/ros2_iron/install/ros2test:/home/khushant/ros2_iron/install/ros2param:/home/khushant/ros2_iron/install/ros2lifecycle:/home/khushant/ros2_iron/install/ros2service:/home/khushant/ros2_iron/install/ros2run:/home/khushant/ros2_iron/install/ros2launch:/home/khushant/ros2_iron/install/ros2pkg:/home/khushant/ros2_iron/install/ros2node:/home/khushant/ros2_iron/install/ros2multicast:/home/khushant/ros2_iron/install/ros2interface:/home/khushant/ros2_iron/install/ros2action:/home/khushant/ros2_iron/install/ros2cli:/home/khushant/ros2_iron/install/launch_testing_ros:/home/khushant/ros2_iron/install/launch_ros:/home/khushant/ros2_iron/install/examples_rclpy_minimal_action_server:/home/khushant/ros2_iron/install/examples_rclpy_minimal_action_client:/home/khushant/ros2_iron/install/examples_rclpy_guard_conditions:/home/khushant/ros2_iron/install/action_tutorials_py:/home/khushant/ros2_iron/install/ament_uncrustify:/home/khushant/ros2_iron/install/tracetools_trace:/home/khushant/ros2_iron/install/tracetools_read:/home/khushant/ros2_iron/install/test_tracetools_launch:/home/khushant/ros2_iron/install/test_ros2trace:/home/khushant/ros2_iron/install/test_launch_ros:/home/khushant/ros2_iron/install/rpyutils:/home/khushant/ros2_iron/install/rosidl_runtime_py:/home/khushant/ros2_iron/install/rosidl_pycommon:/home/khushant/ros2_iron/install/rosidl_cli:/home/khushant/ros2_iron/install/launch_pytest:/home/khushant/ros2_iron/install/launch_testing:/home/khushant/ros2_iron/install/launch_yaml:/home/khushant/ros2_iron/install/launch_xml:/home/khushant/ros2_iron/install/launch:/home/khushant/ros2_iron/install/osrf_pycommon:/home/khushant/ros2_iron/install/domain_coordinator:/home/khushant/ros2_iron/install/ament_xmllint:/home/khushant/ros2_iron/install/ament_pyflakes:/home/khushant/ros2_iron/install/ament_pycodestyle:/home/khushant/ros2_iron/install/ament_pep257:/home/khushant/ros2_iron/install/ament_pclint:/home/khushant/ros2_iron/install/ament_package:/home/khushant/ros2_iron/install/ament_mypy:/home/khushant/ros2_iron/install/ament_lint_cmake:/home/khushant/ros2_iron/install/ament_flake8:/home/khushant/ros2_iron/install/ament_copyright:/home/khushant/ros2_iron/install/ament_lint:/home/khushant/ros2_iron/install/ament_index_python:/home/khushant/ros2_iron/install/ament_cpplint:/home/khushant/ros2_iron/install/ament_cppcheck:/home/khushant/ros2_iron/install/ament_clang_tidy:/home/khushant/ros2_iron/install/ament_clang_format:/opt/ros/iron /home/khushant/.local/bin/cmake --install /home/khushant/pid/build/messages
