[3.139s] DEBUG:colcon:Command line arguments: ['/usr/bin/colcon', 'list', '-p', '--base-paths', '/home/khushant/pid']
[3.140s] DEBUG:colcon:Parsed command line arguments: Namespace(log_base=None, log_level=None, verb_name='list', build_base='build', ignore_user_meta=False, metas=['./colcon.meta'], base_paths=['/home/khushant/pid'], packages_ignore=None, packages_ignore_regex=None, paths=None, packages_up_to=None, packages_up_to_regex=None, packages_above=None, packages_above_and_dependencies=None, packages_above_depth=None, packages_select_by_dep=None, packages_skip_by_dep=None, packages_skip_up_to=None, packages_select_build_failed=False, packages_skip_build_finished=False, packages_select_test_failures=False, packages_skip_test_passed=False, packages_select=None, packages_skip=None, packages_select_regex=None, packages_skip_regex=None, packages_start=None, packages_end=None, allow_overriding=[], topological_order=False, names_only=False, paths_only=True, topological_graph=False, topological_graph_dot=False, topological_graph_density=False, topological_graph_legend=False, topological_graph_dot_cluster=False, topological_graph_dot_include_skipped=False, verb_parser=<colcon_defaults.argument_parser.defaults.DefaultArgumentsDecorator object at 0x7f8d2b824610>, verb_extension=<colcon_package_information.verb.list.ListVerb object at 0x7f8d2b825ab0>, main=<bound method ListVerb.main of <colcon_package_information.verb.list.ListVerb object at 0x7f8d2b825ab0>>)
[3.284s] Level 1:colcon.colcon_core.package_discovery:discover_packages(colcon_meta) check parameters
[3.285s] Level 1:colcon.colcon_core.package_discovery:discover_packages(recursive) check parameters
[3.285s] Level 1:colcon.colcon_core.package_discovery:discover_packages(ignore) check parameters
[3.285s] Level 1:colcon.colcon_core.package_discovery:discover_packages(path) check parameters
[3.285s] Level 1:colcon.colcon_core.package_discovery:discover_packages(recursive) discover
[3.285s] INFO:colcon.colcon_core.package_discovery:Crawling recursively for packages in '/home/khushant/pid'
[3.285s] Level 1:colcon.colcon_core.package_identification:_identify(/home/khushant/pid) by extensions ['ignore', 'ignore_ament_install']
[3.285s] Level 1:colcon.colcon_core.package_identification:_identify(/home/khushant/pid) by extension 'ignore'
[3.285s] Level 1:colcon.colcon_core.package_identification:_identify(/home/khushant/pid) by extension 'ignore_ament_install'
[3.285s] Level 1:colcon.colcon_core.package_identification:_identify(/home/khushant/pid) by extensions ['colcon_pkg']
[3.286s] Level 1:colcon.colcon_core.package_identification:_identify(/home/khushant/pid) by extension 'colcon_pkg'
[3.286s] Level 1:colcon.colcon_core.package_identification:_identify(/home/khushant/pid) by extensions ['colcon_meta']
[3.286s] Level 1:colcon.colcon_core.package_identification:_identify(/home/khushant/pid) by extension 'colcon_meta'
[3.286s] Level 1:colcon.colcon_core.package_identification:_identify(/home/khushant/pid) by extensions ['ros']
[3.286s] Level 1:colcon.colcon_core.package_identification:_identify(/home/khushant/pid) by extension 'ros'
[3.302s] Level 1:colcon.colcon_core.package_identification:_identify(/home/khushant/pid) by extensions ['cmake', 'python']
[3.303s] Level 1:colcon.colcon_core.package_identification:_identify(/home/khushant/pid) by extension 'cmake'
[3.303s] Level 1:colcon.colcon_core.package_identification:_identify(/home/khushant/pid) by extension 'python'
[3.303s] Level 1:colcon.colcon_core.package_identification:_identify(/home/khushant/pid) by extensions ['python_setup_py']
[3.303s] Level 1:colcon.colcon_core.package_identification:_identify(/home/khushant/pid) by extension 'python_setup_py'
[3.303s] Level 1:colcon.colcon_core.package_identification:_identify(/home/khushant/pid/build) by extensions ['ignore', 'ignore_ament_install']
[3.303s] Level 1:colcon.colcon_core.package_identification:_identify(/home/khushant/pid/build) by extension 'ignore'
[3.303s] Level 1:colcon.colcon_core.package_identification:_identify(/home/khushant/pid/build) ignored
[3.304s] Level 1:colcon.colcon_core.package_identification:_identify(/home/khushant/pid/install) by extensions ['ignore', 'ignore_ament_install']
[3.304s] Level 1:colcon.colcon_core.package_identification:_identify(/home/khushant/pid/install) by extension 'ignore'
[3.304s] Level 1:colcon.colcon_core.package_identification:_identify(/home/khushant/pid/install) ignored
[3.304s] Level 1:colcon.colcon_core.package_identification:_identify(/home/khushant/pid/log) by extensions ['ignore', 'ignore_ament_install']
[3.304s] Level 1:colcon.colcon_core.package_identification:_identify(/home/khushant/pid/log) by extension 'ignore'
[3.304s] Level 1:colcon.colcon_core.package_identification:_identify(/home/khushant/pid/log) ignored
[3.304s] Level 1:colcon.colcon_core.package_identification:_identify(/home/khushant/pid/src) by extensions ['ignore', 'ignore_ament_install']
[3.304s] Level 1:colcon.colcon_core.package_identification:_identify(/home/khushant/pid/src) by extension 'ignore'
[3.305s] Level 1:colcon.colcon_core.package_identification:_identify(/home/khushant/pid/src) by extension 'ignore_ament_install'
[3.305s] Level 1:colcon.colcon_core.package_identification:_identify(/home/khushant/pid/src) by extensions ['colcon_pkg']
[3.305s] Level 1:colcon.colcon_core.package_identification:_identify(/home/khushant/pid/src) by extension 'colcon_pkg'
[3.305s] Level 1:colcon.colcon_core.package_identification:_identify(/home/khushant/pid/src) by extensions ['colcon_meta']
[3.305s] Level 1:colcon.colcon_core.package_identification:_identify(/home/khushant/pid/src) by extension 'colcon_meta'
[3.305s] Level 1:colcon.colcon_core.package_identification:_identify(/home/khushant/pid/src) by extensions ['ros']
[3.305s] Level 1:colcon.colcon_core.package_identification:_identify(/home/khushant/pid/src) by extension 'ros'
[3.305s] Level 1:colcon.colcon_core.package_identification:_identify(/home/khushant/pid/src) by extensions ['cmake', 'python']
[3.305s] Level 1:colcon.colcon_core.package_identification:_identify(/home/khushant/pid/src) by extension 'cmake'
[3.305s] Level 1:colcon.colcon_core.package_identification:_identify(/home/khushant/pid/src) by extension 'python'
[3.305s] Level 1:colcon.colcon_core.package_identification:_identify(/home/khushant/pid/src) by extensions ['python_setup_py']
[3.305s] Level 1:colcon.colcon_core.package_identification:_identify(/home/khushant/pid/src) by extension 'python_setup_py'
[3.305s] Level 1:colcon.colcon_core.package_identification:_identify(/home/khushant/pid/src/controller) by extensions ['ignore', 'ignore_ament_install']
[3.305s] Level 1:colcon.colcon_core.package_identification:_identify(/home/khushant/pid/src/controller) by extension 'ignore'
[3.306s] Level 1:colcon.colcon_core.package_identification:_identify(/home/khushant/pid/src/controller) by extension 'ignore_ament_install'
[3.306s] Level 1:colcon.colcon_core.package_identification:_identify(/home/khushant/pid/src/controller) by extensions ['colcon_pkg']
[3.306s] Level 1:colcon.colcon_core.package_identification:_identify(/home/khushant/pid/src/controller) by extension 'colcon_pkg'
[3.306s] Level 1:colcon.colcon_core.package_identification:_identify(/home/khushant/pid/src/controller) by extensions ['colcon_meta']
[3.306s] Level 1:colcon.colcon_core.package_identification:_identify(/home/khushant/pid/src/controller) by extension 'colcon_meta'
[3.306s] Level 1:colcon.colcon_core.package_identification:_identify(/home/khushant/pid/src/controller) by extensions ['ros']
[3.306s] Level 1:colcon.colcon_core.package_identification:_identify(/home/khushant/pid/src/controller) by extension 'ros'
[3.309s] DEBUG:colcon.colcon_core.package_identification:Package '/home/khushant/pid/src/controller' with type 'ros.ament_python' and name 'controller'
[3.309s] Level 1:colcon.colcon_core.package_identification:_identify(/home/khushant/pid/src/messages) by extensions ['ignore', 'ignore_ament_install']
[3.310s] Level 1:colcon.colcon_core.package_identification:_identify(/home/khushant/pid/src/messages) by extension 'ignore'
[3.310s] Level 1:colcon.colcon_core.package_identification:_identify(/home/khushant/pid/src/messages) by extension 'ignore_ament_install'
[3.310s] Level 1:colcon.colcon_core.package_identification:_identify(/home/khushant/pid/src/messages) by extensions ['colcon_pkg']
[3.310s] Level 1:colcon.colcon_core.package_identification:_identify(/home/khushant/pid/src/messages) by extension 'colcon_pkg'
[3.310s] Level 1:colcon.colcon_core.package_identification:_identify(/home/khushant/pid/src/messages) by extensions ['colcon_meta']
[3.310s] Level 1:colcon.colcon_core.package_identification:_identify(/home/khushant/pid/src/messages) by extension 'colcon_meta'
[3.310s] Level 1:colcon.colcon_core.package_identification:_identify(/home/khushant/pid/src/messages) by extensions ['ros']
[3.310s] Level 1:colcon.colcon_core.package_identification:_identify(/home/khushant/pid/src/messages) by extension 'ros'
[3.311s] DEBUG:colcon.colcon_core.package_identification:Package '/home/khushant/pid/src/messages' with type 'ros.ament_cmake' and name 'messages'
[3.311s] Level 1:colcon.colcon_core.package_discovery:discover_packages(recursive) using defaults
