[2.007s] Invoking command in '/home/khushant/pid/src/controller': PYTHONPATH=/home/khushant/pid/build/controller/prefix_override:/home/khushant/pid/install/controller/lib/python3.10/site-packages:${PYTHONPATH} /usr/bin/python3 setup.py egg_info --egg-base ../../build/controller build --build-base /home/khushant/pid/build/controller/build install --record /home/khushant/pid/build/controller/install.log --single-version-externally-managed
[2.593s] running egg_info
[2.594s] writing ../../build/controller/controller.egg-info/PKG-INFO
[2.595s] writing dependency_links to ../../build/controller/controller.egg-info/dependency_links.txt
[2.595s] writing entry points to ../../build/controller/controller.egg-info/entry_points.txt
[2.596s] writing requirements to ../../build/controller/controller.egg-info/requires.txt
[2.596s] writing top-level names to ../../build/controller/controller.egg-info/top_level.txt
[2.598s] reading manifest file '../../build/controller/controller.egg-info/SOURCES.txt'
[2.599s] writing manifest file '../../build/controller/controller.egg-info/SOURCES.txt'
[2.600s] running build
[2.600s] running build_py
[2.600s] copying controller/system.py -> /home/khushant/pid/build/controller/build/lib/controller
[2.601s] running install
[2.601s] running install_lib
[2.602s] copying /home/khushant/pid/build/controller/build/lib/controller/system.py -> /home/khushant/pid/install/controller/lib/python3.10/site-packages/controller
[2.605s] byte-compiling /home/khushant/pid/install/controller/lib/python3.10/site-packages/controller/system.py to system.cpython-310.pyc
[2.606s] running install_data
[2.608s] running install_egg_info
[2.611s] removing '/home/khushant/pid/install/controller/lib/python3.10/site-packages/controller-0.0.0-py3.10.egg-info' (and everything under it)
[2.612s] Copying ../../build/controller/controller.egg-info to /home/khushant/pid/install/controller/lib/python3.10/site-packages/controller-0.0.0-py3.10.egg-info
[2.612s] running install_scripts
[2.654s] Installing pid script to /home/khushant/pid/install/controller/lib/controller
[2.655s] Installing ref script to /home/khushant/pid/install/controller/lib/controller
[2.655s] Installing system script to /home/khushant/pid/install/controller/lib/controller
[2.656s] writing list of installed files to '/home/khushant/pid/build/controller/install.log'
[2.687s] Invoked command in '/home/khushant/pid/src/controller' returned '0': PYTHONPATH=/home/khushant/pid/build/controller/prefix_override:/home/khushant/pid/install/controller/lib/python3.10/site-packages:${PYTHONPATH} /usr/bin/python3 setup.py egg_info --egg-base ../../build/controller build --build-base /home/khushant/pid/build/controller/build install --record /home/khushant/pid/build/controller/install.log --single-version-externally-managed
