[1.013s] Invoking command in '/home/khushant/pid/build/messages': CMAKE_PREFIX_PATH=${CMAKE_PREFIX_PATH}:/home/khushant/pid/install/controller:/home/khushant/ros2_iron/install/rqt_bag_plugins:/home/khushant/ros2_iron/install/rqt_bag:/home/khushant/ros2_iron/install/rosbag2_examples_py:/home/khushant/ros2_iron/install/launch_testing_examples:/home/khushant/ros2_iron/install/ros2bag:/home/khushant/ros2_iron/install/tracetools_test:/home/khushant/ros2_iron/install/tracetools_launch:/home/khushant/ros2_iron/install/topic_monitor:/home/khushant/ros2_iron/install/tf2_tools:/home/khushant/ros2_iron/install/examples_tf2_py:/home/khushant/ros2_iron/install/tf2_ros_py:/home/khushant/ros2_iron/install/examples_rclpy_pointcloud_publisher:/home/khushant/ros2_iron/install/sensor_msgs_py:/home/khushant/ros2_iron/install/quality_of_service_demo_py:/home/khushant/ros2_iron/install/rqt_plot:/home/khushant/ros2_iron/install/ros2doctor:/home/khushant/ros2_iron/install/lifecycle_py:/home/khushant/ros2_iron/install/examples_rclpy_minimal_subscriber:/home/khushant/ros2_iron/install/examples_rclpy_minimal_service:/home/khushant/ros2_iron/install/examples_rclpy_minimal_publisher:/home/khushant/ros2_iron/install/examples_rclpy_minimal_client:/home/khushant/ros2_iron/install/examples_rclpy_executors:/home/khushant/ros2_iron/install/demo_nodes_py:/home/khushant/ros2_iron/install/rqt:/home/khushant/ros2_iron/install/ros2component:/home/khushant/ros2_iron/install/sros2:/home/khushant/ros2_iron/install/rqt_topic:/home/khushant/ros2_iron/install/rqt_srv:/home/khushant/ros2_iron/install/rqt_shell:/home/khushant/ros2_iron/install/rqt_service_caller:/home/khushant/ros2_iron/install/rqt_reconfigure:/home/khushant/ros2_iron/install/rqt_py_console:/home/khushant/ros2_iron/install/rqt_publisher:/home/khushant/ros2_iron/install/rqt_action:/home/khushant/ros2_iron/install/rqt_msg:/home/khushant/ros2_iron/install/rqt_console:/home/khushant/ros2_iron/install/rqt_graph:/home/khushant/ros2_iron/install/rqt_gui_py:/home/khushant/ros2_iron/install/rqt_gui:/home/khushant/ros2_iron/install/ros2trace:/home/khushant/ros2_iron/install/ros2topic:/home/khushant/ros2_iron/install/ros2test:/home/khushant/ros2_iron/install/ros2param:/home/khushant/ros2_iron/install/ros2lifecycle:/home/khushant/ros2_iron/install/ros2service:/home/khushant/ros2_iron/install/ros2run:/home/khushant/ros2_iron/install/ros2launch:/home/khushant/ros2_iron/install/ros2pkg:/home/khushant/ros2_iron/install/ros2node:/home/khushant/ros2_iron/install/ros2multicast:/home/khushant/ros2_iron/install/ros2interface:/home/khushant/ros2_iron/install/ros2action:/home/khushant/ros2_iron/install/ros2cli:/home/khushant/ros2_iron/install/launch_testing_ros:/home/khushant/ros2_iron/install/launch_ros:/home/khushant/ros2_iron/install/examples_rclpy_minimal_action_server:/home/khushant/ros2_iron/install/examples_rclpy_minimal_action_client:/home/khushant/ros2_iron/install/examples_rclpy_guard_conditions:/home/khushant/ros2_iron/install/action_tutorials_py:/home/khushant/ros2_iron/install/ament_uncrustify:/home/khushant/ros2_iron/install/tracetools_trace:/home/khushant/ros2_iron/install/tracetools_read:/home/khushant/ros2_iron/install/test_tracetools_launch:/home/khushant/ros2_iron/install/test_ros2trace:/home/khushant/ros2_iron/install/test_launch_ros:/home/khushant/ros2_iron/install/rpyutils:/home/khushant/ros2_iron/install/rosidl_runtime_py:/home/khushant/ros2_iron/install/rosidl_pycommon:/home/khushant/ros2_iron/install/rosidl_cli:/home/khushant/ros2_iron/install/launch_pytest:/home/khushant/ros2_iron/install/launch_testing:/home/khushant/ros2_iron/install/launch_yaml:/home/khushant/ros2_iron/install/launch_xml:/home/khushant/ros2_iron/install/launch:/home/khushant/ros2_iron/install/osrf_pycommon:/home/khushant/ros2_iron/install/domain_coordinator:/home/khushant/ros2_iron/install/ament_xmllint:/home/khushant/ros2_iron/install/ament_pyflakes:/home/khushant/ros2_iron/install/ament_pycodestyle:/home/khushant/ros2_iron/install/ament_pep257:/home/khushant/ros2_iron/install/ament_pclint:/home/khushant/ros2_iron/install/ament_package:/home/khushant/ros2_iron/install/ament_mypy:/home/khushant/ros2_iron/install/ament_lint_cmake:/home/khushant/ros2_iron/install/ament_flake8:/home/khushant/ros2_iron/install/ament_copyright:/home/khushant/ros2_iron/install/ament_lint:/home/khushant/ros2_iron/install/ament_index_python:/home/khushant/ros2_iron/install/ament_cpplint:/home/khushant/ros2_iron/install/ament_cppcheck:/home/khushant/ros2_iron/install/ament_clang_tidy:/home/khushant/ros2_iron/install/ament_clang_format:/opt/ros/iron /home/khushant/.local/bin/cmake --build /home/khushant/pid/build/messages -- -j20 -l20
[1.229s] -- Found ament_cmake: 2.0.3 (/home/khushant/ros2_iron/install/ament_cmake/share/ament_cmake/cmake)
[1.621s] -- Override CMake install command with custom implementation using symlinks instead of copying resources
[1.644s] -- Found rosidl_default_generators: 1.5.0 (/home/khushant/ros2_iron/install/rosidl_default_generators/share/rosidl_default_generators/cmake)
[1.837s] -- Using all available rosidl_typesupport_c: rosidl_typesupport_introspection_c;rosidl_typesupport_fastrtps_c
[2.441s] -- Using all available rosidl_typesupport_cpp: rosidl_typesupport_introspection_cpp;rosidl_typesupport_fastrtps_cpp
[2.504s] -- Found rosidl_adapter: 4.0.1 (/home/khushant/ros2_iron/install/rosidl_adapter/share/rosidl_adapter/cmake)
[3.230s] -- Found ament_cmake_ros: 0.11.2 (/home/khushant/ros2_iron/install/ament_cmake_ros/share/ament_cmake_ros/cmake)
[3.478s] -- Using all available rosidl_typesupport_c: rosidl_typesupport_introspection_c;rosidl_typesupport_fastrtps_c
[3.860s] -- Using all available rosidl_typesupport_cpp: rosidl_typesupport_introspection_cpp;rosidl_typesupport_fastrtps_cpp
[3.948s] -- Found python_cmake_module: 0.10.2 (/home/khushant/ros2_iron/install/python_cmake_module/share/python_cmake_module/cmake)
[4.017s] -- Using PYTHON_EXECUTABLE: /usr/bin/python3
[4.017s] -- Using PYTHON_INCLUDE_DIRS: /usr/include/python3.10
[4.018s] -- Using PYTHON_LIBRARIES: /usr/lib/x86_64-linux-gnu/libpython3.10.so
[4.494s] -- Configuring done (3.3s)
[4.578s] -- Generating done (0.1s)
[4.587s] -- Build files have been written to: /home/khushant/pid/build/messages
[4.628s] [  1%] Built target messages__rosidl_generator_type_description
[4.639s] [  1%] Built target ament_cmake_python_symlink_messages
[4.664s] [  3%] Built target messages__cpp
[4.669s] [ 24%] Built target messages__rosidl_generator_c
[4.727s] [ 33%] Built target messages__rosidl_typesupport_introspection_cpp
[4.728s] [ 42%] Built target messages__rosidl_typesupport_c
[4.732s] [ 51%] Built target messages__rosidl_typesupport_introspection_c
[4.733s] [ 61%] Built target messages__rosidl_typesupport_fastrtps_cpp
[4.735s] [ 72%] Built target messages__rosidl_typesupport_fastrtps_c
[4.735s] [ 79%] Built target messages__rosidl_typesupport_cpp
[4.758s] [ 79%] Built target messages
[4.782s] [ 81%] Built target messages__py
[4.818s] [ 88%] Built target messages__rosidl_generator_py
[4.845s] [ 92%] Built target messages__rosidl_typesupport_introspection_c__pyext
[4.848s] [ 96%] Built target messages__rosidl_typesupport_c__pyext
[4.849s] [100%] Built target messages__rosidl_typesupport_fastrtps_c__pyext
[5.198s] running egg_info
[5.199s] writing messages.egg-info/PKG-INFO
[5.199s] writing dependency_links to messages.egg-info/dependency_links.txt
[5.200s] writing top-level names to messages.egg-info/top_level.txt
[5.203s] reading manifest file 'messages.egg-info/SOURCES.txt'
[5.204s] writing manifest file 'messages.egg-info/SOURCES.txt'
[5.231s] [100%] Built target ament_cmake_python_build_messages_egg
[5.248s] Invoked command in '/home/khushant/pid/build/messages' returned '0': CMAKE_PREFIX_PATH=${CMAKE_PREFIX_PATH}:/home/khushant/pid/install/controller:/home/khushant/ros2_iron/install/rqt_bag_plugins:/home/khushant/ros2_iron/install/rqt_bag:/home/khushant/ros2_iron/install/rosbag2_examples_py:/home/khushant/ros2_iron/install/launch_testing_examples:/home/khushant/ros2_iron/install/ros2bag:/home/khushant/ros2_iron/install/tracetools_test:/home/khushant/ros2_iron/install/tracetools_launch:/home/khushant/ros2_iron/install/topic_monitor:/home/khushant/ros2_iron/install/tf2_tools:/home/khushant/ros2_iron/install/examples_tf2_py:/home/khushant/ros2_iron/install/tf2_ros_py:/home/khushant/ros2_iron/install/examples_rclpy_pointcloud_publisher:/home/khushant/ros2_iron/install/sensor_msgs_py:/home/khushant/ros2_iron/install/quality_of_service_demo_py:/home/khushant/ros2_iron/install/rqt_plot:/home/khushant/ros2_iron/install/ros2doctor:/home/khushant/ros2_iron/install/lifecycle_py:/home/khushant/ros2_iron/install/examples_rclpy_minimal_subscriber:/home/khushant/ros2_iron/install/examples_rclpy_minimal_service:/home/khushant/ros2_iron/install/examples_rclpy_minimal_publisher:/home/khushant/ros2_iron/install/examples_rclpy_minimal_client:/home/khushant/ros2_iron/install/examples_rclpy_executors:/home/khushant/ros2_iron/install/demo_nodes_py:/home/khushant/ros2_iron/install/rqt:/home/khushant/ros2_iron/install/ros2component:/home/khushant/ros2_iron/install/sros2:/home/khushant/ros2_iron/install/rqt_topic:/home/khushant/ros2_iron/install/rqt_srv:/home/khushant/ros2_iron/install/rqt_shell:/home/khushant/ros2_iron/install/rqt_service_caller:/home/khushant/ros2_iron/install/rqt_reconfigure:/home/khushant/ros2_iron/install/rqt_py_console:/home/khushant/ros2_iron/install/rqt_publisher:/home/khushant/ros2_iron/install/rqt_action:/home/khushant/ros2_iron/install/rqt_msg:/home/khushant/ros2_iron/install/rqt_console:/home/khushant/ros2_iron/install/rqt_graph:/home/khushant/ros2_iron/install/rqt_gui_py:/home/khushant/ros2_iron/install/rqt_gui:/home/khushant/ros2_iron/install/ros2trace:/home/khushant/ros2_iron/install/ros2topic:/home/khushant/ros2_iron/install/ros2test:/home/khushant/ros2_iron/install/ros2param:/home/khushant/ros2_iron/install/ros2lifecycle:/home/khushant/ros2_iron/install/ros2service:/home/khushant/ros2_iron/install/ros2run:/home/khushant/ros2_iron/install/ros2launch:/home/khushant/ros2_iron/install/ros2pkg:/home/khushant/ros2_iron/install/ros2node:/home/khushant/ros2_iron/install/ros2multicast:/home/khushant/ros2_iron/install/ros2interface:/home/khushant/ros2_iron/install/ros2action:/home/khushant/ros2_iron/install/ros2cli:/home/khushant/ros2_iron/install/launch_testing_ros:/home/khushant/ros2_iron/install/launch_ros:/home/khushant/ros2_iron/install/examples_rclpy_minimal_action_server:/home/khushant/ros2_iron/install/examples_rclpy_minimal_action_client:/home/khushant/ros2_iron/install/examples_rclpy_guard_conditions:/home/khushant/ros2_iron/install/action_tutorials_py:/home/khushant/ros2_iron/install/ament_uncrustify:/home/khushant/ros2_iron/install/tracetools_trace:/home/khushant/ros2_iron/install/tracetools_read:/home/khushant/ros2_iron/install/test_tracetools_launch:/home/khushant/ros2_iron/install/test_ros2trace:/home/khushant/ros2_iron/install/test_launch_ros:/home/khushant/ros2_iron/install/rpyutils:/home/khushant/ros2_iron/install/rosidl_runtime_py:/home/khushant/ros2_iron/install/rosidl_pycommon:/home/khushant/ros2_iron/install/rosidl_cli:/home/khushant/ros2_iron/install/launch_pytest:/home/khushant/ros2_iron/install/launch_testing:/home/khushant/ros2_iron/install/launch_yaml:/home/khushant/ros2_iron/install/launch_xml:/home/khushant/ros2_iron/install/launch:/home/khushant/ros2_iron/install/osrf_pycommon:/home/khushant/ros2_iron/install/domain_coordinator:/home/khushant/ros2_iron/install/ament_xmllint:/home/khushant/ros2_iron/install/ament_pyflakes:/home/khushant/ros2_iron/install/ament_pycodestyle:/home/khushant/ros2_iron/install/ament_pep257:/home/khushant/ros2_iron/install/ament_pclint:/home/khushant/ros2_iron/install/ament_package:/home/khushant/ros2_iron/install/ament_mypy:/home/khushant/ros2_iron/install/ament_lint_cmake:/home/khushant/ros2_iron/install/ament_flake8:/home/khushant/ros2_iron/install/ament_copyright:/home/khushant/ros2_iron/install/ament_lint:/home/khushant/ros2_iron/install/ament_index_python:/home/khushant/ros2_iron/install/ament_cpplint:/home/khushant/ros2_iron/install/ament_cppcheck:/home/khushant/ros2_iron/install/ament_clang_tidy:/home/khushant/ros2_iron/install/ament_clang_format:/opt/ros/iron /home/khushant/.local/bin/cmake --build /home/khushant/pid/build/messages -- -j20 -l20
[5.778s] Invoking command in '/home/khushant/pid/build/messages': CMAKE_PREFIX_PATH=${CMAKE_PREFIX_PATH}:/home/khushant/pid/install/controller:/home/khushant/ros2_iron/install/rqt_bag_plugins:/home/khushant/ros2_iron/install/rqt_bag:/home/khushant/ros2_iron/install/rosbag2_examples_py:/home/khushant/ros2_iron/install/launch_testing_examples:/home/khushant/ros2_iron/install/ros2bag:/home/khushant/ros2_iron/install/tracetools_test:/home/khushant/ros2_iron/install/tracetools_launch:/home/khushant/ros2_iron/install/topic_monitor:/home/khushant/ros2_iron/install/tf2_tools:/home/khushant/ros2_iron/install/examples_tf2_py:/home/khushant/ros2_iron/install/tf2_ros_py:/home/khushant/ros2_iron/install/examples_rclpy_pointcloud_publisher:/home/khushant/ros2_iron/install/sensor_msgs_py:/home/khushant/ros2_iron/install/quality_of_service_demo_py:/home/khushant/ros2_iron/install/rqt_plot:/home/khushant/ros2_iron/install/ros2doctor:/home/khushant/ros2_iron/install/lifecycle_py:/home/khushant/ros2_iron/install/examples_rclpy_minimal_subscriber:/home/khushant/ros2_iron/install/examples_rclpy_minimal_service:/home/khushant/ros2_iron/install/examples_rclpy_minimal_publisher:/home/khushant/ros2_iron/install/examples_rclpy_minimal_client:/home/khushant/ros2_iron/install/examples_rclpy_executors:/home/khushant/ros2_iron/install/demo_nodes_py:/home/khushant/ros2_iron/install/rqt:/home/khushant/ros2_iron/install/ros2component:/home/khushant/ros2_iron/install/sros2:/home/khushant/ros2_iron/install/rqt_topic:/home/khushant/ros2_iron/install/rqt_srv:/home/khushant/ros2_iron/install/rqt_shell:/home/khushant/ros2_iron/install/rqt_service_caller:/home/khushant/ros2_iron/install/rqt_reconfigure:/home/khushant/ros2_iron/install/rqt_py_console:/home/khushant/ros2_iron/install/rqt_publisher:/home/khushant/ros2_iron/install/rqt_action:/home/khushant/ros2_iron/install/rqt_msg:/home/khushant/ros2_iron/install/rqt_console:/home/khushant/ros2_iron/install/rqt_graph:/home/khushant/ros2_iron/install/rqt_gui_py:/home/khushant/ros2_iron/install/rqt_gui:/home/khushant/ros2_iron/install/ros2trace:/home/khushant/ros2_iron/install/ros2topic:/home/khushant/ros2_iron/install/ros2test:/home/khushant/ros2_iron/install/ros2param:/home/khushant/ros2_iron/install/ros2lifecycle:/home/khushant/ros2_iron/install/ros2service:/home/khushant/ros2_iron/install/ros2run:/home/khushant/ros2_iron/install/ros2launch:/home/khushant/ros2_iron/install/ros2pkg:/home/khushant/ros2_iron/install/ros2node:/home/khushant/ros2_iron/install/ros2multicast:/home/khushant/ros2_iron/install/ros2interface:/home/khushant/ros2_iron/install/ros2action:/home/khushant/ros2_iron/install/ros2cli:/home/khushant/ros2_iron/install/launch_testing_ros:/home/khushant/ros2_iron/install/launch_ros:/home/khushant/ros2_iron/install/examples_rclpy_minimal_action_server:/home/khushant/ros2_iron/install/examples_rclpy_minimal_action_client:/home/khushant/ros2_iron/install/examples_rclpy_guard_conditions:/home/khushant/ros2_iron/install/action_tutorials_py:/home/khushant/ros2_iron/install/ament_uncrustify:/home/khushant/ros2_iron/install/tracetools_trace:/home/khushant/ros2_iron/install/tracetools_read:/home/khushant/ros2_iron/install/test_tracetools_launch:/home/khushant/ros2_iron/install/test_ros2trace:/home/khushant/ros2_iron/install/test_launch_ros:/home/khushant/ros2_iron/install/rpyutils:/home/khushant/ros2_iron/install/rosidl_runtime_py:/home/khushant/ros2_iron/install/rosidl_pycommon:/home/khushant/ros2_iron/install/rosidl_cli:/home/khushant/ros2_iron/install/launch_pytest:/home/khushant/ros2_iron/install/launch_testing:/home/khushant/ros2_iron/install/launch_yaml:/home/khushant/ros2_iron/install/launch_xml:/home/khushant/ros2_iron/install/launch:/home/khushant/ros2_iron/install/osrf_pycommon:/home/khushant/ros2_iron/install/domain_coordinator:/home/khushant/ros2_iron/install/ament_xmllint:/home/khushant/ros2_iron/install/ament_pyflakes:/home/khushant/ros2_iron/install/ament_pycodestyle:/home/khushant/ros2_iron/install/ament_pep257:/home/khushant/ros2_iron/install/ament_pclint:/home/khushant/ros2_iron/install/ament_package:/home/khushant/ros2_iron/install/ament_mypy:/home/khushant/ros2_iron/install/ament_lint_cmake:/home/khushant/ros2_iron/install/ament_flake8:/home/khushant/ros2_iron/install/ament_copyright:/home/khushant/ros2_iron/install/ament_lint:/home/khushant/ros2_iron/install/ament_index_python:/home/khushant/ros2_iron/install/ament_cpplint:/home/khushant/ros2_iron/install/ament_cppcheck:/home/khushant/ros2_iron/install/ament_clang_tidy:/home/khushant/ros2_iron/install/ament_clang_format:/opt/ros/iron /home/khushant/.local/bin/cmake --install /home/khushant/pid/build/messages
[5.873s] -- Install configuration: ""
[5.874s] -- Execute custom install script
[5.875s] -- Up-to-date symlink: /home/khushant/pid/install/messages/share/ament_index/resource_index/rosidl_interfaces/messages
[5.876s] -- Up-to-date symlink: /home/khushant/pid/install/messages/share/messages/msg/Pidsignal.json
[5.876s] -- Up-to-date symlink: /home/khushant/pid/install/messages/share/messages/msg/Refsignal.json
[5.876s] -- Up-to-date symlink: /home/khushant/pid/install/messages/share/messages/msg/Systemsignal.json
[5.877s] -- Up-to-date symlink: /home/khushant/pid/install/messages/include/messages/messages/msg/detail/pidsignal__functions.h
[5.877s] -- Up-to-date symlink: /home/khushant/pid/install/messages/include/messages/messages/msg/detail/pidsignal__struct.h
[5.878s] -- Up-to-date symlink: /home/khushant/pid/install/messages/include/messages/messages/msg/detail/pidsignal__type_support.h
[5.878s] -- Up-to-date symlink: /home/khushant/pid/install/messages/include/messages/messages/msg/detail/refsignal__functions.h
[5.879s] -- Up-to-date symlink: /home/khushant/pid/install/messages/include/messages/messages/msg/detail/refsignal__struct.h
[5.879s] -- Up-to-date symlink: /home/khushant/pid/install/messages/include/messages/messages/msg/detail/refsignal__type_support.h
[5.879s] -- Up-to-date symlink: /home/khushant/pid/install/messages/include/messages/messages/msg/detail/systemsignal__functions.h
[5.879s] -- Up-to-date symlink: /home/khushant/pid/install/messages/include/messages/messages/msg/detail/systemsignal__struct.h
[5.880s] -- Up-to-date symlink: /home/khushant/pid/install/messages/include/messages/messages/msg/detail/systemsignal__type_support.h
[5.880s] -- Up-to-date symlink: /home/khushant/pid/install/messages/include/messages/messages/msg/pidsignal.h
[5.880s] -- Up-to-date symlink: /home/khushant/pid/install/messages/include/messages/messages/msg/refsignal.h
[5.881s] -- Up-to-date symlink: /home/khushant/pid/install/messages/include/messages/messages/msg/rosidl_generator_c__visibility_control.h
[5.881s] -- Up-to-date symlink: /home/khushant/pid/install/messages/include/messages/messages/msg/systemsignal.h
[5.881s] -- Up-to-date symlink: /home/khushant/pid/install/messages/share/messages/environment/library_path.sh
[5.881s] -- Up-to-date symlink: /home/khushant/pid/install/messages/share/messages/environment/library_path.dsv
[5.881s] -- Up-to-date symlink: /home/khushant/pid/install/messages/include/messages/messages/msg/detail/pidsignal__rosidl_typesupport_introspection_c.h
[5.881s] -- Up-to-date symlink: /home/khushant/pid/install/messages/include/messages/messages/msg/detail/refsignal__rosidl_typesupport_introspection_c.h
[5.881s] -- Up-to-date symlink: /home/khushant/pid/install/messages/include/messages/messages/msg/detail/systemsignal__rosidl_typesupport_introspection_c.h
[5.881s] -- Up-to-date symlink: /home/khushant/pid/install/messages/include/messages/messages/msg/rosidl_typesupport_introspection_c__visibility_control.h
[5.881s] -- Up-to-date symlink: /home/khushant/pid/install/messages/include/messages/messages/msg/detail/pidsignal__rosidl_typesupport_fastrtps_c.h
[5.882s] -- Up-to-date symlink: /home/khushant/pid/install/messages/include/messages/messages/msg/detail/refsignal__rosidl_typesupport_fastrtps_c.h
[5.882s] -- Up-to-date symlink: /home/khushant/pid/install/messages/include/messages/messages/msg/detail/systemsignal__rosidl_typesupport_fastrtps_c.h
[5.882s] -- Up-to-date symlink: /home/khushant/pid/install/messages/include/messages/messages/msg/rosidl_typesupport_fastrtps_c__visibility_control.h
[5.883s] -- Up-to-date symlink: /home/khushant/pid/install/messages/include/messages/messages/msg/detail/pidsignal__builder.hpp
[5.884s] -- Up-to-date symlink: /home/khushant/pid/install/messages/include/messages/messages/msg/detail/pidsignal__struct.hpp
[5.884s] -- Up-to-date symlink: /home/khushant/pid/install/messages/include/messages/messages/msg/detail/pidsignal__traits.hpp
[5.884s] -- Up-to-date symlink: /home/khushant/pid/install/messages/include/messages/messages/msg/detail/refsignal__builder.hpp
[5.885s] -- Up-to-date symlink: /home/khushant/pid/install/messages/include/messages/messages/msg/detail/refsignal__struct.hpp
[5.885s] -- Up-to-date symlink: /home/khushant/pid/install/messages/include/messages/messages/msg/detail/refsignal__traits.hpp
[5.885s] -- Up-to-date symlink: /home/khushant/pid/install/messages/include/messages/messages/msg/detail/systemsignal__builder.hpp
[5.885s] -- Up-to-date symlink: /home/khushant/pid/install/messages/include/messages/messages/msg/detail/systemsignal__struct.hpp
[5.885s] -- Up-to-date symlink: /home/khushant/pid/install/messages/include/messages/messages/msg/detail/systemsignal__traits.hpp
[5.886s] -- Up-to-date symlink: /home/khushant/pid/install/messages/include/messages/messages/msg/pidsignal.hpp
[5.886s] -- Up-to-date symlink: /home/khushant/pid/install/messages/include/messages/messages/msg/refsignal.hpp
[5.886s] -- Up-to-date symlink: /home/khushant/pid/install/messages/include/messages/messages/msg/systemsignal.hpp
[5.886s] -- Up-to-date symlink: /home/khushant/pid/install/messages/include/messages/messages/msg/detail/pidsignal__rosidl_typesupport_introspection_cpp.hpp
[5.886s] -- Up-to-date symlink: /home/khushant/pid/install/messages/include/messages/messages/msg/detail/refsignal__rosidl_typesupport_introspection_cpp.hpp
[5.887s] -- Up-to-date symlink: /home/khushant/pid/install/messages/include/messages/messages/msg/detail/systemsignal__rosidl_typesupport_introspection_cpp.hpp
[5.887s] -- Up-to-date symlink: /home/khushant/pid/install/messages/include/messages/messages/msg/detail/pidsignal__rosidl_typesupport_fastrtps_cpp.hpp
[5.887s] -- Up-to-date symlink: /home/khushant/pid/install/messages/include/messages/messages/msg/detail/refsignal__rosidl_typesupport_fastrtps_cpp.hpp
[5.888s] -- Up-to-date symlink: /home/khushant/pid/install/messages/include/messages/messages/msg/detail/systemsignal__rosidl_typesupport_fastrtps_cpp.hpp
[5.888s] -- Up-to-date symlink: /home/khushant/pid/install/messages/include/messages/messages/msg/rosidl_typesupport_fastrtps_cpp__visibility_control.h
[5.889s] -- Up-to-date symlink: /home/khushant/pid/install/messages/share/messages/environment/pythonpath.sh
[5.889s] -- Up-to-date symlink: /home/khushant/pid/install/messages/share/messages/environment/pythonpath.dsv
[5.889s] -- Up-to-date symlink: /home/khushant/pid/install/messages/lib/python3.10/site-packages/messages-0.0.0-py3.10.egg-info/PKG-INFO
[5.890s] -- Up-to-date symlink: /home/khushant/pid/install/messages/lib/python3.10/site-packages/messages-0.0.0-py3.10.egg-info/SOURCES.txt
[5.890s] -- Up-to-date symlink: /home/khushant/pid/install/messages/lib/python3.10/site-packages/messages-0.0.0-py3.10.egg-info/dependency_links.txt
[5.890s] -- Up-to-date symlink: /home/khushant/pid/install/messages/lib/python3.10/site-packages/messages-0.0.0-py3.10.egg-info/top_level.txt
[5.890s] -- Up-to-date symlink: /home/khushant/pid/install/messages/lib/python3.10/site-packages/messages/__init__.py
[5.891s] -- Up-to-date symlink: /home/khushant/pid/install/messages/lib/python3.10/site-packages/messages/_messages_s.ep.rosidl_typesupport_c.c
[5.891s] -- Up-to-date symlink: /home/khushant/pid/install/messages/lib/python3.10/site-packages/messages/_messages_s.ep.rosidl_typesupport_fastrtps_c.c
[5.892s] -- Up-to-date symlink: /home/khushant/pid/install/messages/lib/python3.10/site-packages/messages/_messages_s.ep.rosidl_typesupport_introspection_c.c
[5.892s] -- Up-to-date symlink: /home/khushant/pid/install/messages/lib/python3.10/site-packages/messages/libmessages__rosidl_generator_py.so
[5.892s] -- Up-to-date symlink: /home/khushant/pid/install/messages/lib/python3.10/site-packages/messages/messages_s__rosidl_typesupport_c.cpython-310-x86_64-linux-gnu.so
[5.893s] -- Up-to-date symlink: /home/khushant/pid/install/messages/lib/python3.10/site-packages/messages/messages_s__rosidl_typesupport_fastrtps_c.cpython-310-x86_64-linux-gnu.so
[5.893s] -- Up-to-date symlink: /home/khushant/pid/install/messages/lib/python3.10/site-packages/messages/messages_s__rosidl_typesupport_introspection_c.cpython-310-x86_64-linux-gnu.so
[5.894s] -- Up-to-date symlink: /home/khushant/pid/install/messages/lib/python3.10/site-packages/messages/msg/__init__.py
[5.894s] -- Up-to-date symlink: /home/khushant/pid/install/messages/lib/python3.10/site-packages/messages/msg/_pidsignal.py
[5.895s] -- Up-to-date symlink: /home/khushant/pid/install/messages/lib/python3.10/site-packages/messages/msg/_pidsignal_s.c
[5.895s] -- Up-to-date symlink: /home/khushant/pid/install/messages/lib/python3.10/site-packages/messages/msg/_refsignal.py
[5.895s] -- Up-to-date symlink: /home/khushant/pid/install/messages/lib/python3.10/site-packages/messages/msg/_refsignal_s.c
[5.895s] -- Up-to-date symlink: /home/khushant/pid/install/messages/lib/python3.10/site-packages/messages/msg/_systemsignal.py
[5.895s] -- Up-to-date symlink: /home/khushant/pid/install/messages/lib/python3.10/site-packages/messages/msg/_systemsignal_s.c
[5.895s] -- Up-to-date symlink: /home/khushant/pid/install/messages/lib/python3.10/site-packages/messages/messages_s__rosidl_typesupport_introspection_c.cpython-310-x86_64-linux-gnu.so
[5.895s] -- Up-to-date symlink: /home/khushant/pid/install/messages/lib/python3.10/site-packages/messages/messages_s__rosidl_typesupport_fastrtps_c.cpython-310-x86_64-linux-gnu.so
[5.895s] -- Up-to-date symlink: /home/khushant/pid/install/messages/lib/python3.10/site-packages/messages/messages_s__rosidl_typesupport_c.cpython-310-x86_64-linux-gnu.so
[5.895s] -- Up-to-date symlink: /home/khushant/pid/install/messages/share/messages/msg/Pidsignal.idl
[5.895s] -- Up-to-date symlink: /home/khushant/pid/install/messages/share/messages/msg/Refsignal.idl
[5.895s] -- Up-to-date symlink: /home/khushant/pid/install/messages/share/messages/msg/Systemsignal.idl
[5.895s] -- Up-to-date symlink: /home/khushant/pid/install/messages/share/messages/msg/Pidsignal.msg
[5.895s] -- Up-to-date symlink: /home/khushant/pid/install/messages/share/messages/msg/Refsignal.msg
[5.895s] -- Up-to-date symlink: /home/khushant/pid/install/messages/share/messages/msg/Systemsignal.msg
[5.896s] -- Up-to-date symlink: /home/khushant/pid/install/messages/share/ament_index/resource_index/package_run_dependencies/messages
[5.896s] -- Up-to-date symlink: /home/khushant/pid/install/messages/share/ament_index/resource_index/parent_prefix_path/messages
[5.896s] -- Up-to-date symlink: /home/khushant/pid/install/messages/share/messages/environment/ament_prefix_path.sh
[5.897s] -- Up-to-date symlink: /home/khushant/pid/install/messages/share/messages/environment/ament_prefix_path.dsv
[5.897s] -- Up-to-date symlink: /home/khushant/pid/install/messages/share/messages/environment/path.sh
[5.898s] -- Up-to-date symlink: /home/khushant/pid/install/messages/share/messages/environment/path.dsv
[5.898s] -- Up-to-date symlink: /home/khushant/pid/install/messages/share/messages/local_setup.bash
[5.898s] -- Up-to-date symlink: /home/khushant/pid/install/messages/share/messages/local_setup.sh
[5.899s] -- Up-to-date symlink: /home/khushant/pid/install/messages/share/messages/local_setup.zsh
[5.899s] -- Up-to-date symlink: /home/khushant/pid/install/messages/share/messages/local_setup.dsv
[5.899s] -- Symlinking: /home/khushant/pid/install/messages/share/messages/package.dsv
[5.905s] -- Up-to-date symlink: /home/khushant/pid/install/messages/share/ament_index/resource_index/packages/messages
[5.905s] -- Up-to-date symlink: /home/khushant/pid/install/messages/share/messages/cmake/rosidl_cmake-extras.cmake
[5.906s] -- Up-to-date symlink: /home/khushant/pid/install/messages/share/messages/cmake/ament_cmake_export_include_directories-extras.cmake
[5.906s] -- Up-to-date symlink: /home/khushant/pid/install/messages/share/messages/cmake/ament_cmake_export_libraries-extras.cmake
[5.906s] -- Up-to-date symlink: /home/khushant/pid/install/messages/share/messages/cmake/ament_cmake_export_targets-extras.cmake
[5.907s] -- Up-to-date symlink: /home/khushant/pid/install/messages/share/messages/cmake/rosidl_cmake_export_typesupport_targets-extras.cmake
[5.907s] -- Up-to-date symlink: /home/khushant/pid/install/messages/share/messages/cmake/ament_cmake_export_dependencies-extras.cmake
[5.907s] -- Up-to-date symlink: /home/khushant/pid/install/messages/share/messages/cmake/rosidl_cmake_export_typesupport_libraries-extras.cmake
[5.907s] -- Up-to-date symlink: /home/khushant/pid/install/messages/share/messages/cmake/messagesConfig.cmake
[5.907s] -- Up-to-date symlink: /home/khushant/pid/install/messages/share/messages/cmake/messagesConfig-version.cmake
[5.907s] -- Up-to-date symlink: /home/khushant/pid/install/messages/share/messages/package.xml
[5.908s] -- Up-to-date: /home/khushant/pid/install/messages/lib/libmessages__rosidl_generator_c.so
[5.909s] -- Up-to-date: /home/khushant/pid/install/messages/lib/libmessages__rosidl_typesupport_introspection_c.so
[5.909s] -- Up-to-date: /home/khushant/pid/install/messages/lib/libmessages__rosidl_typesupport_fastrtps_c.so
[5.909s] -- Up-to-date: /home/khushant/pid/install/messages/lib/libmessages__rosidl_typesupport_c.so
[5.910s] -- Up-to-date: /home/khushant/pid/install/messages/lib/libmessages__rosidl_typesupport_introspection_cpp.so
[5.910s] -- Up-to-date: /home/khushant/pid/install/messages/lib/libmessages__rosidl_typesupport_fastrtps_cpp.so
[5.911s] -- Up-to-date: /home/khushant/pid/install/messages/lib/libmessages__rosidl_typesupport_cpp.so
[6.043s] Listing '/home/khushant/pid/install/messages/lib/python3.10/site-packages/messages'...
[6.043s] Compiling '/home/khushant/pid/install/messages/lib/python3.10/site-packages/messages/__init__.py'...
[6.044s] Listing '/home/khushant/pid/install/messages/lib/python3.10/site-packages/messages/msg'...
[6.049s] -- Up-to-date: /home/khushant/pid/install/messages/lib/libmessages__rosidl_generator_py.so
[6.049s] -- Up-to-date: /home/khushant/pid/install/messages/share/messages/cmake/export_messages__rosidl_generator_cExport.cmake
[6.050s] -- Up-to-date: /home/khushant/pid/install/messages/share/messages/cmake/export_messages__rosidl_generator_cExport-noconfig.cmake
[6.050s] -- Up-to-date: /home/khushant/pid/install/messages/share/messages/cmake/messages__rosidl_typesupport_introspection_cExport.cmake
[6.050s] -- Up-to-date: /home/khushant/pid/install/messages/share/messages/cmake/messages__rosidl_typesupport_introspection_cExport-noconfig.cmake
[6.050s] -- Up-to-date: /home/khushant/pid/install/messages/share/messages/cmake/export_messages__rosidl_typesupport_fastrtps_cExport.cmake
[6.050s] -- Up-to-date: /home/khushant/pid/install/messages/share/messages/cmake/export_messages__rosidl_typesupport_fastrtps_cExport-noconfig.cmake
[6.051s] -- Up-to-date: /home/khushant/pid/install/messages/share/messages/cmake/messages__rosidl_typesupport_cExport.cmake
[6.051s] -- Up-to-date: /home/khushant/pid/install/messages/share/messages/cmake/messages__rosidl_typesupport_cExport-noconfig.cmake
[6.051s] -- Up-to-date: /home/khushant/pid/install/messages/share/messages/cmake/export_messages__rosidl_generator_cppExport.cmake
[6.051s] -- Up-to-date: /home/khushant/pid/install/messages/share/messages/cmake/messages__rosidl_typesupport_introspection_cppExport.cmake
[6.051s] -- Up-to-date: /home/khushant/pid/install/messages/share/messages/cmake/messages__rosidl_typesupport_introspection_cppExport-noconfig.cmake
[6.052s] -- Up-to-date: /home/khushant/pid/install/messages/share/messages/cmake/export_messages__rosidl_typesupport_fastrtps_cppExport.cmake
[6.052s] -- Up-to-date: /home/khushant/pid/install/messages/share/messages/cmake/export_messages__rosidl_typesupport_fastrtps_cppExport-noconfig.cmake
[6.052s] -- Up-to-date: /home/khushant/pid/install/messages/share/messages/cmake/messages__rosidl_typesupport_cppExport.cmake
[6.052s] -- Up-to-date: /home/khushant/pid/install/messages/share/messages/cmake/messages__rosidl_typesupport_cppExport-noconfig.cmake
[6.052s] -- Up-to-date: /home/khushant/pid/install/messages/share/messages/cmake/export_messages__rosidl_generator_pyExport.cmake
[6.052s] -- Up-to-date: /home/khushant/pid/install/messages/share/messages/cmake/export_messages__rosidl_generator_pyExport-noconfig.cmake
[6.062s] Invoked command in '/home/khushant/pid/build/messages' returned '0': CMAKE_PREFIX_PATH=${CMAKE_PREFIX_PATH}:/home/khushant/pid/install/controller:/home/khushant/ros2_iron/install/rqt_bag_plugins:/home/khushant/ros2_iron/install/rqt_bag:/home/khushant/ros2_iron/install/rosbag2_examples_py:/home/khushant/ros2_iron/install/launch_testing_examples:/home/khushant/ros2_iron/install/ros2bag:/home/khushant/ros2_iron/install/tracetools_test:/home/khushant/ros2_iron/install/tracetools_launch:/home/khushant/ros2_iron/install/topic_monitor:/home/khushant/ros2_iron/install/tf2_tools:/home/khushant/ros2_iron/install/examples_tf2_py:/home/khushant/ros2_iron/install/tf2_ros_py:/home/khushant/ros2_iron/install/examples_rclpy_pointcloud_publisher:/home/khushant/ros2_iron/install/sensor_msgs_py:/home/khushant/ros2_iron/install/quality_of_service_demo_py:/home/khushant/ros2_iron/install/rqt_plot:/home/khushant/ros2_iron/install/ros2doctor:/home/khushant/ros2_iron/install/lifecycle_py:/home/khushant/ros2_iron/install/examples_rclpy_minimal_subscriber:/home/khushant/ros2_iron/install/examples_rclpy_minimal_service:/home/khushant/ros2_iron/install/examples_rclpy_minimal_publisher:/home/khushant/ros2_iron/install/examples_rclpy_minimal_client:/home/khushant/ros2_iron/install/examples_rclpy_executors:/home/khushant/ros2_iron/install/demo_nodes_py:/home/khushant/ros2_iron/install/rqt:/home/khushant/ros2_iron/install/ros2component:/home/khushant/ros2_iron/install/sros2:/home/khushant/ros2_iron/install/rqt_topic:/home/khushant/ros2_iron/install/rqt_srv:/home/khushant/ros2_iron/install/rqt_shell:/home/khushant/ros2_iron/install/rqt_service_caller:/home/khushant/ros2_iron/install/rqt_reconfigure:/home/khushant/ros2_iron/install/rqt_py_console:/home/khushant/ros2_iron/install/rqt_publisher:/home/khushant/ros2_iron/install/rqt_action:/home/khushant/ros2_iron/install/rqt_msg:/home/khushant/ros2_iron/install/rqt_console:/home/khushant/ros2_iron/install/rqt_graph:/home/khushant/ros2_iron/install/rqt_gui_py:/home/khushant/ros2_iron/install/rqt_gui:/home/khushant/ros2_iron/install/ros2trace:/home/khushant/ros2_iron/install/ros2topic:/home/khushant/ros2_iron/install/ros2test:/home/khushant/ros2_iron/install/ros2param:/home/khushant/ros2_iron/install/ros2lifecycle:/home/khushant/ros2_iron/install/ros2service:/home/khushant/ros2_iron/install/ros2run:/home/khushant/ros2_iron/install/ros2launch:/home/khushant/ros2_iron/install/ros2pkg:/home/khushant/ros2_iron/install/ros2node:/home/khushant/ros2_iron/install/ros2multicast:/home/khushant/ros2_iron/install/ros2interface:/home/khushant/ros2_iron/install/ros2action:/home/khushant/ros2_iron/install/ros2cli:/home/khushant/ros2_iron/install/launch_testing_ros:/home/khushant/ros2_iron/install/launch_ros:/home/khushant/ros2_iron/install/examples_rclpy_minimal_action_server:/home/khushant/ros2_iron/install/examples_rclpy_minimal_action_client:/home/khushant/ros2_iron/install/examples_rclpy_guard_conditions:/home/khushant/ros2_iron/install/action_tutorials_py:/home/khushant/ros2_iron/install/ament_uncrustify:/home/khushant/ros2_iron/install/tracetools_trace:/home/khushant/ros2_iron/install/tracetools_read:/home/khushant/ros2_iron/install/test_tracetools_launch:/home/khushant/ros2_iron/install/test_ros2trace:/home/khushant/ros2_iron/install/test_launch_ros:/home/khushant/ros2_iron/install/rpyutils:/home/khushant/ros2_iron/install/rosidl_runtime_py:/home/khushant/ros2_iron/install/rosidl_pycommon:/home/khushant/ros2_iron/install/rosidl_cli:/home/khushant/ros2_iron/install/launch_pytest:/home/khushant/ros2_iron/install/launch_testing:/home/khushant/ros2_iron/install/launch_yaml:/home/khushant/ros2_iron/install/launch_xml:/home/khushant/ros2_iron/install/launch:/home/khushant/ros2_iron/install/osrf_pycommon:/home/khushant/ros2_iron/install/domain_coordinator:/home/khushant/ros2_iron/install/ament_xmllint:/home/khushant/ros2_iron/install/ament_pyflakes:/home/khushant/ros2_iron/install/ament_pycodestyle:/home/khushant/ros2_iron/install/ament_pep257:/home/khushant/ros2_iron/install/ament_pclint:/home/khushant/ros2_iron/install/ament_package:/home/khushant/ros2_iron/install/ament_mypy:/home/khushant/ros2_iron/install/ament_lint_cmake:/home/khushant/ros2_iron/install/ament_flake8:/home/khushant/ros2_iron/install/ament_copyright:/home/khushant/ros2_iron/install/ament_lint:/home/khushant/ros2_iron/install/ament_index_python:/home/khushant/ros2_iron/install/ament_cpplint:/home/khushant/ros2_iron/install/ament_cppcheck:/home/khushant/ros2_iron/install/ament_clang_tidy:/home/khushant/ros2_iron/install/ament_clang_format:/opt/ros/iron /home/khushant/.local/bin/cmake --install /home/khushant/pid/build/messages
