[2.188s] Invoking command in '/home/khushant/pid/build/controller': PYTHONPATH=/home/khushant/pid/build/controller/prefix_override:/home/khushant/pid/install/controller/lib/python3.10/site-packages:${PYTHONPATH} /usr/bin/python3 setup.py develop --editable --build-directory /home/khushant/pid/build/controller/build --no-deps install_data
[2.821s] running develop
[3.169s] running egg_info
[3.169s] writing controller.egg-info/PKG-INFO
[3.169s] writing dependency_links to controller.egg-info/dependency_links.txt
[3.170s] writing entry points to controller.egg-info/entry_points.txt
[3.170s] writing requirements to controller.egg-info/requires.txt
[3.170s] writing top-level names to controller.egg-info/top_level.txt
[3.172s] reading manifest file 'controller.egg-info/SOURCES.txt'
[3.173s] writing manifest file 'controller.egg-info/SOURCES.txt'
[3.178s] running build_ext
[3.178s] Creating /home/khushant/pid/install/controller/lib/python3.10/site-packages/controller.egg-link (link to .)
[3.179s] Installing noise script to /home/khushant/pid/install/controller/lib/controller
[3.180s] Installing pid script to /home/khushant/pid/install/controller/lib/controller
[3.180s] Installing ref script to /home/khushant/pid/install/controller/lib/controller
[3.180s] Installing system script to /home/khushant/pid/install/controller/lib/controller
[3.181s] 
[3.181s] Installed /home/khushant/pid/build/controller
[3.181s] running install_data
[3.220s] Invoked command in '/home/khushant/pid/build/controller' returned '0': PYTHONPATH=/home/khushant/pid/build/controller/prefix_override:/home/khushant/pid/install/controller/lib/python3.10/site-packages:${PYTHONPATH} /usr/bin/python3 setup.py develop --editable --build-directory /home/khushant/pid/build/controller/build --no-deps install_data
