[2.281s] Invoking command in '/home/khushant/pid/src/controller': PYTHONPATH=/home/khushant/pid/build/controller/prefix_override:/home/khushant/pid/install/controller/lib/python3.10/site-packages:${PYTHONPATH} /usr/bin/python3 setup.py egg_info --egg-base ../../build/controller build --build-base /home/khushant/pid/build/controller/build install --record /home/khushant/pid/build/controller/install.log --single-version-externally-managed
[2.861s] running egg_info
[2.861s] writing ../../build/controller/controller.egg-info/PKG-INFO
[2.863s] writing dependency_links to ../../build/controller/controller.egg-info/dependency_links.txt
[2.863s] writing entry points to ../../build/controller/controller.egg-info/entry_points.txt
[2.864s] writing requirements to ../../build/controller/controller.egg-info/requires.txt
[2.865s] writing top-level names to ../../build/controller/controller.egg-info/top_level.txt
[2.868s] reading manifest file '../../build/controller/controller.egg-info/SOURCES.txt'
[2.869s] writing manifest file '../../build/controller/controller.egg-info/SOURCES.txt'
[2.870s] running build
[2.870s] running build_py
[2.870s] copying controller/noise.py -> /home/khushant/pid/build/controller/build/lib/controller
[2.871s] copying controller/system.py -> /home/khushant/pid/build/controller/build/lib/controller
[2.871s] copying controller/pid.py -> /home/khushant/pid/build/controller/build/lib/controller
[2.872s] running install
[2.872s] running install_lib
[2.873s] copying /home/khushant/pid/build/controller/build/lib/controller/noise.py -> /home/khushant/pid/install/controller/lib/python3.10/site-packages/controller
[2.874s] copying /home/khushant/pid/build/controller/build/lib/controller/system.py -> /home/khushant/pid/install/controller/lib/python3.10/site-packages/controller
[2.874s] copying /home/khushant/pid/build/controller/build/lib/controller/pid.py -> /home/khushant/pid/install/controller/lib/python3.10/site-packages/controller
[2.876s] byte-compiling /home/khushant/pid/install/controller/lib/python3.10/site-packages/controller/noise.py to noise.cpython-310.pyc
[2.876s] byte-compiling /home/khushant/pid/install/controller/lib/python3.10/site-packages/controller/system.py to system.cpython-310.pyc
[2.878s] byte-compiling /home/khushant/pid/install/controller/lib/python3.10/site-packages/controller/pid.py to pid.cpython-310.pyc
[2.879s] running install_data
[2.880s] running install_egg_info
[2.884s] removing '/home/khushant/pid/install/controller/lib/python3.10/site-packages/controller-0.0.0-py3.10.egg-info' (and everything under it)
[2.885s] Copying ../../build/controller/controller.egg-info to /home/khushant/pid/install/controller/lib/python3.10/site-packages/controller-0.0.0-py3.10.egg-info
[2.887s] running install_scripts
[2.929s] Installing noise script to /home/khushant/pid/install/controller/lib/controller
[2.930s] Installing pid script to /home/khushant/pid/install/controller/lib/controller
[2.930s] Installing ref script to /home/khushant/pid/install/controller/lib/controller
[2.931s] Installing system script to /home/khushant/pid/install/controller/lib/controller
[2.931s] writing list of installed files to '/home/khushant/pid/build/controller/install.log'
[2.965s] Invoked command in '/home/khushant/pid/src/controller' returned '0': PYTHONPATH=/home/khushant/pid/build/controller/prefix_override:/home/khushant/pid/install/controller/lib/python3.10/site-packages:${PYTHONPATH} /usr/bin/python3 setup.py egg_info --egg-base ../../build/controller build --build-base /home/khushant/pid/build/controller/build install --record /home/khushant/pid/build/controller/install.log --single-version-externally-managed
