-- Found ament_cmake: 2.0.3 (/home/khushant/ros2_iron/install/ament_cmake/share/ament_cmake/cmake)
-- Override CMake install command with custom implementation using symlinks instead of copying resources
-- Configuring done (0.3s)
-- Generating done (0.0s)
-- Build files have been written to: /home/khushant/pid/build/launcher
-- Install configuration: ""
-- Execute custom install script
-- Symlinking: /home/khushant/pid/install/launcher/share/launcher/launch/demo.launch.py
-- Symlinking: /home/khushant/pid/install/launcher/share/ament_index/resource_index/package_run_dependencies/launcher
-- Symlinking: /home/khushant/pid/install/launcher/share/ament_index/resource_index/parent_prefix_path/launcher
-- Symlinking: /home/khushant/pid/install/launcher/share/launcher/environment/ament_prefix_path.sh
-- Symlinking: /home/khushant/pid/install/launcher/share/launcher/environment/ament_prefix_path.dsv
-- Symlinking: /home/khushant/pid/install/launcher/share/launcher/environment/path.sh
-- Symlinking: /home/khushant/pid/install/launcher/share/launcher/environment/path.dsv
-- Symlinking: /home/khushant/pid/install/launcher/share/launcher/local_setup.bash
-- Symlinking: /home/khushant/pid/install/launcher/share/launcher/local_setup.sh
-- Symlinking: /home/khushant/pid/install/launcher/share/launcher/local_setup.zsh
-- Symlinking: /home/khushant/pid/install/launcher/share/launcher/local_setup.dsv
-- Symlinking: /home/khushant/pid/install/launcher/share/launcher/package.dsv
-- Symlinking: /home/khushant/pid/install/launcher/share/ament_index/resource_index/packages/launcher
-- Symlinking: /home/khushant/pid/install/launcher/share/launcher/cmake/launcherConfig.cmake
-- Symlinking: /home/khushant/pid/install/launcher/share/launcher/cmake/launcherConfig-version.cmake
-- Symlinking: /home/khushant/pid/install/launcher/share/launcher/package.xml
