[1.938s] Invoking command in '/home/khushant/pid/build/controller': PYTHONPATH=/home/khushant/pid/build/controller/prefix_override:/home/khushant/pid/install/controller/lib/python3.10/site-packages:${PYTHONPATH} /usr/bin/python3 setup.py develop --uninstall --editable --build-directory /home/khushant/pid/build/controller/build
[2.564s] running develop
[2.862s] Removing /home/khushant/pid/install/controller/lib/python3.10/site-packages/controller.egg-link (link to .)
[2.902s] Invoked command in '/home/khushant/pid/build/controller' returned '0': PYTHONPATH=/home/khushant/pid/build/controller/prefix_override:/home/khushant/pid/install/controller/lib/python3.10/site-packages:${PYTHONPATH} /usr/bin/python3 setup.py develop --uninstall --editable --build-directory /home/khushant/pid/build/controller/build
[2.904s] Invoking command in '/home/khushant/pid/src/controller': PYTHONPATH=/home/khushant/pid/build/controller/prefix_override:/home/khushant/pid/install/controller/lib/python3.10/site-packages:${PYTHONPATH} /usr/bin/python3 setup.py egg_info --egg-base ../../build/controller build --build-base /home/khushant/pid/build/controller/build install --record /home/khushant/pid/build/controller/install.log --single-version-externally-managed
[3.474s] running egg_info
[3.475s] writing ../../build/controller/controller.egg-info/PKG-INFO
[3.476s] writing dependency_links to ../../build/controller/controller.egg-info/dependency_links.txt
[3.476s] writing entry points to ../../build/controller/controller.egg-info/entry_points.txt
[3.477s] writing requirements to ../../build/controller/controller.egg-info/requires.txt
[3.477s] writing top-level names to ../../build/controller/controller.egg-info/top_level.txt
[3.480s] reading manifest file '../../build/controller/controller.egg-info/SOURCES.txt'
[3.482s] writing manifest file '../../build/controller/controller.egg-info/SOURCES.txt'
[3.482s] running build
[3.482s] running build_py
[3.483s] copying controller/ref.py -> /home/khushant/pid/build/controller/build/lib/controller
[3.483s] copying controller/system.py -> /home/khushant/pid/build/controller/build/lib/controller
[3.483s] copying controller/pid.py -> /home/khushant/pid/build/controller/build/lib/controller
[3.483s] running install
[3.484s] running install_lib
[3.485s] creating /home/khushant/pid/install/controller/lib/python3.10/site-packages/controller
[3.485s] copying /home/khushant/pid/build/controller/build/lib/controller/ref.py -> /home/khushant/pid/install/controller/lib/python3.10/site-packages/controller
[3.486s] copying /home/khushant/pid/build/controller/build/lib/controller/system.py -> /home/khushant/pid/install/controller/lib/python3.10/site-packages/controller
[3.486s] copying /home/khushant/pid/build/controller/build/lib/controller/pid.py -> /home/khushant/pid/install/controller/lib/python3.10/site-packages/controller
[3.486s] copying /home/khushant/pid/build/controller/build/lib/controller/__init__.py -> /home/khushant/pid/install/controller/lib/python3.10/site-packages/controller
[3.488s] byte-compiling /home/khushant/pid/install/controller/lib/python3.10/site-packages/controller/ref.py to ref.cpython-310.pyc
[3.488s] byte-compiling /home/khushant/pid/install/controller/lib/python3.10/site-packages/controller/system.py to system.cpython-310.pyc
[3.489s] byte-compiling /home/khushant/pid/install/controller/lib/python3.10/site-packages/controller/pid.py to pid.cpython-310.pyc
[3.490s] byte-compiling /home/khushant/pid/install/controller/lib/python3.10/site-packages/controller/__init__.py to __init__.cpython-310.pyc
[3.490s] running install_data
[3.491s] running install_egg_info
[3.495s] Copying ../../build/controller/controller.egg-info to /home/khushant/pid/install/controller/lib/python3.10/site-packages/controller-0.0.0-py3.10.egg-info
[3.496s] running install_scripts
[3.537s] Installing pid script to /home/khushant/pid/install/controller/lib/controller
[3.537s] Installing ref script to /home/khushant/pid/install/controller/lib/controller
[3.537s] Installing system script to /home/khushant/pid/install/controller/lib/controller
[3.538s] writing list of installed files to '/home/khushant/pid/build/controller/install.log'
[3.570s] Invoked command in '/home/khushant/pid/src/controller' returned '0': PYTHONPATH=/home/khushant/pid/build/controller/prefix_override:/home/khushant/pid/install/controller/lib/python3.10/site-packages:${PYTHONPATH} /usr/bin/python3 setup.py egg_info --egg-base ../../build/controller build --build-base /home/khushant/pid/build/controller/build install --record /home/khushant/pid/build/controller/install.log --single-version-externally-managed
