-- Found ament_cmake: 2.0.3 (/home/khushant/ros2_iron/install/ament_cmake/share/ament_cmake/cmake)
-- Override CMake install command with custom implementation using symlinks instead of copying resources
-- Found rosidl_default_generators: 1.5.0 (/home/khushant/ros2_iron/install/rosidl_default_generators/share/rosidl_default_generators/cmake)
-- Using all available rosidl_typesupport_c: rosidl_typesupport_introspection_c;rosidl_typesupport_fastrtps_c
-- Using all available rosidl_typesupport_cpp: rosidl_typesupport_introspection_cpp;rosidl_typesupport_fastrtps_cpp
-- Found rosidl_adapter: 4.0.1 (/home/khushant/ros2_iron/install/rosidl_adapter/share/rosidl_adapter/cmake)
-- Found ament_cmake_ros: 0.11.2 (/home/khushant/ros2_iron/install/ament_cmake_ros/share/ament_cmake_ros/cmake)
-- Using all available rosidl_typesupport_c: rosidl_typesupport_introspection_c;rosidl_typesupport_fastrtps_c
-- Using all available rosidl_typesupport_cpp: rosidl_typesupport_introspection_cpp;rosidl_typesupport_fastrtps_cpp
-- Found python_cmake_module: 0.10.2 (/home/khushant/ros2_iron/install/python_cmake_module/share/python_cmake_module/cmake)
-- Using PYTHON_EXECUTABLE: /usr/bin/python3
-- Using PYTHON_INCLUDE_DIRS: /usr/include/python3.10
-- Using PYTHON_LIBRARIES: /usr/lib/x86_64-linux-gnu/libpython3.10.so
-- Configuring done (3.2s)
-- Generating done (0.0s)
-- Build files have been written to: /home/khushant/pid/build/messages
[  1%] Built target messages__rosidl_generator_type_description
[  1%] Built target ament_cmake_python_symlink_messages
[  3%] Built target messages__cpp
[ 24%] Built target messages__rosidl_generator_c
[ 40%] Built target messages__rosidl_typesupport_introspection_c
[ 42%] Built target messages__rosidl_typesupport_cpp
[ 51%] Built target messages__rosidl_typesupport_fastrtps_c
[ 61%] Built target messages__rosidl_typesupport_c
[ 70%] Built target messages__rosidl_typesupport_fastrtps_cpp
[ 79%] Built target messages__rosidl_typesupport_introspection_cpp
[ 79%] Built target messages
[ 81%] Built target messages__py
[ 88%] Built target messages__rosidl_generator_py
[ 90%] [32m[1mLinking C shared library rosidl_generator_py/messages/messages_s__rosidl_typesupport_introspection_c.cpython-310-x86_64-linux-gnu.so[0m
[ 92%] [32m[1mLinking C shared library rosidl_generator_py/messages/messages_s__rosidl_typesupport_c.cpython-310-x86_64-linux-gnu.so[0m
[ 94%] [32m[1mLinking C shared library rosidl_generator_py/messages/messages_s__rosidl_typesupport_fastrtps_c.cpython-310-x86_64-linux-gnu.so[0m
[ 96%] Built target messages__rosidl_typesupport_introspection_c__pyext
[ 98%] Built target messages__rosidl_typesupport_fastrtps_c__pyext
[100%] Built target messages__rosidl_typesupport_c__pyext
running egg_info
creating messages.egg-info
writing messages.egg-info/PKG-INFO
writing dependency_links to messages.egg-info/dependency_links.txt
writing top-level names to messages.egg-info/top_level.txt
writing manifest file 'messages.egg-info/SOURCES.txt'
reading manifest file 'messages.egg-info/SOURCES.txt'
writing manifest file 'messages.egg-info/SOURCES.txt'
[100%] Built target ament_cmake_python_build_messages_egg
-- Install configuration: ""
-- Execute custom install script
-- Symlinking: /home/khushant/pid/install/messages/share/ament_index/resource_index/rosidl_interfaces/messages
-- Symlinking: /home/khushant/pid/install/messages/share/messages/msg/Pidsignal.json
-- Symlinking: /home/khushant/pid/install/messages/share/messages/msg/Refsignal.json
-- Symlinking: /home/khushant/pid/install/messages/share/messages/msg/Systemsignal.json
-- Symlinking: /home/khushant/pid/install/messages/include/messages/messages/msg/detail/pidsignal__functions.h
-- Symlinking: /home/khushant/pid/install/messages/include/messages/messages/msg/detail/pidsignal__struct.h
-- Symlinking: /home/khushant/pid/install/messages/include/messages/messages/msg/detail/pidsignal__type_support.h
-- Symlinking: /home/khushant/pid/install/messages/include/messages/messages/msg/detail/refsignal__functions.h
-- Symlinking: /home/khushant/pid/install/messages/include/messages/messages/msg/detail/refsignal__struct.h
-- Symlinking: /home/khushant/pid/install/messages/include/messages/messages/msg/detail/refsignal__type_support.h
-- Symlinking: /home/khushant/pid/install/messages/include/messages/messages/msg/detail/systemsignal__functions.h
-- Symlinking: /home/khushant/pid/install/messages/include/messages/messages/msg/detail/systemsignal__struct.h
-- Symlinking: /home/khushant/pid/install/messages/include/messages/messages/msg/detail/systemsignal__type_support.h
-- Symlinking: /home/khushant/pid/install/messages/include/messages/messages/msg/pidsignal.h
-- Symlinking: /home/khushant/pid/install/messages/include/messages/messages/msg/refsignal.h
-- Symlinking: /home/khushant/pid/install/messages/include/messages/messages/msg/rosidl_generator_c__visibility_control.h
-- Symlinking: /home/khushant/pid/install/messages/include/messages/messages/msg/systemsignal.h
-- Symlinking: /home/khushant/pid/install/messages/share/messages/environment/library_path.sh
-- Symlinking: /home/khushant/pid/install/messages/share/messages/environment/library_path.dsv
-- Symlinking: /home/khushant/pid/install/messages/include/messages/messages/msg/detail/pidsignal__rosidl_typesupport_introspection_c.h
-- Symlinking: /home/khushant/pid/install/messages/include/messages/messages/msg/detail/refsignal__rosidl_typesupport_introspection_c.h
-- Symlinking: /home/khushant/pid/install/messages/include/messages/messages/msg/detail/systemsignal__rosidl_typesupport_introspection_c.h
-- Symlinking: /home/khushant/pid/install/messages/include/messages/messages/msg/rosidl_typesupport_introspection_c__visibility_control.h
-- Symlinking: /home/khushant/pid/install/messages/include/messages/messages/msg/detail/pidsignal__rosidl_typesupport_fastrtps_c.h
-- Symlinking: /home/khushant/pid/install/messages/include/messages/messages/msg/detail/refsignal__rosidl_typesupport_fastrtps_c.h
-- Symlinking: /home/khushant/pid/install/messages/include/messages/messages/msg/detail/systemsignal__rosidl_typesupport_fastrtps_c.h
-- Symlinking: /home/khushant/pid/install/messages/include/messages/messages/msg/rosidl_typesupport_fastrtps_c__visibility_control.h
-- Symlinking: /home/khushant/pid/install/messages/include/messages/messages/msg/detail/pidsignal__builder.hpp
-- Symlinking: /home/khushant/pid/install/messages/include/messages/messages/msg/detail/pidsignal__struct.hpp
-- Symlinking: /home/khushant/pid/install/messages/include/messages/messages/msg/detail/pidsignal__traits.hpp
-- Symlinking: /home/khushant/pid/install/messages/include/messages/messages/msg/detail/refsignal__builder.hpp
-- Symlinking: /home/khushant/pid/install/messages/include/messages/messages/msg/detail/refsignal__struct.hpp
-- Symlinking: /home/khushant/pid/install/messages/include/messages/messages/msg/detail/refsignal__traits.hpp
-- Symlinking: /home/khushant/pid/install/messages/include/messages/messages/msg/detail/systemsignal__builder.hpp
-- Symlinking: /home/khushant/pid/install/messages/include/messages/messages/msg/detail/systemsignal__struct.hpp
-- Symlinking: /home/khushant/pid/install/messages/include/messages/messages/msg/detail/systemsignal__traits.hpp
-- Symlinking: /home/khushant/pid/install/messages/include/messages/messages/msg/pidsignal.hpp
-- Symlinking: /home/khushant/pid/install/messages/include/messages/messages/msg/refsignal.hpp
-- Symlinking: /home/khushant/pid/install/messages/include/messages/messages/msg/systemsignal.hpp
-- Symlinking: /home/khushant/pid/install/messages/include/messages/messages/msg/detail/pidsignal__rosidl_typesupport_introspection_cpp.hpp
-- Symlinking: /home/khushant/pid/install/messages/include/messages/messages/msg/detail/refsignal__rosidl_typesupport_introspection_cpp.hpp
-- Symlinking: /home/khushant/pid/install/messages/include/messages/messages/msg/detail/systemsignal__rosidl_typesupport_introspection_cpp.hpp
-- Symlinking: /home/khushant/pid/install/messages/include/messages/messages/msg/detail/pidsignal__rosidl_typesupport_fastrtps_cpp.hpp
-- Symlinking: /home/khushant/pid/install/messages/include/messages/messages/msg/detail/refsignal__rosidl_typesupport_fastrtps_cpp.hpp
-- Symlinking: /home/khushant/pid/install/messages/include/messages/messages/msg/detail/systemsignal__rosidl_typesupport_fastrtps_cpp.hpp
-- Symlinking: /home/khushant/pid/install/messages/include/messages/messages/msg/rosidl_typesupport_fastrtps_cpp__visibility_control.h
-- Symlinking: /home/khushant/pid/install/messages/share/messages/environment/pythonpath.sh
-- Symlinking: /home/khushant/pid/install/messages/share/messages/environment/pythonpath.dsv
-- Symlinking: /home/khushant/pid/install/messages/lib/python3.10/site-packages/messages-0.0.0-py3.10.egg-info/PKG-INFO
-- Symlinking: /home/khushant/pid/install/messages/lib/python3.10/site-packages/messages-0.0.0-py3.10.egg-info/SOURCES.txt
-- Symlinking: /home/khushant/pid/install/messages/lib/python3.10/site-packages/messages-0.0.0-py3.10.egg-info/dependency_links.txt
-- Symlinking: /home/khushant/pid/install/messages/lib/python3.10/site-packages/messages-0.0.0-py3.10.egg-info/top_level.txt
-- Symlinking: /home/khushant/pid/install/messages/lib/python3.10/site-packages/messages/__init__.py
-- Symlinking: /home/khushant/pid/install/messages/lib/python3.10/site-packages/messages/_messages_s.ep.rosidl_typesupport_c.c
-- Symlinking: /home/khushant/pid/install/messages/lib/python3.10/site-packages/messages/_messages_s.ep.rosidl_typesupport_fastrtps_c.c
-- Symlinking: /home/khushant/pid/install/messages/lib/python3.10/site-packages/messages/_messages_s.ep.rosidl_typesupport_introspection_c.c
-- Symlinking: /home/khushant/pid/install/messages/lib/python3.10/site-packages/messages/libmessages__rosidl_generator_py.so
-- Symlinking: /home/khushant/pid/install/messages/lib/python3.10/site-packages/messages/messages_s__rosidl_typesupport_c.cpython-310-x86_64-linux-gnu.so
-- Symlinking: /home/khushant/pid/install/messages/lib/python3.10/site-packages/messages/messages_s__rosidl_typesupport_fastrtps_c.cpython-310-x86_64-linux-gnu.so
-- Symlinking: /home/khushant/pid/install/messages/lib/python3.10/site-packages/messages/messages_s__rosidl_typesupport_introspection_c.cpython-310-x86_64-linux-gnu.so
-- Symlinking: /home/khushant/pid/install/messages/lib/python3.10/site-packages/messages/msg/__init__.py
-- Symlinking: /home/khushant/pid/install/messages/lib/python3.10/site-packages/messages/msg/_pidsignal.py
-- Symlinking: /home/khushant/pid/install/messages/lib/python3.10/site-packages/messages/msg/_pidsignal_s.c
-- Symlinking: /home/khushant/pid/install/messages/lib/python3.10/site-packages/messages/msg/_refsignal.py
-- Symlinking: /home/khushant/pid/install/messages/lib/python3.10/site-packages/messages/msg/_refsignal_s.c
-- Symlinking: /home/khushant/pid/install/messages/lib/python3.10/site-packages/messages/msg/_systemsignal.py
-- Symlinking: /home/khushant/pid/install/messages/lib/python3.10/site-packages/messages/msg/_systemsignal_s.c
-- Up-to-date symlink: /home/khushant/pid/install/messages/lib/python3.10/site-packages/messages/messages_s__rosidl_typesupport_introspection_c.cpython-310-x86_64-linux-gnu.so
-- Up-to-date symlink: /home/khushant/pid/install/messages/lib/python3.10/site-packages/messages/messages_s__rosidl_typesupport_fastrtps_c.cpython-310-x86_64-linux-gnu.so
-- Up-to-date symlink: /home/khushant/pid/install/messages/lib/python3.10/site-packages/messages/messages_s__rosidl_typesupport_c.cpython-310-x86_64-linux-gnu.so
-- Symlinking: /home/khushant/pid/install/messages/share/messages/msg/Pidsignal.idl
-- Symlinking: /home/khushant/pid/install/messages/share/messages/msg/Refsignal.idl
-- Symlinking: /home/khushant/pid/install/messages/share/messages/msg/Systemsignal.idl
-- Symlinking: /home/khushant/pid/install/messages/share/messages/msg/Pidsignal.msg
-- Symlinking: /home/khushant/pid/install/messages/share/messages/msg/Refsignal.msg
-- Symlinking: /home/khushant/pid/install/messages/share/messages/msg/Systemsignal.msg
-- Symlinking: /home/khushant/pid/install/messages/share/ament_index/resource_index/package_run_dependencies/messages
-- Symlinking: /home/khushant/pid/install/messages/share/ament_index/resource_index/parent_prefix_path/messages
-- Up-to-date symlink: /home/khushant/pid/install/messages/share/messages/environment/ament_prefix_path.sh
-- Symlinking: /home/khushant/pid/install/messages/share/messages/environment/ament_prefix_path.dsv
-- Up-to-date symlink: /home/khushant/pid/install/messages/share/messages/environment/path.sh
-- Symlinking: /home/khushant/pid/install/messages/share/messages/environment/path.dsv
-- Symlinking: /home/khushant/pid/install/messages/share/messages/local_setup.bash
-- Symlinking: /home/khushant/pid/install/messages/share/messages/local_setup.sh
-- Symlinking: /home/khushant/pid/install/messages/share/messages/local_setup.zsh
-- Symlinking: /home/khushant/pid/install/messages/share/messages/local_setup.dsv
-- Symlinking: /home/khushant/pid/install/messages/share/messages/package.dsv
-- Symlinking: /home/khushant/pid/install/messages/share/ament_index/resource_index/packages/messages
-- Symlinking: /home/khushant/pid/install/messages/share/messages/cmake/rosidl_cmake-extras.cmake
-- Symlinking: /home/khushant/pid/install/messages/share/messages/cmake/ament_cmake_export_include_directories-extras.cmake
-- Symlinking: /home/khushant/pid/install/messages/share/messages/cmake/ament_cmake_export_libraries-extras.cmake
-- Symlinking: /home/khushant/pid/install/messages/share/messages/cmake/ament_cmake_export_targets-extras.cmake
-- Symlinking: /home/khushant/pid/install/messages/share/messages/cmake/rosidl_cmake_export_typesupport_targets-extras.cmake
-- Symlinking: /home/khushant/pid/install/messages/share/messages/cmake/ament_cmake_export_dependencies-extras.cmake
-- Symlinking: /home/khushant/pid/install/messages/share/messages/cmake/rosidl_cmake_export_typesupport_libraries-extras.cmake
-- Symlinking: /home/khushant/pid/install/messages/share/messages/cmake/messagesConfig.cmake
-- Symlinking: /home/khushant/pid/install/messages/share/messages/cmake/messagesConfig-version.cmake
-- Symlinking: /home/khushant/pid/install/messages/share/messages/package.xml
-- Up-to-date: /home/khushant/pid/install/messages/lib/libmessages__rosidl_generator_c.so
-- Up-to-date: /home/khushant/pid/install/messages/lib/libmessages__rosidl_typesupport_introspection_c.so
-- Up-to-date: /home/khushant/pid/install/messages/lib/libmessages__rosidl_typesupport_fastrtps_c.so
-- Up-to-date: /home/khushant/pid/install/messages/lib/libmessages__rosidl_typesupport_c.so
-- Up-to-date: /home/khushant/pid/install/messages/lib/libmessages__rosidl_typesupport_introspection_cpp.so
-- Up-to-date: /home/khushant/pid/install/messages/lib/libmessages__rosidl_typesupport_fastrtps_cpp.so
-- Up-to-date: /home/khushant/pid/install/messages/lib/libmessages__rosidl_typesupport_cpp.so
Listing '/home/khushant/pid/install/messages/lib/python3.10/site-packages/messages'...
Compiling '/home/khushant/pid/install/messages/lib/python3.10/site-packages/messages/__init__.py'...
Listing '/home/khushant/pid/install/messages/lib/python3.10/site-packages/messages/msg'...
-- Up-to-date: /home/khushant/pid/install/messages/lib/libmessages__rosidl_generator_py.so
-- Up-to-date: /home/khushant/pid/install/messages/share/messages/cmake/export_messages__rosidl_generator_cExport.cmake
-- Up-to-date: /home/khushant/pid/install/messages/share/messages/cmake/export_messages__rosidl_generator_cExport-noconfig.cmake
-- Up-to-date: /home/khushant/pid/install/messages/share/messages/cmake/messages__rosidl_typesupport_introspection_cExport.cmake
-- Up-to-date: /home/khushant/pid/install/messages/share/messages/cmake/messages__rosidl_typesupport_introspection_cExport-noconfig.cmake
-- Up-to-date: /home/khushant/pid/install/messages/share/messages/cmake/export_messages__rosidl_typesupport_fastrtps_cExport.cmake
-- Up-to-date: /home/khushant/pid/install/messages/share/messages/cmake/export_messages__rosidl_typesupport_fastrtps_cExport-noconfig.cmake
-- Up-to-date: /home/khushant/pid/install/messages/share/messages/cmake/messages__rosidl_typesupport_cExport.cmake
-- Up-to-date: /home/khushant/pid/install/messages/share/messages/cmake/messages__rosidl_typesupport_cExport-noconfig.cmake
-- Up-to-date: /home/khushant/pid/install/messages/share/messages/cmake/export_messages__rosidl_generator_cppExport.cmake
-- Up-to-date: /home/khushant/pid/install/messages/share/messages/cmake/messages__rosidl_typesupport_introspection_cppExport.cmake
-- Up-to-date: /home/khushant/pid/install/messages/share/messages/cmake/messages__rosidl_typesupport_introspection_cppExport-noconfig.cmake
-- Up-to-date: /home/khushant/pid/install/messages/share/messages/cmake/export_messages__rosidl_typesupport_fastrtps_cppExport.cmake
-- Up-to-date: /home/khushant/pid/install/messages/share/messages/cmake/export_messages__rosidl_typesupport_fastrtps_cppExport-noconfig.cmake
-- Up-to-date: /home/khushant/pid/install/messages/share/messages/cmake/messages__rosidl_typesupport_cppExport.cmake
-- Up-to-date: /home/khushant/pid/install/messages/share/messages/cmake/messages__rosidl_typesupport_cppExport-noconfig.cmake
-- Up-to-date: /home/khushant/pid/install/messages/share/messages/cmake/export_messages__rosidl_generator_pyExport.cmake
-- Up-to-date: /home/khushant/pid/install/messages/share/messages/cmake/export_messages__rosidl_generator_pyExport-noconfig.cmake
