[0.894s] Invoking command in '/home/khushant/pid/build/messages': CMAKE_PREFIX_PATH=${CMAKE_PREFIX_PATH}:/home/khushant/ros2_iron/install/rqt_bag_plugins:/home/khushant/ros2_iron/install/rqt_bag:/home/khushant/ros2_iron/install/rosbag2_examples_py:/home/khushant/ros2_iron/install/launch_testing_examples:/home/khushant/ros2_iron/install/ros2bag:/home/khushant/ros2_iron/install/tracetools_test:/home/khushant/ros2_iron/install/tracetools_launch:/home/khushant/ros2_iron/install/topic_monitor:/home/khushant/ros2_iron/install/tf2_tools:/home/khushant/ros2_iron/install/examples_tf2_py:/home/khushant/ros2_iron/install/tf2_ros_py:/home/khushant/ros2_iron/install/examples_rclpy_pointcloud_publisher:/home/khushant/ros2_iron/install/sensor_msgs_py:/home/khushant/ros2_iron/install/quality_of_service_demo_py:/home/khushant/ros2_iron/install/rqt_plot:/home/khushant/ros2_iron/install/ros2doctor:/home/khushant/ros2_iron/install/lifecycle_py:/home/khushant/ros2_iron/install/examples_rclpy_minimal_subscriber:/home/khushant/ros2_iron/install/examples_rclpy_minimal_service:/home/khushant/ros2_iron/install/examples_rclpy_minimal_publisher:/home/khushant/ros2_iron/install/examples_rclpy_minimal_client:/home/khushant/ros2_iron/install/examples_rclpy_executors:/home/khushant/ros2_iron/install/demo_nodes_py:/home/khushant/ros2_iron/install/rqt:/home/khushant/ros2_iron/install/ros2component:/home/khushant/ros2_iron/install/sros2:/home/khushant/ros2_iron/install/rqt_topic:/home/khushant/ros2_iron/install/rqt_srv:/home/khushant/ros2_iron/install/rqt_shell:/home/khushant/ros2_iron/install/rqt_service_caller:/home/khushant/ros2_iron/install/rqt_reconfigure:/home/khushant/ros2_iron/install/rqt_py_console:/home/khushant/ros2_iron/install/rqt_publisher:/home/khushant/ros2_iron/install/rqt_action:/home/khushant/ros2_iron/install/rqt_msg:/home/khushant/ros2_iron/install/rqt_console:/home/khushant/ros2_iron/install/rqt_graph:/home/khushant/ros2_iron/install/rqt_gui_py:/home/khushant/ros2_iron/install/rqt_gui:/home/khushant/ros2_iron/install/ros2trace:/home/khushant/ros2_iron/install/ros2topic:/home/khushant/ros2_iron/install/ros2test:/home/khushant/ros2_iron/install/ros2param:/home/khushant/ros2_iron/install/ros2lifecycle:/home/khushant/ros2_iron/install/ros2service:/home/khushant/ros2_iron/install/ros2run:/home/khushant/ros2_iron/install/ros2launch:/home/khushant/ros2_iron/install/ros2pkg:/home/khushant/ros2_iron/install/ros2node:/home/khushant/ros2_iron/install/ros2multicast:/home/khushant/ros2_iron/install/ros2interface:/home/khushant/ros2_iron/install/ros2action:/home/khushant/ros2_iron/install/ros2cli:/home/khushant/ros2_iron/install/launch_testing_ros:/home/khushant/ros2_iron/install/launch_ros:/home/khushant/ros2_iron/install/examples_rclpy_minimal_action_server:/home/khushant/ros2_iron/install/examples_rclpy_minimal_action_client:/home/khushant/ros2_iron/install/examples_rclpy_guard_conditions:/home/khushant/ros2_iron/install/action_tutorials_py:/home/khushant/ros2_iron/install/ament_uncrustify:/home/khushant/ros2_iron/install/tracetools_trace:/home/khushant/ros2_iron/install/tracetools_read:/home/khushant/ros2_iron/install/test_tracetools_launch:/home/khushant/ros2_iron/install/test_ros2trace:/home/khushant/ros2_iron/install/test_launch_ros:/home/khushant/ros2_iron/install/rpyutils:/home/khushant/ros2_iron/install/rosidl_runtime_py:/home/khushant/ros2_iron/install/rosidl_pycommon:/home/khushant/ros2_iron/install/rosidl_cli:/home/khushant/ros2_iron/install/launch_pytest:/home/khushant/ros2_iron/install/launch_testing:/home/khushant/ros2_iron/install/launch_yaml:/home/khushant/ros2_iron/install/launch_xml:/home/khushant/ros2_iron/install/launch:/home/khushant/ros2_iron/install/osrf_pycommon:/home/khushant/ros2_iron/install/domain_coordinator:/home/khushant/ros2_iron/install/ament_xmllint:/home/khushant/ros2_iron/install/ament_pyflakes:/home/khushant/ros2_iron/install/ament_pycodestyle:/home/khushant/ros2_iron/install/ament_pep257:/home/khushant/ros2_iron/install/ament_pclint:/home/khushant/ros2_iron/install/ament_package:/home/khushant/ros2_iron/install/ament_mypy:/home/khushant/ros2_iron/install/ament_lint_cmake:/home/khushant/ros2_iron/install/ament_flake8:/home/khushant/ros2_iron/install/ament_copyright:/home/khushant/ros2_iron/install/ament_lint:/home/khushant/ros2_iron/install/ament_index_python:/home/khushant/ros2_iron/install/ament_cpplint:/home/khushant/ros2_iron/install/ament_cppcheck:/home/khushant/ros2_iron/install/ament_clang_tidy:/home/khushant/ros2_iron/install/ament_clang_format:/opt/ros/iron /home/khushant/.local/bin/cmake --build /home/khushant/pid/build/messages -- -j20 -l20
[1.040s] -- Found ament_cmake: 2.0.3 (/home/khushant/ros2_iron/install/ament_cmake/share/ament_cmake/cmake)
[1.408s] -- Override CMake install command with custom implementation using symlinks instead of copying resources
[1.420s] -- Found rosidl_default_generators: 1.5.0 (/home/khushant/ros2_iron/install/rosidl_default_generators/share/rosidl_default_generators/cmake)
[1.602s] -- Using all available rosidl_typesupport_c: rosidl_typesupport_introspection_c;rosidl_typesupport_fastrtps_c
[2.285s] -- Using all available rosidl_typesupport_cpp: rosidl_typesupport_introspection_cpp;rosidl_typesupport_fastrtps_cpp
[2.339s] -- Found rosidl_adapter: 4.0.1 (/home/khushant/ros2_iron/install/rosidl_adapter/share/rosidl_adapter/cmake)
[3.042s] -- Found ament_cmake_ros: 0.11.2 (/home/khushant/ros2_iron/install/ament_cmake_ros/share/ament_cmake_ros/cmake)
[3.263s] -- Using all available rosidl_typesupport_c: rosidl_typesupport_introspection_c;rosidl_typesupport_fastrtps_c
[3.607s] -- Using all available rosidl_typesupport_cpp: rosidl_typesupport_introspection_cpp;rosidl_typesupport_fastrtps_cpp
[3.674s] -- Found python_cmake_module: 0.10.2 (/home/khushant/ros2_iron/install/python_cmake_module/share/python_cmake_module/cmake)
[3.746s] -- Using PYTHON_EXECUTABLE: /usr/bin/python3
[3.746s] -- Using PYTHON_INCLUDE_DIRS: /usr/include/python3.10
[3.746s] -- Using PYTHON_LIBRARIES: /usr/lib/x86_64-linux-gnu/libpython3.10.so
[4.208s] -- Configuring done (3.2s)
[4.257s] -- Generating done (0.0s)
[4.261s] -- Build files have been written to: /home/khushant/pid/build/messages
[4.302s] [  1%] Built target messages__rosidl_generator_type_description
[4.306s] [  1%] Built target ament_cmake_python_symlink_messages
[4.329s] [  3%] Built target messages__cpp
[4.335s] [ 24%] Built target messages__rosidl_generator_c
[4.384s] [ 40%] Built target messages__rosidl_typesupport_introspection_c
[4.384s] [ 42%] Built target messages__rosidl_typesupport_cpp
[4.386s] [ 51%] Built target messages__rosidl_typesupport_fastrtps_c
[4.388s] [ 61%] Built target messages__rosidl_typesupport_c
[4.391s] [ 70%] Built target messages__rosidl_typesupport_fastrtps_cpp
[4.394s] [ 79%] Built target messages__rosidl_typesupport_introspection_cpp
[4.417s] [ 79%] Built target messages
[4.440s] [ 81%] Built target messages__py
[4.469s] [ 88%] Built target messages__rosidl_generator_py
[4.495s] [ 90%] [32m[1mLinking C shared library rosidl_generator_py/messages/messages_s__rosidl_typesupport_introspection_c.cpython-310-x86_64-linux-gnu.so[0m
[4.497s] [ 92%] [32m[1mLinking C shared library rosidl_generator_py/messages/messages_s__rosidl_typesupport_c.cpython-310-x86_64-linux-gnu.so[0m
[4.499s] [ 94%] [32m[1mLinking C shared library rosidl_generator_py/messages/messages_s__rosidl_typesupport_fastrtps_c.cpython-310-x86_64-linux-gnu.so[0m
[4.721s] [ 96%] Built target messages__rosidl_typesupport_introspection_c__pyext
[4.721s] [ 98%] Built target messages__rosidl_typesupport_fastrtps_c__pyext
[4.745s] [100%] Built target messages__rosidl_typesupport_c__pyext
[4.906s] running egg_info
[4.907s] creating messages.egg-info
[4.907s] writing messages.egg-info/PKG-INFO
[4.907s] writing dependency_links to messages.egg-info/dependency_links.txt
[4.908s] writing top-level names to messages.egg-info/top_level.txt
[4.908s] writing manifest file 'messages.egg-info/SOURCES.txt'
[4.910s] reading manifest file 'messages.egg-info/SOURCES.txt'
[4.910s] writing manifest file 'messages.egg-info/SOURCES.txt'
[4.936s] [100%] Built target ament_cmake_python_build_messages_egg
[4.951s] Invoked command in '/home/khushant/pid/build/messages' returned '0': CMAKE_PREFIX_PATH=${CMAKE_PREFIX_PATH}:/home/khushant/ros2_iron/install/rqt_bag_plugins:/home/khushant/ros2_iron/install/rqt_bag:/home/khushant/ros2_iron/install/rosbag2_examples_py:/home/khushant/ros2_iron/install/launch_testing_examples:/home/khushant/ros2_iron/install/ros2bag:/home/khushant/ros2_iron/install/tracetools_test:/home/khushant/ros2_iron/install/tracetools_launch:/home/khushant/ros2_iron/install/topic_monitor:/home/khushant/ros2_iron/install/tf2_tools:/home/khushant/ros2_iron/install/examples_tf2_py:/home/khushant/ros2_iron/install/tf2_ros_py:/home/khushant/ros2_iron/install/examples_rclpy_pointcloud_publisher:/home/khushant/ros2_iron/install/sensor_msgs_py:/home/khushant/ros2_iron/install/quality_of_service_demo_py:/home/khushant/ros2_iron/install/rqt_plot:/home/khushant/ros2_iron/install/ros2doctor:/home/khushant/ros2_iron/install/lifecycle_py:/home/khushant/ros2_iron/install/examples_rclpy_minimal_subscriber:/home/khushant/ros2_iron/install/examples_rclpy_minimal_service:/home/khushant/ros2_iron/install/examples_rclpy_minimal_publisher:/home/khushant/ros2_iron/install/examples_rclpy_minimal_client:/home/khushant/ros2_iron/install/examples_rclpy_executors:/home/khushant/ros2_iron/install/demo_nodes_py:/home/khushant/ros2_iron/install/rqt:/home/khushant/ros2_iron/install/ros2component:/home/khushant/ros2_iron/install/sros2:/home/khushant/ros2_iron/install/rqt_topic:/home/khushant/ros2_iron/install/rqt_srv:/home/khushant/ros2_iron/install/rqt_shell:/home/khushant/ros2_iron/install/rqt_service_caller:/home/khushant/ros2_iron/install/rqt_reconfigure:/home/khushant/ros2_iron/install/rqt_py_console:/home/khushant/ros2_iron/install/rqt_publisher:/home/khushant/ros2_iron/install/rqt_action:/home/khushant/ros2_iron/install/rqt_msg:/home/khushant/ros2_iron/install/rqt_console:/home/khushant/ros2_iron/install/rqt_graph:/home/khushant/ros2_iron/install/rqt_gui_py:/home/khushant/ros2_iron/install/rqt_gui:/home/khushant/ros2_iron/install/ros2trace:/home/khushant/ros2_iron/install/ros2topic:/home/khushant/ros2_iron/install/ros2test:/home/khushant/ros2_iron/install/ros2param:/home/khushant/ros2_iron/install/ros2lifecycle:/home/khushant/ros2_iron/install/ros2service:/home/khushant/ros2_iron/install/ros2run:/home/khushant/ros2_iron/install/ros2launch:/home/khushant/ros2_iron/install/ros2pkg:/home/khushant/ros2_iron/install/ros2node:/home/khushant/ros2_iron/install/ros2multicast:/home/khushant/ros2_iron/install/ros2interface:/home/khushant/ros2_iron/install/ros2action:/home/khushant/ros2_iron/install/ros2cli:/home/khushant/ros2_iron/install/launch_testing_ros:/home/khushant/ros2_iron/install/launch_ros:/home/khushant/ros2_iron/install/examples_rclpy_minimal_action_server:/home/khushant/ros2_iron/install/examples_rclpy_minimal_action_client:/home/khushant/ros2_iron/install/examples_rclpy_guard_conditions:/home/khushant/ros2_iron/install/action_tutorials_py:/home/khushant/ros2_iron/install/ament_uncrustify:/home/khushant/ros2_iron/install/tracetools_trace:/home/khushant/ros2_iron/install/tracetools_read:/home/khushant/ros2_iron/install/test_tracetools_launch:/home/khushant/ros2_iron/install/test_ros2trace:/home/khushant/ros2_iron/install/test_launch_ros:/home/khushant/ros2_iron/install/rpyutils:/home/khushant/ros2_iron/install/rosidl_runtime_py:/home/khushant/ros2_iron/install/rosidl_pycommon:/home/khushant/ros2_iron/install/rosidl_cli:/home/khushant/ros2_iron/install/launch_pytest:/home/khushant/ros2_iron/install/launch_testing:/home/khushant/ros2_iron/install/launch_yaml:/home/khushant/ros2_iron/install/launch_xml:/home/khushant/ros2_iron/install/launch:/home/khushant/ros2_iron/install/osrf_pycommon:/home/khushant/ros2_iron/install/domain_coordinator:/home/khushant/ros2_iron/install/ament_xmllint:/home/khushant/ros2_iron/install/ament_pyflakes:/home/khushant/ros2_iron/install/ament_pycodestyle:/home/khushant/ros2_iron/install/ament_pep257:/home/khushant/ros2_iron/install/ament_pclint:/home/khushant/ros2_iron/install/ament_package:/home/khushant/ros2_iron/install/ament_mypy:/home/khushant/ros2_iron/install/ament_lint_cmake:/home/khushant/ros2_iron/install/ament_flake8:/home/khushant/ros2_iron/install/ament_copyright:/home/khushant/ros2_iron/install/ament_lint:/home/khushant/ros2_iron/install/ament_index_python:/home/khushant/ros2_iron/install/ament_cpplint:/home/khushant/ros2_iron/install/ament_cppcheck:/home/khushant/ros2_iron/install/ament_clang_tidy:/home/khushant/ros2_iron/install/ament_clang_format:/opt/ros/iron /home/khushant/.local/bin/cmake --build /home/khushant/pid/build/messages -- -j20 -l20
[5.524s] Invoking command in '/home/khushant/pid/build/messages': CMAKE_PREFIX_PATH=${CMAKE_PREFIX_PATH}:/home/khushant/ros2_iron/install/rqt_bag_plugins:/home/khushant/ros2_iron/install/rqt_bag:/home/khushant/ros2_iron/install/rosbag2_examples_py:/home/khushant/ros2_iron/install/launch_testing_examples:/home/khushant/ros2_iron/install/ros2bag:/home/khushant/ros2_iron/install/tracetools_test:/home/khushant/ros2_iron/install/tracetools_launch:/home/khushant/ros2_iron/install/topic_monitor:/home/khushant/ros2_iron/install/tf2_tools:/home/khushant/ros2_iron/install/examples_tf2_py:/home/khushant/ros2_iron/install/tf2_ros_py:/home/khushant/ros2_iron/install/examples_rclpy_pointcloud_publisher:/home/khushant/ros2_iron/install/sensor_msgs_py:/home/khushant/ros2_iron/install/quality_of_service_demo_py:/home/khushant/ros2_iron/install/rqt_plot:/home/khushant/ros2_iron/install/ros2doctor:/home/khushant/ros2_iron/install/lifecycle_py:/home/khushant/ros2_iron/install/examples_rclpy_minimal_subscriber:/home/khushant/ros2_iron/install/examples_rclpy_minimal_service:/home/khushant/ros2_iron/install/examples_rclpy_minimal_publisher:/home/khushant/ros2_iron/install/examples_rclpy_minimal_client:/home/khushant/ros2_iron/install/examples_rclpy_executors:/home/khushant/ros2_iron/install/demo_nodes_py:/home/khushant/ros2_iron/install/rqt:/home/khushant/ros2_iron/install/ros2component:/home/khushant/ros2_iron/install/sros2:/home/khushant/ros2_iron/install/rqt_topic:/home/khushant/ros2_iron/install/rqt_srv:/home/khushant/ros2_iron/install/rqt_shell:/home/khushant/ros2_iron/install/rqt_service_caller:/home/khushant/ros2_iron/install/rqt_reconfigure:/home/khushant/ros2_iron/install/rqt_py_console:/home/khushant/ros2_iron/install/rqt_publisher:/home/khushant/ros2_iron/install/rqt_action:/home/khushant/ros2_iron/install/rqt_msg:/home/khushant/ros2_iron/install/rqt_console:/home/khushant/ros2_iron/install/rqt_graph:/home/khushant/ros2_iron/install/rqt_gui_py:/home/khushant/ros2_iron/install/rqt_gui:/home/khushant/ros2_iron/install/ros2trace:/home/khushant/ros2_iron/install/ros2topic:/home/khushant/ros2_iron/install/ros2test:/home/khushant/ros2_iron/install/ros2param:/home/khushant/ros2_iron/install/ros2lifecycle:/home/khushant/ros2_iron/install/ros2service:/home/khushant/ros2_iron/install/ros2run:/home/khushant/ros2_iron/install/ros2launch:/home/khushant/ros2_iron/install/ros2pkg:/home/khushant/ros2_iron/install/ros2node:/home/khushant/ros2_iron/install/ros2multicast:/home/khushant/ros2_iron/install/ros2interface:/home/khushant/ros2_iron/install/ros2action:/home/khushant/ros2_iron/install/ros2cli:/home/khushant/ros2_iron/install/launch_testing_ros:/home/khushant/ros2_iron/install/launch_ros:/home/khushant/ros2_iron/install/examples_rclpy_minimal_action_server:/home/khushant/ros2_iron/install/examples_rclpy_minimal_action_client:/home/khushant/ros2_iron/install/examples_rclpy_guard_conditions:/home/khushant/ros2_iron/install/action_tutorials_py:/home/khushant/ros2_iron/install/ament_uncrustify:/home/khushant/ros2_iron/install/tracetools_trace:/home/khushant/ros2_iron/install/tracetools_read:/home/khushant/ros2_iron/install/test_tracetools_launch:/home/khushant/ros2_iron/install/test_ros2trace:/home/khushant/ros2_iron/install/test_launch_ros:/home/khushant/ros2_iron/install/rpyutils:/home/khushant/ros2_iron/install/rosidl_runtime_py:/home/khushant/ros2_iron/install/rosidl_pycommon:/home/khushant/ros2_iron/install/rosidl_cli:/home/khushant/ros2_iron/install/launch_pytest:/home/khushant/ros2_iron/install/launch_testing:/home/khushant/ros2_iron/install/launch_yaml:/home/khushant/ros2_iron/install/launch_xml:/home/khushant/ros2_iron/install/launch:/home/khushant/ros2_iron/install/osrf_pycommon:/home/khushant/ros2_iron/install/domain_coordinator:/home/khushant/ros2_iron/install/ament_xmllint:/home/khushant/ros2_iron/install/ament_pyflakes:/home/khushant/ros2_iron/install/ament_pycodestyle:/home/khushant/ros2_iron/install/ament_pep257:/home/khushant/ros2_iron/install/ament_pclint:/home/khushant/ros2_iron/install/ament_package:/home/khushant/ros2_iron/install/ament_mypy:/home/khushant/ros2_iron/install/ament_lint_cmake:/home/khushant/ros2_iron/install/ament_flake8:/home/khushant/ros2_iron/install/ament_copyright:/home/khushant/ros2_iron/install/ament_lint:/home/khushant/ros2_iron/install/ament_index_python:/home/khushant/ros2_iron/install/ament_cpplint:/home/khushant/ros2_iron/install/ament_cppcheck:/home/khushant/ros2_iron/install/ament_clang_tidy:/home/khushant/ros2_iron/install/ament_clang_format:/opt/ros/iron /home/khushant/.local/bin/cmake --install /home/khushant/pid/build/messages
[5.628s] -- Install configuration: ""
[5.629s] -- Execute custom install script
[5.629s] -- Symlinking: /home/khushant/pid/install/messages/share/ament_index/resource_index/rosidl_interfaces/messages
[5.635s] -- Symlinking: /home/khushant/pid/install/messages/share/messages/msg/Pidsignal.json
[5.640s] -- Symlinking: /home/khushant/pid/install/messages/share/messages/msg/Refsignal.json
[5.645s] -- Symlinking: /home/khushant/pid/install/messages/share/messages/msg/Systemsignal.json
[5.651s] -- Symlinking: /home/khushant/pid/install/messages/include/messages/messages/msg/detail/pidsignal__functions.h
[5.656s] -- Symlinking: /home/khushant/pid/install/messages/include/messages/messages/msg/detail/pidsignal__struct.h
[5.661s] -- Symlinking: /home/khushant/pid/install/messages/include/messages/messages/msg/detail/pidsignal__type_support.h
[5.666s] -- Symlinking: /home/khushant/pid/install/messages/include/messages/messages/msg/detail/refsignal__functions.h
[5.671s] -- Symlinking: /home/khushant/pid/install/messages/include/messages/messages/msg/detail/refsignal__struct.h
[5.678s] -- Symlinking: /home/khushant/pid/install/messages/include/messages/messages/msg/detail/refsignal__type_support.h
[5.683s] -- Symlinking: /home/khushant/pid/install/messages/include/messages/messages/msg/detail/systemsignal__functions.h
[5.689s] -- Symlinking: /home/khushant/pid/install/messages/include/messages/messages/msg/detail/systemsignal__struct.h
[5.694s] -- Symlinking: /home/khushant/pid/install/messages/include/messages/messages/msg/detail/systemsignal__type_support.h
[5.699s] -- Symlinking: /home/khushant/pid/install/messages/include/messages/messages/msg/pidsignal.h
[5.704s] -- Symlinking: /home/khushant/pid/install/messages/include/messages/messages/msg/refsignal.h
[5.709s] -- Symlinking: /home/khushant/pid/install/messages/include/messages/messages/msg/rosidl_generator_c__visibility_control.h
[5.714s] -- Symlinking: /home/khushant/pid/install/messages/include/messages/messages/msg/systemsignal.h
[5.719s] -- Symlinking: /home/khushant/pid/install/messages/share/messages/environment/library_path.sh
[5.724s] -- Symlinking: /home/khushant/pid/install/messages/share/messages/environment/library_path.dsv
[5.729s] -- Symlinking: /home/khushant/pid/install/messages/include/messages/messages/msg/detail/pidsignal__rosidl_typesupport_introspection_c.h
[5.734s] -- Symlinking: /home/khushant/pid/install/messages/include/messages/messages/msg/detail/refsignal__rosidl_typesupport_introspection_c.h
[5.739s] -- Symlinking: /home/khushant/pid/install/messages/include/messages/messages/msg/detail/systemsignal__rosidl_typesupport_introspection_c.h
[5.743s] -- Symlinking: /home/khushant/pid/install/messages/include/messages/messages/msg/rosidl_typesupport_introspection_c__visibility_control.h
[5.750s] -- Symlinking: /home/khushant/pid/install/messages/include/messages/messages/msg/detail/pidsignal__rosidl_typesupport_fastrtps_c.h
[5.755s] -- Symlinking: /home/khushant/pid/install/messages/include/messages/messages/msg/detail/refsignal__rosidl_typesupport_fastrtps_c.h
[5.760s] -- Symlinking: /home/khushant/pid/install/messages/include/messages/messages/msg/detail/systemsignal__rosidl_typesupport_fastrtps_c.h
[5.765s] -- Symlinking: /home/khushant/pid/install/messages/include/messages/messages/msg/rosidl_typesupport_fastrtps_c__visibility_control.h
[5.771s] -- Symlinking: /home/khushant/pid/install/messages/include/messages/messages/msg/detail/pidsignal__builder.hpp
[5.777s] -- Symlinking: /home/khushant/pid/install/messages/include/messages/messages/msg/detail/pidsignal__struct.hpp
[5.784s] -- Symlinking: /home/khushant/pid/install/messages/include/messages/messages/msg/detail/pidsignal__traits.hpp
[5.790s] -- Symlinking: /home/khushant/pid/install/messages/include/messages/messages/msg/detail/refsignal__builder.hpp
[5.795s] -- Symlinking: /home/khushant/pid/install/messages/include/messages/messages/msg/detail/refsignal__struct.hpp
[5.801s] -- Symlinking: /home/khushant/pid/install/messages/include/messages/messages/msg/detail/refsignal__traits.hpp
[5.807s] -- Symlinking: /home/khushant/pid/install/messages/include/messages/messages/msg/detail/systemsignal__builder.hpp
[5.812s] -- Symlinking: /home/khushant/pid/install/messages/include/messages/messages/msg/detail/systemsignal__struct.hpp
[5.818s] -- Symlinking: /home/khushant/pid/install/messages/include/messages/messages/msg/detail/systemsignal__traits.hpp
[5.824s] -- Symlinking: /home/khushant/pid/install/messages/include/messages/messages/msg/pidsignal.hpp
[5.829s] -- Symlinking: /home/khushant/pid/install/messages/include/messages/messages/msg/refsignal.hpp
[5.835s] -- Symlinking: /home/khushant/pid/install/messages/include/messages/messages/msg/systemsignal.hpp
[5.842s] -- Symlinking: /home/khushant/pid/install/messages/include/messages/messages/msg/detail/pidsignal__rosidl_typesupport_introspection_cpp.hpp
[5.850s] -- Symlinking: /home/khushant/pid/install/messages/include/messages/messages/msg/detail/refsignal__rosidl_typesupport_introspection_cpp.hpp
[5.855s] -- Symlinking: /home/khushant/pid/install/messages/include/messages/messages/msg/detail/systemsignal__rosidl_typesupport_introspection_cpp.hpp
[5.862s] -- Symlinking: /home/khushant/pid/install/messages/include/messages/messages/msg/detail/pidsignal__rosidl_typesupport_fastrtps_cpp.hpp
[5.867s] -- Symlinking: /home/khushant/pid/install/messages/include/messages/messages/msg/detail/refsignal__rosidl_typesupport_fastrtps_cpp.hpp
[5.872s] -- Symlinking: /home/khushant/pid/install/messages/include/messages/messages/msg/detail/systemsignal__rosidl_typesupport_fastrtps_cpp.hpp
[5.877s] -- Symlinking: /home/khushant/pid/install/messages/include/messages/messages/msg/rosidl_typesupport_fastrtps_cpp__visibility_control.h
[5.883s] -- Symlinking: /home/khushant/pid/install/messages/share/messages/environment/pythonpath.sh
[5.888s] -- Symlinking: /home/khushant/pid/install/messages/share/messages/environment/pythonpath.dsv
[5.894s] -- Symlinking: /home/khushant/pid/install/messages/lib/python3.10/site-packages/messages-0.0.0-py3.10.egg-info/PKG-INFO
[5.899s] -- Symlinking: /home/khushant/pid/install/messages/lib/python3.10/site-packages/messages-0.0.0-py3.10.egg-info/SOURCES.txt
[5.904s] -- Symlinking: /home/khushant/pid/install/messages/lib/python3.10/site-packages/messages-0.0.0-py3.10.egg-info/dependency_links.txt
[5.909s] -- Symlinking: /home/khushant/pid/install/messages/lib/python3.10/site-packages/messages-0.0.0-py3.10.egg-info/top_level.txt
[5.915s] -- Symlinking: /home/khushant/pid/install/messages/lib/python3.10/site-packages/messages/__init__.py
[5.920s] -- Symlinking: /home/khushant/pid/install/messages/lib/python3.10/site-packages/messages/_messages_s.ep.rosidl_typesupport_c.c
[5.925s] -- Symlinking: /home/khushant/pid/install/messages/lib/python3.10/site-packages/messages/_messages_s.ep.rosidl_typesupport_fastrtps_c.c
[5.930s] -- Symlinking: /home/khushant/pid/install/messages/lib/python3.10/site-packages/messages/_messages_s.ep.rosidl_typesupport_introspection_c.c
[5.935s] -- Symlinking: /home/khushant/pid/install/messages/lib/python3.10/site-packages/messages/libmessages__rosidl_generator_py.so
[5.941s] -- Symlinking: /home/khushant/pid/install/messages/lib/python3.10/site-packages/messages/messages_s__rosidl_typesupport_c.cpython-310-x86_64-linux-gnu.so
[5.946s] -- Symlinking: /home/khushant/pid/install/messages/lib/python3.10/site-packages/messages/messages_s__rosidl_typesupport_fastrtps_c.cpython-310-x86_64-linux-gnu.so
[5.951s] -- Symlinking: /home/khushant/pid/install/messages/lib/python3.10/site-packages/messages/messages_s__rosidl_typesupport_introspection_c.cpython-310-x86_64-linux-gnu.so
[5.956s] -- Symlinking: /home/khushant/pid/install/messages/lib/python3.10/site-packages/messages/msg/__init__.py
[5.962s] -- Symlinking: /home/khushant/pid/install/messages/lib/python3.10/site-packages/messages/msg/_pidsignal.py
[5.966s] -- Symlinking: /home/khushant/pid/install/messages/lib/python3.10/site-packages/messages/msg/_pidsignal_s.c
[5.971s] -- Symlinking: /home/khushant/pid/install/messages/lib/python3.10/site-packages/messages/msg/_refsignal.py
[5.976s] -- Symlinking: /home/khushant/pid/install/messages/lib/python3.10/site-packages/messages/msg/_refsignal_s.c
[5.982s] -- Symlinking: /home/khushant/pid/install/messages/lib/python3.10/site-packages/messages/msg/_systemsignal.py
[5.987s] -- Symlinking: /home/khushant/pid/install/messages/lib/python3.10/site-packages/messages/msg/_systemsignal_s.c
[5.991s] -- Up-to-date symlink: /home/khushant/pid/install/messages/lib/python3.10/site-packages/messages/messages_s__rosidl_typesupport_introspection_c.cpython-310-x86_64-linux-gnu.so
[5.992s] -- Up-to-date symlink: /home/khushant/pid/install/messages/lib/python3.10/site-packages/messages/messages_s__rosidl_typesupport_fastrtps_c.cpython-310-x86_64-linux-gnu.so
[5.992s] -- Up-to-date symlink: /home/khushant/pid/install/messages/lib/python3.10/site-packages/messages/messages_s__rosidl_typesupport_c.cpython-310-x86_64-linux-gnu.so
[5.992s] -- Symlinking: /home/khushant/pid/install/messages/share/messages/msg/Pidsignal.idl
[5.997s] -- Symlinking: /home/khushant/pid/install/messages/share/messages/msg/Refsignal.idl
[6.002s] -- Symlinking: /home/khushant/pid/install/messages/share/messages/msg/Systemsignal.idl
[6.007s] -- Symlinking: /home/khushant/pid/install/messages/share/messages/msg/Pidsignal.msg
[6.011s] -- Symlinking: /home/khushant/pid/install/messages/share/messages/msg/Refsignal.msg
[6.016s] -- Symlinking: /home/khushant/pid/install/messages/share/messages/msg/Systemsignal.msg
[6.022s] -- Symlinking: /home/khushant/pid/install/messages/share/ament_index/resource_index/package_run_dependencies/messages
[6.027s] -- Symlinking: /home/khushant/pid/install/messages/share/ament_index/resource_index/parent_prefix_path/messages
[6.032s] -- Up-to-date symlink: /home/khushant/pid/install/messages/share/messages/environment/ament_prefix_path.sh
[6.032s] -- Symlinking: /home/khushant/pid/install/messages/share/messages/environment/ament_prefix_path.dsv
[6.037s] -- Up-to-date symlink: /home/khushant/pid/install/messages/share/messages/environment/path.sh
[6.037s] -- Symlinking: /home/khushant/pid/install/messages/share/messages/environment/path.dsv
[6.042s] -- Symlinking: /home/khushant/pid/install/messages/share/messages/local_setup.bash
[6.048s] -- Symlinking: /home/khushant/pid/install/messages/share/messages/local_setup.sh
[6.054s] -- Symlinking: /home/khushant/pid/install/messages/share/messages/local_setup.zsh
[6.059s] -- Symlinking: /home/khushant/pid/install/messages/share/messages/local_setup.dsv
[6.064s] -- Symlinking: /home/khushant/pid/install/messages/share/messages/package.dsv
[6.069s] -- Symlinking: /home/khushant/pid/install/messages/share/ament_index/resource_index/packages/messages
[6.074s] -- Symlinking: /home/khushant/pid/install/messages/share/messages/cmake/rosidl_cmake-extras.cmake
[6.078s] -- Symlinking: /home/khushant/pid/install/messages/share/messages/cmake/ament_cmake_export_include_directories-extras.cmake
[6.084s] -- Symlinking: /home/khushant/pid/install/messages/share/messages/cmake/ament_cmake_export_libraries-extras.cmake
[6.089s] -- Symlinking: /home/khushant/pid/install/messages/share/messages/cmake/ament_cmake_export_targets-extras.cmake
[6.094s] -- Symlinking: /home/khushant/pid/install/messages/share/messages/cmake/rosidl_cmake_export_typesupport_targets-extras.cmake
[6.099s] -- Symlinking: /home/khushant/pid/install/messages/share/messages/cmake/ament_cmake_export_dependencies-extras.cmake
[6.104s] -- Symlinking: /home/khushant/pid/install/messages/share/messages/cmake/rosidl_cmake_export_typesupport_libraries-extras.cmake
[6.110s] -- Symlinking: /home/khushant/pid/install/messages/share/messages/cmake/messagesConfig.cmake
[6.115s] -- Symlinking: /home/khushant/pid/install/messages/share/messages/cmake/messagesConfig-version.cmake
[6.121s] -- Symlinking: /home/khushant/pid/install/messages/share/messages/package.xml
[6.126s] -- Up-to-date: /home/khushant/pid/install/messages/lib/libmessages__rosidl_generator_c.so
[6.126s] -- Up-to-date: /home/khushant/pid/install/messages/lib/libmessages__rosidl_typesupport_introspection_c.so
[6.126s] -- Up-to-date: /home/khushant/pid/install/messages/lib/libmessages__rosidl_typesupport_fastrtps_c.so
[6.126s] -- Up-to-date: /home/khushant/pid/install/messages/lib/libmessages__rosidl_typesupport_c.so
[6.127s] -- Up-to-date: /home/khushant/pid/install/messages/lib/libmessages__rosidl_typesupport_introspection_cpp.so
[6.127s] -- Up-to-date: /home/khushant/pid/install/messages/lib/libmessages__rosidl_typesupport_fastrtps_cpp.so
[6.127s] -- Up-to-date: /home/khushant/pid/install/messages/lib/libmessages__rosidl_typesupport_cpp.so
[6.248s] Listing '/home/khushant/pid/install/messages/lib/python3.10/site-packages/messages'...
[6.248s] Compiling '/home/khushant/pid/install/messages/lib/python3.10/site-packages/messages/__init__.py'...
[6.248s] Listing '/home/khushant/pid/install/messages/lib/python3.10/site-packages/messages/msg'...
[6.254s] -- Up-to-date: /home/khushant/pid/install/messages/lib/libmessages__rosidl_generator_py.so
[6.254s] -- Up-to-date: /home/khushant/pid/install/messages/share/messages/cmake/export_messages__rosidl_generator_cExport.cmake
[6.254s] -- Up-to-date: /home/khushant/pid/install/messages/share/messages/cmake/export_messages__rosidl_generator_cExport-noconfig.cmake
[6.254s] -- Up-to-date: /home/khushant/pid/install/messages/share/messages/cmake/messages__rosidl_typesupport_introspection_cExport.cmake
[6.254s] -- Up-to-date: /home/khushant/pid/install/messages/share/messages/cmake/messages__rosidl_typesupport_introspection_cExport-noconfig.cmake
[6.255s] -- Up-to-date: /home/khushant/pid/install/messages/share/messages/cmake/export_messages__rosidl_typesupport_fastrtps_cExport.cmake
[6.255s] -- Up-to-date: /home/khushant/pid/install/messages/share/messages/cmake/export_messages__rosidl_typesupport_fastrtps_cExport-noconfig.cmake
[6.255s] -- Up-to-date: /home/khushant/pid/install/messages/share/messages/cmake/messages__rosidl_typesupport_cExport.cmake
[6.255s] -- Up-to-date: /home/khushant/pid/install/messages/share/messages/cmake/messages__rosidl_typesupport_cExport-noconfig.cmake
[6.255s] -- Up-to-date: /home/khushant/pid/install/messages/share/messages/cmake/export_messages__rosidl_generator_cppExport.cmake
[6.255s] -- Up-to-date: /home/khushant/pid/install/messages/share/messages/cmake/messages__rosidl_typesupport_introspection_cppExport.cmake
[6.256s] -- Up-to-date: /home/khushant/pid/install/messages/share/messages/cmake/messages__rosidl_typesupport_introspection_cppExport-noconfig.cmake
[6.256s] -- Up-to-date: /home/khushant/pid/install/messages/share/messages/cmake/export_messages__rosidl_typesupport_fastrtps_cppExport.cmake
[6.256s] -- Up-to-date: /home/khushant/pid/install/messages/share/messages/cmake/export_messages__rosidl_typesupport_fastrtps_cppExport-noconfig.cmake
[6.256s] -- Up-to-date: /home/khushant/pid/install/messages/share/messages/cmake/messages__rosidl_typesupport_cppExport.cmake
[6.256s] -- Up-to-date: /home/khushant/pid/install/messages/share/messages/cmake/messages__rosidl_typesupport_cppExport-noconfig.cmake
[6.256s] -- Up-to-date: /home/khushant/pid/install/messages/share/messages/cmake/export_messages__rosidl_generator_pyExport.cmake
[6.256s] -- Up-to-date: /home/khushant/pid/install/messages/share/messages/cmake/export_messages__rosidl_generator_pyExport-noconfig.cmake
[6.263s] Invoked command in '/home/khushant/pid/build/messages' returned '0': CMAKE_PREFIX_PATH=${CMAKE_PREFIX_PATH}:/home/khushant/ros2_iron/install/rqt_bag_plugins:/home/khushant/ros2_iron/install/rqt_bag:/home/khushant/ros2_iron/install/rosbag2_examples_py:/home/khushant/ros2_iron/install/launch_testing_examples:/home/khushant/ros2_iron/install/ros2bag:/home/khushant/ros2_iron/install/tracetools_test:/home/khushant/ros2_iron/install/tracetools_launch:/home/khushant/ros2_iron/install/topic_monitor:/home/khushant/ros2_iron/install/tf2_tools:/home/khushant/ros2_iron/install/examples_tf2_py:/home/khushant/ros2_iron/install/tf2_ros_py:/home/khushant/ros2_iron/install/examples_rclpy_pointcloud_publisher:/home/khushant/ros2_iron/install/sensor_msgs_py:/home/khushant/ros2_iron/install/quality_of_service_demo_py:/home/khushant/ros2_iron/install/rqt_plot:/home/khushant/ros2_iron/install/ros2doctor:/home/khushant/ros2_iron/install/lifecycle_py:/home/khushant/ros2_iron/install/examples_rclpy_minimal_subscriber:/home/khushant/ros2_iron/install/examples_rclpy_minimal_service:/home/khushant/ros2_iron/install/examples_rclpy_minimal_publisher:/home/khushant/ros2_iron/install/examples_rclpy_minimal_client:/home/khushant/ros2_iron/install/examples_rclpy_executors:/home/khushant/ros2_iron/install/demo_nodes_py:/home/khushant/ros2_iron/install/rqt:/home/khushant/ros2_iron/install/ros2component:/home/khushant/ros2_iron/install/sros2:/home/khushant/ros2_iron/install/rqt_topic:/home/khushant/ros2_iron/install/rqt_srv:/home/khushant/ros2_iron/install/rqt_shell:/home/khushant/ros2_iron/install/rqt_service_caller:/home/khushant/ros2_iron/install/rqt_reconfigure:/home/khushant/ros2_iron/install/rqt_py_console:/home/khushant/ros2_iron/install/rqt_publisher:/home/khushant/ros2_iron/install/rqt_action:/home/khushant/ros2_iron/install/rqt_msg:/home/khushant/ros2_iron/install/rqt_console:/home/khushant/ros2_iron/install/rqt_graph:/home/khushant/ros2_iron/install/rqt_gui_py:/home/khushant/ros2_iron/install/rqt_gui:/home/khushant/ros2_iron/install/ros2trace:/home/khushant/ros2_iron/install/ros2topic:/home/khushant/ros2_iron/install/ros2test:/home/khushant/ros2_iron/install/ros2param:/home/khushant/ros2_iron/install/ros2lifecycle:/home/khushant/ros2_iron/install/ros2service:/home/khushant/ros2_iron/install/ros2run:/home/khushant/ros2_iron/install/ros2launch:/home/khushant/ros2_iron/install/ros2pkg:/home/khushant/ros2_iron/install/ros2node:/home/khushant/ros2_iron/install/ros2multicast:/home/khushant/ros2_iron/install/ros2interface:/home/khushant/ros2_iron/install/ros2action:/home/khushant/ros2_iron/install/ros2cli:/home/khushant/ros2_iron/install/launch_testing_ros:/home/khushant/ros2_iron/install/launch_ros:/home/khushant/ros2_iron/install/examples_rclpy_minimal_action_server:/home/khushant/ros2_iron/install/examples_rclpy_minimal_action_client:/home/khushant/ros2_iron/install/examples_rclpy_guard_conditions:/home/khushant/ros2_iron/install/action_tutorials_py:/home/khushant/ros2_iron/install/ament_uncrustify:/home/khushant/ros2_iron/install/tracetools_trace:/home/khushant/ros2_iron/install/tracetools_read:/home/khushant/ros2_iron/install/test_tracetools_launch:/home/khushant/ros2_iron/install/test_ros2trace:/home/khushant/ros2_iron/install/test_launch_ros:/home/khushant/ros2_iron/install/rpyutils:/home/khushant/ros2_iron/install/rosidl_runtime_py:/home/khushant/ros2_iron/install/rosidl_pycommon:/home/khushant/ros2_iron/install/rosidl_cli:/home/khushant/ros2_iron/install/launch_pytest:/home/khushant/ros2_iron/install/launch_testing:/home/khushant/ros2_iron/install/launch_yaml:/home/khushant/ros2_iron/install/launch_xml:/home/khushant/ros2_iron/install/launch:/home/khushant/ros2_iron/install/osrf_pycommon:/home/khushant/ros2_iron/install/domain_coordinator:/home/khushant/ros2_iron/install/ament_xmllint:/home/khushant/ros2_iron/install/ament_pyflakes:/home/khushant/ros2_iron/install/ament_pycodestyle:/home/khushant/ros2_iron/install/ament_pep257:/home/khushant/ros2_iron/install/ament_pclint:/home/khushant/ros2_iron/install/ament_package:/home/khushant/ros2_iron/install/ament_mypy:/home/khushant/ros2_iron/install/ament_lint_cmake:/home/khushant/ros2_iron/install/ament_flake8:/home/khushant/ros2_iron/install/ament_copyright:/home/khushant/ros2_iron/install/ament_lint:/home/khushant/ros2_iron/install/ament_index_python:/home/khushant/ros2_iron/install/ament_cpplint:/home/khushant/ros2_iron/install/ament_cppcheck:/home/khushant/ros2_iron/install/ament_clang_tidy:/home/khushant/ros2_iron/install/ament_clang_format:/opt/ros/iron /home/khushant/.local/bin/cmake --install /home/khushant/pid/build/messages
