[2.409s] Invoking command in '/home/khushant/pid/src/controller': PYTHONPATH=/home/khushant/pid/build/controller/prefix_override:/home/khushant/pid/install/controller/lib/python3.10/site-packages:${PYTHONPATH} WSLENV=ELECTRON_RUN_AS_NODE/w:WT_SESSION:WT_PROFILE_ID: /usr/bin/python3 setup.py egg_info --egg-base ../../build/controller build --build-base /home/khushant/pid/build/controller/build install --record /home/khushant/pid/build/controller/install.log --single-version-externally-managed
[2.999s] running egg_info
[3.000s] writing ../../build/controller/controller.egg-info/PKG-INFO
[3.001s] writing dependency_links to ../../build/controller/controller.egg-info/dependency_links.txt
[3.001s] writing entry points to ../../build/controller/controller.egg-info/entry_points.txt
[3.001s] writing requirements to ../../build/controller/controller.egg-info/requires.txt
[3.002s] writing top-level names to ../../build/controller/controller.egg-info/top_level.txt
[3.004s] reading manifest file '../../build/controller/controller.egg-info/SOURCES.txt'
[3.005s] writing manifest file '../../build/controller/controller.egg-info/SOURCES.txt'
[3.006s] running build
[3.006s] running build_py
[3.006s] copying controller/pid.py -> /home/khushant/pid/build/controller/build/lib/controller
[3.006s] running install
[3.007s] running install_lib
[3.007s] copying /home/khushant/pid/build/controller/build/lib/controller/pid.py -> /home/khushant/pid/install/controller/lib/python3.10/site-packages/controller
[3.010s] byte-compiling /home/khushant/pid/install/controller/lib/python3.10/site-packages/controller/pid.py to pid.cpython-310.pyc
[3.010s] running install_data
[3.012s] running install_egg_info
[3.015s] removing '/home/khushant/pid/install/controller/lib/python3.10/site-packages/controller-0.0.0-py3.10.egg-info' (and everything under it)
[3.016s] Copying ../../build/controller/controller.egg-info to /home/khushant/pid/install/controller/lib/python3.10/site-packages/controller-0.0.0-py3.10.egg-info
[3.017s] running install_scripts
[3.063s] Installing pid script to /home/khushant/pid/install/controller/lib/controller
[3.063s] Installing ref script to /home/khushant/pid/install/controller/lib/controller
[3.064s] Installing system script to /home/khushant/pid/install/controller/lib/controller
[3.064s] writing list of installed files to '/home/khushant/pid/build/controller/install.log'
[3.098s] Invoked command in '/home/khushant/pid/src/controller' returned '0': PYTHONPATH=/home/khushant/pid/build/controller/prefix_override:/home/khushant/pid/install/controller/lib/python3.10/site-packages:${PYTHONPATH} WSLENV=ELECTRON_RUN_AS_NODE/w:WT_SESSION:WT_PROFILE_ID: /usr/bin/python3 setup.py egg_info --egg-base ../../build/controller build --build-base /home/khushant/pid/build/controller/build install --record /home/khushant/pid/build/controller/install.log --single-version-externally-managed
