[2.404s] Invoking command in '/home/khushant/pid/src/controller': PYTHONPATH=/home/khushant/pid/build/controller/prefix_override:/home/khushant/pid/install/controller/lib/python3.10/site-packages:${PYTHONPATH} WSLENV=ELECTRON_RUN_AS_NODE/w: /usr/bin/python3 setup.py egg_info --egg-base ../../build/controller build --build-base /home/khushant/pid/build/controller/build install --record /home/khushant/pid/build/controller/install.log --single-version-externally-managed
[2.952s] running egg_info
[2.953s] writing ../../build/controller/controller.egg-info/PKG-INFO
[2.954s] writing dependency_links to ../../build/controller/controller.egg-info/dependency_links.txt
[2.954s] writing entry points to ../../build/controller/controller.egg-info/entry_points.txt
[2.954s] writing requirements to ../../build/controller/controller.egg-info/requires.txt
[2.955s] writing top-level names to ../../build/controller/controller.egg-info/top_level.txt
[2.957s] reading manifest file '../../build/controller/controller.egg-info/SOURCES.txt'
[2.957s] writing manifest file '../../build/controller/controller.egg-info/SOURCES.txt'
[2.958s] running build
[2.958s] running build_py
[2.958s] copying controller/ref.py -> /home/khushant/pid/build/controller/build/lib/controller
[2.958s] copying controller/system.py -> /home/khushant/pid/build/controller/build/lib/controller
[2.960s] running install
[2.961s] running install_lib
[2.964s] copying /home/khushant/pid/build/controller/build/lib/controller/ref.py -> /home/khushant/pid/install/controller/lib/python3.10/site-packages/controller
[2.966s] copying /home/khushant/pid/build/controller/build/lib/controller/system.py -> /home/khushant/pid/install/controller/lib/python3.10/site-packages/controller
[2.971s] byte-compiling /home/khushant/pid/install/controller/lib/python3.10/site-packages/controller/ref.py to ref.cpython-310.pyc
[2.973s] byte-compiling /home/khushant/pid/install/controller/lib/python3.10/site-packages/controller/system.py to system.cpython-310.pyc
[2.974s] running install_data
[2.977s] running install_egg_info
[2.980s] removing '/home/khushant/pid/install/controller/lib/python3.10/site-packages/controller-0.0.0-py3.10.egg-info' (and everything under it)
[2.980s] Copying ../../build/controller/controller.egg-info to /home/khushant/pid/install/controller/lib/python3.10/site-packages/controller-0.0.0-py3.10.egg-info
[2.982s] running install_scripts
[3.022s] Installing pid script to /home/khushant/pid/install/controller/lib/controller
[3.023s] Installing ref script to /home/khushant/pid/install/controller/lib/controller
[3.024s] Installing system script to /home/khushant/pid/install/controller/lib/controller
[3.024s] writing list of installed files to '/home/khushant/pid/build/controller/install.log'
[3.059s] Invoked command in '/home/khushant/pid/src/controller' returned '0': PYTHONPATH=/home/khushant/pid/build/controller/prefix_override:/home/khushant/pid/install/controller/lib/python3.10/site-packages:${PYTHONPATH} WSLENV=ELECTRON_RUN_AS_NODE/w: /usr/bin/python3 setup.py egg_info --egg-base ../../build/controller build --build-base /home/khushant/pid/build/controller/build install --record /home/khushant/pid/build/controller/install.log --single-version-externally-managed
