[2.654s] DEBUG:colcon:Command line arguments: ['/usr/bin/colcon', 'build']
[2.654s] DEBUG:colcon:Parsed command line arguments: Namespace(log_base=None, log_level=None, verb_name='build', build_base='build', install_base='install', merge_install=False, symlink_install=False, test_result_base=None, continue_on_error=False, executor='parallel', parallel_workers=20, event_handlers=None, ignore_user_meta=False, metas=['./colcon.meta'], base_paths=['.'], packages_ignore=None, packages_ignore_regex=None, paths=None, packages_up_to=None, packages_up_to_regex=None, packages_above=None, packages_above_and_dependencies=None, packages_above_depth=None, packages_select_by_dep=None, packages_skip_by_dep=None, packages_skip_up_to=None, packages_select_build_failed=False, packages_skip_build_finished=False, packages_select_test_failures=False, packages_skip_test_passed=False, packages_select=None, packages_skip=None, packages_select_regex=None, packages_skip_regex=None, packages_start=None, packages_end=None, allow_overriding=[], cmake_args=None, cmake_target=None, cmake_target_skip_unavailable=False, cmake_clean_cache=False, cmake_clean_first=False, cmake_force_configure=False, ament_cmake_args=None, catkin_cmake_args=None, catkin_skip_building_tests=False, verb_parser=<colcon_defaults.argument_parser.defaults.DefaultArgumentsDecorator object at 0x7f612aa735b0>, verb_extension=<colcon_core.verb.build.BuildVerb object at 0x7f612ad379a0>, main=<bound method BuildVerb.main of <colcon_core.verb.build.BuildVerb object at 0x7f612ad379a0>>)
[2.755s] Level 1:colcon.colcon_core.package_discovery:discover_packages(colcon_meta) check parameters
[2.756s] Level 1:colcon.colcon_core.package_discovery:discover_packages(recursive) check parameters
[2.756s] Level 1:colcon.colcon_core.package_discovery:discover_packages(ignore) check parameters
[2.756s] Level 1:colcon.colcon_core.package_discovery:discover_packages(path) check parameters
[2.756s] Level 1:colcon.colcon_core.package_discovery:discover_packages(colcon_meta) discover
[2.756s] Level 1:colcon.colcon_core.package_discovery:discover_packages(recursive) discover
[2.756s] INFO:colcon.colcon_core.package_discovery:Crawling recursively for packages in '/home/khushant/pid'
[2.756s] Level 1:colcon.colcon_core.package_identification:_identify(.) by extensions ['ignore', 'ignore_ament_install']
[2.756s] Level 1:colcon.colcon_core.package_identification:_identify(.) by extension 'ignore'
[2.756s] Level 1:colcon.colcon_core.package_identification:_identify(.) by extension 'ignore_ament_install'
[2.756s] Level 1:colcon.colcon_core.package_identification:_identify(.) by extensions ['colcon_pkg']
[2.756s] Level 1:colcon.colcon_core.package_identification:_identify(.) by extension 'colcon_pkg'
[2.756s] Level 1:colcon.colcon_core.package_identification:_identify(.) by extensions ['colcon_meta']
[2.756s] Level 1:colcon.colcon_core.package_identification:_identify(.) by extension 'colcon_meta'
[2.756s] Level 1:colcon.colcon_core.package_identification:_identify(.) by extensions ['ros']
[2.756s] Level 1:colcon.colcon_core.package_identification:_identify(.) by extension 'ros'
[2.774s] Level 1:colcon.colcon_core.package_identification:_identify(.) by extensions ['cmake', 'python']
[2.775s] Level 1:colcon.colcon_core.package_identification:_identify(.) by extension 'cmake'
[2.775s] Level 1:colcon.colcon_core.package_identification:_identify(.) by extension 'python'
[2.775s] Level 1:colcon.colcon_core.package_identification:_identify(.) by extensions ['python_setup_py']
[2.775s] Level 1:colcon.colcon_core.package_identification:_identify(.) by extension 'python_setup_py'
[2.775s] Level 1:colcon.colcon_core.package_identification:_identify(build) by extensions ['ignore', 'ignore_ament_install']
[2.775s] Level 1:colcon.colcon_core.package_identification:_identify(build) by extension 'ignore'
[2.775s] Level 1:colcon.colcon_core.package_identification:_identify(build) ignored
[2.775s] Level 1:colcon.colcon_core.package_identification:_identify(install) by extensions ['ignore', 'ignore_ament_install']
[2.775s] Level 1:colcon.colcon_core.package_identification:_identify(install) by extension 'ignore'
[2.776s] Level 1:colcon.colcon_core.package_identification:_identify(install) ignored
[2.776s] Level 1:colcon.colcon_core.package_identification:_identify(log) by extensions ['ignore', 'ignore_ament_install']
[2.776s] Level 1:colcon.colcon_core.package_identification:_identify(log) by extension 'ignore'
[2.776s] Level 1:colcon.colcon_core.package_identification:_identify(log) ignored
[2.776s] Level 1:colcon.colcon_core.package_identification:_identify(src) by extensions ['ignore', 'ignore_ament_install']
[2.776s] Level 1:colcon.colcon_core.package_identification:_identify(src) by extension 'ignore'
[2.776s] Level 1:colcon.colcon_core.package_identification:_identify(src) by extension 'ignore_ament_install'
[2.776s] Level 1:colcon.colcon_core.package_identification:_identify(src) by extensions ['colcon_pkg']
[2.776s] Level 1:colcon.colcon_core.package_identification:_identify(src) by extension 'colcon_pkg'
[2.776s] Level 1:colcon.colcon_core.package_identification:_identify(src) by extensions ['colcon_meta']
[2.776s] Level 1:colcon.colcon_core.package_identification:_identify(src) by extension 'colcon_meta'
[2.776s] Level 1:colcon.colcon_core.package_identification:_identify(src) by extensions ['ros']
[2.776s] Level 1:colcon.colcon_core.package_identification:_identify(src) by extension 'ros'
[2.776s] Level 1:colcon.colcon_core.package_identification:_identify(src) by extensions ['cmake', 'python']
[2.776s] Level 1:colcon.colcon_core.package_identification:_identify(src) by extension 'cmake'
[2.776s] Level 1:colcon.colcon_core.package_identification:_identify(src) by extension 'python'
[2.776s] Level 1:colcon.colcon_core.package_identification:_identify(src) by extensions ['python_setup_py']
[2.776s] Level 1:colcon.colcon_core.package_identification:_identify(src) by extension 'python_setup_py'
[2.777s] Level 1:colcon.colcon_core.package_identification:_identify(src/controller) by extensions ['ignore', 'ignore_ament_install']
[2.777s] Level 1:colcon.colcon_core.package_identification:_identify(src/controller) by extension 'ignore'
[2.777s] Level 1:colcon.colcon_core.package_identification:_identify(src/controller) by extension 'ignore_ament_install'
[2.777s] Level 1:colcon.colcon_core.package_identification:_identify(src/controller) by extensions ['colcon_pkg']
[2.777s] Level 1:colcon.colcon_core.package_identification:_identify(src/controller) by extension 'colcon_pkg'
[2.777s] Level 1:colcon.colcon_core.package_identification:_identify(src/controller) by extensions ['colcon_meta']
[2.777s] Level 1:colcon.colcon_core.package_identification:_identify(src/controller) by extension 'colcon_meta'
[2.777s] Level 1:colcon.colcon_core.package_identification:_identify(src/controller) by extensions ['ros']
[2.777s] Level 1:colcon.colcon_core.package_identification:_identify(src/controller) by extension 'ros'
[2.781s] DEBUG:colcon.colcon_core.package_identification:Package 'src/controller' with type 'ros.ament_python' and name 'controller'
[2.781s] Level 1:colcon.colcon_core.package_identification:_identify(src/messages) by extensions ['ignore', 'ignore_ament_install']
[2.781s] Level 1:colcon.colcon_core.package_identification:_identify(src/messages) by extension 'ignore'
[2.782s] Level 1:colcon.colcon_core.package_identification:_identify(src/messages) by extension 'ignore_ament_install'
[2.782s] Level 1:colcon.colcon_core.package_identification:_identify(src/messages) by extensions ['colcon_pkg']
[2.782s] Level 1:colcon.colcon_core.package_identification:_identify(src/messages) by extension 'colcon_pkg'
[2.782s] Level 1:colcon.colcon_core.package_identification:_identify(src/messages) by extensions ['colcon_meta']
[2.782s] Level 1:colcon.colcon_core.package_identification:_identify(src/messages) by extension 'colcon_meta'
[2.782s] Level 1:colcon.colcon_core.package_identification:_identify(src/messages) by extensions ['ros']
[2.782s] Level 1:colcon.colcon_core.package_identification:_identify(src/messages) by extension 'ros'
[2.783s] DEBUG:colcon.colcon_core.package_identification:Package 'src/messages' with type 'ros.ament_cmake' and name 'messages'
[2.783s] Level 1:colcon.colcon_core.package_discovery:discover_packages(recursive) using defaults
[2.783s] Level 1:colcon.colcon_core.package_discovery:discover_packages(ignore) discover
[2.783s] Level 1:colcon.colcon_core.package_discovery:discover_packages(ignore) using defaults
[2.783s] Level 1:colcon.colcon_core.package_discovery:discover_packages(path) discover
[2.783s] Level 1:colcon.colcon_core.package_discovery:discover_packages(path) using defaults
[3.019s] Level 1:colcon.colcon_core.package_discovery:discover_packages(prefix_path) check parameters
[3.019s] Level 1:colcon.colcon_core.package_discovery:discover_packages(prefix_path) discover
[3.118s] DEBUG:colcon.colcon_installed_package_information.package_discovery:Found 359 installed packages in /home/khushant/ros2_iron/install
[3.157s] DEBUG:colcon.colcon_installed_package_information.package_discovery:Found 80 installed packages in /opt/ros/iron
[3.161s] Level 1:colcon.colcon_core.package_discovery:discover_packages(prefix_path) using defaults
[3.265s] Level 5:colcon.colcon_core.verb:set package 'controller' build argument 'cmake_args' from command line to 'None'
[3.265s] Level 5:colcon.colcon_core.verb:set package 'controller' build argument 'cmake_target' from command line to 'None'
[3.265s] Level 5:colcon.colcon_core.verb:set package 'controller' build argument 'cmake_target_skip_unavailable' from command line to 'False'
[3.265s] Level 5:colcon.colcon_core.verb:set package 'controller' build argument 'cmake_clean_cache' from command line to 'False'
[3.265s] Level 5:colcon.colcon_core.verb:set package 'controller' build argument 'cmake_clean_first' from command line to 'False'
[3.265s] Level 5:colcon.colcon_core.verb:set package 'controller' build argument 'cmake_force_configure' from command line to 'False'
[3.265s] Level 5:colcon.colcon_core.verb:set package 'controller' build argument 'ament_cmake_args' from command line to 'None'
[3.265s] Level 5:colcon.colcon_core.verb:set package 'controller' build argument 'catkin_cmake_args' from command line to 'None'
[3.265s] Level 5:colcon.colcon_core.verb:set package 'controller' build argument 'catkin_skip_building_tests' from command line to 'False'
[3.265s] DEBUG:colcon.colcon_core.verb:Building package 'controller' with the following arguments: {'ament_cmake_args': None, 'build_base': '/home/khushant/pid/build/controller', 'catkin_cmake_args': None, 'catkin_skip_building_tests': False, 'cmake_args': None, 'cmake_clean_cache': False, 'cmake_clean_first': False, 'cmake_force_configure': False, 'cmake_target': None, 'cmake_target_skip_unavailable': False, 'install_base': '/home/khushant/pid/install/controller', 'merge_install': False, 'path': '/home/khushant/pid/src/controller', 'symlink_install': False, 'test_result_base': None}
[3.297s] Level 5:colcon.colcon_core.verb:set package 'messages' build argument 'cmake_args' from command line to 'None'
[3.297s] Level 5:colcon.colcon_core.verb:set package 'messages' build argument 'cmake_target' from command line to 'None'
[3.297s] Level 5:colcon.colcon_core.verb:set package 'messages' build argument 'cmake_target_skip_unavailable' from command line to 'False'
[3.297s] Level 5:colcon.colcon_core.verb:set package 'messages' build argument 'cmake_clean_cache' from command line to 'False'
[3.297s] Level 5:colcon.colcon_core.verb:set package 'messages' build argument 'cmake_clean_first' from command line to 'False'
[3.297s] Level 5:colcon.colcon_core.verb:set package 'messages' build argument 'cmake_force_configure' from command line to 'False'
[3.297s] Level 5:colcon.colcon_core.verb:set package 'messages' build argument 'ament_cmake_args' from command line to 'None'
[3.297s] Level 5:colcon.colcon_core.verb:set package 'messages' build argument 'catkin_cmake_args' from command line to 'None'
[3.297s] Level 5:colcon.colcon_core.verb:set package 'messages' build argument 'catkin_skip_building_tests' from command line to 'False'
[3.297s] DEBUG:colcon.colcon_core.verb:Building package 'messages' with the following arguments: {'ament_cmake_args': None, 'build_base': '/home/khushant/pid/build/messages', 'catkin_cmake_args': None, 'catkin_skip_building_tests': False, 'cmake_args': None, 'cmake_clean_cache': False, 'cmake_clean_first': False, 'cmake_force_configure': False, 'cmake_target': None, 'cmake_target_skip_unavailable': False, 'install_base': '/home/khushant/pid/install/messages', 'merge_install': False, 'path': '/home/khushant/pid/src/messages', 'symlink_install': False, 'test_result_base': None}
[3.327s] INFO:colcon.colcon_core.executor:Executing jobs using 'parallel' executor
[3.358s] DEBUG:colcon.colcon_parallel_executor.executor.parallel:run_until_complete
[3.359s] INFO:colcon.colcon_ros.task.ament_python.build:Building ROS package in '/home/khushant/pid/src/controller' with build type 'ament_python'
[3.359s] Level 1:colcon.colcon_core.shell:create_environment_hook('controller', 'ament_prefix_path')
[3.431s] INFO:colcon.colcon_core.plugin_system:Skipping extension 'colcon_core.shell.bat': Not used on non-Windows systems
[3.431s] INFO:colcon.colcon_core.shell:Creating environment hook '/home/khushant/pid/install/controller/share/controller/hook/ament_prefix_path.ps1'
[3.432s] INFO:colcon.colcon_core.shell:Creating environment descriptor '/home/khushant/pid/install/controller/share/controller/hook/ament_prefix_path.dsv'
[3.432s] INFO:colcon.colcon_core.shell:Creating environment hook '/home/khushant/pid/install/controller/share/controller/hook/ament_prefix_path.sh'
[3.464s] INFO:colcon.colcon_core.shell:Skip shell extension 'powershell' for command environment: Not usable outside of PowerShell
[3.464s] DEBUG:colcon.colcon_core.shell:Skip shell extension 'dsv' for command environment
[3.594s] INFO:colcon.colcon_ros.task.ament_cmake.build:Building ROS package in '/home/khushant/pid/src/messages' with build type 'ament_cmake'
[3.594s] INFO:colcon.colcon_cmake.task.cmake.build:Building CMake package in '/home/khushant/pid/src/messages'
[3.634s] INFO:colcon.colcon_core.shell:Skip shell extension 'powershell' for command environment: Not usable outside of PowerShell
[3.634s] DEBUG:colcon.colcon_core.shell:Skip shell extension 'dsv' for command environment
[4.270s] INFO:colcon.colcon_core.task.python.build:Building Python package in '/home/khushant/pid/src/controller'
[4.303s] INFO:colcon.colcon_core.shell:Skip shell extension 'powershell' for command environment: Not usable outside of PowerShell
[4.303s] DEBUG:colcon.colcon_core.shell:Skip shell extension 'dsv' for command environment
[4.458s] DEBUG:colcon.colcon_core.event_handler.log_command:Invoking command in '/home/khushant/pid/build/messages': CMAKE_PREFIX_PATH=${CMAKE_PREFIX_PATH}:/home/khushant/ros2_iron/install/rqt_bag_plugins:/home/khushant/ros2_iron/install/rqt_bag:/home/khushant/ros2_iron/install/rosbag2_examples_py:/home/khushant/ros2_iron/install/launch_testing_examples:/home/khushant/ros2_iron/install/ros2bag:/home/khushant/ros2_iron/install/tracetools_test:/home/khushant/ros2_iron/install/tracetools_launch:/home/khushant/ros2_iron/install/topic_monitor:/home/khushant/ros2_iron/install/tf2_tools:/home/khushant/ros2_iron/install/examples_tf2_py:/home/khushant/ros2_iron/install/tf2_ros_py:/home/khushant/ros2_iron/install/examples_rclpy_pointcloud_publisher:/home/khushant/ros2_iron/install/sensor_msgs_py:/home/khushant/ros2_iron/install/quality_of_service_demo_py:/home/khushant/ros2_iron/install/rqt_plot:/home/khushant/ros2_iron/install/ros2doctor:/home/khushant/ros2_iron/install/lifecycle_py:/home/khushant/ros2_iron/install/examples_rclpy_minimal_subscriber:/home/khushant/ros2_iron/install/examples_rclpy_minimal_service:/home/khushant/ros2_iron/install/examples_rclpy_minimal_publisher:/home/khushant/ros2_iron/install/examples_rclpy_minimal_client:/home/khushant/ros2_iron/install/examples_rclpy_executors:/home/khushant/ros2_iron/install/demo_nodes_py:/home/khushant/ros2_iron/install/rqt:/home/khushant/ros2_iron/install/ros2component:/home/khushant/ros2_iron/install/sros2:/home/khushant/ros2_iron/install/rqt_topic:/home/khushant/ros2_iron/install/rqt_srv:/home/khushant/ros2_iron/install/rqt_shell:/home/khushant/ros2_iron/install/rqt_service_caller:/home/khushant/ros2_iron/install/rqt_reconfigure:/home/khushant/ros2_iron/install/rqt_py_console:/home/khushant/ros2_iron/install/rqt_publisher:/home/khushant/ros2_iron/install/rqt_action:/home/khushant/ros2_iron/install/rqt_msg:/home/khushant/ros2_iron/install/rqt_console:/home/khushant/ros2_iron/install/rqt_graph:/home/khushant/ros2_iron/install/rqt_gui_py:/home/khushant/ros2_iron/install/rqt_gui:/home/khushant/ros2_iron/install/ros2trace:/home/khushant/ros2_iron/install/ros2topic:/home/khushant/ros2_iron/install/ros2test:/home/khushant/ros2_iron/install/ros2param:/home/khushant/ros2_iron/install/ros2lifecycle:/home/khushant/ros2_iron/install/ros2service:/home/khushant/ros2_iron/install/ros2run:/home/khushant/ros2_iron/install/ros2launch:/home/khushant/ros2_iron/install/ros2pkg:/home/khushant/ros2_iron/install/ros2node:/home/khushant/ros2_iron/install/ros2multicast:/home/khushant/ros2_iron/install/ros2interface:/home/khushant/ros2_iron/install/ros2action:/home/khushant/ros2_iron/install/ros2cli:/home/khushant/ros2_iron/install/launch_testing_ros:/home/khushant/ros2_iron/install/launch_ros:/home/khushant/ros2_iron/install/examples_rclpy_minimal_action_server:/home/khushant/ros2_iron/install/examples_rclpy_minimal_action_client:/home/khushant/ros2_iron/install/examples_rclpy_guard_conditions:/home/khushant/ros2_iron/install/action_tutorials_py:/home/khushant/ros2_iron/install/ament_uncrustify:/home/khushant/ros2_iron/install/tracetools_trace:/home/khushant/ros2_iron/install/tracetools_read:/home/khushant/ros2_iron/install/test_tracetools_launch:/home/khushant/ros2_iron/install/test_ros2trace:/home/khushant/ros2_iron/install/test_launch_ros:/home/khushant/ros2_iron/install/rpyutils:/home/khushant/ros2_iron/install/rosidl_runtime_py:/home/khushant/ros2_iron/install/rosidl_pycommon:/home/khushant/ros2_iron/install/rosidl_cli:/home/khushant/ros2_iron/install/launch_pytest:/home/khushant/ros2_iron/install/launch_testing:/home/khushant/ros2_iron/install/launch_yaml:/home/khushant/ros2_iron/install/launch_xml:/home/khushant/ros2_iron/install/launch:/home/khushant/ros2_iron/install/osrf_pycommon:/home/khushant/ros2_iron/install/domain_coordinator:/home/khushant/ros2_iron/install/ament_xmllint:/home/khushant/ros2_iron/install/ament_pyflakes:/home/khushant/ros2_iron/install/ament_pycodestyle:/home/khushant/ros2_iron/install/ament_pep257:/home/khushant/ros2_iron/install/ament_pclint:/home/khushant/ros2_iron/install/ament_package:/home/khushant/ros2_iron/install/ament_mypy:/home/khushant/ros2_iron/install/ament_lint_cmake:/home/khushant/ros2_iron/install/ament_flake8:/home/khushant/ros2_iron/install/ament_copyright:/home/khushant/ros2_iron/install/ament_lint:/home/khushant/ros2_iron/install/ament_index_python:/home/khushant/ros2_iron/install/ament_cpplint:/home/khushant/ros2_iron/install/ament_cppcheck:/home/khushant/ros2_iron/install/ament_clang_tidy:/home/khushant/ros2_iron/install/ament_clang_format:/opt/ros/iron /home/khushant/.local/bin/cmake --build /home/khushant/pid/build/messages -- -j20 -l20
[5.251s] DEBUG:colcon.colcon_core.event_handler.log_command:Invoked command in '/home/khushant/pid/build/messages' returned '0': CMAKE_PREFIX_PATH=${CMAKE_PREFIX_PATH}:/home/khushant/ros2_iron/install/rqt_bag_plugins:/home/khushant/ros2_iron/install/rqt_bag:/home/khushant/ros2_iron/install/rosbag2_examples_py:/home/khushant/ros2_iron/install/launch_testing_examples:/home/khushant/ros2_iron/install/ros2bag:/home/khushant/ros2_iron/install/tracetools_test:/home/khushant/ros2_iron/install/tracetools_launch:/home/khushant/ros2_iron/install/topic_monitor:/home/khushant/ros2_iron/install/tf2_tools:/home/khushant/ros2_iron/install/examples_tf2_py:/home/khushant/ros2_iron/install/tf2_ros_py:/home/khushant/ros2_iron/install/examples_rclpy_pointcloud_publisher:/home/khushant/ros2_iron/install/sensor_msgs_py:/home/khushant/ros2_iron/install/quality_of_service_demo_py:/home/khushant/ros2_iron/install/rqt_plot:/home/khushant/ros2_iron/install/ros2doctor:/home/khushant/ros2_iron/install/lifecycle_py:/home/khushant/ros2_iron/install/examples_rclpy_minimal_subscriber:/home/khushant/ros2_iron/install/examples_rclpy_minimal_service:/home/khushant/ros2_iron/install/examples_rclpy_minimal_publisher:/home/khushant/ros2_iron/install/examples_rclpy_minimal_client:/home/khushant/ros2_iron/install/examples_rclpy_executors:/home/khushant/ros2_iron/install/demo_nodes_py:/home/khushant/ros2_iron/install/rqt:/home/khushant/ros2_iron/install/ros2component:/home/khushant/ros2_iron/install/sros2:/home/khushant/ros2_iron/install/rqt_topic:/home/khushant/ros2_iron/install/rqt_srv:/home/khushant/ros2_iron/install/rqt_shell:/home/khushant/ros2_iron/install/rqt_service_caller:/home/khushant/ros2_iron/install/rqt_reconfigure:/home/khushant/ros2_iron/install/rqt_py_console:/home/khushant/ros2_iron/install/rqt_publisher:/home/khushant/ros2_iron/install/rqt_action:/home/khushant/ros2_iron/install/rqt_msg:/home/khushant/ros2_iron/install/rqt_console:/home/khushant/ros2_iron/install/rqt_graph:/home/khushant/ros2_iron/install/rqt_gui_py:/home/khushant/ros2_iron/install/rqt_gui:/home/khushant/ros2_iron/install/ros2trace:/home/khushant/ros2_iron/install/ros2topic:/home/khushant/ros2_iron/install/ros2test:/home/khushant/ros2_iron/install/ros2param:/home/khushant/ros2_iron/install/ros2lifecycle:/home/khushant/ros2_iron/install/ros2service:/home/khushant/ros2_iron/install/ros2run:/home/khushant/ros2_iron/install/ros2launch:/home/khushant/ros2_iron/install/ros2pkg:/home/khushant/ros2_iron/install/ros2node:/home/khushant/ros2_iron/install/ros2multicast:/home/khushant/ros2_iron/install/ros2interface:/home/khushant/ros2_iron/install/ros2action:/home/khushant/ros2_iron/install/ros2cli:/home/khushant/ros2_iron/install/launch_testing_ros:/home/khushant/ros2_iron/install/launch_ros:/home/khushant/ros2_iron/install/examples_rclpy_minimal_action_server:/home/khushant/ros2_iron/install/examples_rclpy_minimal_action_client:/home/khushant/ros2_iron/install/examples_rclpy_guard_conditions:/home/khushant/ros2_iron/install/action_tutorials_py:/home/khushant/ros2_iron/install/ament_uncrustify:/home/khushant/ros2_iron/install/tracetools_trace:/home/khushant/ros2_iron/install/tracetools_read:/home/khushant/ros2_iron/install/test_tracetools_launch:/home/khushant/ros2_iron/install/test_ros2trace:/home/khushant/ros2_iron/install/test_launch_ros:/home/khushant/ros2_iron/install/rpyutils:/home/khushant/ros2_iron/install/rosidl_runtime_py:/home/khushant/ros2_iron/install/rosidl_pycommon:/home/khushant/ros2_iron/install/rosidl_cli:/home/khushant/ros2_iron/install/launch_pytest:/home/khushant/ros2_iron/install/launch_testing:/home/khushant/ros2_iron/install/launch_yaml:/home/khushant/ros2_iron/install/launch_xml:/home/khushant/ros2_iron/install/launch:/home/khushant/ros2_iron/install/osrf_pycommon:/home/khushant/ros2_iron/install/domain_coordinator:/home/khushant/ros2_iron/install/ament_xmllint:/home/khushant/ros2_iron/install/ament_pyflakes:/home/khushant/ros2_iron/install/ament_pycodestyle:/home/khushant/ros2_iron/install/ament_pep257:/home/khushant/ros2_iron/install/ament_pclint:/home/khushant/ros2_iron/install/ament_package:/home/khushant/ros2_iron/install/ament_mypy:/home/khushant/ros2_iron/install/ament_lint_cmake:/home/khushant/ros2_iron/install/ament_flake8:/home/khushant/ros2_iron/install/ament_copyright:/home/khushant/ros2_iron/install/ament_lint:/home/khushant/ros2_iron/install/ament_index_python:/home/khushant/ros2_iron/install/ament_cpplint:/home/khushant/ros2_iron/install/ament_cppcheck:/home/khushant/ros2_iron/install/ament_clang_tidy:/home/khushant/ros2_iron/install/ament_clang_format:/opt/ros/iron /home/khushant/.local/bin/cmake --build /home/khushant/pid/build/messages -- -j20 -l20
[5.335s] DEBUG:colcon.colcon_core.event_handler.log_command:Invoking command in '/home/khushant/pid/src/controller': PYTHONPATH=/home/khushant/pid/build/controller/prefix_override:/home/khushant/pid/install/controller/lib/python3.10/site-packages:${PYTHONPATH} /usr/bin/python3 setup.py egg_info --egg-base ../../build/controller build --build-base /home/khushant/pid/build/controller/build install --record /home/khushant/pid/build/controller/install.log --single-version-externally-managed
[5.824s] DEBUG:colcon.colcon_core.event_handler.log_command:Invoking command in '/home/khushant/pid/build/messages': CMAKE_PREFIX_PATH=${CMAKE_PREFIX_PATH}:/home/khushant/ros2_iron/install/rqt_bag_plugins:/home/khushant/ros2_iron/install/rqt_bag:/home/khushant/ros2_iron/install/rosbag2_examples_py:/home/khushant/ros2_iron/install/launch_testing_examples:/home/khushant/ros2_iron/install/ros2bag:/home/khushant/ros2_iron/install/tracetools_test:/home/khushant/ros2_iron/install/tracetools_launch:/home/khushant/ros2_iron/install/topic_monitor:/home/khushant/ros2_iron/install/tf2_tools:/home/khushant/ros2_iron/install/examples_tf2_py:/home/khushant/ros2_iron/install/tf2_ros_py:/home/khushant/ros2_iron/install/examples_rclpy_pointcloud_publisher:/home/khushant/ros2_iron/install/sensor_msgs_py:/home/khushant/ros2_iron/install/quality_of_service_demo_py:/home/khushant/ros2_iron/install/rqt_plot:/home/khushant/ros2_iron/install/ros2doctor:/home/khushant/ros2_iron/install/lifecycle_py:/home/khushant/ros2_iron/install/examples_rclpy_minimal_subscriber:/home/khushant/ros2_iron/install/examples_rclpy_minimal_service:/home/khushant/ros2_iron/install/examples_rclpy_minimal_publisher:/home/khushant/ros2_iron/install/examples_rclpy_minimal_client:/home/khushant/ros2_iron/install/examples_rclpy_executors:/home/khushant/ros2_iron/install/demo_nodes_py:/home/khushant/ros2_iron/install/rqt:/home/khushant/ros2_iron/install/ros2component:/home/khushant/ros2_iron/install/sros2:/home/khushant/ros2_iron/install/rqt_topic:/home/khushant/ros2_iron/install/rqt_srv:/home/khushant/ros2_iron/install/rqt_shell:/home/khushant/ros2_iron/install/rqt_service_caller:/home/khushant/ros2_iron/install/rqt_reconfigure:/home/khushant/ros2_iron/install/rqt_py_console:/home/khushant/ros2_iron/install/rqt_publisher:/home/khushant/ros2_iron/install/rqt_action:/home/khushant/ros2_iron/install/rqt_msg:/home/khushant/ros2_iron/install/rqt_console:/home/khushant/ros2_iron/install/rqt_graph:/home/khushant/ros2_iron/install/rqt_gui_py:/home/khushant/ros2_iron/install/rqt_gui:/home/khushant/ros2_iron/install/ros2trace:/home/khushant/ros2_iron/install/ros2topic:/home/khushant/ros2_iron/install/ros2test:/home/khushant/ros2_iron/install/ros2param:/home/khushant/ros2_iron/install/ros2lifecycle:/home/khushant/ros2_iron/install/ros2service:/home/khushant/ros2_iron/install/ros2run:/home/khushant/ros2_iron/install/ros2launch:/home/khushant/ros2_iron/install/ros2pkg:/home/khushant/ros2_iron/install/ros2node:/home/khushant/ros2_iron/install/ros2multicast:/home/khushant/ros2_iron/install/ros2interface:/home/khushant/ros2_iron/install/ros2action:/home/khushant/ros2_iron/install/ros2cli:/home/khushant/ros2_iron/install/launch_testing_ros:/home/khushant/ros2_iron/install/launch_ros:/home/khushant/ros2_iron/install/examples_rclpy_minimal_action_server:/home/khushant/ros2_iron/install/examples_rclpy_minimal_action_client:/home/khushant/ros2_iron/install/examples_rclpy_guard_conditions:/home/khushant/ros2_iron/install/action_tutorials_py:/home/khushant/ros2_iron/install/ament_uncrustify:/home/khushant/ros2_iron/install/tracetools_trace:/home/khushant/ros2_iron/install/tracetools_read:/home/khushant/ros2_iron/install/test_tracetools_launch:/home/khushant/ros2_iron/install/test_ros2trace:/home/khushant/ros2_iron/install/test_launch_ros:/home/khushant/ros2_iron/install/rpyutils:/home/khushant/ros2_iron/install/rosidl_runtime_py:/home/khushant/ros2_iron/install/rosidl_pycommon:/home/khushant/ros2_iron/install/rosidl_cli:/home/khushant/ros2_iron/install/launch_pytest:/home/khushant/ros2_iron/install/launch_testing:/home/khushant/ros2_iron/install/launch_yaml:/home/khushant/ros2_iron/install/launch_xml:/home/khushant/ros2_iron/install/launch:/home/khushant/ros2_iron/install/osrf_pycommon:/home/khushant/ros2_iron/install/domain_coordinator:/home/khushant/ros2_iron/install/ament_xmllint:/home/khushant/ros2_iron/install/ament_pyflakes:/home/khushant/ros2_iron/install/ament_pycodestyle:/home/khushant/ros2_iron/install/ament_pep257:/home/khushant/ros2_iron/install/ament_pclint:/home/khushant/ros2_iron/install/ament_package:/home/khushant/ros2_iron/install/ament_mypy:/home/khushant/ros2_iron/install/ament_lint_cmake:/home/khushant/ros2_iron/install/ament_flake8:/home/khushant/ros2_iron/install/ament_copyright:/home/khushant/ros2_iron/install/ament_lint:/home/khushant/ros2_iron/install/ament_index_python:/home/khushant/ros2_iron/install/ament_cpplint:/home/khushant/ros2_iron/install/ament_cppcheck:/home/khushant/ros2_iron/install/ament_clang_tidy:/home/khushant/ros2_iron/install/ament_clang_format:/opt/ros/iron /home/khushant/.local/bin/cmake --install /home/khushant/pid/build/messages
[5.955s] DEBUG:colcon.colcon_core.event_handler.log_command:Invoked command in '/home/khushant/pid/src/controller' returned '0': PYTHONPATH=/home/khushant/pid/build/controller/prefix_override:/home/khushant/pid/install/controller/lib/python3.10/site-packages:${PYTHONPATH} /usr/bin/python3 setup.py egg_info --egg-base ../../build/controller build --build-base /home/khushant/pid/build/controller/build install --record /home/khushant/pid/build/controller/install.log --single-version-externally-managed
[5.995s] Level 1:colcon.colcon_core.environment:checking '/home/khushant/pid/install/controller' for CMake module files
[5.996s] Level 1:colcon.colcon_core.environment:checking '/home/khushant/pid/install/controller' for CMake config files
[5.996s] Level 1:colcon.colcon_core.environment:checking '/home/khushant/pid/install/controller/lib'
[5.997s] Level 1:colcon.colcon_core.environment:checking '/home/khushant/pid/install/controller/bin'
[5.997s] Level 1:colcon.colcon_core.environment:checking '/home/khushant/pid/install/controller/lib/pkgconfig/controller.pc'
[5.997s] Level 1:colcon.colcon_core.environment:checking '/home/khushant/pid/install/controller/lib/python3.10/site-packages'
[5.997s] Level 1:colcon.colcon_core.shell:create_environment_hook('controller', 'pythonpath')
[6.060s] INFO:colcon.colcon_core.shell:Creating environment hook '/home/khushant/pid/install/controller/share/controller/hook/pythonpath.ps1'
[6.060s] INFO:colcon.colcon_core.shell:Creating environment descriptor '/home/khushant/pid/install/controller/share/controller/hook/pythonpath.dsv'
[6.061s] INFO:colcon.colcon_core.shell:Creating environment hook '/home/khushant/pid/install/controller/share/controller/hook/pythonpath.sh'
[6.061s] Level 1:colcon.colcon_core.environment:checking '/home/khushant/pid/install/controller/bin'
[6.061s] Level 1:colcon.colcon_core.environment:create_environment_scripts_only(controller)
[6.103s] INFO:colcon.colcon_core.shell:Creating package script '/home/khushant/pid/install/controller/share/controller/package.ps1'
[6.104s] INFO:colcon.colcon_core.shell:Creating package descriptor '/home/khushant/pid/install/controller/share/controller/package.dsv'
[6.104s] INFO:colcon.colcon_core.shell:Creating package script '/home/khushant/pid/install/controller/share/controller/package.sh'
[6.105s] INFO:colcon.colcon_core.shell:Creating package script '/home/khushant/pid/install/controller/share/controller/package.bash'
[6.106s] INFO:colcon.colcon_core.shell:Creating package script '/home/khushant/pid/install/controller/share/controller/package.zsh'
[6.107s] Level 1:colcon.colcon_core.environment:create_file_with_runtime_dependencies(/home/khushant/pid/install/controller/share/colcon-core/packages/controller)
[6.109s] Level 1:colcon.colcon_core.environment:create_environment_scripts_only(messages)
[6.110s] DEBUG:colcon.colcon_core.event_handler.log_command:Invoked command in '/home/khushant/pid/build/messages' returned '0': CMAKE_PREFIX_PATH=${CMAKE_PREFIX_PATH}:/home/khushant/ros2_iron/install/rqt_bag_plugins:/home/khushant/ros2_iron/install/rqt_bag:/home/khushant/ros2_iron/install/rosbag2_examples_py:/home/khushant/ros2_iron/install/launch_testing_examples:/home/khushant/ros2_iron/install/ros2bag:/home/khushant/ros2_iron/install/tracetools_test:/home/khushant/ros2_iron/install/tracetools_launch:/home/khushant/ros2_iron/install/topic_monitor:/home/khushant/ros2_iron/install/tf2_tools:/home/khushant/ros2_iron/install/examples_tf2_py:/home/khushant/ros2_iron/install/tf2_ros_py:/home/khushant/ros2_iron/install/examples_rclpy_pointcloud_publisher:/home/khushant/ros2_iron/install/sensor_msgs_py:/home/khushant/ros2_iron/install/quality_of_service_demo_py:/home/khushant/ros2_iron/install/rqt_plot:/home/khushant/ros2_iron/install/ros2doctor:/home/khushant/ros2_iron/install/lifecycle_py:/home/khushant/ros2_iron/install/examples_rclpy_minimal_subscriber:/home/khushant/ros2_iron/install/examples_rclpy_minimal_service:/home/khushant/ros2_iron/install/examples_rclpy_minimal_publisher:/home/khushant/ros2_iron/install/examples_rclpy_minimal_client:/home/khushant/ros2_iron/install/examples_rclpy_executors:/home/khushant/ros2_iron/install/demo_nodes_py:/home/khushant/ros2_iron/install/rqt:/home/khushant/ros2_iron/install/ros2component:/home/khushant/ros2_iron/install/sros2:/home/khushant/ros2_iron/install/rqt_topic:/home/khushant/ros2_iron/install/rqt_srv:/home/khushant/ros2_iron/install/rqt_shell:/home/khushant/ros2_iron/install/rqt_service_caller:/home/khushant/ros2_iron/install/rqt_reconfigure:/home/khushant/ros2_iron/install/rqt_py_console:/home/khushant/ros2_iron/install/rqt_publisher:/home/khushant/ros2_iron/install/rqt_action:/home/khushant/ros2_iron/install/rqt_msg:/home/khushant/ros2_iron/install/rqt_console:/home/khushant/ros2_iron/install/rqt_graph:/home/khushant/ros2_iron/install/rqt_gui_py:/home/khushant/ros2_iron/install/rqt_gui:/home/khushant/ros2_iron/install/ros2trace:/home/khushant/ros2_iron/install/ros2topic:/home/khushant/ros2_iron/install/ros2test:/home/khushant/ros2_iron/install/ros2param:/home/khushant/ros2_iron/install/ros2lifecycle:/home/khushant/ros2_iron/install/ros2service:/home/khushant/ros2_iron/install/ros2run:/home/khushant/ros2_iron/install/ros2launch:/home/khushant/ros2_iron/install/ros2pkg:/home/khushant/ros2_iron/install/ros2node:/home/khushant/ros2_iron/install/ros2multicast:/home/khushant/ros2_iron/install/ros2interface:/home/khushant/ros2_iron/install/ros2action:/home/khushant/ros2_iron/install/ros2cli:/home/khushant/ros2_iron/install/launch_testing_ros:/home/khushant/ros2_iron/install/launch_ros:/home/khushant/ros2_iron/install/examples_rclpy_minimal_action_server:/home/khushant/ros2_iron/install/examples_rclpy_minimal_action_client:/home/khushant/ros2_iron/install/examples_rclpy_guard_conditions:/home/khushant/ros2_iron/install/action_tutorials_py:/home/khushant/ros2_iron/install/ament_uncrustify:/home/khushant/ros2_iron/install/tracetools_trace:/home/khushant/ros2_iron/install/tracetools_read:/home/khushant/ros2_iron/install/test_tracetools_launch:/home/khushant/ros2_iron/install/test_ros2trace:/home/khushant/ros2_iron/install/test_launch_ros:/home/khushant/ros2_iron/install/rpyutils:/home/khushant/ros2_iron/install/rosidl_runtime_py:/home/khushant/ros2_iron/install/rosidl_pycommon:/home/khushant/ros2_iron/install/rosidl_cli:/home/khushant/ros2_iron/install/launch_pytest:/home/khushant/ros2_iron/install/launch_testing:/home/khushant/ros2_iron/install/launch_yaml:/home/khushant/ros2_iron/install/launch_xml:/home/khushant/ros2_iron/install/launch:/home/khushant/ros2_iron/install/osrf_pycommon:/home/khushant/ros2_iron/install/domain_coordinator:/home/khushant/ros2_iron/install/ament_xmllint:/home/khushant/ros2_iron/install/ament_pyflakes:/home/khushant/ros2_iron/install/ament_pycodestyle:/home/khushant/ros2_iron/install/ament_pep257:/home/khushant/ros2_iron/install/ament_pclint:/home/khushant/ros2_iron/install/ament_package:/home/khushant/ros2_iron/install/ament_mypy:/home/khushant/ros2_iron/install/ament_lint_cmake:/home/khushant/ros2_iron/install/ament_flake8:/home/khushant/ros2_iron/install/ament_copyright:/home/khushant/ros2_iron/install/ament_lint:/home/khushant/ros2_iron/install/ament_index_python:/home/khushant/ros2_iron/install/ament_cpplint:/home/khushant/ros2_iron/install/ament_cppcheck:/home/khushant/ros2_iron/install/ament_clang_tidy:/home/khushant/ros2_iron/install/ament_clang_format:/opt/ros/iron /home/khushant/.local/bin/cmake --install /home/khushant/pid/build/messages
[6.145s] Level 1:colcon.colcon_core.environment:checking '/home/khushant/pid/install/messages' for CMake module files
[6.146s] Level 1:colcon.colcon_core.environment:checking '/home/khushant/pid/install/messages' for CMake config files
[6.147s] Level 1:colcon.colcon_core.shell:create_environment_hook('messages', 'cmake_prefix_path')
[6.179s] INFO:colcon.colcon_core.shell:Creating environment hook '/home/khushant/pid/install/messages/share/messages/hook/cmake_prefix_path.ps1'
[6.180s] INFO:colcon.colcon_core.shell:Creating environment descriptor '/home/khushant/pid/install/messages/share/messages/hook/cmake_prefix_path.dsv'
[6.180s] INFO:colcon.colcon_core.shell:Creating environment hook '/home/khushant/pid/install/messages/share/messages/hook/cmake_prefix_path.sh'
[6.181s] Level 1:colcon.colcon_core.environment:checking '/home/khushant/pid/install/messages/lib'
[6.181s] Level 1:colcon.colcon_core.shell:create_environment_hook('messages', 'ld_library_path_lib')
[6.213s] INFO:colcon.colcon_core.shell:Creating environment hook '/home/khushant/pid/install/messages/share/messages/hook/ld_library_path_lib.ps1'
[6.213s] INFO:colcon.colcon_core.shell:Creating environment descriptor '/home/khushant/pid/install/messages/share/messages/hook/ld_library_path_lib.dsv'
[6.213s] INFO:colcon.colcon_core.shell:Creating environment hook '/home/khushant/pid/install/messages/share/messages/hook/ld_library_path_lib.sh'
[6.214s] Level 1:colcon.colcon_core.environment:checking '/home/khushant/pid/install/messages/bin'
[6.214s] Level 1:colcon.colcon_core.environment:checking '/home/khushant/pid/install/messages/lib/pkgconfig/messages.pc'
[6.214s] Level 1:colcon.colcon_core.environment:checking '/home/khushant/pid/install/messages/lib/python3.10/site-packages'
[6.214s] Level 1:colcon.colcon_core.shell:create_environment_hook('messages', 'pythonpath')
[6.250s] INFO:colcon.colcon_core.shell:Creating environment hook '/home/khushant/pid/install/messages/share/messages/hook/pythonpath.ps1'
[6.251s] INFO:colcon.colcon_core.shell:Creating environment descriptor '/home/khushant/pid/install/messages/share/messages/hook/pythonpath.dsv'
[6.251s] INFO:colcon.colcon_core.shell:Creating environment hook '/home/khushant/pid/install/messages/share/messages/hook/pythonpath.sh'
[6.251s] Level 1:colcon.colcon_core.environment:checking '/home/khushant/pid/install/messages/bin'
[6.284s] INFO:colcon.colcon_core.shell:Creating package script '/home/khushant/pid/install/messages/share/messages/package.ps1'
[6.284s] INFO:colcon.colcon_core.shell:Creating package descriptor '/home/khushant/pid/install/messages/share/messages/package.dsv'
[6.285s] INFO:colcon.colcon_core.shell:Creating package script '/home/khushant/pid/install/messages/share/messages/package.sh'
[6.286s] INFO:colcon.colcon_core.shell:Creating package script '/home/khushant/pid/install/messages/share/messages/package.bash'
[6.286s] INFO:colcon.colcon_core.shell:Creating package script '/home/khushant/pid/install/messages/share/messages/package.zsh'
[6.286s] Level 1:colcon.colcon_core.environment:create_file_with_runtime_dependencies(/home/khushant/pid/install/messages/share/colcon-core/packages/messages)
[6.770s] Level 1:colcon.colcon_core.environment:create_environment_scripts_only(messages)
[6.801s] Level 1:colcon.colcon_core.environment:checking '/home/khushant/pid/install/messages' for CMake module files
[6.802s] Level 1:colcon.colcon_core.environment:checking '/home/khushant/pid/install/messages' for CMake config files
[6.803s] Level 1:colcon.colcon_core.shell:create_environment_hook('messages', 'cmake_prefix_path')
[6.834s] INFO:colcon.colcon_core.shell:Creating environment hook '/home/khushant/pid/install/messages/share/messages/hook/cmake_prefix_path.ps1'
[6.835s] INFO:colcon.colcon_core.shell:Creating environment descriptor '/home/khushant/pid/install/messages/share/messages/hook/cmake_prefix_path.dsv'
[6.835s] INFO:colcon.colcon_core.shell:Creating environment hook '/home/khushant/pid/install/messages/share/messages/hook/cmake_prefix_path.sh'
[6.836s] Level 1:colcon.colcon_core.environment:checking '/home/khushant/pid/install/messages/lib'
[6.836s] Level 1:colcon.colcon_core.shell:create_environment_hook('messages', 'ld_library_path_lib')
[6.869s] INFO:colcon.colcon_core.shell:Creating environment hook '/home/khushant/pid/install/messages/share/messages/hook/ld_library_path_lib.ps1'
[6.869s] INFO:colcon.colcon_core.shell:Creating environment descriptor '/home/khushant/pid/install/messages/share/messages/hook/ld_library_path_lib.dsv'
[6.869s] INFO:colcon.colcon_core.shell:Creating environment hook '/home/khushant/pid/install/messages/share/messages/hook/ld_library_path_lib.sh'
[6.870s] Level 1:colcon.colcon_core.environment:checking '/home/khushant/pid/install/messages/bin'
[6.870s] Level 1:colcon.colcon_core.environment:checking '/home/khushant/pid/install/messages/lib/pkgconfig/messages.pc'
[6.870s] Level 1:colcon.colcon_core.environment:checking '/home/khushant/pid/install/messages/lib/python3.10/site-packages'
[6.870s] Level 1:colcon.colcon_core.shell:create_environment_hook('messages', 'pythonpath')
[6.903s] INFO:colcon.colcon_core.shell:Creating environment hook '/home/khushant/pid/install/messages/share/messages/hook/pythonpath.ps1'
[6.904s] INFO:colcon.colcon_core.shell:Creating environment descriptor '/home/khushant/pid/install/messages/share/messages/hook/pythonpath.dsv'
[6.904s] INFO:colcon.colcon_core.shell:Creating environment hook '/home/khushant/pid/install/messages/share/messages/hook/pythonpath.sh'
[6.905s] Level 1:colcon.colcon_core.environment:checking '/home/khushant/pid/install/messages/bin'
[6.937s] INFO:colcon.colcon_core.shell:Creating package script '/home/khushant/pid/install/messages/share/messages/package.ps1'
[6.938s] INFO:colcon.colcon_core.shell:Creating package descriptor '/home/khushant/pid/install/messages/share/messages/package.dsv'
[6.939s] INFO:colcon.colcon_core.shell:Creating package script '/home/khushant/pid/install/messages/share/messages/package.sh'
[6.939s] INFO:colcon.colcon_core.shell:Creating package script '/home/khushant/pid/install/messages/share/messages/package.bash'
[6.940s] INFO:colcon.colcon_core.shell:Creating package script '/home/khushant/pid/install/messages/share/messages/package.zsh'
[6.940s] Level 1:colcon.colcon_core.environment:create_file_with_runtime_dependencies(/home/khushant/pid/install/messages/share/colcon-core/packages/messages)
[6.940s] DEBUG:colcon.colcon_parallel_executor.executor.parallel:closing loop
[6.940s] DEBUG:colcon.colcon_parallel_executor.executor.parallel:loop closed
[6.941s] DEBUG:colcon.colcon_parallel_executor.executor.parallel:run_until_complete finished with '0'
[6.941s] DEBUG:colcon.colcon_core.event_reactor:joining thread
[7.135s] INFO:colcon.colcon_core.plugin_system:Skipping extension 'colcon_notification.desktop_notification.notify_send': Could not find 'notify-send'
[7.135s] INFO:colcon.colcon_core.plugin_system:Skipping extension 'colcon_notification.desktop_notification.terminal_notifier': Not used on non-Darwin systems
[7.136s] INFO:colcon.colcon_core.plugin_system:Skipping extension 'colcon_notification.desktop_notification.win32': Not used on non-Windows systems
[7.136s] INFO:colcon.colcon_notification.desktop_notification:Sending desktop notification using 'notify2'
[141.068s] DEBUG:colcon.colcon_notification.desktop_notification.notify2:Failed to initialize notify2: org.freedesktop.DBus.Error.Spawn.ExecFailed: /usr/bin/dbus-launch terminated abnormally with the following error: Autolaunch error: X11 initialization failed.

[141.069s] DEBUG:colcon.colcon_core.event_reactor:joined thread
[141.156s] INFO:colcon.colcon_core.shell:Creating prefix script '/home/khushant/pid/install/local_setup.ps1'
[141.158s] INFO:colcon.colcon_core.shell:Creating prefix util module '/home/khushant/pid/install/_local_setup_util_ps1.py'
[141.159s] INFO:colcon.colcon_core.shell:Creating prefix chain script '/home/khushant/pid/install/setup.ps1'
[141.204s] INFO:colcon.colcon_core.shell:Creating prefix script '/home/khushant/pid/install/local_setup.sh'
[141.205s] INFO:colcon.colcon_core.shell:Creating prefix util module '/home/khushant/pid/install/_local_setup_util_sh.py'
[141.206s] INFO:colcon.colcon_core.shell:Creating prefix chain script '/home/khushant/pid/install/setup.sh'
[141.249s] INFO:colcon.colcon_core.shell:Creating prefix script '/home/khushant/pid/install/local_setup.bash'
[141.250s] INFO:colcon.colcon_core.shell:Creating prefix chain script '/home/khushant/pid/install/setup.bash'
[141.290s] INFO:colcon.colcon_core.shell:Creating prefix script '/home/khushant/pid/install/local_setup.zsh'
[141.291s] INFO:colcon.colcon_core.shell:Creating prefix chain script '/home/khushant/pid/install/setup.zsh'
