[1.919s] Invoking command in '/home/khushant/pid/src/controller': PYTHONPATH=/home/khushant/pid/build/controller/prefix_override:/home/khushant/pid/install/controller/lib/python3.10/site-packages:${PYTHONPATH} /usr/bin/python3 setup.py egg_info --egg-base ../../build/controller build --build-base /home/khushant/pid/build/controller/build install --record /home/khushant/pid/build/controller/install.log --single-version-externally-managed
[2.455s] running egg_info
[2.456s] writing ../../build/controller/controller.egg-info/PKG-INFO
[2.456s] writing dependency_links to ../../build/controller/controller.egg-info/dependency_links.txt
[2.456s] writing entry points to ../../build/controller/controller.egg-info/entry_points.txt
[2.456s] writing requirements to ../../build/controller/controller.egg-info/requires.txt
[2.457s] writing top-level names to ../../build/controller/controller.egg-info/top_level.txt
[2.459s] reading manifest file '../../build/controller/controller.egg-info/SOURCES.txt'
[2.460s] writing manifest file '../../build/controller/controller.egg-info/SOURCES.txt'
[2.460s] running build
[2.460s] running build_py
[2.461s] copying controller/ref.py -> /home/khushant/pid/build/controller/build/lib/controller
[2.461s] copying controller/system.py -> /home/khushant/pid/build/controller/build/lib/controller
[2.461s] copying controller/pid.py -> /home/khushant/pid/build/controller/build/lib/controller
[2.461s] running install
[2.461s] running install_lib
[2.462s] copying /home/khushant/pid/build/controller/build/lib/controller/ref.py -> /home/khushant/pid/install/controller/lib/python3.10/site-packages/controller
[2.462s] copying /home/khushant/pid/build/controller/build/lib/controller/system.py -> /home/khushant/pid/install/controller/lib/python3.10/site-packages/controller
[2.463s] copying /home/khushant/pid/build/controller/build/lib/controller/pid.py -> /home/khushant/pid/install/controller/lib/python3.10/site-packages/controller
[2.465s] byte-compiling /home/khushant/pid/install/controller/lib/python3.10/site-packages/controller/ref.py to ref.cpython-310.pyc
[2.465s] byte-compiling /home/khushant/pid/install/controller/lib/python3.10/site-packages/controller/system.py to system.cpython-310.pyc
[2.466s] byte-compiling /home/khushant/pid/install/controller/lib/python3.10/site-packages/controller/pid.py to pid.cpython-310.pyc
[2.466s] running install_data
[2.468s] running install_egg_info
[2.472s] removing '/home/khushant/pid/install/controller/lib/python3.10/site-packages/controller-0.0.0-py3.10.egg-info' (and everything under it)
[2.472s] Copying ../../build/controller/controller.egg-info to /home/khushant/pid/install/controller/lib/python3.10/site-packages/controller-0.0.0-py3.10.egg-info
[2.473s] running install_scripts
[2.510s] Installing pid script to /home/khushant/pid/install/controller/lib/controller
[2.510s] Installing ref script to /home/khushant/pid/install/controller/lib/controller
[2.510s] Installing system script to /home/khushant/pid/install/controller/lib/controller
[2.511s] writing list of installed files to '/home/khushant/pid/build/controller/install.log'
[2.542s] Invoked command in '/home/khushant/pid/src/controller' returned '0': PYTHONPATH=/home/khushant/pid/build/controller/prefix_override:/home/khushant/pid/install/controller/lib/python3.10/site-packages:${PYTHONPATH} /usr/bin/python3 setup.py egg_info --egg-base ../../build/controller build --build-base /home/khushant/pid/build/controller/build install --record /home/khushant/pid/build/controller/install.log --single-version-externally-managed
