[2.581s] Invoking command in '/home/khushant/pid/build/controller': PYTHONPATH=/home/khushant/pid/build/controller/prefix_override:/home/khushant/pid/install/controller/lib/python3.10/site-packages:${PYTHONPATH} WSLENV=ELECTRON_RUN_AS_NODE/w: /usr/bin/python3 setup.py develop --uninstall --editable --build-directory /home/khushant/pid/build/controller/build
[3.251s] running develop
[3.595s] Removing /home/khushant/pid/install/controller/lib/python3.10/site-packages/controller.egg-link (link to .)
[3.639s] Invoked command in '/home/khushant/pid/build/controller' returned '0': PYTHONPATH=/home/khushant/pid/build/controller/prefix_override:/home/khushant/pid/install/controller/lib/python3.10/site-packages:${PYTHONPATH} WSLENV=ELECTRON_RUN_AS_NODE/w: /usr/bin/python3 setup.py develop --uninstall --editable --build-directory /home/khushant/pid/build/controller/build
[3.642s] Invoking command in '/home/khushant/pid/src/controller': PYTHONPATH=/home/khushant/pid/build/controller/prefix_override:/home/khushant/pid/install/controller/lib/python3.10/site-packages:${PYTHONPATH} WSLENV=ELECTRON_RUN_AS_NODE/w: /usr/bin/python3 setup.py egg_info --egg-base ../../build/controller build --build-base /home/khushant/pid/build/controller/build install --record /home/khushant/pid/build/controller/install.log --single-version-externally-managed
[4.250s] running egg_info
[4.251s] writing ../../build/controller/controller.egg-info/PKG-INFO
[4.251s] writing dependency_links to ../../build/controller/controller.egg-info/dependency_links.txt
[4.252s] writing entry points to ../../build/controller/controller.egg-info/entry_points.txt
[4.252s] writing requirements to ../../build/controller/controller.egg-info/requires.txt
[4.252s] writing top-level names to ../../build/controller/controller.egg-info/top_level.txt
[4.257s] reading manifest file '../../build/controller/controller.egg-info/SOURCES.txt'
[4.259s] writing manifest file '../../build/controller/controller.egg-info/SOURCES.txt'
[4.259s] running build
[4.260s] running build_py
[4.260s] copying controller/ref.py -> /home/khushant/pid/build/controller/build/lib/controller
[4.260s] copying controller/system.py -> /home/khushant/pid/build/controller/build/lib/controller
[4.261s] copying controller/pid.py -> /home/khushant/pid/build/controller/build/lib/controller
[4.261s] running install
[4.262s] running install_lib
[4.264s] creating /home/khushant/pid/install/controller/lib/python3.10/site-packages/controller
[4.264s] copying /home/khushant/pid/build/controller/build/lib/controller/ref.py -> /home/khushant/pid/install/controller/lib/python3.10/site-packages/controller
[4.264s] copying /home/khushant/pid/build/controller/build/lib/controller/system.py -> /home/khushant/pid/install/controller/lib/python3.10/site-packages/controller
[4.264s] copying /home/khushant/pid/build/controller/build/lib/controller/pid.py -> /home/khushant/pid/install/controller/lib/python3.10/site-packages/controller
[4.265s] copying /home/khushant/pid/build/controller/build/lib/controller/__init__.py -> /home/khushant/pid/install/controller/lib/python3.10/site-packages/controller
[4.267s] byte-compiling /home/khushant/pid/install/controller/lib/python3.10/site-packages/controller/ref.py to ref.cpython-310.pyc
[4.267s] byte-compiling /home/khushant/pid/install/controller/lib/python3.10/site-packages/controller/system.py to system.cpython-310.pyc
[4.268s] byte-compiling /home/khushant/pid/install/controller/lib/python3.10/site-packages/controller/pid.py to pid.cpython-310.pyc
[4.269s] byte-compiling /home/khushant/pid/install/controller/lib/python3.10/site-packages/controller/__init__.py to __init__.cpython-310.pyc
[4.269s] running install_data
[4.271s] running install_egg_info
[4.276s] Copying ../../build/controller/controller.egg-info to /home/khushant/pid/install/controller/lib/python3.10/site-packages/controller-0.0.0-py3.10.egg-info
[4.278s] running install_scripts
[4.327s] Installing pid script to /home/khushant/pid/install/controller/lib/controller
[4.327s] Installing ref script to /home/khushant/pid/install/controller/lib/controller
[4.328s] Installing system script to /home/khushant/pid/install/controller/lib/controller
[4.328s] writing list of installed files to '/home/khushant/pid/build/controller/install.log'
[4.364s] Invoked command in '/home/khushant/pid/src/controller' returned '0': PYTHONPATH=/home/khushant/pid/build/controller/prefix_override:/home/khushant/pid/install/controller/lib/python3.10/site-packages:${PYTHONPATH} WSLENV=ELECTRON_RUN_AS_NODE/w: /usr/bin/python3 setup.py egg_info --egg-base ../../build/controller build --build-base /home/khushant/pid/build/controller/build install --record /home/khushant/pid/build/controller/install.log --single-version-externally-managed
