-- Found ament_cmake: 2.0.3 (/home/khushant/ros2_iron/install/ament_cmake/share/ament_cmake/cmake)
-- Override CMake install command with custom implementation using symlinks instead of copying resources
-- Found rosidl_default_generators: 1.5.0 (/home/khushant/ros2_iron/install/rosidl_default_generators/share/rosidl_default_generators/cmake)
-- Using all available rosidl_typesupport_c: rosidl_typesupport_introspection_c;rosidl_typesupport_fastrtps_c
-- Using all available rosidl_typesupport_cpp: rosidl_typesupport_introspection_cpp;rosidl_typesupport_fastrtps_cpp
-- Found rosidl_adapter: 4.0.1 (/home/khushant/ros2_iron/install/rosidl_adapter/share/rosidl_adapter/cmake)
-- Found ament_cmake_ros: 0.11.2 (/home/khushant/ros2_iron/install/ament_cmake_ros/share/ament_cmake_ros/cmake)
-- Using all available rosidl_typesupport_c: rosidl_typesupport_introspection_c;rosidl_typesupport_fastrtps_c
-- Using all available rosidl_typesupport_cpp: rosidl_typesupport_introspection_cpp;rosidl_typesupport_fastrtps_cpp
-- Found python_cmake_module: 0.10.2 (/home/khushant/ros2_iron/install/python_cmake_module/share/python_cmake_module/cmake)
-- Using PYTHON_EXECUTABLE: /usr/bin/python3
-- Using PYTHON_INCLUDE_DIRS: /usr/include/python3.10
-- Using PYTHON_LIBRARIES: /usr/lib/x86_64-linux-gnu/libpython3.10.so
-- Configuring done (2.1s)
-- Generating done (0.0s)
-- Build files have been written to: /home/khushant/pid/build/messages
[  1%] [34m[1mGenerating type hashes for ROS interfaces[0m
[  1%] Built target ament_cmake_python_symlink_messages
[  1%] Built target messages__rosidl_generator_type_description
[  2%] [34m[1mGenerating C code for ROS interfaces[0m
[  4%] [34m[1mGenerating C++ code for ROS interfaces[0m
running egg_info
writing messages.egg-info/PKG-INFO
writing dependency_links to messages.egg-info/dependency_links.txt
writing top-level names to messages.egg-info/top_level.txt
reading manifest file 'messages.egg-info/SOURCES.txt'
writing manifest file 'messages.egg-info/SOURCES.txt'
[  4%] Built target ament_cmake_python_build_messages_egg
[  4%] Built target messages__cpp
[  5%] [32mBuilding C object CMakeFiles/messages__rosidl_generator_c.dir/rosidl_generator_c/messages/msg/detail/refsignal__description.c.o[0m
[  6%] [32mBuilding C object CMakeFiles/messages__rosidl_generator_c.dir/rosidl_generator_c/messages/msg/detail/pidsignal__functions.c.o[0m
[  8%] [32mBuilding C object CMakeFiles/messages__rosidl_generator_c.dir/rosidl_generator_c/messages/msg/detail/pidsignal__type_support.c.o[0m
[  9%] [32mBuilding C object CMakeFiles/messages__rosidl_generator_c.dir/rosidl_generator_c/messages/msg/detail/systemsignal__type_support.c.o[0m
[ 10%] [32mBuilding C object CMakeFiles/messages__rosidl_generator_c.dir/rosidl_generator_c/messages/msg/detail/pidsignal__description.c.o[0m
[ 12%] [32mBuilding C object CMakeFiles/messages__rosidl_generator_c.dir/rosidl_generator_c/messages/msg/detail/systemsignal__description.c.o[0m
[ 13%] [32mBuilding C object CMakeFiles/messages__rosidl_generator_c.dir/rosidl_generator_c/messages/msg/detail/refsignal__functions.c.o[0m
[ 14%] [32mBuilding C object CMakeFiles/messages__rosidl_generator_c.dir/rosidl_generator_c/messages/msg/detail/refsignal__type_support.c.o[0m
[ 16%] [32mBuilding C object CMakeFiles/messages__rosidl_generator_c.dir/rosidl_generator_c/messages/msg/detail/systemsignal__functions.c.o[0m
[ 17%] [32mBuilding C object CMakeFiles/messages__rosidl_generator_c.dir/rosidl_generator_c/messages/msg/detail/noise__description.c.o[0m
[ 18%] [32mBuilding C object CMakeFiles/messages__rosidl_generator_c.dir/rosidl_generator_c/messages/msg/detail/noise__type_support.c.o[0m
[ 20%] [32mBuilding C object CMakeFiles/messages__rosidl_generator_c.dir/rosidl_generator_c/messages/msg/detail/filter__type_support.c.o[0m
[ 21%] [32mBuilding C object CMakeFiles/messages__rosidl_generator_c.dir/rosidl_generator_c/messages/msg/detail/noise__functions.c.o[0m
[ 22%] [32mBuilding C object CMakeFiles/messages__rosidl_generator_c.dir/rosidl_generator_c/messages/msg/detail/filter__description.c.o[0m
[ 24%] [32mBuilding C object CMakeFiles/messages__rosidl_generator_c.dir/rosidl_generator_c/messages/msg/detail/filter__functions.c.o[0m
[ 25%] [32m[1mLinking C shared library libmessages__rosidl_generator_c.so[0m
[ 25%] Built target messages__rosidl_generator_c
[ 27%] [34m[1mGenerating C++ type support dispatch for ROS interfaces[0m
[ 28%] [34m[1mGenerating C introspection for ROS interfaces[0m
[ 29%] [34m[1mGenerating C type support dispatch for ROS interfaces[0m
[ 31%] [34m[1mGenerating C type support for eProsima Fast-RTPS[0m
[ 32%] [34m[1mGenerating C++ introspection for ROS interfaces[0m
[ 33%] [34m[1mGenerating C++ type support for eProsima Fast-RTPS[0m
[ 35%] [32mBuilding CXX object CMakeFiles/messages__rosidl_typesupport_c.dir/rosidl_typesupport_c/messages/msg/pidsignal__type_support.cpp.o[0m
[ 36%] [32mBuilding CXX object CMakeFiles/messages__rosidl_typesupport_c.dir/rosidl_typesupport_c/messages/msg/noise__type_support.cpp.o[0m
[ 39%] [32mBuilding CXX object CMakeFiles/messages__rosidl_typesupport_c.dir/rosidl_typesupport_c/messages/msg/refsignal__type_support.cpp.o[0m
[ 39%] [32mBuilding CXX object CMakeFiles/messages__rosidl_typesupport_c.dir/rosidl_typesupport_c/messages/msg/systemsignal__type_support.cpp.o[0m
[ 40%] [32mBuilding CXX object CMakeFiles/messages__rosidl_typesupport_c.dir/rosidl_typesupport_c/messages/msg/filter__type_support.cpp.o[0m
[ 41%] [32mBuilding CXX object CMakeFiles/messages__rosidl_typesupport_cpp.dir/rosidl_typesupport_cpp/messages/msg/systemsignal__type_support.cpp.o[0m
[ 43%] [32mBuilding CXX object CMakeFiles/messages__rosidl_typesupport_cpp.dir/rosidl_typesupport_cpp/messages/msg/refsignal__type_support.cpp.o[0m
[ 44%] [32mBuilding CXX object CMakeFiles/messages__rosidl_typesupport_cpp.dir/rosidl_typesupport_cpp/messages/msg/pidsignal__type_support.cpp.o[0m
[ 45%] [32mBuilding CXX object CMakeFiles/messages__rosidl_typesupport_cpp.dir/rosidl_typesupport_cpp/messages/msg/noise__type_support.cpp.o[0m
[ 47%] [32mBuilding CXX object CMakeFiles/messages__rosidl_typesupport_cpp.dir/rosidl_typesupport_cpp/messages/msg/filter__type_support.cpp.o[0m
[ 48%] [32mBuilding CXX object CMakeFiles/messages__rosidl_typesupport_introspection_cpp.dir/rosidl_typesupport_introspection_cpp/messages/msg/detail/refsignal__type_support.cpp.o[0m
[ 50%] [32mBuilding CXX object CMakeFiles/messages__rosidl_typesupport_introspection_cpp.dir/rosidl_typesupport_introspection_cpp/messages/msg/detail/pidsignal__type_support.cpp.o[0m
[ 51%] [32mBuilding CXX object CMakeFiles/messages__rosidl_typesupport_introspection_cpp.dir/rosidl_typesupport_introspection_cpp/messages/msg/detail/noise__type_support.cpp.o[0m
[ 52%] [32mBuilding CXX object CMakeFiles/messages__rosidl_typesupport_introspection_cpp.dir/rosidl_typesupport_introspection_cpp/messages/msg/detail/systemsignal__type_support.cpp.o[0m
[ 54%] [32mBuilding CXX object CMakeFiles/messages__rosidl_typesupport_introspection_cpp.dir/rosidl_typesupport_introspection_cpp/messages/msg/detail/filter__type_support.cpp.o[0m
[ 55%] [32mBuilding CXX object CMakeFiles/messages__rosidl_typesupport_fastrtps_c.dir/rosidl_typesupport_fastrtps_c/messages/msg/detail/refsignal__type_support_c.cpp.o[0m
[ 56%] [32mBuilding CXX object CMakeFiles/messages__rosidl_typesupport_fastrtps_c.dir/rosidl_typesupport_fastrtps_c/messages/msg/detail/filter__type_support_c.cpp.o[0m
[ 58%] [32mBuilding CXX object CMakeFiles/messages__rosidl_typesupport_fastrtps_c.dir/rosidl_typesupport_fastrtps_c/messages/msg/detail/pidsignal__type_support_c.cpp.o[0m
[ 59%] [32mBuilding CXX object CMakeFiles/messages__rosidl_typesupport_fastrtps_c.dir/rosidl_typesupport_fastrtps_c/messages/msg/detail/noise__type_support_c.cpp.o[0m
[ 60%] [32mBuilding CXX object CMakeFiles/messages__rosidl_typesupport_fastrtps_c.dir/rosidl_typesupport_fastrtps_c/messages/msg/detail/systemsignal__type_support_c.cpp.o[0m
[ 63%] [32mBuilding C object CMakeFiles/messages__rosidl_typesupport_introspection_c.dir/rosidl_typesupport_introspection_c/messages/msg/detail/refsignal__type_support.c.o[0m
[ 64%] [32mBuilding C object CMakeFiles/messages__rosidl_typesupport_introspection_c.dir/rosidl_typesupport_introspection_c/messages/msg/detail/pidsignal__type_support.c.o[0m
[ 64%] [32mBuilding C object CMakeFiles/messages__rosidl_typesupport_introspection_c.dir/rosidl_typesupport_introspection_c/messages/msg/detail/systemsignal__type_support.c.o[0m
[ 66%] [32mBuilding C object CMakeFiles/messages__rosidl_typesupport_introspection_c.dir/rosidl_typesupport_introspection_c/messages/msg/detail/filter__type_support.c.o[0m
[ 67%] [32mBuilding C object CMakeFiles/messages__rosidl_typesupport_introspection_c.dir/rosidl_typesupport_introspection_c/messages/msg/detail/noise__type_support.c.o[0m
[ 68%] [32mBuilding CXX object CMakeFiles/messages__rosidl_typesupport_fastrtps_cpp.dir/rosidl_typesupport_fastrtps_cpp/messages/msg/detail/dds_fastrtps/refsignal__type_support.cpp.o[0m
[ 70%] [32mBuilding CXX object CMakeFiles/messages__rosidl_typesupport_fastrtps_cpp.dir/rosidl_typesupport_fastrtps_cpp/messages/msg/detail/dds_fastrtps/systemsignal__type_support.cpp.o[0m
[ 71%] [32mBuilding CXX object CMakeFiles/messages__rosidl_typesupport_fastrtps_cpp.dir/rosidl_typesupport_fastrtps_cpp/messages/msg/detail/dds_fastrtps/pidsignal__type_support.cpp.o[0m
[ 72%] [32mBuilding CXX object CMakeFiles/messages__rosidl_typesupport_fastrtps_cpp.dir/rosidl_typesupport_fastrtps_cpp/messages/msg/detail/dds_fastrtps/filter__type_support.cpp.o[0m
[ 74%] [32mBuilding CXX object CMakeFiles/messages__rosidl_typesupport_fastrtps_cpp.dir/rosidl_typesupport_fastrtps_cpp/messages/msg/detail/dds_fastrtps/noise__type_support.cpp.o[0m
[ 75%] [32m[1mLinking CXX shared library libmessages__rosidl_typesupport_c.so[0m
[ 77%] [32m[1mLinking C shared library libmessages__rosidl_typesupport_introspection_c.so[0m
[ 78%] [32m[1mLinking CXX shared library libmessages__rosidl_typesupport_cpp.so[0m
[ 79%] [32m[1mLinking CXX shared library libmessages__rosidl_typesupport_fastrtps_c.so[0m
[ 81%] [32m[1mLinking CXX shared library libmessages__rosidl_typesupport_introspection_cpp.so[0m
[ 81%] Built target messages__rosidl_typesupport_c
[ 81%] Built target messages__rosidl_typesupport_introspection_c
[ 82%] [32m[1mLinking CXX shared library libmessages__rosidl_typesupport_fastrtps_cpp.so[0m
[ 82%] Built target messages__rosidl_typesupport_cpp
[ 82%] Built target messages__rosidl_typesupport_fastrtps_c
[ 82%] Built target messages__rosidl_typesupport_introspection_cpp
[ 82%] Built target messages__rosidl_typesupport_fastrtps_cpp
[ 82%] Built target messages
[ 83%] [34m[1mGenerating Python code for ROS interfaces[0m
[ 83%] Built target messages__py
[ 85%] [32mBuilding C object CMakeFiles/messages__rosidl_generator_py.dir/rosidl_generator_py/messages/msg/_pidsignal_s.c.o[0m
[ 86%] [32mBuilding C object CMakeFiles/messages__rosidl_generator_py.dir/rosidl_generator_py/messages/msg/_refsignal_s.c.o[0m
[ 87%] [32mBuilding C object CMakeFiles/messages__rosidl_generator_py.dir/rosidl_generator_py/messages/msg/_systemsignal_s.c.o[0m
[ 89%] [32mBuilding C object CMakeFiles/messages__rosidl_generator_py.dir/rosidl_generator_py/messages/msg/_noise_s.c.o[0m
[ 90%] [32mBuilding C object CMakeFiles/messages__rosidl_generator_py.dir/rosidl_generator_py/messages/msg/_filter_s.c.o[0m
[ 91%] [32m[1mLinking C shared library rosidl_generator_py/messages/libmessages__rosidl_generator_py.so[0m
[ 91%] Built target messages__rosidl_generator_py
[ 93%] [32mBuilding C object CMakeFiles/messages__rosidl_typesupport_introspection_c__pyext.dir/rosidl_generator_py/messages/_messages_s.ep.rosidl_typesupport_introspection_c.c.o[0m
[ 94%] [32mBuilding C object CMakeFiles/messages__rosidl_typesupport_fastrtps_c__pyext.dir/rosidl_generator_py/messages/_messages_s.ep.rosidl_typesupport_fastrtps_c.c.o[0m
[ 95%] [32mBuilding C object CMakeFiles/messages__rosidl_typesupport_c__pyext.dir/rosidl_generator_py/messages/_messages_s.ep.rosidl_typesupport_c.c.o[0m
[ 97%] [32m[1mLinking C shared library rosidl_generator_py/messages/messages_s__rosidl_typesupport_c.cpython-310-x86_64-linux-gnu.so[0m
[ 98%] [32m[1mLinking C shared library rosidl_generator_py/messages/messages_s__rosidl_typesupport_fastrtps_c.cpython-310-x86_64-linux-gnu.so[0m
[100%] [32m[1mLinking C shared library rosidl_generator_py/messages/messages_s__rosidl_typesupport_introspection_c.cpython-310-x86_64-linux-gnu.so[0m
[100%] Built target messages__rosidl_typesupport_c__pyext
[100%] Built target messages__rosidl_typesupport_introspection_c__pyext
[100%] Built target messages__rosidl_typesupport_fastrtps_c__pyext
-- Install configuration: ""
-- Execute custom install script
-- Up-to-date symlink: /home/khushant/pid/install/messages/share/ament_index/resource_index/rosidl_interfaces/messages
-- Up-to-date symlink: /home/khushant/pid/install/messages/share/messages/msg/Pidsignal.json
-- Up-to-date symlink: /home/khushant/pid/install/messages/share/messages/msg/Refsignal.json
-- Up-to-date symlink: /home/khushant/pid/install/messages/share/messages/msg/Systemsignal.json
-- Up-to-date symlink: /home/khushant/pid/install/messages/share/messages/msg/Noise.json
-- Symlinking: /home/khushant/pid/install/messages/share/messages/msg/Filter.json
-- Symlinking: /home/khushant/pid/install/messages/include/messages/messages/msg/detail/filter__functions.h
-- Symlinking: /home/khushant/pid/install/messages/include/messages/messages/msg/detail/filter__struct.h
-- Symlinking: /home/khushant/pid/install/messages/include/messages/messages/msg/detail/filter__type_support.h
-- Up-to-date symlink: /home/khushant/pid/install/messages/include/messages/messages/msg/detail/noise__functions.h
-- Up-to-date symlink: /home/khushant/pid/install/messages/include/messages/messages/msg/detail/noise__struct.h
-- Up-to-date symlink: /home/khushant/pid/install/messages/include/messages/messages/msg/detail/noise__type_support.h
-- Up-to-date symlink: /home/khushant/pid/install/messages/include/messages/messages/msg/detail/pidsignal__functions.h
-- Up-to-date symlink: /home/khushant/pid/install/messages/include/messages/messages/msg/detail/pidsignal__struct.h
-- Up-to-date symlink: /home/khushant/pid/install/messages/include/messages/messages/msg/detail/pidsignal__type_support.h
-- Up-to-date symlink: /home/khushant/pid/install/messages/include/messages/messages/msg/detail/refsignal__functions.h
-- Up-to-date symlink: /home/khushant/pid/install/messages/include/messages/messages/msg/detail/refsignal__struct.h
-- Up-to-date symlink: /home/khushant/pid/install/messages/include/messages/messages/msg/detail/refsignal__type_support.h
-- Up-to-date symlink: /home/khushant/pid/install/messages/include/messages/messages/msg/detail/systemsignal__functions.h
-- Up-to-date symlink: /home/khushant/pid/install/messages/include/messages/messages/msg/detail/systemsignal__struct.h
-- Up-to-date symlink: /home/khushant/pid/install/messages/include/messages/messages/msg/detail/systemsignal__type_support.h
-- Symlinking: /home/khushant/pid/install/messages/include/messages/messages/msg/filter.h
-- Up-to-date symlink: /home/khushant/pid/install/messages/include/messages/messages/msg/noise.h
-- Up-to-date symlink: /home/khushant/pid/install/messages/include/messages/messages/msg/pidsignal.h
-- Up-to-date symlink: /home/khushant/pid/install/messages/include/messages/messages/msg/refsignal.h
-- Up-to-date symlink: /home/khushant/pid/install/messages/include/messages/messages/msg/rosidl_generator_c__visibility_control.h
-- Up-to-date symlink: /home/khushant/pid/install/messages/include/messages/messages/msg/systemsignal.h
-- Up-to-date symlink: /home/khushant/pid/install/messages/share/messages/environment/library_path.sh
-- Up-to-date symlink: /home/khushant/pid/install/messages/share/messages/environment/library_path.dsv
-- Symlinking: /home/khushant/pid/install/messages/include/messages/messages/msg/detail/filter__rosidl_typesupport_introspection_c.h
-- Up-to-date symlink: /home/khushant/pid/install/messages/include/messages/messages/msg/detail/noise__rosidl_typesupport_introspection_c.h
-- Up-to-date symlink: /home/khushant/pid/install/messages/include/messages/messages/msg/detail/pidsignal__rosidl_typesupport_introspection_c.h
-- Up-to-date symlink: /home/khushant/pid/install/messages/include/messages/messages/msg/detail/refsignal__rosidl_typesupport_introspection_c.h
-- Up-to-date symlink: /home/khushant/pid/install/messages/include/messages/messages/msg/detail/systemsignal__rosidl_typesupport_introspection_c.h
-- Up-to-date symlink: /home/khushant/pid/install/messages/include/messages/messages/msg/rosidl_typesupport_introspection_c__visibility_control.h
-- Symlinking: /home/khushant/pid/install/messages/include/messages/messages/msg/detail/filter__rosidl_typesupport_fastrtps_c.h
-- Up-to-date symlink: /home/khushant/pid/install/messages/include/messages/messages/msg/detail/noise__rosidl_typesupport_fastrtps_c.h
-- Up-to-date symlink: /home/khushant/pid/install/messages/include/messages/messages/msg/detail/pidsignal__rosidl_typesupport_fastrtps_c.h
-- Up-to-date symlink: /home/khushant/pid/install/messages/include/messages/messages/msg/detail/refsignal__rosidl_typesupport_fastrtps_c.h
-- Up-to-date symlink: /home/khushant/pid/install/messages/include/messages/messages/msg/detail/systemsignal__rosidl_typesupport_fastrtps_c.h
-- Up-to-date symlink: /home/khushant/pid/install/messages/include/messages/messages/msg/rosidl_typesupport_fastrtps_c__visibility_control.h
-- Symlinking: /home/khushant/pid/install/messages/include/messages/messages/msg/detail/filter__builder.hpp
-- Symlinking: /home/khushant/pid/install/messages/include/messages/messages/msg/detail/filter__struct.hpp
-- Symlinking: /home/khushant/pid/install/messages/include/messages/messages/msg/detail/filter__traits.hpp
-- Up-to-date symlink: /home/khushant/pid/install/messages/include/messages/messages/msg/detail/noise__builder.hpp
-- Up-to-date symlink: /home/khushant/pid/install/messages/include/messages/messages/msg/detail/noise__struct.hpp
-- Up-to-date symlink: /home/khushant/pid/install/messages/include/messages/messages/msg/detail/noise__traits.hpp
-- Up-to-date symlink: /home/khushant/pid/install/messages/include/messages/messages/msg/detail/pidsignal__builder.hpp
-- Up-to-date symlink: /home/khushant/pid/install/messages/include/messages/messages/msg/detail/pidsignal__struct.hpp
-- Up-to-date symlink: /home/khushant/pid/install/messages/include/messages/messages/msg/detail/pidsignal__traits.hpp
-- Up-to-date symlink: /home/khushant/pid/install/messages/include/messages/messages/msg/detail/refsignal__builder.hpp
-- Up-to-date symlink: /home/khushant/pid/install/messages/include/messages/messages/msg/detail/refsignal__struct.hpp
-- Up-to-date symlink: /home/khushant/pid/install/messages/include/messages/messages/msg/detail/refsignal__traits.hpp
-- Up-to-date symlink: /home/khushant/pid/install/messages/include/messages/messages/msg/detail/systemsignal__builder.hpp
-- Up-to-date symlink: /home/khushant/pid/install/messages/include/messages/messages/msg/detail/systemsignal__struct.hpp
-- Up-to-date symlink: /home/khushant/pid/install/messages/include/messages/messages/msg/detail/systemsignal__traits.hpp
-- Symlinking: /home/khushant/pid/install/messages/include/messages/messages/msg/filter.hpp
-- Up-to-date symlink: /home/khushant/pid/install/messages/include/messages/messages/msg/noise.hpp
-- Up-to-date symlink: /home/khushant/pid/install/messages/include/messages/messages/msg/pidsignal.hpp
-- Up-to-date symlink: /home/khushant/pid/install/messages/include/messages/messages/msg/refsignal.hpp
-- Up-to-date symlink: /home/khushant/pid/install/messages/include/messages/messages/msg/systemsignal.hpp
-- Symlinking: /home/khushant/pid/install/messages/include/messages/messages/msg/detail/filter__rosidl_typesupport_introspection_cpp.hpp
-- Up-to-date symlink: /home/khushant/pid/install/messages/include/messages/messages/msg/detail/noise__rosidl_typesupport_introspection_cpp.hpp
-- Up-to-date symlink: /home/khushant/pid/install/messages/include/messages/messages/msg/detail/pidsignal__rosidl_typesupport_introspection_cpp.hpp
-- Up-to-date symlink: /home/khushant/pid/install/messages/include/messages/messages/msg/detail/refsignal__rosidl_typesupport_introspection_cpp.hpp
-- Up-to-date symlink: /home/khushant/pid/install/messages/include/messages/messages/msg/detail/systemsignal__rosidl_typesupport_introspection_cpp.hpp
-- Symlinking: /home/khushant/pid/install/messages/include/messages/messages/msg/detail/filter__rosidl_typesupport_fastrtps_cpp.hpp
-- Up-to-date symlink: /home/khushant/pid/install/messages/include/messages/messages/msg/detail/noise__rosidl_typesupport_fastrtps_cpp.hpp
-- Up-to-date symlink: /home/khushant/pid/install/messages/include/messages/messages/msg/detail/pidsignal__rosidl_typesupport_fastrtps_cpp.hpp
-- Up-to-date symlink: /home/khushant/pid/install/messages/include/messages/messages/msg/detail/refsignal__rosidl_typesupport_fastrtps_cpp.hpp
-- Up-to-date symlink: /home/khushant/pid/install/messages/include/messages/messages/msg/detail/systemsignal__rosidl_typesupport_fastrtps_cpp.hpp
-- Up-to-date symlink: /home/khushant/pid/install/messages/include/messages/messages/msg/rosidl_typesupport_fastrtps_cpp__visibility_control.h
-- Up-to-date symlink: /home/khushant/pid/install/messages/share/messages/environment/pythonpath.sh
-- Up-to-date symlink: /home/khushant/pid/install/messages/share/messages/environment/pythonpath.dsv
-- Up-to-date symlink: /home/khushant/pid/install/messages/lib/python3.10/site-packages/messages-0.0.0-py3.10.egg-info/PKG-INFO
-- Up-to-date symlink: /home/khushant/pid/install/messages/lib/python3.10/site-packages/messages-0.0.0-py3.10.egg-info/SOURCES.txt
-- Up-to-date symlink: /home/khushant/pid/install/messages/lib/python3.10/site-packages/messages-0.0.0-py3.10.egg-info/dependency_links.txt
-- Up-to-date symlink: /home/khushant/pid/install/messages/lib/python3.10/site-packages/messages-0.0.0-py3.10.egg-info/top_level.txt
-- Up-to-date symlink: /home/khushant/pid/install/messages/lib/python3.10/site-packages/messages/__init__.py
-- Up-to-date symlink: /home/khushant/pid/install/messages/lib/python3.10/site-packages/messages/_messages_s.ep.rosidl_typesupport_c.c
-- Up-to-date symlink: /home/khushant/pid/install/messages/lib/python3.10/site-packages/messages/_messages_s.ep.rosidl_typesupport_fastrtps_c.c
-- Up-to-date symlink: /home/khushant/pid/install/messages/lib/python3.10/site-packages/messages/_messages_s.ep.rosidl_typesupport_introspection_c.c
-- Up-to-date symlink: /home/khushant/pid/install/messages/lib/python3.10/site-packages/messages/libmessages__rosidl_generator_py.so
-- Up-to-date symlink: /home/khushant/pid/install/messages/lib/python3.10/site-packages/messages/messages_s__rosidl_typesupport_c.cpython-310-x86_64-linux-gnu.so
-- Up-to-date symlink: /home/khushant/pid/install/messages/lib/python3.10/site-packages/messages/messages_s__rosidl_typesupport_fastrtps_c.cpython-310-x86_64-linux-gnu.so
-- Up-to-date symlink: /home/khushant/pid/install/messages/lib/python3.10/site-packages/messages/messages_s__rosidl_typesupport_introspection_c.cpython-310-x86_64-linux-gnu.so
-- Up-to-date symlink: /home/khushant/pid/install/messages/lib/python3.10/site-packages/messages/msg/__init__.py
-- Symlinking: /home/khushant/pid/install/messages/lib/python3.10/site-packages/messages/msg/_filter.py
-- Symlinking: /home/khushant/pid/install/messages/lib/python3.10/site-packages/messages/msg/_filter_s.c
-- Up-to-date symlink: /home/khushant/pid/install/messages/lib/python3.10/site-packages/messages/msg/_noise.py
-- Up-to-date symlink: /home/khushant/pid/install/messages/lib/python3.10/site-packages/messages/msg/_noise_s.c
-- Up-to-date symlink: /home/khushant/pid/install/messages/lib/python3.10/site-packages/messages/msg/_pidsignal.py
-- Up-to-date symlink: /home/khushant/pid/install/messages/lib/python3.10/site-packages/messages/msg/_pidsignal_s.c
-- Up-to-date symlink: /home/khushant/pid/install/messages/lib/python3.10/site-packages/messages/msg/_refsignal.py
-- Up-to-date symlink: /home/khushant/pid/install/messages/lib/python3.10/site-packages/messages/msg/_refsignal_s.c
-- Up-to-date symlink: /home/khushant/pid/install/messages/lib/python3.10/site-packages/messages/msg/_systemsignal.py
-- Up-to-date symlink: /home/khushant/pid/install/messages/lib/python3.10/site-packages/messages/msg/_systemsignal_s.c
-- Up-to-date symlink: /home/khushant/pid/install/messages/lib/python3.10/site-packages/messages/messages_s__rosidl_typesupport_introspection_c.cpython-310-x86_64-linux-gnu.so
-- Up-to-date symlink: /home/khushant/pid/install/messages/lib/python3.10/site-packages/messages/messages_s__rosidl_typesupport_fastrtps_c.cpython-310-x86_64-linux-gnu.so
-- Up-to-date symlink: /home/khushant/pid/install/messages/lib/python3.10/site-packages/messages/messages_s__rosidl_typesupport_c.cpython-310-x86_64-linux-gnu.so
-- Up-to-date symlink: /home/khushant/pid/install/messages/share/messages/msg/Pidsignal.idl
-- Up-to-date symlink: /home/khushant/pid/install/messages/share/messages/msg/Refsignal.idl
-- Up-to-date symlink: /home/khushant/pid/install/messages/share/messages/msg/Systemsignal.idl
-- Up-to-date symlink: /home/khushant/pid/install/messages/share/messages/msg/Noise.idl
-- Symlinking: /home/khushant/pid/install/messages/share/messages/msg/Filter.idl
-- Up-to-date symlink: /home/khushant/pid/install/messages/share/messages/msg/Pidsignal.msg
-- Up-to-date symlink: /home/khushant/pid/install/messages/share/messages/msg/Refsignal.msg
-- Up-to-date symlink: /home/khushant/pid/install/messages/share/messages/msg/Systemsignal.msg
-- Up-to-date symlink: /home/khushant/pid/install/messages/share/messages/msg/Noise.msg
-- Symlinking: /home/khushant/pid/install/messages/share/messages/msg/Filter.msg
-- Up-to-date symlink: /home/khushant/pid/install/messages/share/ament_index/resource_index/package_run_dependencies/messages
-- Up-to-date symlink: /home/khushant/pid/install/messages/share/ament_index/resource_index/parent_prefix_path/messages
-- Up-to-date symlink: /home/khushant/pid/install/messages/share/messages/environment/ament_prefix_path.sh
-- Up-to-date symlink: /home/khushant/pid/install/messages/share/messages/environment/ament_prefix_path.dsv
-- Up-to-date symlink: /home/khushant/pid/install/messages/share/messages/environment/path.sh
-- Up-to-date symlink: /home/khushant/pid/install/messages/share/messages/environment/path.dsv
-- Up-to-date symlink: /home/khushant/pid/install/messages/share/messages/local_setup.bash
-- Up-to-date symlink: /home/khushant/pid/install/messages/share/messages/local_setup.sh
-- Up-to-date symlink: /home/khushant/pid/install/messages/share/messages/local_setup.zsh
-- Up-to-date symlink: /home/khushant/pid/install/messages/share/messages/local_setup.dsv
-- Symlinking: /home/khushant/pid/install/messages/share/messages/package.dsv
-- Up-to-date symlink: /home/khushant/pid/install/messages/share/ament_index/resource_index/packages/messages
-- Up-to-date symlink: /home/khushant/pid/install/messages/share/messages/cmake/rosidl_cmake-extras.cmake
-- Up-to-date symlink: /home/khushant/pid/install/messages/share/messages/cmake/ament_cmake_export_include_directories-extras.cmake
-- Up-to-date symlink: /home/khushant/pid/install/messages/share/messages/cmake/ament_cmake_export_libraries-extras.cmake
-- Up-to-date symlink: /home/khushant/pid/install/messages/share/messages/cmake/ament_cmake_export_targets-extras.cmake
-- Up-to-date symlink: /home/khushant/pid/install/messages/share/messages/cmake/rosidl_cmake_export_typesupport_targets-extras.cmake
-- Up-to-date symlink: /home/khushant/pid/install/messages/share/messages/cmake/ament_cmake_export_dependencies-extras.cmake
-- Up-to-date symlink: /home/khushant/pid/install/messages/share/messages/cmake/rosidl_cmake_export_typesupport_libraries-extras.cmake
-- Up-to-date symlink: /home/khushant/pid/install/messages/share/messages/cmake/messagesConfig.cmake
-- Up-to-date symlink: /home/khushant/pid/install/messages/share/messages/cmake/messagesConfig-version.cmake
-- Up-to-date symlink: /home/khushant/pid/install/messages/share/messages/package.xml
-- Installing: /home/khushant/pid/install/messages/lib/libmessages__rosidl_generator_c.so
-- Set runtime path of "/home/khushant/pid/install/messages/lib/libmessages__rosidl_generator_c.so" to ""
-- Installing: /home/khushant/pid/install/messages/lib/libmessages__rosidl_typesupport_introspection_c.so
-- Set runtime path of "/home/khushant/pid/install/messages/lib/libmessages__rosidl_typesupport_introspection_c.so" to ""
-- Installing: /home/khushant/pid/install/messages/lib/libmessages__rosidl_typesupport_fastrtps_c.so
-- Set runtime path of "/home/khushant/pid/install/messages/lib/libmessages__rosidl_typesupport_fastrtps_c.so" to ""
-- Installing: /home/khushant/pid/install/messages/lib/libmessages__rosidl_typesupport_c.so
-- Set runtime path of "/home/khushant/pid/install/messages/lib/libmessages__rosidl_typesupport_c.so" to ""
-- Installing: /home/khushant/pid/install/messages/lib/libmessages__rosidl_typesupport_introspection_cpp.so
-- Set runtime path of "/home/khushant/pid/install/messages/lib/libmessages__rosidl_typesupport_introspection_cpp.so" to ""
-- Installing: /home/khushant/pid/install/messages/lib/libmessages__rosidl_typesupport_fastrtps_cpp.so
-- Set runtime path of "/home/khushant/pid/install/messages/lib/libmessages__rosidl_typesupport_fastrtps_cpp.so" to ""
-- Installing: /home/khushant/pid/install/messages/lib/libmessages__rosidl_typesupport_cpp.so
-- Set runtime path of "/home/khushant/pid/install/messages/lib/libmessages__rosidl_typesupport_cpp.so" to ""
Listing '/home/khushant/pid/install/messages/lib/python3.10/site-packages/messages'...
Compiling '/home/khushant/pid/install/messages/lib/python3.10/site-packages/messages/__init__.py'...
Listing '/home/khushant/pid/install/messages/lib/python3.10/site-packages/messages/msg'...
Compiling '/home/khushant/pid/install/messages/lib/python3.10/site-packages/messages/msg/__init__.py'...
Compiling '/home/khushant/pid/install/messages/lib/python3.10/site-packages/messages/msg/_filter.py'...
Compiling '/home/khushant/pid/install/messages/lib/python3.10/site-packages/messages/msg/_noise.py'...
Compiling '/home/khushant/pid/install/messages/lib/python3.10/site-packages/messages/msg/_pidsignal.py'...
Compiling '/home/khushant/pid/install/messages/lib/python3.10/site-packages/messages/msg/_refsignal.py'...
Compiling '/home/khushant/pid/install/messages/lib/python3.10/site-packages/messages/msg/_systemsignal.py'...
-- Installing: /home/khushant/pid/install/messages/lib/libmessages__rosidl_generator_py.so
-- Set runtime path of "/home/khushant/pid/install/messages/lib/libmessages__rosidl_generator_py.so" to ""
-- Up-to-date: /home/khushant/pid/install/messages/share/messages/cmake/export_messages__rosidl_generator_cExport.cmake
-- Up-to-date: /home/khushant/pid/install/messages/share/messages/cmake/export_messages__rosidl_generator_cExport-noconfig.cmake
-- Up-to-date: /home/khushant/pid/install/messages/share/messages/cmake/messages__rosidl_typesupport_introspection_cExport.cmake
-- Up-to-date: /home/khushant/pid/install/messages/share/messages/cmake/messages__rosidl_typesupport_introspection_cExport-noconfig.cmake
-- Up-to-date: /home/khushant/pid/install/messages/share/messages/cmake/export_messages__rosidl_typesupport_fastrtps_cExport.cmake
-- Up-to-date: /home/khushant/pid/install/messages/share/messages/cmake/export_messages__rosidl_typesupport_fastrtps_cExport-noconfig.cmake
-- Up-to-date: /home/khushant/pid/install/messages/share/messages/cmake/messages__rosidl_typesupport_cExport.cmake
-- Up-to-date: /home/khushant/pid/install/messages/share/messages/cmake/messages__rosidl_typesupport_cExport-noconfig.cmake
-- Up-to-date: /home/khushant/pid/install/messages/share/messages/cmake/export_messages__rosidl_generator_cppExport.cmake
-- Up-to-date: /home/khushant/pid/install/messages/share/messages/cmake/messages__rosidl_typesupport_introspection_cppExport.cmake
-- Up-to-date: /home/khushant/pid/install/messages/share/messages/cmake/messages__rosidl_typesupport_introspection_cppExport-noconfig.cmake
-- Up-to-date: /home/khushant/pid/install/messages/share/messages/cmake/export_messages__rosidl_typesupport_fastrtps_cppExport.cmake
-- Up-to-date: /home/khushant/pid/install/messages/share/messages/cmake/export_messages__rosidl_typesupport_fastrtps_cppExport-noconfig.cmake
-- Up-to-date: /home/khushant/pid/install/messages/share/messages/cmake/messages__rosidl_typesupport_cppExport.cmake
-- Up-to-date: /home/khushant/pid/install/messages/share/messages/cmake/messages__rosidl_typesupport_cppExport-noconfig.cmake
-- Up-to-date: /home/khushant/pid/install/messages/share/messages/cmake/export_messages__rosidl_generator_pyExport.cmake
-- Up-to-date: /home/khushant/pid/install/messages/share/messages/cmake/export_messages__rosidl_generator_pyExport-noconfig.cmake
