[0.465s] Invoking command in '/home/khushant/pid/build/messages': CMAKE_PREFIX_PATH=${CMAKE_PREFIX_PATH}:/home/khushant/ros2_iron/install/rqt_bag_plugins:/home/khushant/ros2_iron/install/rqt_bag:/home/khushant/ros2_iron/install/rosbag2_examples_py:/home/khushant/ros2_iron/install/launch_testing_examples:/home/khushant/ros2_iron/install/ros2bag:/home/khushant/ros2_iron/install/tracetools_test:/home/khushant/ros2_iron/install/tracetools_launch:/home/khushant/ros2_iron/install/topic_monitor:/home/khushant/ros2_iron/install/tf2_tools:/home/khushant/ros2_iron/install/examples_tf2_py:/home/khushant/ros2_iron/install/tf2_ros_py:/home/khushant/ros2_iron/install/examples_rclpy_pointcloud_publisher:/home/khushant/ros2_iron/install/sensor_msgs_py:/home/khushant/ros2_iron/install/quality_of_service_demo_py:/home/khushant/ros2_iron/install/rqt_plot:/home/khushant/ros2_iron/install/ros2doctor:/home/khushant/ros2_iron/install/lifecycle_py:/home/khushant/ros2_iron/install/examples_rclpy_minimal_subscriber:/home/khushant/ros2_iron/install/examples_rclpy_minimal_service:/home/khushant/ros2_iron/install/examples_rclpy_minimal_publisher:/home/khushant/ros2_iron/install/examples_rclpy_minimal_client:/home/khushant/ros2_iron/install/examples_rclpy_executors:/home/khushant/ros2_iron/install/demo_nodes_py:/home/khushant/ros2_iron/install/rqt:/home/khushant/ros2_iron/install/ros2component:/home/khushant/ros2_iron/install/sros2:/home/khushant/ros2_iron/install/rqt_topic:/home/khushant/ros2_iron/install/rqt_srv:/home/khushant/ros2_iron/install/rqt_shell:/home/khushant/ros2_iron/install/rqt_service_caller:/home/khushant/ros2_iron/install/rqt_reconfigure:/home/khushant/ros2_iron/install/rqt_py_console:/home/khushant/ros2_iron/install/rqt_publisher:/home/khushant/ros2_iron/install/rqt_action:/home/khushant/ros2_iron/install/rqt_msg:/home/khushant/ros2_iron/install/rqt_console:/home/khushant/ros2_iron/install/rqt_graph:/home/khushant/ros2_iron/install/rqt_gui_py:/home/khushant/ros2_iron/install/rqt_gui:/home/khushant/ros2_iron/install/ros2trace:/home/khushant/ros2_iron/install/ros2topic:/home/khushant/ros2_iron/install/ros2test:/home/khushant/ros2_iron/install/ros2param:/home/khushant/ros2_iron/install/ros2lifecycle:/home/khushant/ros2_iron/install/ros2service:/home/khushant/ros2_iron/install/ros2run:/home/khushant/ros2_iron/install/ros2launch:/home/khushant/ros2_iron/install/ros2pkg:/home/khushant/ros2_iron/install/ros2node:/home/khushant/ros2_iron/install/ros2multicast:/home/khushant/ros2_iron/install/ros2interface:/home/khushant/ros2_iron/install/ros2action:/home/khushant/ros2_iron/install/ros2cli:/home/khushant/ros2_iron/install/launch_testing_ros:/home/khushant/ros2_iron/install/launch_ros:/home/khushant/ros2_iron/install/examples_rclpy_minimal_action_server:/home/khushant/ros2_iron/install/examples_rclpy_minimal_action_client:/home/khushant/ros2_iron/install/examples_rclpy_guard_conditions:/home/khushant/ros2_iron/install/action_tutorials_py:/home/khushant/ros2_iron/install/ament_uncrustify:/home/khushant/ros2_iron/install/tracetools_trace:/home/khushant/ros2_iron/install/tracetools_read:/home/khushant/ros2_iron/install/test_tracetools_launch:/home/khushant/ros2_iron/install/test_ros2trace:/home/khushant/ros2_iron/install/test_launch_ros:/home/khushant/ros2_iron/install/rpyutils:/home/khushant/ros2_iron/install/rosidl_runtime_py:/home/khushant/ros2_iron/install/rosidl_pycommon:/home/khushant/ros2_iron/install/rosidl_cli:/home/khushant/ros2_iron/install/launch_pytest:/home/khushant/ros2_iron/install/launch_testing:/home/khushant/ros2_iron/install/launch_yaml:/home/khushant/ros2_iron/install/launch_xml:/home/khushant/ros2_iron/install/launch:/home/khushant/ros2_iron/install/osrf_pycommon:/home/khushant/ros2_iron/install/domain_coordinator:/home/khushant/ros2_iron/install/ament_xmllint:/home/khushant/ros2_iron/install/ament_pyflakes:/home/khushant/ros2_iron/install/ament_pycodestyle:/home/khushant/ros2_iron/install/ament_pep257:/home/khushant/ros2_iron/install/ament_pclint:/home/khushant/ros2_iron/install/ament_package:/home/khushant/ros2_iron/install/ament_mypy:/home/khushant/ros2_iron/install/ament_lint_cmake:/home/khushant/ros2_iron/install/ament_flake8:/home/khushant/ros2_iron/install/ament_copyright:/home/khushant/ros2_iron/install/ament_lint:/home/khushant/ros2_iron/install/ament_index_python:/home/khushant/ros2_iron/install/ament_cpplint:/home/khushant/ros2_iron/install/ament_cppcheck:/home/khushant/ros2_iron/install/ament_clang_tidy:/home/khushant/ros2_iron/install/ament_clang_format:/opt/ros/iron /home/khushant/.local/bin/cmake /home/khushant/pid/src/messages -DCMAKE_INSTALL_PREFIX=/home/khushant/pid/install/messages
[0.568s] -- Found ament_cmake: 2.0.3 (/home/khushant/ros2_iron/install/ament_cmake/share/ament_cmake/cmake)
[0.769s] -- Override CMake install command with custom implementation using symlinks instead of copying resources
[0.805s] -- Found rosidl_default_generators: 1.5.0 (/home/khushant/ros2_iron/install/rosidl_default_generators/share/rosidl_default_generators/cmake)
[0.909s] -- Using all available rosidl_typesupport_c: rosidl_typesupport_introspection_c;rosidl_typesupport_fastrtps_c
[1.521s] -- Using all available rosidl_typesupport_cpp: rosidl_typesupport_introspection_cpp;rosidl_typesupport_fastrtps_cpp
[1.584s] -- Found rosidl_adapter: 4.0.1 (/home/khushant/ros2_iron/install/rosidl_adapter/share/rosidl_adapter/cmake)
[1.982s] -- Found ament_cmake_ros: 0.11.2 (/home/khushant/ros2_iron/install/ament_cmake_ros/share/ament_cmake_ros/cmake)
[2.109s] -- Using all available rosidl_typesupport_c: rosidl_typesupport_introspection_c;rosidl_typesupport_fastrtps_c
[2.319s] -- Using all available rosidl_typesupport_cpp: rosidl_typesupport_introspection_cpp;rosidl_typesupport_fastrtps_cpp
[2.360s] -- Found python_cmake_module: 0.10.2 (/home/khushant/ros2_iron/install/python_cmake_module/share/python_cmake_module/cmake)
[2.400s] -- Using PYTHON_EXECUTABLE: /usr/bin/python3
[2.400s] -- Using PYTHON_INCLUDE_DIRS: /usr/include/python3.10
[2.400s] -- Using PYTHON_LIBRARIES: /usr/lib/x86_64-linux-gnu/libpython3.10.so
[2.674s] -- Configuring done (2.1s)
[2.728s] -- Generating done (0.0s)
[2.730s] -- Build files have been written to: /home/khushant/pid/build/messages
[2.738s] Invoked command in '/home/khushant/pid/build/messages' returned '0': CMAKE_PREFIX_PATH=${CMAKE_PREFIX_PATH}:/home/khushant/ros2_iron/install/rqt_bag_plugins:/home/khushant/ros2_iron/install/rqt_bag:/home/khushant/ros2_iron/install/rosbag2_examples_py:/home/khushant/ros2_iron/install/launch_testing_examples:/home/khushant/ros2_iron/install/ros2bag:/home/khushant/ros2_iron/install/tracetools_test:/home/khushant/ros2_iron/install/tracetools_launch:/home/khushant/ros2_iron/install/topic_monitor:/home/khushant/ros2_iron/install/tf2_tools:/home/khushant/ros2_iron/install/examples_tf2_py:/home/khushant/ros2_iron/install/tf2_ros_py:/home/khushant/ros2_iron/install/examples_rclpy_pointcloud_publisher:/home/khushant/ros2_iron/install/sensor_msgs_py:/home/khushant/ros2_iron/install/quality_of_service_demo_py:/home/khushant/ros2_iron/install/rqt_plot:/home/khushant/ros2_iron/install/ros2doctor:/home/khushant/ros2_iron/install/lifecycle_py:/home/khushant/ros2_iron/install/examples_rclpy_minimal_subscriber:/home/khushant/ros2_iron/install/examples_rclpy_minimal_service:/home/khushant/ros2_iron/install/examples_rclpy_minimal_publisher:/home/khushant/ros2_iron/install/examples_rclpy_minimal_client:/home/khushant/ros2_iron/install/examples_rclpy_executors:/home/khushant/ros2_iron/install/demo_nodes_py:/home/khushant/ros2_iron/install/rqt:/home/khushant/ros2_iron/install/ros2component:/home/khushant/ros2_iron/install/sros2:/home/khushant/ros2_iron/install/rqt_topic:/home/khushant/ros2_iron/install/rqt_srv:/home/khushant/ros2_iron/install/rqt_shell:/home/khushant/ros2_iron/install/rqt_service_caller:/home/khushant/ros2_iron/install/rqt_reconfigure:/home/khushant/ros2_iron/install/rqt_py_console:/home/khushant/ros2_iron/install/rqt_publisher:/home/khushant/ros2_iron/install/rqt_action:/home/khushant/ros2_iron/install/rqt_msg:/home/khushant/ros2_iron/install/rqt_console:/home/khushant/ros2_iron/install/rqt_graph:/home/khushant/ros2_iron/install/rqt_gui_py:/home/khushant/ros2_iron/install/rqt_gui:/home/khushant/ros2_iron/install/ros2trace:/home/khushant/ros2_iron/install/ros2topic:/home/khushant/ros2_iron/install/ros2test:/home/khushant/ros2_iron/install/ros2param:/home/khushant/ros2_iron/install/ros2lifecycle:/home/khushant/ros2_iron/install/ros2service:/home/khushant/ros2_iron/install/ros2run:/home/khushant/ros2_iron/install/ros2launch:/home/khushant/ros2_iron/install/ros2pkg:/home/khushant/ros2_iron/install/ros2node:/home/khushant/ros2_iron/install/ros2multicast:/home/khushant/ros2_iron/install/ros2interface:/home/khushant/ros2_iron/install/ros2action:/home/khushant/ros2_iron/install/ros2cli:/home/khushant/ros2_iron/install/launch_testing_ros:/home/khushant/ros2_iron/install/launch_ros:/home/khushant/ros2_iron/install/examples_rclpy_minimal_action_server:/home/khushant/ros2_iron/install/examples_rclpy_minimal_action_client:/home/khushant/ros2_iron/install/examples_rclpy_guard_conditions:/home/khushant/ros2_iron/install/action_tutorials_py:/home/khushant/ros2_iron/install/ament_uncrustify:/home/khushant/ros2_iron/install/tracetools_trace:/home/khushant/ros2_iron/install/tracetools_read:/home/khushant/ros2_iron/install/test_tracetools_launch:/home/khushant/ros2_iron/install/test_ros2trace:/home/khushant/ros2_iron/install/test_launch_ros:/home/khushant/ros2_iron/install/rpyutils:/home/khushant/ros2_iron/install/rosidl_runtime_py:/home/khushant/ros2_iron/install/rosidl_pycommon:/home/khushant/ros2_iron/install/rosidl_cli:/home/khushant/ros2_iron/install/launch_pytest:/home/khushant/ros2_iron/install/launch_testing:/home/khushant/ros2_iron/install/launch_yaml:/home/khushant/ros2_iron/install/launch_xml:/home/khushant/ros2_iron/install/launch:/home/khushant/ros2_iron/install/osrf_pycommon:/home/khushant/ros2_iron/install/domain_coordinator:/home/khushant/ros2_iron/install/ament_xmllint:/home/khushant/ros2_iron/install/ament_pyflakes:/home/khushant/ros2_iron/install/ament_pycodestyle:/home/khushant/ros2_iron/install/ament_pep257:/home/khushant/ros2_iron/install/ament_pclint:/home/khushant/ros2_iron/install/ament_package:/home/khushant/ros2_iron/install/ament_mypy:/home/khushant/ros2_iron/install/ament_lint_cmake:/home/khushant/ros2_iron/install/ament_flake8:/home/khushant/ros2_iron/install/ament_copyright:/home/khushant/ros2_iron/install/ament_lint:/home/khushant/ros2_iron/install/ament_index_python:/home/khushant/ros2_iron/install/ament_cpplint:/home/khushant/ros2_iron/install/ament_cppcheck:/home/khushant/ros2_iron/install/ament_clang_tidy:/home/khushant/ros2_iron/install/ament_clang_format:/opt/ros/iron /home/khushant/.local/bin/cmake /home/khushant/pid/src/messages -DCMAKE_INSTALL_PREFIX=/home/khushant/pid/install/messages
[2.739s] Invoking command in '/home/khushant/pid/build/messages': CMAKE_PREFIX_PATH=${CMAKE_PREFIX_PATH}:/home/khushant/ros2_iron/install/rqt_bag_plugins:/home/khushant/ros2_iron/install/rqt_bag:/home/khushant/ros2_iron/install/rosbag2_examples_py:/home/khushant/ros2_iron/install/launch_testing_examples:/home/khushant/ros2_iron/install/ros2bag:/home/khushant/ros2_iron/install/tracetools_test:/home/khushant/ros2_iron/install/tracetools_launch:/home/khushant/ros2_iron/install/topic_monitor:/home/khushant/ros2_iron/install/tf2_tools:/home/khushant/ros2_iron/install/examples_tf2_py:/home/khushant/ros2_iron/install/tf2_ros_py:/home/khushant/ros2_iron/install/examples_rclpy_pointcloud_publisher:/home/khushant/ros2_iron/install/sensor_msgs_py:/home/khushant/ros2_iron/install/quality_of_service_demo_py:/home/khushant/ros2_iron/install/rqt_plot:/home/khushant/ros2_iron/install/ros2doctor:/home/khushant/ros2_iron/install/lifecycle_py:/home/khushant/ros2_iron/install/examples_rclpy_minimal_subscriber:/home/khushant/ros2_iron/install/examples_rclpy_minimal_service:/home/khushant/ros2_iron/install/examples_rclpy_minimal_publisher:/home/khushant/ros2_iron/install/examples_rclpy_minimal_client:/home/khushant/ros2_iron/install/examples_rclpy_executors:/home/khushant/ros2_iron/install/demo_nodes_py:/home/khushant/ros2_iron/install/rqt:/home/khushant/ros2_iron/install/ros2component:/home/khushant/ros2_iron/install/sros2:/home/khushant/ros2_iron/install/rqt_topic:/home/khushant/ros2_iron/install/rqt_srv:/home/khushant/ros2_iron/install/rqt_shell:/home/khushant/ros2_iron/install/rqt_service_caller:/home/khushant/ros2_iron/install/rqt_reconfigure:/home/khushant/ros2_iron/install/rqt_py_console:/home/khushant/ros2_iron/install/rqt_publisher:/home/khushant/ros2_iron/install/rqt_action:/home/khushant/ros2_iron/install/rqt_msg:/home/khushant/ros2_iron/install/rqt_console:/home/khushant/ros2_iron/install/rqt_graph:/home/khushant/ros2_iron/install/rqt_gui_py:/home/khushant/ros2_iron/install/rqt_gui:/home/khushant/ros2_iron/install/ros2trace:/home/khushant/ros2_iron/install/ros2topic:/home/khushant/ros2_iron/install/ros2test:/home/khushant/ros2_iron/install/ros2param:/home/khushant/ros2_iron/install/ros2lifecycle:/home/khushant/ros2_iron/install/ros2service:/home/khushant/ros2_iron/install/ros2run:/home/khushant/ros2_iron/install/ros2launch:/home/khushant/ros2_iron/install/ros2pkg:/home/khushant/ros2_iron/install/ros2node:/home/khushant/ros2_iron/install/ros2multicast:/home/khushant/ros2_iron/install/ros2interface:/home/khushant/ros2_iron/install/ros2action:/home/khushant/ros2_iron/install/ros2cli:/home/khushant/ros2_iron/install/launch_testing_ros:/home/khushant/ros2_iron/install/launch_ros:/home/khushant/ros2_iron/install/examples_rclpy_minimal_action_server:/home/khushant/ros2_iron/install/examples_rclpy_minimal_action_client:/home/khushant/ros2_iron/install/examples_rclpy_guard_conditions:/home/khushant/ros2_iron/install/action_tutorials_py:/home/khushant/ros2_iron/install/ament_uncrustify:/home/khushant/ros2_iron/install/tracetools_trace:/home/khushant/ros2_iron/install/tracetools_read:/home/khushant/ros2_iron/install/test_tracetools_launch:/home/khushant/ros2_iron/install/test_ros2trace:/home/khushant/ros2_iron/install/test_launch_ros:/home/khushant/ros2_iron/install/rpyutils:/home/khushant/ros2_iron/install/rosidl_runtime_py:/home/khushant/ros2_iron/install/rosidl_pycommon:/home/khushant/ros2_iron/install/rosidl_cli:/home/khushant/ros2_iron/install/launch_pytest:/home/khushant/ros2_iron/install/launch_testing:/home/khushant/ros2_iron/install/launch_yaml:/home/khushant/ros2_iron/install/launch_xml:/home/khushant/ros2_iron/install/launch:/home/khushant/ros2_iron/install/osrf_pycommon:/home/khushant/ros2_iron/install/domain_coordinator:/home/khushant/ros2_iron/install/ament_xmllint:/home/khushant/ros2_iron/install/ament_pyflakes:/home/khushant/ros2_iron/install/ament_pycodestyle:/home/khushant/ros2_iron/install/ament_pep257:/home/khushant/ros2_iron/install/ament_pclint:/home/khushant/ros2_iron/install/ament_package:/home/khushant/ros2_iron/install/ament_mypy:/home/khushant/ros2_iron/install/ament_lint_cmake:/home/khushant/ros2_iron/install/ament_flake8:/home/khushant/ros2_iron/install/ament_copyright:/home/khushant/ros2_iron/install/ament_lint:/home/khushant/ros2_iron/install/ament_index_python:/home/khushant/ros2_iron/install/ament_cpplint:/home/khushant/ros2_iron/install/ament_cppcheck:/home/khushant/ros2_iron/install/ament_clang_tidy:/home/khushant/ros2_iron/install/ament_clang_format:/opt/ros/iron /home/khushant/.local/bin/cmake --build /home/khushant/pid/build/messages -- -j20 -l20
[2.817s] [  1%] [34m[1mGenerating type hashes for ROS interfaces[0m
[2.821s] [  1%] Built target ament_cmake_python_symlink_messages
[3.031s] [  1%] Built target messages__rosidl_generator_type_description
[3.037s] [  2%] [34m[1mGenerating C code for ROS interfaces[0m
[3.044s] [  4%] [34m[1mGenerating C++ code for ROS interfaces[0m
[3.100s] running egg_info
[3.101s] writing messages.egg-info/PKG-INFO
[3.101s] writing dependency_links to messages.egg-info/dependency_links.txt
[3.101s] writing top-level names to messages.egg-info/top_level.txt
[3.102s] reading manifest file 'messages.egg-info/SOURCES.txt'
[3.103s] writing manifest file 'messages.egg-info/SOURCES.txt'
[3.119s] [  4%] Built target ament_cmake_python_build_messages_egg
[3.341s] [  4%] Built target messages__cpp
[3.436s] [  5%] [32mBuilding C object CMakeFiles/messages__rosidl_generator_c.dir/rosidl_generator_c/messages/msg/detail/refsignal__description.c.o[0m
[3.436s] [  6%] [32mBuilding C object CMakeFiles/messages__rosidl_generator_c.dir/rosidl_generator_c/messages/msg/detail/pidsignal__functions.c.o[0m
[3.439s] [  8%] [32mBuilding C object CMakeFiles/messages__rosidl_generator_c.dir/rosidl_generator_c/messages/msg/detail/pidsignal__type_support.c.o[0m
[3.441s] [  9%] [32mBuilding C object CMakeFiles/messages__rosidl_generator_c.dir/rosidl_generator_c/messages/msg/detail/systemsignal__type_support.c.o[0m
[3.441s] [ 10%] [32mBuilding C object CMakeFiles/messages__rosidl_generator_c.dir/rosidl_generator_c/messages/msg/detail/pidsignal__description.c.o[0m
[3.441s] [ 12%] [32mBuilding C object CMakeFiles/messages__rosidl_generator_c.dir/rosidl_generator_c/messages/msg/detail/systemsignal__description.c.o[0m
[3.441s] [ 13%] [32mBuilding C object CMakeFiles/messages__rosidl_generator_c.dir/rosidl_generator_c/messages/msg/detail/refsignal__functions.c.o[0m
[3.442s] [ 14%] [32mBuilding C object CMakeFiles/messages__rosidl_generator_c.dir/rosidl_generator_c/messages/msg/detail/refsignal__type_support.c.o[0m
[3.444s] [ 16%] [32mBuilding C object CMakeFiles/messages__rosidl_generator_c.dir/rosidl_generator_c/messages/msg/detail/systemsignal__functions.c.o[0m
[3.444s] [ 17%] [32mBuilding C object CMakeFiles/messages__rosidl_generator_c.dir/rosidl_generator_c/messages/msg/detail/noise__description.c.o[0m
[3.445s] [ 18%] [32mBuilding C object CMakeFiles/messages__rosidl_generator_c.dir/rosidl_generator_c/messages/msg/detail/noise__type_support.c.o[0m
[3.451s] [ 20%] [32mBuilding C object CMakeFiles/messages__rosidl_generator_c.dir/rosidl_generator_c/messages/msg/detail/filter__type_support.c.o[0m
[3.452s] [ 21%] [32mBuilding C object CMakeFiles/messages__rosidl_generator_c.dir/rosidl_generator_c/messages/msg/detail/noise__functions.c.o[0m
[3.455s] [ 22%] [32mBuilding C object CMakeFiles/messages__rosidl_generator_c.dir/rosidl_generator_c/messages/msg/detail/filter__description.c.o[0m
[3.462s] [ 24%] [32mBuilding C object CMakeFiles/messages__rosidl_generator_c.dir/rosidl_generator_c/messages/msg/detail/filter__functions.c.o[0m
[3.564s] [ 25%] [32m[1mLinking C shared library libmessages__rosidl_generator_c.so[0m
[4.012s] [ 25%] Built target messages__rosidl_generator_c
[4.018s] [ 27%] [34m[1mGenerating C++ type support dispatch for ROS interfaces[0m
[4.018s] [ 28%] [34m[1mGenerating C introspection for ROS interfaces[0m
[4.019s] [ 29%] [34m[1mGenerating C type support dispatch for ROS interfaces[0m
[4.019s] [ 31%] [34m[1mGenerating C type support for eProsima Fast-RTPS[0m
[4.019s] [ 32%] [34m[1mGenerating C++ introspection for ROS interfaces[0m
[4.020s] [ 33%] [34m[1mGenerating C++ type support for eProsima Fast-RTPS[0m
[4.277s] [ 35%] [32mBuilding CXX object CMakeFiles/messages__rosidl_typesupport_c.dir/rosidl_typesupport_c/messages/msg/pidsignal__type_support.cpp.o[0m
[4.277s] [ 36%] [32mBuilding CXX object CMakeFiles/messages__rosidl_typesupport_c.dir/rosidl_typesupport_c/messages/msg/noise__type_support.cpp.o[0m
[4.277s] [ 39%] [32mBuilding CXX object CMakeFiles/messages__rosidl_typesupport_c.dir/rosidl_typesupport_c/messages/msg/refsignal__type_support.cpp.o[0m
[4.277s] [ 39%] [32mBuilding CXX object CMakeFiles/messages__rosidl_typesupport_c.dir/rosidl_typesupport_c/messages/msg/systemsignal__type_support.cpp.o[0m
[4.278s] [ 40%] [32mBuilding CXX object CMakeFiles/messages__rosidl_typesupport_c.dir/rosidl_typesupport_c/messages/msg/filter__type_support.cpp.o[0m
[4.289s] [ 41%] [32mBuilding CXX object CMakeFiles/messages__rosidl_typesupport_cpp.dir/rosidl_typesupport_cpp/messages/msg/systemsignal__type_support.cpp.o[0m
[4.289s] [ 43%] [32mBuilding CXX object CMakeFiles/messages__rosidl_typesupport_cpp.dir/rosidl_typesupport_cpp/messages/msg/refsignal__type_support.cpp.o[0m
[4.289s] [ 44%] [32mBuilding CXX object CMakeFiles/messages__rosidl_typesupport_cpp.dir/rosidl_typesupport_cpp/messages/msg/pidsignal__type_support.cpp.o[0m
[4.289s] [ 45%] [32mBuilding CXX object CMakeFiles/messages__rosidl_typesupport_cpp.dir/rosidl_typesupport_cpp/messages/msg/noise__type_support.cpp.o[0m
[4.290s] [ 47%] [32mBuilding CXX object CMakeFiles/messages__rosidl_typesupport_cpp.dir/rosidl_typesupport_cpp/messages/msg/filter__type_support.cpp.o[0m
[4.328s] [ 48%] [32mBuilding CXX object CMakeFiles/messages__rosidl_typesupport_introspection_cpp.dir/rosidl_typesupport_introspection_cpp/messages/msg/detail/refsignal__type_support.cpp.o[0m
[4.328s] [ 50%] [32mBuilding CXX object CMakeFiles/messages__rosidl_typesupport_introspection_cpp.dir/rosidl_typesupport_introspection_cpp/messages/msg/detail/pidsignal__type_support.cpp.o[0m
[4.329s] [ 51%] [32mBuilding CXX object CMakeFiles/messages__rosidl_typesupport_introspection_cpp.dir/rosidl_typesupport_introspection_cpp/messages/msg/detail/noise__type_support.cpp.o[0m
[4.329s] [ 52%] [32mBuilding CXX object CMakeFiles/messages__rosidl_typesupport_introspection_cpp.dir/rosidl_typesupport_introspection_cpp/messages/msg/detail/systemsignal__type_support.cpp.o[0m
[4.329s] [ 54%] [32mBuilding CXX object CMakeFiles/messages__rosidl_typesupport_introspection_cpp.dir/rosidl_typesupport_introspection_cpp/messages/msg/detail/filter__type_support.cpp.o[0m
[4.339s] [ 55%] [32mBuilding CXX object CMakeFiles/messages__rosidl_typesupport_fastrtps_c.dir/rosidl_typesupport_fastrtps_c/messages/msg/detail/refsignal__type_support_c.cpp.o[0m
[4.342s] [ 56%] [32mBuilding CXX object CMakeFiles/messages__rosidl_typesupport_fastrtps_c.dir/rosidl_typesupport_fastrtps_c/messages/msg/detail/filter__type_support_c.cpp.o[0m
[4.342s] [ 58%] [32mBuilding CXX object CMakeFiles/messages__rosidl_typesupport_fastrtps_c.dir/rosidl_typesupport_fastrtps_c/messages/msg/detail/pidsignal__type_support_c.cpp.o[0m
[4.342s] [ 59%] [32mBuilding CXX object CMakeFiles/messages__rosidl_typesupport_fastrtps_c.dir/rosidl_typesupport_fastrtps_c/messages/msg/detail/noise__type_support_c.cpp.o[0m
[4.344s] [ 60%] [32mBuilding CXX object CMakeFiles/messages__rosidl_typesupport_fastrtps_c.dir/rosidl_typesupport_fastrtps_c/messages/msg/detail/systemsignal__type_support_c.cpp.o[0m
[4.346s] [ 63%] [32mBuilding C object CMakeFiles/messages__rosidl_typesupport_introspection_c.dir/rosidl_typesupport_introspection_c/messages/msg/detail/refsignal__type_support.c.o[0m
[4.346s] [ 64%] [32mBuilding C object CMakeFiles/messages__rosidl_typesupport_introspection_c.dir/rosidl_typesupport_introspection_c/messages/msg/detail/pidsignal__type_support.c.o[0m
[4.347s] [ 64%] [32mBuilding C object CMakeFiles/messages__rosidl_typesupport_introspection_c.dir/rosidl_typesupport_introspection_c/messages/msg/detail/systemsignal__type_support.c.o[0m
[4.348s] [ 66%] [32mBuilding C object CMakeFiles/messages__rosidl_typesupport_introspection_c.dir/rosidl_typesupport_introspection_c/messages/msg/detail/filter__type_support.c.o[0m
[4.349s] [ 67%] [32mBuilding C object CMakeFiles/messages__rosidl_typesupport_introspection_c.dir/rosidl_typesupport_introspection_c/messages/msg/detail/noise__type_support.c.o[0m
[4.379s] [ 68%] [32mBuilding CXX object CMakeFiles/messages__rosidl_typesupport_fastrtps_cpp.dir/rosidl_typesupport_fastrtps_cpp/messages/msg/detail/dds_fastrtps/refsignal__type_support.cpp.o[0m
[4.380s] [ 70%] [32mBuilding CXX object CMakeFiles/messages__rosidl_typesupport_fastrtps_cpp.dir/rosidl_typesupport_fastrtps_cpp/messages/msg/detail/dds_fastrtps/systemsignal__type_support.cpp.o[0m
[4.380s] [ 71%] [32mBuilding CXX object CMakeFiles/messages__rosidl_typesupport_fastrtps_cpp.dir/rosidl_typesupport_fastrtps_cpp/messages/msg/detail/dds_fastrtps/pidsignal__type_support.cpp.o[0m
[4.384s] [ 72%] [32mBuilding CXX object CMakeFiles/messages__rosidl_typesupport_fastrtps_cpp.dir/rosidl_typesupport_fastrtps_cpp/messages/msg/detail/dds_fastrtps/filter__type_support.cpp.o[0m
[4.384s] [ 74%] [32mBuilding CXX object CMakeFiles/messages__rosidl_typesupport_fastrtps_cpp.dir/rosidl_typesupport_fastrtps_cpp/messages/msg/detail/dds_fastrtps/noise__type_support.cpp.o[0m
[4.394s] [ 75%] [32m[1mLinking CXX shared library libmessages__rosidl_typesupport_c.so[0m
[4.408s] [ 77%] [32m[1mLinking C shared library libmessages__rosidl_typesupport_introspection_c.so[0m
[4.645s] [ 78%] [32m[1mLinking CXX shared library libmessages__rosidl_typesupport_cpp.so[0m
[4.648s] [ 79%] [32m[1mLinking CXX shared library libmessages__rosidl_typesupport_fastrtps_c.so[0m
[4.660s] [ 81%] [32m[1mLinking CXX shared library libmessages__rosidl_typesupport_introspection_cpp.so[0m
[4.703s] [ 81%] Built target messages__rosidl_typesupport_c
[4.721s] [ 81%] Built target messages__rosidl_typesupport_introspection_c
[4.786s] [ 82%] [32m[1mLinking CXX shared library libmessages__rosidl_typesupport_fastrtps_cpp.so[0m
[4.900s] [ 82%] Built target messages__rosidl_typesupport_cpp
[4.939s] [ 82%] Built target messages__rosidl_typesupport_fastrtps_c
[5.093s] [ 82%] Built target messages__rosidl_typesupport_introspection_cpp
[5.201s] [ 82%] Built target messages__rosidl_typesupport_fastrtps_cpp
[5.213s] [ 82%] Built target messages
[5.225s] [ 83%] [34m[1mGenerating Python code for ROS interfaces[0m
[5.638s] [ 83%] Built target messages__py
[5.657s] [ 85%] [32mBuilding C object CMakeFiles/messages__rosidl_generator_py.dir/rosidl_generator_py/messages/msg/_pidsignal_s.c.o[0m
[5.658s] [ 86%] [32mBuilding C object CMakeFiles/messages__rosidl_generator_py.dir/rosidl_generator_py/messages/msg/_refsignal_s.c.o[0m
[5.658s] [ 87%] [32mBuilding C object CMakeFiles/messages__rosidl_generator_py.dir/rosidl_generator_py/messages/msg/_systemsignal_s.c.o[0m
[5.658s] [ 89%] [32mBuilding C object CMakeFiles/messages__rosidl_generator_py.dir/rosidl_generator_py/messages/msg/_noise_s.c.o[0m
[5.659s] [ 90%] [32mBuilding C object CMakeFiles/messages__rosidl_generator_py.dir/rosidl_generator_py/messages/msg/_filter_s.c.o[0m
[5.772s] [ 91%] [32m[1mLinking C shared library rosidl_generator_py/messages/libmessages__rosidl_generator_py.so[0m
[6.021s] [ 91%] Built target messages__rosidl_generator_py
[6.036s] [ 93%] [32mBuilding C object CMakeFiles/messages__rosidl_typesupport_introspection_c__pyext.dir/rosidl_generator_py/messages/_messages_s.ep.rosidl_typesupport_introspection_c.c.o[0m
[6.036s] [ 94%] [32mBuilding C object CMakeFiles/messages__rosidl_typesupport_fastrtps_c__pyext.dir/rosidl_generator_py/messages/_messages_s.ep.rosidl_typesupport_fastrtps_c.c.o[0m
[6.036s] [ 95%] [32mBuilding C object CMakeFiles/messages__rosidl_typesupport_c__pyext.dir/rosidl_generator_py/messages/_messages_s.ep.rosidl_typesupport_c.c.o[0m
[6.145s] [ 97%] [32m[1mLinking C shared library rosidl_generator_py/messages/messages_s__rosidl_typesupport_c.cpython-310-x86_64-linux-gnu.so[0m
[6.147s] [ 98%] [32m[1mLinking C shared library rosidl_generator_py/messages/messages_s__rosidl_typesupport_fastrtps_c.cpython-310-x86_64-linux-gnu.so[0m
[6.148s] [100%] [32m[1mLinking C shared library rosidl_generator_py/messages/messages_s__rosidl_typesupport_introspection_c.cpython-310-x86_64-linux-gnu.so[0m
[6.386s] [100%] Built target messages__rosidl_typesupport_c__pyext
[6.386s] [100%] Built target messages__rosidl_typesupport_introspection_c__pyext
[6.456s] [100%] Built target messages__rosidl_typesupport_fastrtps_c__pyext
[6.466s] Invoked command in '/home/khushant/pid/build/messages' returned '0': CMAKE_PREFIX_PATH=${CMAKE_PREFIX_PATH}:/home/khushant/ros2_iron/install/rqt_bag_plugins:/home/khushant/ros2_iron/install/rqt_bag:/home/khushant/ros2_iron/install/rosbag2_examples_py:/home/khushant/ros2_iron/install/launch_testing_examples:/home/khushant/ros2_iron/install/ros2bag:/home/khushant/ros2_iron/install/tracetools_test:/home/khushant/ros2_iron/install/tracetools_launch:/home/khushant/ros2_iron/install/topic_monitor:/home/khushant/ros2_iron/install/tf2_tools:/home/khushant/ros2_iron/install/examples_tf2_py:/home/khushant/ros2_iron/install/tf2_ros_py:/home/khushant/ros2_iron/install/examples_rclpy_pointcloud_publisher:/home/khushant/ros2_iron/install/sensor_msgs_py:/home/khushant/ros2_iron/install/quality_of_service_demo_py:/home/khushant/ros2_iron/install/rqt_plot:/home/khushant/ros2_iron/install/ros2doctor:/home/khushant/ros2_iron/install/lifecycle_py:/home/khushant/ros2_iron/install/examples_rclpy_minimal_subscriber:/home/khushant/ros2_iron/install/examples_rclpy_minimal_service:/home/khushant/ros2_iron/install/examples_rclpy_minimal_publisher:/home/khushant/ros2_iron/install/examples_rclpy_minimal_client:/home/khushant/ros2_iron/install/examples_rclpy_executors:/home/khushant/ros2_iron/install/demo_nodes_py:/home/khushant/ros2_iron/install/rqt:/home/khushant/ros2_iron/install/ros2component:/home/khushant/ros2_iron/install/sros2:/home/khushant/ros2_iron/install/rqt_topic:/home/khushant/ros2_iron/install/rqt_srv:/home/khushant/ros2_iron/install/rqt_shell:/home/khushant/ros2_iron/install/rqt_service_caller:/home/khushant/ros2_iron/install/rqt_reconfigure:/home/khushant/ros2_iron/install/rqt_py_console:/home/khushant/ros2_iron/install/rqt_publisher:/home/khushant/ros2_iron/install/rqt_action:/home/khushant/ros2_iron/install/rqt_msg:/home/khushant/ros2_iron/install/rqt_console:/home/khushant/ros2_iron/install/rqt_graph:/home/khushant/ros2_iron/install/rqt_gui_py:/home/khushant/ros2_iron/install/rqt_gui:/home/khushant/ros2_iron/install/ros2trace:/home/khushant/ros2_iron/install/ros2topic:/home/khushant/ros2_iron/install/ros2test:/home/khushant/ros2_iron/install/ros2param:/home/khushant/ros2_iron/install/ros2lifecycle:/home/khushant/ros2_iron/install/ros2service:/home/khushant/ros2_iron/install/ros2run:/home/khushant/ros2_iron/install/ros2launch:/home/khushant/ros2_iron/install/ros2pkg:/home/khushant/ros2_iron/install/ros2node:/home/khushant/ros2_iron/install/ros2multicast:/home/khushant/ros2_iron/install/ros2interface:/home/khushant/ros2_iron/install/ros2action:/home/khushant/ros2_iron/install/ros2cli:/home/khushant/ros2_iron/install/launch_testing_ros:/home/khushant/ros2_iron/install/launch_ros:/home/khushant/ros2_iron/install/examples_rclpy_minimal_action_server:/home/khushant/ros2_iron/install/examples_rclpy_minimal_action_client:/home/khushant/ros2_iron/install/examples_rclpy_guard_conditions:/home/khushant/ros2_iron/install/action_tutorials_py:/home/khushant/ros2_iron/install/ament_uncrustify:/home/khushant/ros2_iron/install/tracetools_trace:/home/khushant/ros2_iron/install/tracetools_read:/home/khushant/ros2_iron/install/test_tracetools_launch:/home/khushant/ros2_iron/install/test_ros2trace:/home/khushant/ros2_iron/install/test_launch_ros:/home/khushant/ros2_iron/install/rpyutils:/home/khushant/ros2_iron/install/rosidl_runtime_py:/home/khushant/ros2_iron/install/rosidl_pycommon:/home/khushant/ros2_iron/install/rosidl_cli:/home/khushant/ros2_iron/install/launch_pytest:/home/khushant/ros2_iron/install/launch_testing:/home/khushant/ros2_iron/install/launch_yaml:/home/khushant/ros2_iron/install/launch_xml:/home/khushant/ros2_iron/install/launch:/home/khushant/ros2_iron/install/osrf_pycommon:/home/khushant/ros2_iron/install/domain_coordinator:/home/khushant/ros2_iron/install/ament_xmllint:/home/khushant/ros2_iron/install/ament_pyflakes:/home/khushant/ros2_iron/install/ament_pycodestyle:/home/khushant/ros2_iron/install/ament_pep257:/home/khushant/ros2_iron/install/ament_pclint:/home/khushant/ros2_iron/install/ament_package:/home/khushant/ros2_iron/install/ament_mypy:/home/khushant/ros2_iron/install/ament_lint_cmake:/home/khushant/ros2_iron/install/ament_flake8:/home/khushant/ros2_iron/install/ament_copyright:/home/khushant/ros2_iron/install/ament_lint:/home/khushant/ros2_iron/install/ament_index_python:/home/khushant/ros2_iron/install/ament_cpplint:/home/khushant/ros2_iron/install/ament_cppcheck:/home/khushant/ros2_iron/install/ament_clang_tidy:/home/khushant/ros2_iron/install/ament_clang_format:/opt/ros/iron /home/khushant/.local/bin/cmake --build /home/khushant/pid/build/messages -- -j20 -l20
[6.857s] Invoking command in '/home/khushant/pid/build/messages': CMAKE_PREFIX_PATH=${CMAKE_PREFIX_PATH}:/home/khushant/ros2_iron/install/rqt_bag_plugins:/home/khushant/ros2_iron/install/rqt_bag:/home/khushant/ros2_iron/install/rosbag2_examples_py:/home/khushant/ros2_iron/install/launch_testing_examples:/home/khushant/ros2_iron/install/ros2bag:/home/khushant/ros2_iron/install/tracetools_test:/home/khushant/ros2_iron/install/tracetools_launch:/home/khushant/ros2_iron/install/topic_monitor:/home/khushant/ros2_iron/install/tf2_tools:/home/khushant/ros2_iron/install/examples_tf2_py:/home/khushant/ros2_iron/install/tf2_ros_py:/home/khushant/ros2_iron/install/examples_rclpy_pointcloud_publisher:/home/khushant/ros2_iron/install/sensor_msgs_py:/home/khushant/ros2_iron/install/quality_of_service_demo_py:/home/khushant/ros2_iron/install/rqt_plot:/home/khushant/ros2_iron/install/ros2doctor:/home/khushant/ros2_iron/install/lifecycle_py:/home/khushant/ros2_iron/install/examples_rclpy_minimal_subscriber:/home/khushant/ros2_iron/install/examples_rclpy_minimal_service:/home/khushant/ros2_iron/install/examples_rclpy_minimal_publisher:/home/khushant/ros2_iron/install/examples_rclpy_minimal_client:/home/khushant/ros2_iron/install/examples_rclpy_executors:/home/khushant/ros2_iron/install/demo_nodes_py:/home/khushant/ros2_iron/install/rqt:/home/khushant/ros2_iron/install/ros2component:/home/khushant/ros2_iron/install/sros2:/home/khushant/ros2_iron/install/rqt_topic:/home/khushant/ros2_iron/install/rqt_srv:/home/khushant/ros2_iron/install/rqt_shell:/home/khushant/ros2_iron/install/rqt_service_caller:/home/khushant/ros2_iron/install/rqt_reconfigure:/home/khushant/ros2_iron/install/rqt_py_console:/home/khushant/ros2_iron/install/rqt_publisher:/home/khushant/ros2_iron/install/rqt_action:/home/khushant/ros2_iron/install/rqt_msg:/home/khushant/ros2_iron/install/rqt_console:/home/khushant/ros2_iron/install/rqt_graph:/home/khushant/ros2_iron/install/rqt_gui_py:/home/khushant/ros2_iron/install/rqt_gui:/home/khushant/ros2_iron/install/ros2trace:/home/khushant/ros2_iron/install/ros2topic:/home/khushant/ros2_iron/install/ros2test:/home/khushant/ros2_iron/install/ros2param:/home/khushant/ros2_iron/install/ros2lifecycle:/home/khushant/ros2_iron/install/ros2service:/home/khushant/ros2_iron/install/ros2run:/home/khushant/ros2_iron/install/ros2launch:/home/khushant/ros2_iron/install/ros2pkg:/home/khushant/ros2_iron/install/ros2node:/home/khushant/ros2_iron/install/ros2multicast:/home/khushant/ros2_iron/install/ros2interface:/home/khushant/ros2_iron/install/ros2action:/home/khushant/ros2_iron/install/ros2cli:/home/khushant/ros2_iron/install/launch_testing_ros:/home/khushant/ros2_iron/install/launch_ros:/home/khushant/ros2_iron/install/examples_rclpy_minimal_action_server:/home/khushant/ros2_iron/install/examples_rclpy_minimal_action_client:/home/khushant/ros2_iron/install/examples_rclpy_guard_conditions:/home/khushant/ros2_iron/install/action_tutorials_py:/home/khushant/ros2_iron/install/ament_uncrustify:/home/khushant/ros2_iron/install/tracetools_trace:/home/khushant/ros2_iron/install/tracetools_read:/home/khushant/ros2_iron/install/test_tracetools_launch:/home/khushant/ros2_iron/install/test_ros2trace:/home/khushant/ros2_iron/install/test_launch_ros:/home/khushant/ros2_iron/install/rpyutils:/home/khushant/ros2_iron/install/rosidl_runtime_py:/home/khushant/ros2_iron/install/rosidl_pycommon:/home/khushant/ros2_iron/install/rosidl_cli:/home/khushant/ros2_iron/install/launch_pytest:/home/khushant/ros2_iron/install/launch_testing:/home/khushant/ros2_iron/install/launch_yaml:/home/khushant/ros2_iron/install/launch_xml:/home/khushant/ros2_iron/install/launch:/home/khushant/ros2_iron/install/osrf_pycommon:/home/khushant/ros2_iron/install/domain_coordinator:/home/khushant/ros2_iron/install/ament_xmllint:/home/khushant/ros2_iron/install/ament_pyflakes:/home/khushant/ros2_iron/install/ament_pycodestyle:/home/khushant/ros2_iron/install/ament_pep257:/home/khushant/ros2_iron/install/ament_pclint:/home/khushant/ros2_iron/install/ament_package:/home/khushant/ros2_iron/install/ament_mypy:/home/khushant/ros2_iron/install/ament_lint_cmake:/home/khushant/ros2_iron/install/ament_flake8:/home/khushant/ros2_iron/install/ament_copyright:/home/khushant/ros2_iron/install/ament_lint:/home/khushant/ros2_iron/install/ament_index_python:/home/khushant/ros2_iron/install/ament_cpplint:/home/khushant/ros2_iron/install/ament_cppcheck:/home/khushant/ros2_iron/install/ament_clang_tidy:/home/khushant/ros2_iron/install/ament_clang_format:/opt/ros/iron /home/khushant/.local/bin/cmake --install /home/khushant/pid/build/messages
[6.913s] -- Install configuration: ""
[6.913s] -- Execute custom install script
[6.914s] -- Up-to-date symlink: /home/khushant/pid/install/messages/share/ament_index/resource_index/rosidl_interfaces/messages
[6.915s] -- Up-to-date symlink: /home/khushant/pid/install/messages/share/messages/msg/Pidsignal.json
[6.915s] -- Up-to-date symlink: /home/khushant/pid/install/messages/share/messages/msg/Refsignal.json
[6.915s] -- Up-to-date symlink: /home/khushant/pid/install/messages/share/messages/msg/Systemsignal.json
[6.916s] -- Up-to-date symlink: /home/khushant/pid/install/messages/share/messages/msg/Noise.json
[6.916s] -- Symlinking: /home/khushant/pid/install/messages/share/messages/msg/Filter.json
[6.920s] -- Symlinking: /home/khushant/pid/install/messages/include/messages/messages/msg/detail/filter__functions.h
[6.923s] -- Symlinking: /home/khushant/pid/install/messages/include/messages/messages/msg/detail/filter__struct.h
[6.926s] -- Symlinking: /home/khushant/pid/install/messages/include/messages/messages/msg/detail/filter__type_support.h
[6.929s] -- Up-to-date symlink: /home/khushant/pid/install/messages/include/messages/messages/msg/detail/noise__functions.h
[6.929s] -- Up-to-date symlink: /home/khushant/pid/install/messages/include/messages/messages/msg/detail/noise__struct.h
[6.930s] -- Up-to-date symlink: /home/khushant/pid/install/messages/include/messages/messages/msg/detail/noise__type_support.h
[6.930s] -- Up-to-date symlink: /home/khushant/pid/install/messages/include/messages/messages/msg/detail/pidsignal__functions.h
[6.930s] -- Up-to-date symlink: /home/khushant/pid/install/messages/include/messages/messages/msg/detail/pidsignal__struct.h
[6.930s] -- Up-to-date symlink: /home/khushant/pid/install/messages/include/messages/messages/msg/detail/pidsignal__type_support.h
[6.931s] -- Up-to-date symlink: /home/khushant/pid/install/messages/include/messages/messages/msg/detail/refsignal__functions.h
[6.931s] -- Up-to-date symlink: /home/khushant/pid/install/messages/include/messages/messages/msg/detail/refsignal__struct.h
[6.931s] -- Up-to-date symlink: /home/khushant/pid/install/messages/include/messages/messages/msg/detail/refsignal__type_support.h
[6.932s] -- Up-to-date symlink: /home/khushant/pid/install/messages/include/messages/messages/msg/detail/systemsignal__functions.h
[6.932s] -- Up-to-date symlink: /home/khushant/pid/install/messages/include/messages/messages/msg/detail/systemsignal__struct.h
[6.932s] -- Up-to-date symlink: /home/khushant/pid/install/messages/include/messages/messages/msg/detail/systemsignal__type_support.h
[6.932s] -- Symlinking: /home/khushant/pid/install/messages/include/messages/messages/msg/filter.h
[6.935s] -- Up-to-date symlink: /home/khushant/pid/install/messages/include/messages/messages/msg/noise.h
[6.936s] -- Up-to-date symlink: /home/khushant/pid/install/messages/include/messages/messages/msg/pidsignal.h
[6.936s] -- Up-to-date symlink: /home/khushant/pid/install/messages/include/messages/messages/msg/refsignal.h
[6.936s] -- Up-to-date symlink: /home/khushant/pid/install/messages/include/messages/messages/msg/rosidl_generator_c__visibility_control.h
[6.937s] -- Up-to-date symlink: /home/khushant/pid/install/messages/include/messages/messages/msg/systemsignal.h
[6.937s] -- Up-to-date symlink: /home/khushant/pid/install/messages/share/messages/environment/library_path.sh
[6.938s] -- Up-to-date symlink: /home/khushant/pid/install/messages/share/messages/environment/library_path.dsv
[6.938s] -- Symlinking: /home/khushant/pid/install/messages/include/messages/messages/msg/detail/filter__rosidl_typesupport_introspection_c.h
[6.941s] -- Up-to-date symlink: /home/khushant/pid/install/messages/include/messages/messages/msg/detail/noise__rosidl_typesupport_introspection_c.h
[6.941s] -- Up-to-date symlink: /home/khushant/pid/install/messages/include/messages/messages/msg/detail/pidsignal__rosidl_typesupport_introspection_c.h
[6.942s] -- Up-to-date symlink: /home/khushant/pid/install/messages/include/messages/messages/msg/detail/refsignal__rosidl_typesupport_introspection_c.h
[6.942s] -- Up-to-date symlink: /home/khushant/pid/install/messages/include/messages/messages/msg/detail/systemsignal__rosidl_typesupport_introspection_c.h
[6.942s] -- Up-to-date symlink: /home/khushant/pid/install/messages/include/messages/messages/msg/rosidl_typesupport_introspection_c__visibility_control.h
[6.943s] -- Symlinking: /home/khushant/pid/install/messages/include/messages/messages/msg/detail/filter__rosidl_typesupport_fastrtps_c.h
[6.946s] -- Up-to-date symlink: /home/khushant/pid/install/messages/include/messages/messages/msg/detail/noise__rosidl_typesupport_fastrtps_c.h
[6.946s] -- Up-to-date symlink: /home/khushant/pid/install/messages/include/messages/messages/msg/detail/pidsignal__rosidl_typesupport_fastrtps_c.h
[6.947s] -- Up-to-date symlink: /home/khushant/pid/install/messages/include/messages/messages/msg/detail/refsignal__rosidl_typesupport_fastrtps_c.h
[6.947s] -- Up-to-date symlink: /home/khushant/pid/install/messages/include/messages/messages/msg/detail/systemsignal__rosidl_typesupport_fastrtps_c.h
[6.948s] -- Up-to-date symlink: /home/khushant/pid/install/messages/include/messages/messages/msg/rosidl_typesupport_fastrtps_c__visibility_control.h
[6.948s] -- Symlinking: /home/khushant/pid/install/messages/include/messages/messages/msg/detail/filter__builder.hpp
[6.951s] -- Symlinking: /home/khushant/pid/install/messages/include/messages/messages/msg/detail/filter__struct.hpp
[6.954s] -- Symlinking: /home/khushant/pid/install/messages/include/messages/messages/msg/detail/filter__traits.hpp
[6.957s] -- Up-to-date symlink: /home/khushant/pid/install/messages/include/messages/messages/msg/detail/noise__builder.hpp
[6.957s] -- Up-to-date symlink: /home/khushant/pid/install/messages/include/messages/messages/msg/detail/noise__struct.hpp
[6.958s] -- Up-to-date symlink: /home/khushant/pid/install/messages/include/messages/messages/msg/detail/noise__traits.hpp
[6.958s] -- Up-to-date symlink: /home/khushant/pid/install/messages/include/messages/messages/msg/detail/pidsignal__builder.hpp
[6.958s] -- Up-to-date symlink: /home/khushant/pid/install/messages/include/messages/messages/msg/detail/pidsignal__struct.hpp
[6.959s] -- Up-to-date symlink: /home/khushant/pid/install/messages/include/messages/messages/msg/detail/pidsignal__traits.hpp
[6.959s] -- Up-to-date symlink: /home/khushant/pid/install/messages/include/messages/messages/msg/detail/refsignal__builder.hpp
[6.959s] -- Up-to-date symlink: /home/khushant/pid/install/messages/include/messages/messages/msg/detail/refsignal__struct.hpp
[6.960s] -- Up-to-date symlink: /home/khushant/pid/install/messages/include/messages/messages/msg/detail/refsignal__traits.hpp
[6.960s] -- Up-to-date symlink: /home/khushant/pid/install/messages/include/messages/messages/msg/detail/systemsignal__builder.hpp
[6.960s] -- Up-to-date symlink: /home/khushant/pid/install/messages/include/messages/messages/msg/detail/systemsignal__struct.hpp
[6.961s] -- Up-to-date symlink: /home/khushant/pid/install/messages/include/messages/messages/msg/detail/systemsignal__traits.hpp
[6.961s] -- Symlinking: /home/khushant/pid/install/messages/include/messages/messages/msg/filter.hpp
[6.964s] -- Up-to-date symlink: /home/khushant/pid/install/messages/include/messages/messages/msg/noise.hpp
[6.964s] -- Up-to-date symlink: /home/khushant/pid/install/messages/include/messages/messages/msg/pidsignal.hpp
[6.964s] -- Up-to-date symlink: /home/khushant/pid/install/messages/include/messages/messages/msg/refsignal.hpp
[6.965s] -- Up-to-date symlink: /home/khushant/pid/install/messages/include/messages/messages/msg/systemsignal.hpp
[6.965s] -- Symlinking: /home/khushant/pid/install/messages/include/messages/messages/msg/detail/filter__rosidl_typesupport_introspection_cpp.hpp
[6.968s] -- Up-to-date symlink: /home/khushant/pid/install/messages/include/messages/messages/msg/detail/noise__rosidl_typesupport_introspection_cpp.hpp
[6.968s] -- Up-to-date symlink: /home/khushant/pid/install/messages/include/messages/messages/msg/detail/pidsignal__rosidl_typesupport_introspection_cpp.hpp
[6.969s] -- Up-to-date symlink: /home/khushant/pid/install/messages/include/messages/messages/msg/detail/refsignal__rosidl_typesupport_introspection_cpp.hpp
[6.969s] -- Up-to-date symlink: /home/khushant/pid/install/messages/include/messages/messages/msg/detail/systemsignal__rosidl_typesupport_introspection_cpp.hpp
[6.969s] -- Symlinking: /home/khushant/pid/install/messages/include/messages/messages/msg/detail/filter__rosidl_typesupport_fastrtps_cpp.hpp
[6.972s] -- Up-to-date symlink: /home/khushant/pid/install/messages/include/messages/messages/msg/detail/noise__rosidl_typesupport_fastrtps_cpp.hpp
[6.973s] -- Up-to-date symlink: /home/khushant/pid/install/messages/include/messages/messages/msg/detail/pidsignal__rosidl_typesupport_fastrtps_cpp.hpp
[6.973s] -- Up-to-date symlink: /home/khushant/pid/install/messages/include/messages/messages/msg/detail/refsignal__rosidl_typesupport_fastrtps_cpp.hpp
[6.973s] -- Up-to-date symlink: /home/khushant/pid/install/messages/include/messages/messages/msg/detail/systemsignal__rosidl_typesupport_fastrtps_cpp.hpp
[6.974s] -- Up-to-date symlink: /home/khushant/pid/install/messages/include/messages/messages/msg/rosidl_typesupport_fastrtps_cpp__visibility_control.h
[6.974s] -- Up-to-date symlink: /home/khushant/pid/install/messages/share/messages/environment/pythonpath.sh
[6.974s] -- Up-to-date symlink: /home/khushant/pid/install/messages/share/messages/environment/pythonpath.dsv
[6.976s] -- Up-to-date symlink: /home/khushant/pid/install/messages/lib/python3.10/site-packages/messages-0.0.0-py3.10.egg-info/PKG-INFO
[6.976s] -- Up-to-date symlink: /home/khushant/pid/install/messages/lib/python3.10/site-packages/messages-0.0.0-py3.10.egg-info/SOURCES.txt
[6.976s] -- Up-to-date symlink: /home/khushant/pid/install/messages/lib/python3.10/site-packages/messages-0.0.0-py3.10.egg-info/dependency_links.txt
[6.976s] -- Up-to-date symlink: /home/khushant/pid/install/messages/lib/python3.10/site-packages/messages-0.0.0-py3.10.egg-info/top_level.txt
[6.977s] -- Up-to-date symlink: /home/khushant/pid/install/messages/lib/python3.10/site-packages/messages/__init__.py
[6.978s] -- Up-to-date symlink: /home/khushant/pid/install/messages/lib/python3.10/site-packages/messages/_messages_s.ep.rosidl_typesupport_c.c
[6.978s] -- Up-to-date symlink: /home/khushant/pid/install/messages/lib/python3.10/site-packages/messages/_messages_s.ep.rosidl_typesupport_fastrtps_c.c
[6.978s] -- Up-to-date symlink: /home/khushant/pid/install/messages/lib/python3.10/site-packages/messages/_messages_s.ep.rosidl_typesupport_introspection_c.c
[6.979s] -- Up-to-date symlink: /home/khushant/pid/install/messages/lib/python3.10/site-packages/messages/libmessages__rosidl_generator_py.so
[6.979s] -- Up-to-date symlink: /home/khushant/pid/install/messages/lib/python3.10/site-packages/messages/messages_s__rosidl_typesupport_c.cpython-310-x86_64-linux-gnu.so
[6.979s] -- Up-to-date symlink: /home/khushant/pid/install/messages/lib/python3.10/site-packages/messages/messages_s__rosidl_typesupport_fastrtps_c.cpython-310-x86_64-linux-gnu.so
[6.979s] -- Up-to-date symlink: /home/khushant/pid/install/messages/lib/python3.10/site-packages/messages/messages_s__rosidl_typesupport_introspection_c.cpython-310-x86_64-linux-gnu.so
[6.980s] -- Up-to-date symlink: /home/khushant/pid/install/messages/lib/python3.10/site-packages/messages/msg/__init__.py
[6.980s] -- Symlinking: /home/khushant/pid/install/messages/lib/python3.10/site-packages/messages/msg/_filter.py
[6.983s] -- Symlinking: /home/khushant/pid/install/messages/lib/python3.10/site-packages/messages/msg/_filter_s.c
[6.986s] -- Up-to-date symlink: /home/khushant/pid/install/messages/lib/python3.10/site-packages/messages/msg/_noise.py
[6.987s] -- Up-to-date symlink: /home/khushant/pid/install/messages/lib/python3.10/site-packages/messages/msg/_noise_s.c
[6.987s] -- Up-to-date symlink: /home/khushant/pid/install/messages/lib/python3.10/site-packages/messages/msg/_pidsignal.py
[6.987s] -- Up-to-date symlink: /home/khushant/pid/install/messages/lib/python3.10/site-packages/messages/msg/_pidsignal_s.c
[6.987s] -- Up-to-date symlink: /home/khushant/pid/install/messages/lib/python3.10/site-packages/messages/msg/_refsignal.py
[6.988s] -- Up-to-date symlink: /home/khushant/pid/install/messages/lib/python3.10/site-packages/messages/msg/_refsignal_s.c
[6.988s] -- Up-to-date symlink: /home/khushant/pid/install/messages/lib/python3.10/site-packages/messages/msg/_systemsignal.py
[6.988s] -- Up-to-date symlink: /home/khushant/pid/install/messages/lib/python3.10/site-packages/messages/msg/_systemsignal_s.c
[6.988s] -- Up-to-date symlink: /home/khushant/pid/install/messages/lib/python3.10/site-packages/messages/messages_s__rosidl_typesupport_introspection_c.cpython-310-x86_64-linux-gnu.so
[6.988s] -- Up-to-date symlink: /home/khushant/pid/install/messages/lib/python3.10/site-packages/messages/messages_s__rosidl_typesupport_fastrtps_c.cpython-310-x86_64-linux-gnu.so
[6.989s] -- Up-to-date symlink: /home/khushant/pid/install/messages/lib/python3.10/site-packages/messages/messages_s__rosidl_typesupport_c.cpython-310-x86_64-linux-gnu.so
[6.989s] -- Up-to-date symlink: /home/khushant/pid/install/messages/share/messages/msg/Pidsignal.idl
[6.989s] -- Up-to-date symlink: /home/khushant/pid/install/messages/share/messages/msg/Refsignal.idl
[6.990s] -- Up-to-date symlink: /home/khushant/pid/install/messages/share/messages/msg/Systemsignal.idl
[6.990s] -- Up-to-date symlink: /home/khushant/pid/install/messages/share/messages/msg/Noise.idl
[6.990s] -- Symlinking: /home/khushant/pid/install/messages/share/messages/msg/Filter.idl
[6.993s] -- Up-to-date symlink: /home/khushant/pid/install/messages/share/messages/msg/Pidsignal.msg
[6.993s] -- Up-to-date symlink: /home/khushant/pid/install/messages/share/messages/msg/Refsignal.msg
[6.993s] -- Up-to-date symlink: /home/khushant/pid/install/messages/share/messages/msg/Systemsignal.msg
[6.993s] -- Up-to-date symlink: /home/khushant/pid/install/messages/share/messages/msg/Noise.msg
[6.993s] -- Symlinking: /home/khushant/pid/install/messages/share/messages/msg/Filter.msg
[6.997s] -- Up-to-date symlink: /home/khushant/pid/install/messages/share/ament_index/resource_index/package_run_dependencies/messages
[6.997s] -- Up-to-date symlink: /home/khushant/pid/install/messages/share/ament_index/resource_index/parent_prefix_path/messages
[6.998s] -- Up-to-date symlink: /home/khushant/pid/install/messages/share/messages/environment/ament_prefix_path.sh
[6.998s] -- Up-to-date symlink: /home/khushant/pid/install/messages/share/messages/environment/ament_prefix_path.dsv
[6.998s] -- Up-to-date symlink: /home/khushant/pid/install/messages/share/messages/environment/path.sh
[6.999s] -- Up-to-date symlink: /home/khushant/pid/install/messages/share/messages/environment/path.dsv
[6.999s] -- Up-to-date symlink: /home/khushant/pid/install/messages/share/messages/local_setup.bash
[6.999s] -- Up-to-date symlink: /home/khushant/pid/install/messages/share/messages/local_setup.sh
[6.999s] -- Up-to-date symlink: /home/khushant/pid/install/messages/share/messages/local_setup.zsh
[7.000s] -- Up-to-date symlink: /home/khushant/pid/install/messages/share/messages/local_setup.dsv
[7.000s] -- Symlinking: /home/khushant/pid/install/messages/share/messages/package.dsv
[7.003s] -- Up-to-date symlink: /home/khushant/pid/install/messages/share/ament_index/resource_index/packages/messages
[7.004s] -- Up-to-date symlink: /home/khushant/pid/install/messages/share/messages/cmake/rosidl_cmake-extras.cmake
[7.004s] -- Up-to-date symlink: /home/khushant/pid/install/messages/share/messages/cmake/ament_cmake_export_include_directories-extras.cmake
[7.005s] -- Up-to-date symlink: /home/khushant/pid/install/messages/share/messages/cmake/ament_cmake_export_libraries-extras.cmake
[7.005s] -- Up-to-date symlink: /home/khushant/pid/install/messages/share/messages/cmake/ament_cmake_export_targets-extras.cmake
[7.005s] -- Up-to-date symlink: /home/khushant/pid/install/messages/share/messages/cmake/rosidl_cmake_export_typesupport_targets-extras.cmake
[7.006s] -- Up-to-date symlink: /home/khushant/pid/install/messages/share/messages/cmake/ament_cmake_export_dependencies-extras.cmake
[7.006s] -- Up-to-date symlink: /home/khushant/pid/install/messages/share/messages/cmake/rosidl_cmake_export_typesupport_libraries-extras.cmake
[7.006s] -- Up-to-date symlink: /home/khushant/pid/install/messages/share/messages/cmake/messagesConfig.cmake
[7.007s] -- Up-to-date symlink: /home/khushant/pid/install/messages/share/messages/cmake/messagesConfig-version.cmake
[7.007s] -- Up-to-date symlink: /home/khushant/pid/install/messages/share/messages/package.xml
[7.007s] -- Installing: /home/khushant/pid/install/messages/lib/libmessages__rosidl_generator_c.so
[7.008s] -- Set runtime path of "/home/khushant/pid/install/messages/lib/libmessages__rosidl_generator_c.so" to ""
[7.008s] -- Installing: /home/khushant/pid/install/messages/lib/libmessages__rosidl_typesupport_introspection_c.so
[7.008s] -- Set runtime path of "/home/khushant/pid/install/messages/lib/libmessages__rosidl_typesupport_introspection_c.so" to ""
[7.009s] -- Installing: /home/khushant/pid/install/messages/lib/libmessages__rosidl_typesupport_fastrtps_c.so
[7.009s] -- Set runtime path of "/home/khushant/pid/install/messages/lib/libmessages__rosidl_typesupport_fastrtps_c.so" to ""
[7.010s] -- Installing: /home/khushant/pid/install/messages/lib/libmessages__rosidl_typesupport_c.so
[7.010s] -- Set runtime path of "/home/khushant/pid/install/messages/lib/libmessages__rosidl_typesupport_c.so" to ""
[7.011s] -- Installing: /home/khushant/pid/install/messages/lib/libmessages__rosidl_typesupport_introspection_cpp.so
[7.011s] -- Set runtime path of "/home/khushant/pid/install/messages/lib/libmessages__rosidl_typesupport_introspection_cpp.so" to ""
[7.012s] -- Installing: /home/khushant/pid/install/messages/lib/libmessages__rosidl_typesupport_fastrtps_cpp.so
[7.012s] -- Set runtime path of "/home/khushant/pid/install/messages/lib/libmessages__rosidl_typesupport_fastrtps_cpp.so" to ""
[7.013s] -- Installing: /home/khushant/pid/install/messages/lib/libmessages__rosidl_typesupport_cpp.so
[7.013s] -- Set runtime path of "/home/khushant/pid/install/messages/lib/libmessages__rosidl_typesupport_cpp.so" to ""
[7.086s] Listing '/home/khushant/pid/install/messages/lib/python3.10/site-packages/messages'...
[7.086s] Compiling '/home/khushant/pid/install/messages/lib/python3.10/site-packages/messages/__init__.py'...
[7.086s] Listing '/home/khushant/pid/install/messages/lib/python3.10/site-packages/messages/msg'...
[7.086s] Compiling '/home/khushant/pid/install/messages/lib/python3.10/site-packages/messages/msg/__init__.py'...
[7.086s] Compiling '/home/khushant/pid/install/messages/lib/python3.10/site-packages/messages/msg/_filter.py'...
[7.086s] Compiling '/home/khushant/pid/install/messages/lib/python3.10/site-packages/messages/msg/_noise.py'...
[7.086s] Compiling '/home/khushant/pid/install/messages/lib/python3.10/site-packages/messages/msg/_pidsignal.py'...
[7.086s] Compiling '/home/khushant/pid/install/messages/lib/python3.10/site-packages/messages/msg/_refsignal.py'...
[7.087s] Compiling '/home/khushant/pid/install/messages/lib/python3.10/site-packages/messages/msg/_systemsignal.py'...
[7.091s] -- Installing: /home/khushant/pid/install/messages/lib/libmessages__rosidl_generator_py.so
[7.091s] -- Set runtime path of "/home/khushant/pid/install/messages/lib/libmessages__rosidl_generator_py.so" to ""
[7.091s] -- Up-to-date: /home/khushant/pid/install/messages/share/messages/cmake/export_messages__rosidl_generator_cExport.cmake
[7.091s] -- Up-to-date: /home/khushant/pid/install/messages/share/messages/cmake/export_messages__rosidl_generator_cExport-noconfig.cmake
[7.092s] -- Up-to-date: /home/khushant/pid/install/messages/share/messages/cmake/messages__rosidl_typesupport_introspection_cExport.cmake
[7.092s] -- Up-to-date: /home/khushant/pid/install/messages/share/messages/cmake/messages__rosidl_typesupport_introspection_cExport-noconfig.cmake
[7.092s] -- Up-to-date: /home/khushant/pid/install/messages/share/messages/cmake/export_messages__rosidl_typesupport_fastrtps_cExport.cmake
[7.092s] -- Up-to-date: /home/khushant/pid/install/messages/share/messages/cmake/export_messages__rosidl_typesupport_fastrtps_cExport-noconfig.cmake
[7.093s] -- Up-to-date: /home/khushant/pid/install/messages/share/messages/cmake/messages__rosidl_typesupport_cExport.cmake
[7.093s] -- Up-to-date: /home/khushant/pid/install/messages/share/messages/cmake/messages__rosidl_typesupport_cExport-noconfig.cmake
[7.093s] -- Up-to-date: /home/khushant/pid/install/messages/share/messages/cmake/export_messages__rosidl_generator_cppExport.cmake
[7.093s] -- Up-to-date: /home/khushant/pid/install/messages/share/messages/cmake/messages__rosidl_typesupport_introspection_cppExport.cmake
[7.093s] -- Up-to-date: /home/khushant/pid/install/messages/share/messages/cmake/messages__rosidl_typesupport_introspection_cppExport-noconfig.cmake
[7.094s] -- Up-to-date: /home/khushant/pid/install/messages/share/messages/cmake/export_messages__rosidl_typesupport_fastrtps_cppExport.cmake
[7.094s] -- Up-to-date: /home/khushant/pid/install/messages/share/messages/cmake/export_messages__rosidl_typesupport_fastrtps_cppExport-noconfig.cmake
[7.094s] -- Up-to-date: /home/khushant/pid/install/messages/share/messages/cmake/messages__rosidl_typesupport_cppExport.cmake
[7.094s] -- Up-to-date: /home/khushant/pid/install/messages/share/messages/cmake/messages__rosidl_typesupport_cppExport-noconfig.cmake
[7.094s] -- Up-to-date: /home/khushant/pid/install/messages/share/messages/cmake/export_messages__rosidl_generator_pyExport.cmake
[7.095s] -- Up-to-date: /home/khushant/pid/install/messages/share/messages/cmake/export_messages__rosidl_generator_pyExport-noconfig.cmake
[7.099s] Invoked command in '/home/khushant/pid/build/messages' returned '0': CMAKE_PREFIX_PATH=${CMAKE_PREFIX_PATH}:/home/khushant/ros2_iron/install/rqt_bag_plugins:/home/khushant/ros2_iron/install/rqt_bag:/home/khushant/ros2_iron/install/rosbag2_examples_py:/home/khushant/ros2_iron/install/launch_testing_examples:/home/khushant/ros2_iron/install/ros2bag:/home/khushant/ros2_iron/install/tracetools_test:/home/khushant/ros2_iron/install/tracetools_launch:/home/khushant/ros2_iron/install/topic_monitor:/home/khushant/ros2_iron/install/tf2_tools:/home/khushant/ros2_iron/install/examples_tf2_py:/home/khushant/ros2_iron/install/tf2_ros_py:/home/khushant/ros2_iron/install/examples_rclpy_pointcloud_publisher:/home/khushant/ros2_iron/install/sensor_msgs_py:/home/khushant/ros2_iron/install/quality_of_service_demo_py:/home/khushant/ros2_iron/install/rqt_plot:/home/khushant/ros2_iron/install/ros2doctor:/home/khushant/ros2_iron/install/lifecycle_py:/home/khushant/ros2_iron/install/examples_rclpy_minimal_subscriber:/home/khushant/ros2_iron/install/examples_rclpy_minimal_service:/home/khushant/ros2_iron/install/examples_rclpy_minimal_publisher:/home/khushant/ros2_iron/install/examples_rclpy_minimal_client:/home/khushant/ros2_iron/install/examples_rclpy_executors:/home/khushant/ros2_iron/install/demo_nodes_py:/home/khushant/ros2_iron/install/rqt:/home/khushant/ros2_iron/install/ros2component:/home/khushant/ros2_iron/install/sros2:/home/khushant/ros2_iron/install/rqt_topic:/home/khushant/ros2_iron/install/rqt_srv:/home/khushant/ros2_iron/install/rqt_shell:/home/khushant/ros2_iron/install/rqt_service_caller:/home/khushant/ros2_iron/install/rqt_reconfigure:/home/khushant/ros2_iron/install/rqt_py_console:/home/khushant/ros2_iron/install/rqt_publisher:/home/khushant/ros2_iron/install/rqt_action:/home/khushant/ros2_iron/install/rqt_msg:/home/khushant/ros2_iron/install/rqt_console:/home/khushant/ros2_iron/install/rqt_graph:/home/khushant/ros2_iron/install/rqt_gui_py:/home/khushant/ros2_iron/install/rqt_gui:/home/khushant/ros2_iron/install/ros2trace:/home/khushant/ros2_iron/install/ros2topic:/home/khushant/ros2_iron/install/ros2test:/home/khushant/ros2_iron/install/ros2param:/home/khushant/ros2_iron/install/ros2lifecycle:/home/khushant/ros2_iron/install/ros2service:/home/khushant/ros2_iron/install/ros2run:/home/khushant/ros2_iron/install/ros2launch:/home/khushant/ros2_iron/install/ros2pkg:/home/khushant/ros2_iron/install/ros2node:/home/khushant/ros2_iron/install/ros2multicast:/home/khushant/ros2_iron/install/ros2interface:/home/khushant/ros2_iron/install/ros2action:/home/khushant/ros2_iron/install/ros2cli:/home/khushant/ros2_iron/install/launch_testing_ros:/home/khushant/ros2_iron/install/launch_ros:/home/khushant/ros2_iron/install/examples_rclpy_minimal_action_server:/home/khushant/ros2_iron/install/examples_rclpy_minimal_action_client:/home/khushant/ros2_iron/install/examples_rclpy_guard_conditions:/home/khushant/ros2_iron/install/action_tutorials_py:/home/khushant/ros2_iron/install/ament_uncrustify:/home/khushant/ros2_iron/install/tracetools_trace:/home/khushant/ros2_iron/install/tracetools_read:/home/khushant/ros2_iron/install/test_tracetools_launch:/home/khushant/ros2_iron/install/test_ros2trace:/home/khushant/ros2_iron/install/test_launch_ros:/home/khushant/ros2_iron/install/rpyutils:/home/khushant/ros2_iron/install/rosidl_runtime_py:/home/khushant/ros2_iron/install/rosidl_pycommon:/home/khushant/ros2_iron/install/rosidl_cli:/home/khushant/ros2_iron/install/launch_pytest:/home/khushant/ros2_iron/install/launch_testing:/home/khushant/ros2_iron/install/launch_yaml:/home/khushant/ros2_iron/install/launch_xml:/home/khushant/ros2_iron/install/launch:/home/khushant/ros2_iron/install/osrf_pycommon:/home/khushant/ros2_iron/install/domain_coordinator:/home/khushant/ros2_iron/install/ament_xmllint:/home/khushant/ros2_iron/install/ament_pyflakes:/home/khushant/ros2_iron/install/ament_pycodestyle:/home/khushant/ros2_iron/install/ament_pep257:/home/khushant/ros2_iron/install/ament_pclint:/home/khushant/ros2_iron/install/ament_package:/home/khushant/ros2_iron/install/ament_mypy:/home/khushant/ros2_iron/install/ament_lint_cmake:/home/khushant/ros2_iron/install/ament_flake8:/home/khushant/ros2_iron/install/ament_copyright:/home/khushant/ros2_iron/install/ament_lint:/home/khushant/ros2_iron/install/ament_index_python:/home/khushant/ros2_iron/install/ament_cpplint:/home/khushant/ros2_iron/install/ament_cppcheck:/home/khushant/ros2_iron/install/ament_clang_tidy:/home/khushant/ros2_iron/install/ament_clang_format:/opt/ros/iron /home/khushant/.local/bin/cmake --install /home/khushant/pid/build/messages
