[2.209s] Invoking command in '/home/khushant/pid/src/controller': PYTHONPATH=/home/khushant/pid/build/controller/prefix_override:/home/khushant/pid/install/controller/lib/python3.10/site-packages:${PYTHONPATH} /usr/bin/python3 setup.py egg_info --egg-base ../../build/controller build --build-base /home/khushant/pid/build/controller/build install --record /home/khushant/pid/build/controller/install.log --single-version-externally-managed
[2.785s] running egg_info
[2.785s] writing ../../build/controller/controller.egg-info/PKG-INFO
[2.787s] writing dependency_links to ../../build/controller/controller.egg-info/dependency_links.txt
[2.787s] writing entry points to ../../build/controller/controller.egg-info/entry_points.txt
[2.788s] writing requirements to ../../build/controller/controller.egg-info/requires.txt
[2.788s] writing top-level names to ../../build/controller/controller.egg-info/top_level.txt
[2.791s] reading manifest file '../../build/controller/controller.egg-info/SOURCES.txt'
[2.792s] writing manifest file '../../build/controller/controller.egg-info/SOURCES.txt'
[2.793s] running build
[2.793s] running build_py
[2.794s] copying controller/system.py -> /home/khushant/pid/build/controller/build/lib/controller
[2.794s] copying controller/pid.py -> /home/khushant/pid/build/controller/build/lib/controller
[2.794s] running install
[2.795s] running install_lib
[2.796s] copying /home/khushant/pid/build/controller/build/lib/controller/system.py -> /home/khushant/pid/install/controller/lib/python3.10/site-packages/controller
[2.796s] copying /home/khushant/pid/build/controller/build/lib/controller/pid.py -> /home/khushant/pid/install/controller/lib/python3.10/site-packages/controller
[2.798s] byte-compiling /home/khushant/pid/install/controller/lib/python3.10/site-packages/controller/system.py to system.cpython-310.pyc
[2.800s] byte-compiling /home/khushant/pid/install/controller/lib/python3.10/site-packages/controller/pid.py to pid.cpython-310.pyc
[2.801s] running install_data
[2.803s] running install_egg_info
[2.806s] removing '/home/khushant/pid/install/controller/lib/python3.10/site-packages/controller-0.0.0-py3.10.egg-info' (and everything under it)
[2.807s] Copying ../../build/controller/controller.egg-info to /home/khushant/pid/install/controller/lib/python3.10/site-packages/controller-0.0.0-py3.10.egg-info
[2.810s] running install_scripts
[2.851s] Installing pid script to /home/khushant/pid/install/controller/lib/controller
[2.852s] Installing ref script to /home/khushant/pid/install/controller/lib/controller
[2.852s] Installing system script to /home/khushant/pid/install/controller/lib/controller
[2.854s] writing list of installed files to '/home/khushant/pid/build/controller/install.log'
[2.888s] Invoked command in '/home/khushant/pid/src/controller' returned '0': PYTHONPATH=/home/khushant/pid/build/controller/prefix_override:/home/khushant/pid/install/controller/lib/python3.10/site-packages:${PYTHONPATH} /usr/bin/python3 setup.py egg_info --egg-base ../../build/controller build --build-base /home/khushant/pid/build/controller/build install --record /home/khushant/pid/build/controller/install.log --single-version-externally-managed
