[1.387s] DEBUG:colcon:Command line arguments: ['/usr/bin/colcon', 'build', '--symlink-install']
[1.387s] DEBUG:colcon:Parsed command line arguments: Namespace(log_base=None, log_level=None, verb_name='build', build_base='build', install_base='install', merge_install=False, symlink_install=True, test_result_base=None, continue_on_error=False, executor='parallel', parallel_workers=20, event_handlers=None, ignore_user_meta=False, metas=['./colcon.meta'], base_paths=['.'], packages_ignore=None, packages_ignore_regex=None, paths=None, packages_up_to=None, packages_up_to_regex=None, packages_above=None, packages_above_and_dependencies=None, packages_above_depth=None, packages_select_by_dep=None, packages_skip_by_dep=None, packages_skip_up_to=None, packages_select_build_failed=False, packages_skip_build_finished=False, packages_select_test_failures=False, packages_skip_test_passed=False, packages_select=None, packages_skip=None, packages_select_regex=None, packages_skip_regex=None, packages_start=None, packages_end=None, allow_overriding=[], cmake_args=None, cmake_target=None, cmake_target_skip_unavailable=False, cmake_clean_cache=False, cmake_clean_first=False, cmake_force_configure=False, ament_cmake_args=None, catkin_cmake_args=None, catkin_skip_building_tests=False, verb_parser=<colcon_defaults.argument_parser.defaults.DefaultArgumentsDecorator object at 0x7f409ebc5ed0>, verb_extension=<colcon_core.verb.build.BuildVerb object at 0x7f409e7f1b10>, main=<bound method BuildVerb.main of <colcon_core.verb.build.BuildVerb object at 0x7f409e7f1b10>>)
[1.440s] Level 1:colcon.colcon_core.package_discovery:discover_packages(colcon_meta) check parameters
[1.440s] Level 1:colcon.colcon_core.package_discovery:discover_packages(recursive) check parameters
[1.440s] Level 1:colcon.colcon_core.package_discovery:discover_packages(ignore) check parameters
[1.440s] Level 1:colcon.colcon_core.package_discovery:discover_packages(path) check parameters
[1.440s] Level 1:colcon.colcon_core.package_discovery:discover_packages(colcon_meta) discover
[1.440s] Level 1:colcon.colcon_core.package_discovery:discover_packages(recursive) discover
[1.440s] INFO:colcon.colcon_core.package_discovery:Crawling recursively for packages in '/home/khushant/pid'
[1.440s] Level 1:colcon.colcon_core.package_identification:_identify(.) by extensions ['ignore', 'ignore_ament_install']
[1.440s] Level 1:colcon.colcon_core.package_identification:_identify(.) by extension 'ignore'
[1.440s] Level 1:colcon.colcon_core.package_identification:_identify(.) by extension 'ignore_ament_install'
[1.440s] Level 1:colcon.colcon_core.package_identification:_identify(.) by extensions ['colcon_pkg']
[1.440s] Level 1:colcon.colcon_core.package_identification:_identify(.) by extension 'colcon_pkg'
[1.440s] Level 1:colcon.colcon_core.package_identification:_identify(.) by extensions ['colcon_meta']
[1.440s] Level 1:colcon.colcon_core.package_identification:_identify(.) by extension 'colcon_meta'
[1.440s] Level 1:colcon.colcon_core.package_identification:_identify(.) by extensions ['ros']
[1.440s] Level 1:colcon.colcon_core.package_identification:_identify(.) by extension 'ros'
[1.448s] Level 1:colcon.colcon_core.package_identification:_identify(.) by extensions ['cmake', 'python']
[1.448s] Level 1:colcon.colcon_core.package_identification:_identify(.) by extension 'cmake'
[1.448s] Level 1:colcon.colcon_core.package_identification:_identify(.) by extension 'python'
[1.448s] Level 1:colcon.colcon_core.package_identification:_identify(.) by extensions ['python_setup_py']
[1.448s] Level 1:colcon.colcon_core.package_identification:_identify(.) by extension 'python_setup_py'
[1.448s] Level 1:colcon.colcon_core.package_identification:_identify(build) by extensions ['ignore', 'ignore_ament_install']
[1.448s] Level 1:colcon.colcon_core.package_identification:_identify(build) by extension 'ignore'
[1.448s] Level 1:colcon.colcon_core.package_identification:_identify(build) ignored
[1.449s] Level 1:colcon.colcon_core.package_identification:_identify(install) by extensions ['ignore', 'ignore_ament_install']
[1.449s] Level 1:colcon.colcon_core.package_identification:_identify(install) by extension 'ignore'
[1.449s] Level 1:colcon.colcon_core.package_identification:_identify(install) ignored
[1.449s] Level 1:colcon.colcon_core.package_identification:_identify(log) by extensions ['ignore', 'ignore_ament_install']
[1.449s] Level 1:colcon.colcon_core.package_identification:_identify(log) by extension 'ignore'
[1.449s] Level 1:colcon.colcon_core.package_identification:_identify(log) ignored
[1.449s] Level 1:colcon.colcon_core.package_identification:_identify(src) by extensions ['ignore', 'ignore_ament_install']
[1.449s] Level 1:colcon.colcon_core.package_identification:_identify(src) by extension 'ignore'
[1.449s] Level 1:colcon.colcon_core.package_identification:_identify(src) by extension 'ignore_ament_install'
[1.449s] Level 1:colcon.colcon_core.package_identification:_identify(src) by extensions ['colcon_pkg']
[1.449s] Level 1:colcon.colcon_core.package_identification:_identify(src) by extension 'colcon_pkg'
[1.449s] Level 1:colcon.colcon_core.package_identification:_identify(src) by extensions ['colcon_meta']
[1.449s] Level 1:colcon.colcon_core.package_identification:_identify(src) by extension 'colcon_meta'
[1.449s] Level 1:colcon.colcon_core.package_identification:_identify(src) by extensions ['ros']
[1.449s] Level 1:colcon.colcon_core.package_identification:_identify(src) by extension 'ros'
[1.449s] Level 1:colcon.colcon_core.package_identification:_identify(src) by extensions ['cmake', 'python']
[1.449s] Level 1:colcon.colcon_core.package_identification:_identify(src) by extension 'cmake'
[1.449s] Level 1:colcon.colcon_core.package_identification:_identify(src) by extension 'python'
[1.449s] Level 1:colcon.colcon_core.package_identification:_identify(src) by extensions ['python_setup_py']
[1.449s] Level 1:colcon.colcon_core.package_identification:_identify(src) by extension 'python_setup_py'
[1.449s] Level 1:colcon.colcon_core.package_identification:_identify(src/controller) by extensions ['ignore', 'ignore_ament_install']
[1.449s] Level 1:colcon.colcon_core.package_identification:_identify(src/controller) by extension 'ignore'
[1.449s] Level 1:colcon.colcon_core.package_identification:_identify(src/controller) by extension 'ignore_ament_install'
[1.449s] Level 1:colcon.colcon_core.package_identification:_identify(src/controller) by extensions ['colcon_pkg']
[1.449s] Level 1:colcon.colcon_core.package_identification:_identify(src/controller) by extension 'colcon_pkg'
[1.449s] Level 1:colcon.colcon_core.package_identification:_identify(src/controller) by extensions ['colcon_meta']
[1.449s] Level 1:colcon.colcon_core.package_identification:_identify(src/controller) by extension 'colcon_meta'
[1.449s] Level 1:colcon.colcon_core.package_identification:_identify(src/controller) by extensions ['ros']
[1.449s] Level 1:colcon.colcon_core.package_identification:_identify(src/controller) by extension 'ros'
[1.451s] DEBUG:colcon.colcon_core.package_identification:Package 'src/controller' with type 'ros.ament_python' and name 'controller'
[1.451s] Level 1:colcon.colcon_core.package_identification:_identify(src/messages) by extensions ['ignore', 'ignore_ament_install']
[1.451s] Level 1:colcon.colcon_core.package_identification:_identify(src/messages) by extension 'ignore'
[1.451s] Level 1:colcon.colcon_core.package_identification:_identify(src/messages) by extension 'ignore_ament_install'
[1.451s] Level 1:colcon.colcon_core.package_identification:_identify(src/messages) by extensions ['colcon_pkg']
[1.451s] Level 1:colcon.colcon_core.package_identification:_identify(src/messages) by extension 'colcon_pkg'
[1.451s] Level 1:colcon.colcon_core.package_identification:_identify(src/messages) by extensions ['colcon_meta']
[1.451s] Level 1:colcon.colcon_core.package_identification:_identify(src/messages) by extension 'colcon_meta'
[1.451s] Level 1:colcon.colcon_core.package_identification:_identify(src/messages) by extensions ['ros']
[1.451s] Level 1:colcon.colcon_core.package_identification:_identify(src/messages) by extension 'ros'
[1.452s] DEBUG:colcon.colcon_core.package_identification:Package 'src/messages' with type 'ros.ament_cmake' and name 'messages'
[1.452s] Level 1:colcon.colcon_core.package_discovery:discover_packages(recursive) using defaults
[1.452s] Level 1:colcon.colcon_core.package_discovery:discover_packages(ignore) discover
[1.452s] Level 1:colcon.colcon_core.package_discovery:discover_packages(ignore) using defaults
[1.452s] Level 1:colcon.colcon_core.package_discovery:discover_packages(path) discover
[1.452s] Level 1:colcon.colcon_core.package_discovery:discover_packages(path) using defaults
[1.576s] Level 1:colcon.colcon_core.package_discovery:discover_packages(prefix_path) check parameters
[1.576s] Level 1:colcon.colcon_core.package_discovery:discover_packages(prefix_path) discover
[1.617s] DEBUG:colcon.colcon_installed_package_information.package_discovery:Found 2 installed packages in /home/khushant/pid/install
[1.638s] DEBUG:colcon.colcon_installed_package_information.package_discovery:Found 359 installed packages in /home/khushant/ros2_iron/install
[1.657s] DEBUG:colcon.colcon_installed_package_information.package_discovery:Found 115 installed packages in /opt/ros/iron
[1.660s] Level 1:colcon.colcon_core.package_discovery:discover_packages(prefix_path) using defaults
[1.718s] Level 5:colcon.colcon_core.verb:set package 'controller' build argument 'cmake_args' from command line to 'None'
[1.718s] Level 5:colcon.colcon_core.verb:set package 'controller' build argument 'cmake_target' from command line to 'None'
[1.718s] Level 5:colcon.colcon_core.verb:set package 'controller' build argument 'cmake_target_skip_unavailable' from command line to 'False'
[1.718s] Level 5:colcon.colcon_core.verb:set package 'controller' build argument 'cmake_clean_cache' from command line to 'False'
[1.718s] Level 5:colcon.colcon_core.verb:set package 'controller' build argument 'cmake_clean_first' from command line to 'False'
[1.718s] Level 5:colcon.colcon_core.verb:set package 'controller' build argument 'cmake_force_configure' from command line to 'False'
[1.718s] Level 5:colcon.colcon_core.verb:set package 'controller' build argument 'ament_cmake_args' from command line to 'None'
[1.719s] Level 5:colcon.colcon_core.verb:set package 'controller' build argument 'catkin_cmake_args' from command line to 'None'
[1.719s] Level 5:colcon.colcon_core.verb:set package 'controller' build argument 'catkin_skip_building_tests' from command line to 'False'
[1.719s] DEBUG:colcon.colcon_core.verb:Building package 'controller' with the following arguments: {'ament_cmake_args': None, 'build_base': '/home/khushant/pid/build/controller', 'catkin_cmake_args': None, 'catkin_skip_building_tests': False, 'cmake_args': None, 'cmake_clean_cache': False, 'cmake_clean_first': False, 'cmake_force_configure': False, 'cmake_target': None, 'cmake_target_skip_unavailable': False, 'install_base': '/home/khushant/pid/install/controller', 'merge_install': False, 'path': '/home/khushant/pid/src/controller', 'symlink_install': True, 'test_result_base': None}
[1.736s] Level 5:colcon.colcon_core.verb:set package 'messages' build argument 'cmake_args' from command line to 'None'
[1.736s] Level 5:colcon.colcon_core.verb:set package 'messages' build argument 'cmake_target' from command line to 'None'
[1.736s] Level 5:colcon.colcon_core.verb:set package 'messages' build argument 'cmake_target_skip_unavailable' from command line to 'False'
[1.736s] Level 5:colcon.colcon_core.verb:set package 'messages' build argument 'cmake_clean_cache' from command line to 'False'
[1.736s] Level 5:colcon.colcon_core.verb:set package 'messages' build argument 'cmake_clean_first' from command line to 'False'
[1.736s] Level 5:colcon.colcon_core.verb:set package 'messages' build argument 'cmake_force_configure' from command line to 'False'
[1.736s] Level 5:colcon.colcon_core.verb:set package 'messages' build argument 'ament_cmake_args' from command line to 'None'
[1.736s] Level 5:colcon.colcon_core.verb:set package 'messages' build argument 'catkin_cmake_args' from command line to 'None'
[1.736s] Level 5:colcon.colcon_core.verb:set package 'messages' build argument 'catkin_skip_building_tests' from command line to 'False'
[1.736s] DEBUG:colcon.colcon_core.verb:Building package 'messages' with the following arguments: {'ament_cmake_args': None, 'build_base': '/home/khushant/pid/build/messages', 'catkin_cmake_args': None, 'catkin_skip_building_tests': False, 'cmake_args': None, 'cmake_clean_cache': False, 'cmake_clean_first': False, 'cmake_force_configure': False, 'cmake_target': None, 'cmake_target_skip_unavailable': False, 'install_base': '/home/khushant/pid/install/messages', 'merge_install': False, 'path': '/home/khushant/pid/src/messages', 'symlink_install': True, 'test_result_base': None}
[1.770s] INFO:colcon.colcon_core.executor:Executing jobs using 'parallel' executor
[1.788s] DEBUG:colcon.colcon_parallel_executor.executor.parallel:run_until_complete
[1.789s] INFO:colcon.colcon_ros.task.ament_python.build:Building ROS package in '/home/khushant/pid/src/controller' with build type 'ament_python'
[1.789s] Level 1:colcon.colcon_core.shell:create_environment_hook('controller', 'ament_prefix_path')
[1.810s] INFO:colcon.colcon_core.plugin_system:Skipping extension 'colcon_core.shell.bat': Not used on non-Windows systems
[1.810s] INFO:colcon.colcon_core.shell:Creating environment hook '/home/khushant/pid/install/controller/share/controller/hook/ament_prefix_path.ps1'
[1.811s] INFO:colcon.colcon_core.shell:Creating environment descriptor '/home/khushant/pid/install/controller/share/controller/hook/ament_prefix_path.dsv'
[1.811s] INFO:colcon.colcon_core.shell:Creating environment hook '/home/khushant/pid/install/controller/share/controller/hook/ament_prefix_path.sh'
[1.828s] INFO:colcon.colcon_core.shell:Skip shell extension 'powershell' for command environment: Not usable outside of PowerShell
[1.829s] DEBUG:colcon.colcon_core.shell:Skip shell extension 'dsv' for command environment
[1.912s] INFO:colcon.colcon_ros.task.ament_cmake.build:Building ROS package in '/home/khushant/pid/src/messages' with build type 'ament_cmake'
[1.912s] INFO:colcon.colcon_cmake.task.cmake.build:Building CMake package in '/home/khushant/pid/src/messages'
[1.931s] INFO:colcon.colcon_core.shell:Skip shell extension 'powershell' for command environment: Not usable outside of PowerShell
[1.931s] DEBUG:colcon.colcon_core.shell:Skip shell extension 'dsv' for command environment
[2.305s] INFO:colcon.colcon_core.task.python.build:Building Python package in '/home/khushant/pid/src/controller'
[2.325s] INFO:colcon.colcon_core.shell:Skip shell extension 'powershell' for command environment: Not usable outside of PowerShell
[2.325s] DEBUG:colcon.colcon_core.shell:Skip shell extension 'dsv' for command environment
[2.432s] DEBUG:colcon.colcon_core.event_handler.log_command:Invoking command in '/home/khushant/pid/build/messages': CMAKE_PREFIX_PATH=${CMAKE_PREFIX_PATH}:/home/khushant/pid/install/controller:/home/khushant/ros2_iron/install/rqt_bag_plugins:/home/khushant/ros2_iron/install/rqt_bag:/home/khushant/ros2_iron/install/rosbag2_examples_py:/home/khushant/ros2_iron/install/launch_testing_examples:/home/khushant/ros2_iron/install/ros2bag:/home/khushant/ros2_iron/install/tracetools_test:/home/khushant/ros2_iron/install/tracetools_launch:/home/khushant/ros2_iron/install/topic_monitor:/home/khushant/ros2_iron/install/tf2_tools:/home/khushant/ros2_iron/install/examples_tf2_py:/home/khushant/ros2_iron/install/tf2_ros_py:/home/khushant/ros2_iron/install/examples_rclpy_pointcloud_publisher:/home/khushant/ros2_iron/install/sensor_msgs_py:/home/khushant/ros2_iron/install/quality_of_service_demo_py:/home/khushant/ros2_iron/install/rqt_plot:/home/khushant/ros2_iron/install/ros2doctor:/home/khushant/ros2_iron/install/lifecycle_py:/home/khushant/ros2_iron/install/examples_rclpy_minimal_subscriber:/home/khushant/ros2_iron/install/examples_rclpy_minimal_service:/home/khushant/ros2_iron/install/examples_rclpy_minimal_publisher:/home/khushant/ros2_iron/install/examples_rclpy_minimal_client:/home/khushant/ros2_iron/install/examples_rclpy_executors:/home/khushant/ros2_iron/install/demo_nodes_py:/home/khushant/ros2_iron/install/rqt:/home/khushant/ros2_iron/install/ros2component:/home/khushant/ros2_iron/install/sros2:/home/khushant/ros2_iron/install/rqt_topic:/home/khushant/ros2_iron/install/rqt_srv:/home/khushant/ros2_iron/install/rqt_shell:/home/khushant/ros2_iron/install/rqt_service_caller:/home/khushant/ros2_iron/install/rqt_reconfigure:/home/khushant/ros2_iron/install/rqt_py_console:/home/khushant/ros2_iron/install/rqt_publisher:/home/khushant/ros2_iron/install/rqt_action:/home/khushant/ros2_iron/install/rqt_msg:/home/khushant/ros2_iron/install/rqt_console:/home/khushant/ros2_iron/install/rqt_graph:/home/khushant/ros2_iron/install/rqt_gui_py:/home/khushant/ros2_iron/install/rqt_gui:/home/khushant/ros2_iron/install/ros2trace:/home/khushant/ros2_iron/install/ros2topic:/home/khushant/ros2_iron/install/ros2test:/home/khushant/ros2_iron/install/ros2param:/home/khushant/ros2_iron/install/ros2lifecycle:/home/khushant/ros2_iron/install/ros2service:/home/khushant/ros2_iron/install/ros2run:/home/khushant/ros2_iron/install/ros2launch:/home/khushant/ros2_iron/install/ros2pkg:/home/khushant/ros2_iron/install/ros2node:/home/khushant/ros2_iron/install/ros2multicast:/home/khushant/ros2_iron/install/ros2interface:/home/khushant/ros2_iron/install/ros2action:/home/khushant/ros2_iron/install/ros2cli:/home/khushant/ros2_iron/install/launch_testing_ros:/home/khushant/ros2_iron/install/launch_ros:/home/khushant/ros2_iron/install/examples_rclpy_minimal_action_server:/home/khushant/ros2_iron/install/examples_rclpy_minimal_action_client:/home/khushant/ros2_iron/install/examples_rclpy_guard_conditions:/home/khushant/ros2_iron/install/action_tutorials_py:/home/khushant/ros2_iron/install/ament_uncrustify:/home/khushant/ros2_iron/install/tracetools_trace:/home/khushant/ros2_iron/install/tracetools_read:/home/khushant/ros2_iron/install/test_tracetools_launch:/home/khushant/ros2_iron/install/test_ros2trace:/home/khushant/ros2_iron/install/test_launch_ros:/home/khushant/ros2_iron/install/rpyutils:/home/khushant/ros2_iron/install/rosidl_runtime_py:/home/khushant/ros2_iron/install/rosidl_pycommon:/home/khushant/ros2_iron/install/rosidl_cli:/home/khushant/ros2_iron/install/launch_pytest:/home/khushant/ros2_iron/install/launch_testing:/home/khushant/ros2_iron/install/launch_yaml:/home/khushant/ros2_iron/install/launch_xml:/home/khushant/ros2_iron/install/launch:/home/khushant/ros2_iron/install/osrf_pycommon:/home/khushant/ros2_iron/install/domain_coordinator:/home/khushant/ros2_iron/install/ament_xmllint:/home/khushant/ros2_iron/install/ament_pyflakes:/home/khushant/ros2_iron/install/ament_pycodestyle:/home/khushant/ros2_iron/install/ament_pep257:/home/khushant/ros2_iron/install/ament_pclint:/home/khushant/ros2_iron/install/ament_package:/home/khushant/ros2_iron/install/ament_mypy:/home/khushant/ros2_iron/install/ament_lint_cmake:/home/khushant/ros2_iron/install/ament_flake8:/home/khushant/ros2_iron/install/ament_copyright:/home/khushant/ros2_iron/install/ament_lint:/home/khushant/ros2_iron/install/ament_index_python:/home/khushant/ros2_iron/install/ament_cpplint:/home/khushant/ros2_iron/install/ament_cppcheck:/home/khushant/ros2_iron/install/ament_clang_tidy:/home/khushant/ros2_iron/install/ament_clang_format:/opt/ros/iron /home/khushant/.local/bin/cmake /home/khushant/pid/src/messages -DAMENT_CMAKE_SYMLINK_INSTALL=1 -DCMAKE_INSTALL_PREFIX=/home/khushant/pid/install/messages
[2.838s] DEBUG:colcon.colcon_core.task.python.build:While undoing a previous installation files outside the Python library path are being ignored: /home/khushant/pid/install/controller/share/ament_index/resource_index/packages/controller
[2.838s] DEBUG:colcon.colcon_core.task.python.build:While undoing a previous installation files outside the Python library path are being ignored: /home/khushant/pid/install/controller/share/controller/package.xml
[2.839s] DEBUG:colcon.colcon_core.task.python.build:While undoing a previous installation files outside the Python library path are being ignored: /home/khushant/pid/install/controller/lib/controller/kalman
[2.839s] DEBUG:colcon.colcon_core.task.python.build:While undoing a previous installation files outside the Python library path are being ignored: /home/khushant/pid/install/controller/lib/controller/noise
[2.839s] DEBUG:colcon.colcon_core.task.python.build:While undoing a previous installation files outside the Python library path are being ignored: /home/khushant/pid/install/controller/lib/controller/pid
[2.839s] DEBUG:colcon.colcon_core.task.python.build:While undoing a previous installation files outside the Python library path are being ignored: /home/khushant/pid/install/controller/lib/controller/ref
[2.839s] DEBUG:colcon.colcon_core.task.python.build:While undoing a previous installation files outside the Python library path are being ignored: /home/khushant/pid/install/controller/lib/controller/system
[2.841s] DEBUG:colcon.colcon_core.event_handler.log_command:Invoking command in '/home/khushant/pid/build/controller': PYTHONPATH=/home/khushant/pid/build/controller/prefix_override:/home/khushant/pid/install/controller/lib/python3.10/site-packages:${PYTHONPATH} /usr/bin/python3 setup.py develop --editable --build-directory /home/khushant/pid/build/controller/build --no-deps install_data
[3.298s] Level 1:colcon.colcon_core.shell:create_environment_hook('controller', 'pythonpath_develop')
[3.299s] DEBUG:colcon.colcon_core.event_handler.log_command:Invoked command in '/home/khushant/pid/build/controller' returned '0': PYTHONPATH=/home/khushant/pid/build/controller/prefix_override:/home/khushant/pid/install/controller/lib/python3.10/site-packages:${PYTHONPATH} /usr/bin/python3 setup.py develop --editable --build-directory /home/khushant/pid/build/controller/build --no-deps install_data
[3.318s] INFO:colcon.colcon_core.shell:Creating environment hook '/home/khushant/pid/build/controller/share/controller/hook/pythonpath_develop.ps1'
[3.319s] INFO:colcon.colcon_core.shell:Creating environment descriptor '/home/khushant/pid/build/controller/share/controller/hook/pythonpath_develop.dsv'
[3.319s] INFO:colcon.colcon_core.shell:Creating environment hook '/home/khushant/pid/build/controller/share/controller/hook/pythonpath_develop.sh'
[3.341s] Level 1:colcon.colcon_core.environment:checking '/home/khushant/pid/install/controller' for CMake module files
[3.341s] Level 1:colcon.colcon_core.environment:checking '/home/khushant/pid/install/controller' for CMake config files
[3.341s] Level 1:colcon.colcon_core.environment:checking '/home/khushant/pid/install/controller/lib'
[3.341s] Level 1:colcon.colcon_core.environment:checking '/home/khushant/pid/install/controller/bin'
[3.341s] Level 1:colcon.colcon_core.environment:checking '/home/khushant/pid/install/controller/lib/pkgconfig/controller.pc'
[3.341s] Level 1:colcon.colcon_core.environment:checking '/home/khushant/pid/install/controller/lib/python3.10/site-packages'
[3.341s] Level 1:colcon.colcon_core.shell:create_environment_hook('controller', 'pythonpath')
[3.360s] INFO:colcon.colcon_core.shell:Creating environment hook '/home/khushant/pid/install/controller/share/controller/hook/pythonpath.ps1'
[3.360s] INFO:colcon.colcon_core.shell:Creating environment descriptor '/home/khushant/pid/install/controller/share/controller/hook/pythonpath.dsv'
[3.360s] INFO:colcon.colcon_core.shell:Creating environment hook '/home/khushant/pid/install/controller/share/controller/hook/pythonpath.sh'
[3.360s] Level 1:colcon.colcon_core.environment:checking '/home/khushant/pid/install/controller/bin'
[3.360s] Level 1:colcon.colcon_core.environment:create_environment_scripts_only(controller)
[3.378s] INFO:colcon.colcon_core.shell:Creating package script '/home/khushant/pid/install/controller/share/controller/package.ps1'
[3.378s] INFO:colcon.colcon_core.shell:Creating package descriptor '/home/khushant/pid/install/controller/share/controller/package.dsv'
[3.379s] INFO:colcon.colcon_core.shell:Creating package script '/home/khushant/pid/install/controller/share/controller/package.sh'
[3.379s] INFO:colcon.colcon_core.shell:Creating package script '/home/khushant/pid/install/controller/share/controller/package.bash'
[3.379s] INFO:colcon.colcon_core.shell:Creating package script '/home/khushant/pid/install/controller/share/controller/package.zsh'
[3.380s] Level 1:colcon.colcon_core.environment:create_file_with_runtime_dependencies(/home/khushant/pid/install/controller/share/colcon-core/packages/controller)
[4.193s] DEBUG:colcon.colcon_core.event_handler.log_command:Invoked command in '/home/khushant/pid/build/messages' returned '0': CMAKE_PREFIX_PATH=${CMAKE_PREFIX_PATH}:/home/khushant/pid/install/controller:/home/khushant/ros2_iron/install/rqt_bag_plugins:/home/khushant/ros2_iron/install/rqt_bag:/home/khushant/ros2_iron/install/rosbag2_examples_py:/home/khushant/ros2_iron/install/launch_testing_examples:/home/khushant/ros2_iron/install/ros2bag:/home/khushant/ros2_iron/install/tracetools_test:/home/khushant/ros2_iron/install/tracetools_launch:/home/khushant/ros2_iron/install/topic_monitor:/home/khushant/ros2_iron/install/tf2_tools:/home/khushant/ros2_iron/install/examples_tf2_py:/home/khushant/ros2_iron/install/tf2_ros_py:/home/khushant/ros2_iron/install/examples_rclpy_pointcloud_publisher:/home/khushant/ros2_iron/install/sensor_msgs_py:/home/khushant/ros2_iron/install/quality_of_service_demo_py:/home/khushant/ros2_iron/install/rqt_plot:/home/khushant/ros2_iron/install/ros2doctor:/home/khushant/ros2_iron/install/lifecycle_py:/home/khushant/ros2_iron/install/examples_rclpy_minimal_subscriber:/home/khushant/ros2_iron/install/examples_rclpy_minimal_service:/home/khushant/ros2_iron/install/examples_rclpy_minimal_publisher:/home/khushant/ros2_iron/install/examples_rclpy_minimal_client:/home/khushant/ros2_iron/install/examples_rclpy_executors:/home/khushant/ros2_iron/install/demo_nodes_py:/home/khushant/ros2_iron/install/rqt:/home/khushant/ros2_iron/install/ros2component:/home/khushant/ros2_iron/install/sros2:/home/khushant/ros2_iron/install/rqt_topic:/home/khushant/ros2_iron/install/rqt_srv:/home/khushant/ros2_iron/install/rqt_shell:/home/khushant/ros2_iron/install/rqt_service_caller:/home/khushant/ros2_iron/install/rqt_reconfigure:/home/khushant/ros2_iron/install/rqt_py_console:/home/khushant/ros2_iron/install/rqt_publisher:/home/khushant/ros2_iron/install/rqt_action:/home/khushant/ros2_iron/install/rqt_msg:/home/khushant/ros2_iron/install/rqt_console:/home/khushant/ros2_iron/install/rqt_graph:/home/khushant/ros2_iron/install/rqt_gui_py:/home/khushant/ros2_iron/install/rqt_gui:/home/khushant/ros2_iron/install/ros2trace:/home/khushant/ros2_iron/install/ros2topic:/home/khushant/ros2_iron/install/ros2test:/home/khushant/ros2_iron/install/ros2param:/home/khushant/ros2_iron/install/ros2lifecycle:/home/khushant/ros2_iron/install/ros2service:/home/khushant/ros2_iron/install/ros2run:/home/khushant/ros2_iron/install/ros2launch:/home/khushant/ros2_iron/install/ros2pkg:/home/khushant/ros2_iron/install/ros2node:/home/khushant/ros2_iron/install/ros2multicast:/home/khushant/ros2_iron/install/ros2interface:/home/khushant/ros2_iron/install/ros2action:/home/khushant/ros2_iron/install/ros2cli:/home/khushant/ros2_iron/install/launch_testing_ros:/home/khushant/ros2_iron/install/launch_ros:/home/khushant/ros2_iron/install/examples_rclpy_minimal_action_server:/home/khushant/ros2_iron/install/examples_rclpy_minimal_action_client:/home/khushant/ros2_iron/install/examples_rclpy_guard_conditions:/home/khushant/ros2_iron/install/action_tutorials_py:/home/khushant/ros2_iron/install/ament_uncrustify:/home/khushant/ros2_iron/install/tracetools_trace:/home/khushant/ros2_iron/install/tracetools_read:/home/khushant/ros2_iron/install/test_tracetools_launch:/home/khushant/ros2_iron/install/test_ros2trace:/home/khushant/ros2_iron/install/test_launch_ros:/home/khushant/ros2_iron/install/rpyutils:/home/khushant/ros2_iron/install/rosidl_runtime_py:/home/khushant/ros2_iron/install/rosidl_pycommon:/home/khushant/ros2_iron/install/rosidl_cli:/home/khushant/ros2_iron/install/launch_pytest:/home/khushant/ros2_iron/install/launch_testing:/home/khushant/ros2_iron/install/launch_yaml:/home/khushant/ros2_iron/install/launch_xml:/home/khushant/ros2_iron/install/launch:/home/khushant/ros2_iron/install/osrf_pycommon:/home/khushant/ros2_iron/install/domain_coordinator:/home/khushant/ros2_iron/install/ament_xmllint:/home/khushant/ros2_iron/install/ament_pyflakes:/home/khushant/ros2_iron/install/ament_pycodestyle:/home/khushant/ros2_iron/install/ament_pep257:/home/khushant/ros2_iron/install/ament_pclint:/home/khushant/ros2_iron/install/ament_package:/home/khushant/ros2_iron/install/ament_mypy:/home/khushant/ros2_iron/install/ament_lint_cmake:/home/khushant/ros2_iron/install/ament_flake8:/home/khushant/ros2_iron/install/ament_copyright:/home/khushant/ros2_iron/install/ament_lint:/home/khushant/ros2_iron/install/ament_index_python:/home/khushant/ros2_iron/install/ament_cpplint:/home/khushant/ros2_iron/install/ament_cppcheck:/home/khushant/ros2_iron/install/ament_clang_tidy:/home/khushant/ros2_iron/install/ament_clang_format:/opt/ros/iron /home/khushant/.local/bin/cmake /home/khushant/pid/src/messages -DAMENT_CMAKE_SYMLINK_INSTALL=1 -DCMAKE_INSTALL_PREFIX=/home/khushant/pid/install/messages
[4.193s] DEBUG:colcon.colcon_core.event_handler.log_command:Invoking command in '/home/khushant/pid/build/messages': CMAKE_PREFIX_PATH=${CMAKE_PREFIX_PATH}:/home/khushant/pid/install/controller:/home/khushant/ros2_iron/install/rqt_bag_plugins:/home/khushant/ros2_iron/install/rqt_bag:/home/khushant/ros2_iron/install/rosbag2_examples_py:/home/khushant/ros2_iron/install/launch_testing_examples:/home/khushant/ros2_iron/install/ros2bag:/home/khushant/ros2_iron/install/tracetools_test:/home/khushant/ros2_iron/install/tracetools_launch:/home/khushant/ros2_iron/install/topic_monitor:/home/khushant/ros2_iron/install/tf2_tools:/home/khushant/ros2_iron/install/examples_tf2_py:/home/khushant/ros2_iron/install/tf2_ros_py:/home/khushant/ros2_iron/install/examples_rclpy_pointcloud_publisher:/home/khushant/ros2_iron/install/sensor_msgs_py:/home/khushant/ros2_iron/install/quality_of_service_demo_py:/home/khushant/ros2_iron/install/rqt_plot:/home/khushant/ros2_iron/install/ros2doctor:/home/khushant/ros2_iron/install/lifecycle_py:/home/khushant/ros2_iron/install/examples_rclpy_minimal_subscriber:/home/khushant/ros2_iron/install/examples_rclpy_minimal_service:/home/khushant/ros2_iron/install/examples_rclpy_minimal_publisher:/home/khushant/ros2_iron/install/examples_rclpy_minimal_client:/home/khushant/ros2_iron/install/examples_rclpy_executors:/home/khushant/ros2_iron/install/demo_nodes_py:/home/khushant/ros2_iron/install/rqt:/home/khushant/ros2_iron/install/ros2component:/home/khushant/ros2_iron/install/sros2:/home/khushant/ros2_iron/install/rqt_topic:/home/khushant/ros2_iron/install/rqt_srv:/home/khushant/ros2_iron/install/rqt_shell:/home/khushant/ros2_iron/install/rqt_service_caller:/home/khushant/ros2_iron/install/rqt_reconfigure:/home/khushant/ros2_iron/install/rqt_py_console:/home/khushant/ros2_iron/install/rqt_publisher:/home/khushant/ros2_iron/install/rqt_action:/home/khushant/ros2_iron/install/rqt_msg:/home/khushant/ros2_iron/install/rqt_console:/home/khushant/ros2_iron/install/rqt_graph:/home/khushant/ros2_iron/install/rqt_gui_py:/home/khushant/ros2_iron/install/rqt_gui:/home/khushant/ros2_iron/install/ros2trace:/home/khushant/ros2_iron/install/ros2topic:/home/khushant/ros2_iron/install/ros2test:/home/khushant/ros2_iron/install/ros2param:/home/khushant/ros2_iron/install/ros2lifecycle:/home/khushant/ros2_iron/install/ros2service:/home/khushant/ros2_iron/install/ros2run:/home/khushant/ros2_iron/install/ros2launch:/home/khushant/ros2_iron/install/ros2pkg:/home/khushant/ros2_iron/install/ros2node:/home/khushant/ros2_iron/install/ros2multicast:/home/khushant/ros2_iron/install/ros2interface:/home/khushant/ros2_iron/install/ros2action:/home/khushant/ros2_iron/install/ros2cli:/home/khushant/ros2_iron/install/launch_testing_ros:/home/khushant/ros2_iron/install/launch_ros:/home/khushant/ros2_iron/install/examples_rclpy_minimal_action_server:/home/khushant/ros2_iron/install/examples_rclpy_minimal_action_client:/home/khushant/ros2_iron/install/examples_rclpy_guard_conditions:/home/khushant/ros2_iron/install/action_tutorials_py:/home/khushant/ros2_iron/install/ament_uncrustify:/home/khushant/ros2_iron/install/tracetools_trace:/home/khushant/ros2_iron/install/tracetools_read:/home/khushant/ros2_iron/install/test_tracetools_launch:/home/khushant/ros2_iron/install/test_ros2trace:/home/khushant/ros2_iron/install/test_launch_ros:/home/khushant/ros2_iron/install/rpyutils:/home/khushant/ros2_iron/install/rosidl_runtime_py:/home/khushant/ros2_iron/install/rosidl_pycommon:/home/khushant/ros2_iron/install/rosidl_cli:/home/khushant/ros2_iron/install/launch_pytest:/home/khushant/ros2_iron/install/launch_testing:/home/khushant/ros2_iron/install/launch_yaml:/home/khushant/ros2_iron/install/launch_xml:/home/khushant/ros2_iron/install/launch:/home/khushant/ros2_iron/install/osrf_pycommon:/home/khushant/ros2_iron/install/domain_coordinator:/home/khushant/ros2_iron/install/ament_xmllint:/home/khushant/ros2_iron/install/ament_pyflakes:/home/khushant/ros2_iron/install/ament_pycodestyle:/home/khushant/ros2_iron/install/ament_pep257:/home/khushant/ros2_iron/install/ament_pclint:/home/khushant/ros2_iron/install/ament_package:/home/khushant/ros2_iron/install/ament_mypy:/home/khushant/ros2_iron/install/ament_lint_cmake:/home/khushant/ros2_iron/install/ament_flake8:/home/khushant/ros2_iron/install/ament_copyright:/home/khushant/ros2_iron/install/ament_lint:/home/khushant/ros2_iron/install/ament_index_python:/home/khushant/ros2_iron/install/ament_cpplint:/home/khushant/ros2_iron/install/ament_cppcheck:/home/khushant/ros2_iron/install/ament_clang_tidy:/home/khushant/ros2_iron/install/ament_clang_format:/opt/ros/iron /home/khushant/.local/bin/cmake --build /home/khushant/pid/build/messages -- -j20 -l20
[4.575s] DEBUG:colcon.colcon_core.event_handler.log_command:Invoked command in '/home/khushant/pid/build/messages' returned '0': CMAKE_PREFIX_PATH=${CMAKE_PREFIX_PATH}:/home/khushant/pid/install/controller:/home/khushant/ros2_iron/install/rqt_bag_plugins:/home/khushant/ros2_iron/install/rqt_bag:/home/khushant/ros2_iron/install/rosbag2_examples_py:/home/khushant/ros2_iron/install/launch_testing_examples:/home/khushant/ros2_iron/install/ros2bag:/home/khushant/ros2_iron/install/tracetools_test:/home/khushant/ros2_iron/install/tracetools_launch:/home/khushant/ros2_iron/install/topic_monitor:/home/khushant/ros2_iron/install/tf2_tools:/home/khushant/ros2_iron/install/examples_tf2_py:/home/khushant/ros2_iron/install/tf2_ros_py:/home/khushant/ros2_iron/install/examples_rclpy_pointcloud_publisher:/home/khushant/ros2_iron/install/sensor_msgs_py:/home/khushant/ros2_iron/install/quality_of_service_demo_py:/home/khushant/ros2_iron/install/rqt_plot:/home/khushant/ros2_iron/install/ros2doctor:/home/khushant/ros2_iron/install/lifecycle_py:/home/khushant/ros2_iron/install/examples_rclpy_minimal_subscriber:/home/khushant/ros2_iron/install/examples_rclpy_minimal_service:/home/khushant/ros2_iron/install/examples_rclpy_minimal_publisher:/home/khushant/ros2_iron/install/examples_rclpy_minimal_client:/home/khushant/ros2_iron/install/examples_rclpy_executors:/home/khushant/ros2_iron/install/demo_nodes_py:/home/khushant/ros2_iron/install/rqt:/home/khushant/ros2_iron/install/ros2component:/home/khushant/ros2_iron/install/sros2:/home/khushant/ros2_iron/install/rqt_topic:/home/khushant/ros2_iron/install/rqt_srv:/home/khushant/ros2_iron/install/rqt_shell:/home/khushant/ros2_iron/install/rqt_service_caller:/home/khushant/ros2_iron/install/rqt_reconfigure:/home/khushant/ros2_iron/install/rqt_py_console:/home/khushant/ros2_iron/install/rqt_publisher:/home/khushant/ros2_iron/install/rqt_action:/home/khushant/ros2_iron/install/rqt_msg:/home/khushant/ros2_iron/install/rqt_console:/home/khushant/ros2_iron/install/rqt_graph:/home/khushant/ros2_iron/install/rqt_gui_py:/home/khushant/ros2_iron/install/rqt_gui:/home/khushant/ros2_iron/install/ros2trace:/home/khushant/ros2_iron/install/ros2topic:/home/khushant/ros2_iron/install/ros2test:/home/khushant/ros2_iron/install/ros2param:/home/khushant/ros2_iron/install/ros2lifecycle:/home/khushant/ros2_iron/install/ros2service:/home/khushant/ros2_iron/install/ros2run:/home/khushant/ros2_iron/install/ros2launch:/home/khushant/ros2_iron/install/ros2pkg:/home/khushant/ros2_iron/install/ros2node:/home/khushant/ros2_iron/install/ros2multicast:/home/khushant/ros2_iron/install/ros2interface:/home/khushant/ros2_iron/install/ros2action:/home/khushant/ros2_iron/install/ros2cli:/home/khushant/ros2_iron/install/launch_testing_ros:/home/khushant/ros2_iron/install/launch_ros:/home/khushant/ros2_iron/install/examples_rclpy_minimal_action_server:/home/khushant/ros2_iron/install/examples_rclpy_minimal_action_client:/home/khushant/ros2_iron/install/examples_rclpy_guard_conditions:/home/khushant/ros2_iron/install/action_tutorials_py:/home/khushant/ros2_iron/install/ament_uncrustify:/home/khushant/ros2_iron/install/tracetools_trace:/home/khushant/ros2_iron/install/tracetools_read:/home/khushant/ros2_iron/install/test_tracetools_launch:/home/khushant/ros2_iron/install/test_ros2trace:/home/khushant/ros2_iron/install/test_launch_ros:/home/khushant/ros2_iron/install/rpyutils:/home/khushant/ros2_iron/install/rosidl_runtime_py:/home/khushant/ros2_iron/install/rosidl_pycommon:/home/khushant/ros2_iron/install/rosidl_cli:/home/khushant/ros2_iron/install/launch_pytest:/home/khushant/ros2_iron/install/launch_testing:/home/khushant/ros2_iron/install/launch_yaml:/home/khushant/ros2_iron/install/launch_xml:/home/khushant/ros2_iron/install/launch:/home/khushant/ros2_iron/install/osrf_pycommon:/home/khushant/ros2_iron/install/domain_coordinator:/home/khushant/ros2_iron/install/ament_xmllint:/home/khushant/ros2_iron/install/ament_pyflakes:/home/khushant/ros2_iron/install/ament_pycodestyle:/home/khushant/ros2_iron/install/ament_pep257:/home/khushant/ros2_iron/install/ament_pclint:/home/khushant/ros2_iron/install/ament_package:/home/khushant/ros2_iron/install/ament_mypy:/home/khushant/ros2_iron/install/ament_lint_cmake:/home/khushant/ros2_iron/install/ament_flake8:/home/khushant/ros2_iron/install/ament_copyright:/home/khushant/ros2_iron/install/ament_lint:/home/khushant/ros2_iron/install/ament_index_python:/home/khushant/ros2_iron/install/ament_cpplint:/home/khushant/ros2_iron/install/ament_cppcheck:/home/khushant/ros2_iron/install/ament_clang_tidy:/home/khushant/ros2_iron/install/ament_clang_format:/opt/ros/iron /home/khushant/.local/bin/cmake --build /home/khushant/pid/build/messages -- -j20 -l20
[4.978s] DEBUG:colcon.colcon_core.event_handler.log_command:Invoking command in '/home/khushant/pid/build/messages': CMAKE_PREFIX_PATH=${CMAKE_PREFIX_PATH}:/home/khushant/pid/install/controller:/home/khushant/ros2_iron/install/rqt_bag_plugins:/home/khushant/ros2_iron/install/rqt_bag:/home/khushant/ros2_iron/install/rosbag2_examples_py:/home/khushant/ros2_iron/install/launch_testing_examples:/home/khushant/ros2_iron/install/ros2bag:/home/khushant/ros2_iron/install/tracetools_test:/home/khushant/ros2_iron/install/tracetools_launch:/home/khushant/ros2_iron/install/topic_monitor:/home/khushant/ros2_iron/install/tf2_tools:/home/khushant/ros2_iron/install/examples_tf2_py:/home/khushant/ros2_iron/install/tf2_ros_py:/home/khushant/ros2_iron/install/examples_rclpy_pointcloud_publisher:/home/khushant/ros2_iron/install/sensor_msgs_py:/home/khushant/ros2_iron/install/quality_of_service_demo_py:/home/khushant/ros2_iron/install/rqt_plot:/home/khushant/ros2_iron/install/ros2doctor:/home/khushant/ros2_iron/install/lifecycle_py:/home/khushant/ros2_iron/install/examples_rclpy_minimal_subscriber:/home/khushant/ros2_iron/install/examples_rclpy_minimal_service:/home/khushant/ros2_iron/install/examples_rclpy_minimal_publisher:/home/khushant/ros2_iron/install/examples_rclpy_minimal_client:/home/khushant/ros2_iron/install/examples_rclpy_executors:/home/khushant/ros2_iron/install/demo_nodes_py:/home/khushant/ros2_iron/install/rqt:/home/khushant/ros2_iron/install/ros2component:/home/khushant/ros2_iron/install/sros2:/home/khushant/ros2_iron/install/rqt_topic:/home/khushant/ros2_iron/install/rqt_srv:/home/khushant/ros2_iron/install/rqt_shell:/home/khushant/ros2_iron/install/rqt_service_caller:/home/khushant/ros2_iron/install/rqt_reconfigure:/home/khushant/ros2_iron/install/rqt_py_console:/home/khushant/ros2_iron/install/rqt_publisher:/home/khushant/ros2_iron/install/rqt_action:/home/khushant/ros2_iron/install/rqt_msg:/home/khushant/ros2_iron/install/rqt_console:/home/khushant/ros2_iron/install/rqt_graph:/home/khushant/ros2_iron/install/rqt_gui_py:/home/khushant/ros2_iron/install/rqt_gui:/home/khushant/ros2_iron/install/ros2trace:/home/khushant/ros2_iron/install/ros2topic:/home/khushant/ros2_iron/install/ros2test:/home/khushant/ros2_iron/install/ros2param:/home/khushant/ros2_iron/install/ros2lifecycle:/home/khushant/ros2_iron/install/ros2service:/home/khushant/ros2_iron/install/ros2run:/home/khushant/ros2_iron/install/ros2launch:/home/khushant/ros2_iron/install/ros2pkg:/home/khushant/ros2_iron/install/ros2node:/home/khushant/ros2_iron/install/ros2multicast:/home/khushant/ros2_iron/install/ros2interface:/home/khushant/ros2_iron/install/ros2action:/home/khushant/ros2_iron/install/ros2cli:/home/khushant/ros2_iron/install/launch_testing_ros:/home/khushant/ros2_iron/install/launch_ros:/home/khushant/ros2_iron/install/examples_rclpy_minimal_action_server:/home/khushant/ros2_iron/install/examples_rclpy_minimal_action_client:/home/khushant/ros2_iron/install/examples_rclpy_guard_conditions:/home/khushant/ros2_iron/install/action_tutorials_py:/home/khushant/ros2_iron/install/ament_uncrustify:/home/khushant/ros2_iron/install/tracetools_trace:/home/khushant/ros2_iron/install/tracetools_read:/home/khushant/ros2_iron/install/test_tracetools_launch:/home/khushant/ros2_iron/install/test_ros2trace:/home/khushant/ros2_iron/install/test_launch_ros:/home/khushant/ros2_iron/install/rpyutils:/home/khushant/ros2_iron/install/rosidl_runtime_py:/home/khushant/ros2_iron/install/rosidl_pycommon:/home/khushant/ros2_iron/install/rosidl_cli:/home/khushant/ros2_iron/install/launch_pytest:/home/khushant/ros2_iron/install/launch_testing:/home/khushant/ros2_iron/install/launch_yaml:/home/khushant/ros2_iron/install/launch_xml:/home/khushant/ros2_iron/install/launch:/home/khushant/ros2_iron/install/osrf_pycommon:/home/khushant/ros2_iron/install/domain_coordinator:/home/khushant/ros2_iron/install/ament_xmllint:/home/khushant/ros2_iron/install/ament_pyflakes:/home/khushant/ros2_iron/install/ament_pycodestyle:/home/khushant/ros2_iron/install/ament_pep257:/home/khushant/ros2_iron/install/ament_pclint:/home/khushant/ros2_iron/install/ament_package:/home/khushant/ros2_iron/install/ament_mypy:/home/khushant/ros2_iron/install/ament_lint_cmake:/home/khushant/ros2_iron/install/ament_flake8:/home/khushant/ros2_iron/install/ament_copyright:/home/khushant/ros2_iron/install/ament_lint:/home/khushant/ros2_iron/install/ament_index_python:/home/khushant/ros2_iron/install/ament_cpplint:/home/khushant/ros2_iron/install/ament_cppcheck:/home/khushant/ros2_iron/install/ament_clang_tidy:/home/khushant/ros2_iron/install/ament_clang_format:/opt/ros/iron /home/khushant/.local/bin/cmake --install /home/khushant/pid/build/messages
[5.119s] Level 1:colcon.colcon_core.environment:create_environment_scripts_only(messages)
[5.120s] DEBUG:colcon.colcon_core.event_handler.log_command:Invoked command in '/home/khushant/pid/build/messages' returned '0': CMAKE_PREFIX_PATH=${CMAKE_PREFIX_PATH}:/home/khushant/pid/install/controller:/home/khushant/ros2_iron/install/rqt_bag_plugins:/home/khushant/ros2_iron/install/rqt_bag:/home/khushant/ros2_iron/install/rosbag2_examples_py:/home/khushant/ros2_iron/install/launch_testing_examples:/home/khushant/ros2_iron/install/ros2bag:/home/khushant/ros2_iron/install/tracetools_test:/home/khushant/ros2_iron/install/tracetools_launch:/home/khushant/ros2_iron/install/topic_monitor:/home/khushant/ros2_iron/install/tf2_tools:/home/khushant/ros2_iron/install/examples_tf2_py:/home/khushant/ros2_iron/install/tf2_ros_py:/home/khushant/ros2_iron/install/examples_rclpy_pointcloud_publisher:/home/khushant/ros2_iron/install/sensor_msgs_py:/home/khushant/ros2_iron/install/quality_of_service_demo_py:/home/khushant/ros2_iron/install/rqt_plot:/home/khushant/ros2_iron/install/ros2doctor:/home/khushant/ros2_iron/install/lifecycle_py:/home/khushant/ros2_iron/install/examples_rclpy_minimal_subscriber:/home/khushant/ros2_iron/install/examples_rclpy_minimal_service:/home/khushant/ros2_iron/install/examples_rclpy_minimal_publisher:/home/khushant/ros2_iron/install/examples_rclpy_minimal_client:/home/khushant/ros2_iron/install/examples_rclpy_executors:/home/khushant/ros2_iron/install/demo_nodes_py:/home/khushant/ros2_iron/install/rqt:/home/khushant/ros2_iron/install/ros2component:/home/khushant/ros2_iron/install/sros2:/home/khushant/ros2_iron/install/rqt_topic:/home/khushant/ros2_iron/install/rqt_srv:/home/khushant/ros2_iron/install/rqt_shell:/home/khushant/ros2_iron/install/rqt_service_caller:/home/khushant/ros2_iron/install/rqt_reconfigure:/home/khushant/ros2_iron/install/rqt_py_console:/home/khushant/ros2_iron/install/rqt_publisher:/home/khushant/ros2_iron/install/rqt_action:/home/khushant/ros2_iron/install/rqt_msg:/home/khushant/ros2_iron/install/rqt_console:/home/khushant/ros2_iron/install/rqt_graph:/home/khushant/ros2_iron/install/rqt_gui_py:/home/khushant/ros2_iron/install/rqt_gui:/home/khushant/ros2_iron/install/ros2trace:/home/khushant/ros2_iron/install/ros2topic:/home/khushant/ros2_iron/install/ros2test:/home/khushant/ros2_iron/install/ros2param:/home/khushant/ros2_iron/install/ros2lifecycle:/home/khushant/ros2_iron/install/ros2service:/home/khushant/ros2_iron/install/ros2run:/home/khushant/ros2_iron/install/ros2launch:/home/khushant/ros2_iron/install/ros2pkg:/home/khushant/ros2_iron/install/ros2node:/home/khushant/ros2_iron/install/ros2multicast:/home/khushant/ros2_iron/install/ros2interface:/home/khushant/ros2_iron/install/ros2action:/home/khushant/ros2_iron/install/ros2cli:/home/khushant/ros2_iron/install/launch_testing_ros:/home/khushant/ros2_iron/install/launch_ros:/home/khushant/ros2_iron/install/examples_rclpy_minimal_action_server:/home/khushant/ros2_iron/install/examples_rclpy_minimal_action_client:/home/khushant/ros2_iron/install/examples_rclpy_guard_conditions:/home/khushant/ros2_iron/install/action_tutorials_py:/home/khushant/ros2_iron/install/ament_uncrustify:/home/khushant/ros2_iron/install/tracetools_trace:/home/khushant/ros2_iron/install/tracetools_read:/home/khushant/ros2_iron/install/test_tracetools_launch:/home/khushant/ros2_iron/install/test_ros2trace:/home/khushant/ros2_iron/install/test_launch_ros:/home/khushant/ros2_iron/install/rpyutils:/home/khushant/ros2_iron/install/rosidl_runtime_py:/home/khushant/ros2_iron/install/rosidl_pycommon:/home/khushant/ros2_iron/install/rosidl_cli:/home/khushant/ros2_iron/install/launch_pytest:/home/khushant/ros2_iron/install/launch_testing:/home/khushant/ros2_iron/install/launch_yaml:/home/khushant/ros2_iron/install/launch_xml:/home/khushant/ros2_iron/install/launch:/home/khushant/ros2_iron/install/osrf_pycommon:/home/khushant/ros2_iron/install/domain_coordinator:/home/khushant/ros2_iron/install/ament_xmllint:/home/khushant/ros2_iron/install/ament_pyflakes:/home/khushant/ros2_iron/install/ament_pycodestyle:/home/khushant/ros2_iron/install/ament_pep257:/home/khushant/ros2_iron/install/ament_pclint:/home/khushant/ros2_iron/install/ament_package:/home/khushant/ros2_iron/install/ament_mypy:/home/khushant/ros2_iron/install/ament_lint_cmake:/home/khushant/ros2_iron/install/ament_flake8:/home/khushant/ros2_iron/install/ament_copyright:/home/khushant/ros2_iron/install/ament_lint:/home/khushant/ros2_iron/install/ament_index_python:/home/khushant/ros2_iron/install/ament_cpplint:/home/khushant/ros2_iron/install/ament_cppcheck:/home/khushant/ros2_iron/install/ament_clang_tidy:/home/khushant/ros2_iron/install/ament_clang_format:/opt/ros/iron /home/khushant/.local/bin/cmake --install /home/khushant/pid/build/messages
[5.139s] Level 1:colcon.colcon_core.environment:checking '/home/khushant/pid/install/messages' for CMake module files
[5.140s] Level 1:colcon.colcon_core.environment:checking '/home/khushant/pid/install/messages' for CMake config files
[5.140s] Level 1:colcon.colcon_core.shell:create_environment_hook('messages', 'cmake_prefix_path')
[5.160s] INFO:colcon.colcon_core.shell:Creating environment hook '/home/khushant/pid/install/messages/share/messages/hook/cmake_prefix_path.ps1'
[5.160s] INFO:colcon.colcon_core.shell:Creating environment descriptor '/home/khushant/pid/install/messages/share/messages/hook/cmake_prefix_path.dsv'
[5.161s] INFO:colcon.colcon_core.shell:Creating environment hook '/home/khushant/pid/install/messages/share/messages/hook/cmake_prefix_path.sh'
[5.161s] Level 1:colcon.colcon_core.environment:checking '/home/khushant/pid/install/messages/lib'
[5.161s] Level 1:colcon.colcon_core.shell:create_environment_hook('messages', 'ld_library_path_lib')
[5.179s] INFO:colcon.colcon_core.shell:Creating environment hook '/home/khushant/pid/install/messages/share/messages/hook/ld_library_path_lib.ps1'
[5.179s] INFO:colcon.colcon_core.shell:Creating environment descriptor '/home/khushant/pid/install/messages/share/messages/hook/ld_library_path_lib.dsv'
[5.180s] INFO:colcon.colcon_core.shell:Creating environment hook '/home/khushant/pid/install/messages/share/messages/hook/ld_library_path_lib.sh'
[5.180s] Level 1:colcon.colcon_core.environment:checking '/home/khushant/pid/install/messages/bin'
[5.180s] Level 1:colcon.colcon_core.environment:checking '/home/khushant/pid/install/messages/lib/pkgconfig/messages.pc'
[5.180s] Level 1:colcon.colcon_core.environment:checking '/home/khushant/pid/install/messages/lib/python3.10/site-packages'
[5.180s] Level 1:colcon.colcon_core.shell:create_environment_hook('messages', 'pythonpath')
[5.197s] INFO:colcon.colcon_core.shell:Creating environment hook '/home/khushant/pid/install/messages/share/messages/hook/pythonpath.ps1'
[5.198s] INFO:colcon.colcon_core.shell:Creating environment descriptor '/home/khushant/pid/install/messages/share/messages/hook/pythonpath.dsv'
[5.198s] INFO:colcon.colcon_core.shell:Creating environment hook '/home/khushant/pid/install/messages/share/messages/hook/pythonpath.sh'
[5.198s] Level 1:colcon.colcon_core.environment:checking '/home/khushant/pid/install/messages/bin'
[5.217s] INFO:colcon.colcon_core.shell:Creating package script '/home/khushant/pid/install/messages/share/messages/package.ps1'
[5.217s] INFO:colcon.colcon_core.shell:Creating package descriptor '/home/khushant/pid/install/messages/share/messages/package.dsv'
[5.218s] INFO:colcon.colcon_core.shell:Creating package script '/home/khushant/pid/install/messages/share/messages/package.sh'
[5.218s] INFO:colcon.colcon_core.shell:Creating package script '/home/khushant/pid/install/messages/share/messages/package.bash'
[5.218s] INFO:colcon.colcon_core.shell:Creating package script '/home/khushant/pid/install/messages/share/messages/package.zsh'
[5.218s] Level 1:colcon.colcon_core.environment:create_file_with_runtime_dependencies(/home/khushant/pid/install/messages/share/colcon-core/packages/messages)
[5.572s] Level 1:colcon.colcon_core.environment:create_environment_scripts_only(messages)
[5.591s] Level 1:colcon.colcon_core.environment:checking '/home/khushant/pid/install/messages' for CMake module files
[5.591s] Level 1:colcon.colcon_core.environment:checking '/home/khushant/pid/install/messages' for CMake config files
[5.592s] Level 1:colcon.colcon_core.shell:create_environment_hook('messages', 'cmake_prefix_path')
[5.626s] INFO:colcon.colcon_core.shell:Creating environment hook '/home/khushant/pid/install/messages/share/messages/hook/cmake_prefix_path.ps1'
[5.626s] INFO:colcon.colcon_core.shell:Creating environment descriptor '/home/khushant/pid/install/messages/share/messages/hook/cmake_prefix_path.dsv'
[5.626s] INFO:colcon.colcon_core.shell:Creating environment hook '/home/khushant/pid/install/messages/share/messages/hook/cmake_prefix_path.sh'
[5.627s] Level 1:colcon.colcon_core.environment:checking '/home/khushant/pid/install/messages/lib'
[5.627s] Level 1:colcon.colcon_core.shell:create_environment_hook('messages', 'ld_library_path_lib')
[5.644s] INFO:colcon.colcon_core.shell:Creating environment hook '/home/khushant/pid/install/messages/share/messages/hook/ld_library_path_lib.ps1'
[5.645s] INFO:colcon.colcon_core.shell:Creating environment descriptor '/home/khushant/pid/install/messages/share/messages/hook/ld_library_path_lib.dsv'
[5.645s] INFO:colcon.colcon_core.shell:Creating environment hook '/home/khushant/pid/install/messages/share/messages/hook/ld_library_path_lib.sh'
[5.645s] Level 1:colcon.colcon_core.environment:checking '/home/khushant/pid/install/messages/bin'
[5.645s] Level 1:colcon.colcon_core.environment:checking '/home/khushant/pid/install/messages/lib/pkgconfig/messages.pc'
[5.645s] Level 1:colcon.colcon_core.environment:checking '/home/khushant/pid/install/messages/lib/python3.10/site-packages'
[5.645s] Level 1:colcon.colcon_core.shell:create_environment_hook('messages', 'pythonpath')
[5.663s] INFO:colcon.colcon_core.shell:Creating environment hook '/home/khushant/pid/install/messages/share/messages/hook/pythonpath.ps1'
[5.663s] INFO:colcon.colcon_core.shell:Creating environment descriptor '/home/khushant/pid/install/messages/share/messages/hook/pythonpath.dsv'
[5.663s] INFO:colcon.colcon_core.shell:Creating environment hook '/home/khushant/pid/install/messages/share/messages/hook/pythonpath.sh'
[5.664s] Level 1:colcon.colcon_core.environment:checking '/home/khushant/pid/install/messages/bin'
[5.682s] INFO:colcon.colcon_core.shell:Creating package script '/home/khushant/pid/install/messages/share/messages/package.ps1'
[5.682s] INFO:colcon.colcon_core.shell:Creating package descriptor '/home/khushant/pid/install/messages/share/messages/package.dsv'
[5.682s] INFO:colcon.colcon_core.shell:Creating package script '/home/khushant/pid/install/messages/share/messages/package.sh'
[5.682s] INFO:colcon.colcon_core.shell:Creating package script '/home/khushant/pid/install/messages/share/messages/package.bash'
[5.683s] INFO:colcon.colcon_core.shell:Creating package script '/home/khushant/pid/install/messages/share/messages/package.zsh'
[5.683s] Level 1:colcon.colcon_core.environment:create_file_with_runtime_dependencies(/home/khushant/pid/install/messages/share/colcon-core/packages/messages)
[5.683s] DEBUG:colcon.colcon_parallel_executor.executor.parallel:closing loop
[5.683s] DEBUG:colcon.colcon_parallel_executor.executor.parallel:loop closed
[5.684s] DEBUG:colcon.colcon_parallel_executor.executor.parallel:run_until_complete finished with '0'
[5.684s] DEBUG:colcon.colcon_core.event_reactor:joining thread
[5.814s] INFO:colcon.colcon_core.plugin_system:Skipping extension 'colcon_notification.desktop_notification.notify_send': Could not find 'notify-send'
[5.814s] INFO:colcon.colcon_core.plugin_system:Skipping extension 'colcon_notification.desktop_notification.terminal_notifier': Not used on non-Darwin systems
[5.814s] INFO:colcon.colcon_core.plugin_system:Skipping extension 'colcon_notification.desktop_notification.win32': Not used on non-Windows systems
[5.815s] INFO:colcon.colcon_notification.desktop_notification:Sending desktop notification using 'notify2'
