[2.462s] Invoking command in '/home/khushant/pid/src/controller': PYTHONPATH=/home/khushant/pid/build/controller/prefix_override:/home/khushant/pid/install/controller/lib/python3.10/site-packages:${PYTHONPATH} WSLENV=ELECTRON_RUN_AS_NODE/w:WT_SESSION:WT_PROFILE_ID: /usr/bin/python3 setup.py egg_info --egg-base ../../build/controller build --build-base /home/khushant/pid/build/controller/build install --record /home/khushant/pid/build/controller/install.log --single-version-externally-managed
[3.040s] running egg_info
[3.041s] writing ../../build/controller/controller.egg-info/PKG-INFO
[3.044s] writing dependency_links to ../../build/controller/controller.egg-info/dependency_links.txt
[3.044s] writing entry points to ../../build/controller/controller.egg-info/entry_points.txt
[3.044s] writing requirements to ../../build/controller/controller.egg-info/requires.txt
[3.045s] writing top-level names to ../../build/controller/controller.egg-info/top_level.txt
[3.048s] reading manifest file '../../build/controller/controller.egg-info/SOURCES.txt'
[3.050s] writing manifest file '../../build/controller/controller.egg-info/SOURCES.txt'
[3.050s] running build
[3.050s] running build_py
[3.051s] copying controller/system.py -> /home/khushant/pid/build/controller/build/lib/controller
[3.052s] running install
[3.052s] running install_lib
[3.053s] copying /home/khushant/pid/build/controller/build/lib/controller/system.py -> /home/khushant/pid/install/controller/lib/python3.10/site-packages/controller
[3.056s] byte-compiling /home/khushant/pid/install/controller/lib/python3.10/site-packages/controller/system.py to system.cpython-310.pyc
[3.057s] running install_data
[3.059s] running install_egg_info
[3.063s] removing '/home/khushant/pid/install/controller/lib/python3.10/site-packages/controller-0.0.0-py3.10.egg-info' (and everything under it)
[3.064s] Copying ../../build/controller/controller.egg-info to /home/khushant/pid/install/controller/lib/python3.10/site-packages/controller-0.0.0-py3.10.egg-info
[3.065s] running install_scripts
[3.106s] Installing pid script to /home/khushant/pid/install/controller/lib/controller
[3.107s] Installing ref script to /home/khushant/pid/install/controller/lib/controller
[3.107s] Installing system script to /home/khushant/pid/install/controller/lib/controller
[3.108s] writing list of installed files to '/home/khushant/pid/build/controller/install.log'
[3.143s] Invoked command in '/home/khushant/pid/src/controller' returned '0': PYTHONPATH=/home/khushant/pid/build/controller/prefix_override:/home/khushant/pid/install/controller/lib/python3.10/site-packages:${PYTHONPATH} WSLENV=ELECTRON_RUN_AS_NODE/w:WT_SESSION:WT_PROFILE_ID: /usr/bin/python3 setup.py egg_info --egg-base ../../build/controller build --build-base /home/khushant/pid/build/controller/build install --record /home/khushant/pid/build/controller/install.log --single-version-externally-managed
