[2.455s] Invoking command in '/home/khushant/pid/src/controller': PYTHONPATH=/home/khushant/pid/build/controller/prefix_override:/home/khushant/pid/install/controller/lib/python3.10/site-packages:${PYTHONPATH} WSLENV=ELECTRON_RUN_AS_NODE/w: /usr/bin/python3 setup.py egg_info --egg-base ../../build/controller build --build-base /home/khushant/pid/build/controller/build install --record /home/khushant/pid/build/controller/install.log --single-version-externally-managed
[3.048s] running egg_info
[3.049s] writing ../../build/controller/controller.egg-info/PKG-INFO
[3.049s] writing dependency_links to ../../build/controller/controller.egg-info/dependency_links.txt
[3.049s] writing entry points to ../../build/controller/controller.egg-info/entry_points.txt
[3.050s] writing requirements to ../../build/controller/controller.egg-info/requires.txt
[3.050s] writing top-level names to ../../build/controller/controller.egg-info/top_level.txt
[3.052s] reading manifest file '../../build/controller/controller.egg-info/SOURCES.txt'
[3.053s] writing manifest file '../../build/controller/controller.egg-info/SOURCES.txt'
[3.054s] running build
[3.054s] running build_py
[3.054s] copying controller/pid.py -> /home/khushant/pid/build/controller/build/lib/controller
[3.054s] running install
[3.055s] running install_lib
[3.056s] copying /home/khushant/pid/build/controller/build/lib/controller/pid.py -> /home/khushant/pid/install/controller/lib/python3.10/site-packages/controller
[3.059s] byte-compiling /home/khushant/pid/install/controller/lib/python3.10/site-packages/controller/pid.py to pid.cpython-310.pyc
[3.061s] running install_data
[3.063s] running install_egg_info
[3.068s] removing '/home/khushant/pid/install/controller/lib/python3.10/site-packages/controller-0.0.0-py3.10.egg-info' (and everything under it)
[3.069s] Copying ../../build/controller/controller.egg-info to /home/khushant/pid/install/controller/lib/python3.10/site-packages/controller-0.0.0-py3.10.egg-info
[3.069s] running install_scripts
[3.115s] Installing pid script to /home/khushant/pid/install/controller/lib/controller
[3.116s] Installing ref script to /home/khushant/pid/install/controller/lib/controller
[3.116s] Installing system script to /home/khushant/pid/install/controller/lib/controller
[3.117s] writing list of installed files to '/home/khushant/pid/build/controller/install.log'
[3.150s] Invoked command in '/home/khushant/pid/src/controller' returned '0': PYTHONPATH=/home/khushant/pid/build/controller/prefix_override:/home/khushant/pid/install/controller/lib/python3.10/site-packages:${PYTHONPATH} WSLENV=ELECTRON_RUN_AS_NODE/w: /usr/bin/python3 setup.py egg_info --egg-base ../../build/controller build --build-base /home/khushant/pid/build/controller/build install --record /home/khushant/pid/build/controller/install.log --single-version-externally-managed
