-- Found ament_cmake: 2.0.3 (/home/khushant/ros2_iron/install/ament_cmake/share/ament_cmake/cmake)
-- Override CMake install command with custom implementation using symlinks instead of copying resources
-- Found rosidl_default_generators: 1.5.0 (/home/khushant/ros2_iron/install/rosidl_default_generators/share/rosidl_default_generators/cmake)
-- Using all available rosidl_typesupport_c: rosidl_typesupport_introspection_c;rosidl_typesupport_fastrtps_c
-- Using all available rosidl_typesupport_cpp: rosidl_typesupport_introspection_cpp;rosidl_typesupport_fastrtps_cpp
-- Found rosidl_adapter: 4.0.1 (/home/khushant/ros2_iron/install/rosidl_adapter/share/rosidl_adapter/cmake)
-- Found ament_cmake_ros: 0.11.2 (/home/khushant/ros2_iron/install/ament_cmake_ros/share/ament_cmake_ros/cmake)
-- Using all available rosidl_typesupport_c: rosidl_typesupport_introspection_c;rosidl_typesupport_fastrtps_c
-- Using all available rosidl_typesupport_cpp: rosidl_typesupport_introspection_cpp;rosidl_typesupport_fastrtps_cpp
-- Found python_cmake_module: 0.10.2 (/home/khushant/ros2_iron/install/python_cmake_module/share/python_cmake_module/cmake)
-- Using PYTHON_EXECUTABLE: /usr/bin/python3
-- Using PYTHON_INCLUDE_DIRS: /usr/include/python3.10
-- Using PYTHON_LIBRARIES: /usr/lib/x86_64-linux-gnu/libpython3.10.so
-- Configuring done (3.2s)
-- Generating done (0.1s)
-- Build files have been written to: /home/khushant/pid/build/messages
[  1%] [34m[1mGenerating type hashes for ROS interfaces[0m
[  1%] Built target ament_cmake_python_symlink_messages
[  1%] Built target messages__rosidl_generator_type_description
[  3%] [34m[1mGenerating C code for ROS interfaces[0m
[  5%] [34m[1mGenerating C++ code for ROS interfaces[0m
running egg_info
writing messages.egg-info/PKG-INFO
writing dependency_links to messages.egg-info/dependency_links.txt
writing top-level names to messages.egg-info/top_level.txt
reading manifest file 'messages.egg-info/SOURCES.txt'
writing manifest file 'messages.egg-info/SOURCES.txt'
[  5%] Built target ament_cmake_python_build_messages_egg
[  5%] Built target messages__cpp
[  7%] [32mBuilding C object CMakeFiles/messages__rosidl_generator_c.dir/rosidl_generator_c/messages/msg/detail/pidsignal__type_support.c.o[0m
[  9%] [32mBuilding C object CMakeFiles/messages__rosidl_generator_c.dir/rosidl_generator_c/messages/msg/detail/refsignal__description.c.o[0m
[ 11%] [32mBuilding C object CMakeFiles/messages__rosidl_generator_c.dir/rosidl_generator_c/messages/msg/detail/refsignal__type_support.c.o[0m
[ 12%] [32mBuilding C object CMakeFiles/messages__rosidl_generator_c.dir/rosidl_generator_c/messages/msg/detail/pidsignal__description.c.o[0m
[ 14%] [32mBuilding C object CMakeFiles/messages__rosidl_generator_c.dir/rosidl_generator_c/messages/msg/detail/pidsignal__functions.c.o[0m
[ 16%] [32mBuilding C object CMakeFiles/messages__rosidl_generator_c.dir/rosidl_generator_c/messages/msg/detail/systemsignal__description.c.o[0m
[ 18%] [32mBuilding C object CMakeFiles/messages__rosidl_generator_c.dir/rosidl_generator_c/messages/msg/detail/systemsignal__type_support.c.o[0m
[ 20%] [32mBuilding C object CMakeFiles/messages__rosidl_generator_c.dir/rosidl_generator_c/messages/msg/detail/systemsignal__functions.c.o[0m
[ 22%] [32mBuilding C object CMakeFiles/messages__rosidl_generator_c.dir/rosidl_generator_c/messages/msg/detail/refsignal__functions.c.o[0m
[ 24%] [32m[1mLinking C shared library libmessages__rosidl_generator_c.so[0m
[ 24%] Built target messages__rosidl_generator_c
[ 25%] [34m[1mGenerating C type support dispatch for ROS interfaces[0m
[ 27%] [34m[1mGenerating C++ introspection for ROS interfaces[0m
[ 29%] [34m[1mGenerating C type support for eProsima Fast-RTPS[0m
[ 31%] [34m[1mGenerating C++ type support dispatch for ROS interfaces[0m
[ 33%] [34m[1mGenerating C introspection for ROS interfaces[0m
[ 35%] [34m[1mGenerating C++ type support for eProsima Fast-RTPS[0m
[ 37%] [32mBuilding CXX object CMakeFiles/messages__rosidl_typesupport_c.dir/rosidl_typesupport_c/messages/msg/pidsignal__type_support.cpp.o[0m
[ 38%] [32mBuilding CXX object CMakeFiles/messages__rosidl_typesupport_c.dir/rosidl_typesupport_c/messages/msg/systemsignal__type_support.cpp.o[0m
[ 40%] [32mBuilding CXX object CMakeFiles/messages__rosidl_typesupport_c.dir/rosidl_typesupport_c/messages/msg/refsignal__type_support.cpp.o[0m
[ 42%] [32mBuilding CXX object CMakeFiles/messages__rosidl_typesupport_cpp.dir/rosidl_typesupport_cpp/messages/msg/pidsignal__type_support.cpp.o[0m
[ 44%] [32mBuilding CXX object CMakeFiles/messages__rosidl_typesupport_cpp.dir/rosidl_typesupport_cpp/messages/msg/refsignal__type_support.cpp.o[0m
[ 46%] [32mBuilding CXX object CMakeFiles/messages__rosidl_typesupport_cpp.dir/rosidl_typesupport_cpp/messages/msg/systemsignal__type_support.cpp.o[0m
[ 48%] [32mBuilding CXX object CMakeFiles/messages__rosidl_typesupport_introspection_cpp.dir/rosidl_typesupport_introspection_cpp/messages/msg/detail/systemsignal__type_support.cpp.o[0m
[ 50%] [32mBuilding CXX object CMakeFiles/messages__rosidl_typesupport_introspection_cpp.dir/rosidl_typesupport_introspection_cpp/messages/msg/detail/refsignal__type_support.cpp.o[0m
[ 51%] [32mBuilding CXX object CMakeFiles/messages__rosidl_typesupport_introspection_cpp.dir/rosidl_typesupport_introspection_cpp/messages/msg/detail/pidsignal__type_support.cpp.o[0m
[ 53%] [32mBuilding C object CMakeFiles/messages__rosidl_typesupport_introspection_c.dir/rosidl_typesupport_introspection_c/messages/msg/detail/pidsignal__type_support.c.o[0m
[ 55%] [32mBuilding C object CMakeFiles/messages__rosidl_typesupport_introspection_c.dir/rosidl_typesupport_introspection_c/messages/msg/detail/refsignal__type_support.c.o[0m
[ 57%] [32mBuilding C object CMakeFiles/messages__rosidl_typesupport_introspection_c.dir/rosidl_typesupport_introspection_c/messages/msg/detail/systemsignal__type_support.c.o[0m
[ 59%] [32mBuilding CXX object CMakeFiles/messages__rosidl_typesupport_fastrtps_c.dir/rosidl_typesupport_fastrtps_c/messages/msg/detail/refsignal__type_support_c.cpp.o[0m
[ 61%] [32mBuilding CXX object CMakeFiles/messages__rosidl_typesupport_fastrtps_c.dir/rosidl_typesupport_fastrtps_c/messages/msg/detail/systemsignal__type_support_c.cpp.o[0m
[ 62%] [32mBuilding CXX object CMakeFiles/messages__rosidl_typesupport_fastrtps_c.dir/rosidl_typesupport_fastrtps_c/messages/msg/detail/pidsignal__type_support_c.cpp.o[0m
[ 66%] [32m[1mLinking CXX shared library libmessages__rosidl_typesupport_c.so[0m
[ 66%] [32mBuilding CXX object CMakeFiles/messages__rosidl_typesupport_fastrtps_cpp.dir/rosidl_typesupport_fastrtps_cpp/messages/msg/detail/dds_fastrtps/pidsignal__type_support.cpp.o[0m
[ 68%] [32mBuilding CXX object CMakeFiles/messages__rosidl_typesupport_fastrtps_cpp.dir/rosidl_typesupport_fastrtps_cpp/messages/msg/detail/dds_fastrtps/systemsignal__type_support.cpp.o[0m
[ 70%] [32mBuilding CXX object CMakeFiles/messages__rosidl_typesupport_fastrtps_cpp.dir/rosidl_typesupport_fastrtps_cpp/messages/msg/detail/dds_fastrtps/refsignal__type_support.cpp.o[0m
[ 72%] [32m[1mLinking C shared library libmessages__rosidl_typesupport_introspection_c.so[0m
[ 72%] Built target messages__rosidl_typesupport_c
[ 72%] Built target messages__rosidl_typesupport_introspection_c
[ 74%] [32m[1mLinking CXX shared library libmessages__rosidl_typesupport_fastrtps_c.so[0m
[ 75%] [32m[1mLinking CXX shared library libmessages__rosidl_typesupport_cpp.so[0m
[ 77%] [32m[1mLinking CXX shared library libmessages__rosidl_typesupport_introspection_cpp.so[0m
[ 77%] Built target messages__rosidl_typesupport_cpp
[ 77%] Built target messages__rosidl_typesupport_introspection_cpp
[ 77%] Built target messages__rosidl_typesupport_fastrtps_c
[ 79%] [32m[1mLinking CXX shared library libmessages__rosidl_typesupport_fastrtps_cpp.so[0m
[ 79%] Built target messages__rosidl_typesupport_fastrtps_cpp
[ 79%] Built target messages
[ 81%] [34m[1mGenerating Python code for ROS interfaces[0m
[ 81%] Built target messages__py
[ 83%] [32mBuilding C object CMakeFiles/messages__rosidl_generator_py.dir/rosidl_generator_py/messages/msg/_pidsignal_s.c.o[0m
[ 85%] [32mBuilding C object CMakeFiles/messages__rosidl_generator_py.dir/rosidl_generator_py/messages/msg/_refsignal_s.c.o[0m
[ 87%] [32mBuilding C object CMakeFiles/messages__rosidl_generator_py.dir/rosidl_generator_py/messages/msg/_systemsignal_s.c.o[0m
[ 88%] [32m[1mLinking C shared library rosidl_generator_py/messages/libmessages__rosidl_generator_py.so[0m
[ 88%] Built target messages__rosidl_generator_py
[ 90%] [32mBuilding C object CMakeFiles/messages__rosidl_typesupport_fastrtps_c__pyext.dir/rosidl_generator_py/messages/_messages_s.ep.rosidl_typesupport_fastrtps_c.c.o[0m
[ 92%] [32mBuilding C object CMakeFiles/messages__rosidl_typesupport_c__pyext.dir/rosidl_generator_py/messages/_messages_s.ep.rosidl_typesupport_c.c.o[0m
[ 94%] [32mBuilding C object CMakeFiles/messages__rosidl_typesupport_introspection_c__pyext.dir/rosidl_generator_py/messages/_messages_s.ep.rosidl_typesupport_introspection_c.c.o[0m
[ 96%] [32m[1mLinking C shared library rosidl_generator_py/messages/messages_s__rosidl_typesupport_c.cpython-310-x86_64-linux-gnu.so[0m
[ 98%] [32m[1mLinking C shared library rosidl_generator_py/messages/messages_s__rosidl_typesupport_fastrtps_c.cpython-310-x86_64-linux-gnu.so[0m
[100%] [32m[1mLinking C shared library rosidl_generator_py/messages/messages_s__rosidl_typesupport_introspection_c.cpython-310-x86_64-linux-gnu.so[0m
[100%] Built target messages__rosidl_typesupport_c__pyext
[100%] Built target messages__rosidl_typesupport_fastrtps_c__pyext
[100%] Built target messages__rosidl_typesupport_introspection_c__pyext
-- Install configuration: ""
-- Execute custom install script
-- Up-to-date symlink: /home/khushant/pid/install/messages/share/ament_index/resource_index/rosidl_interfaces/messages
-- Up-to-date symlink: /home/khushant/pid/install/messages/share/messages/msg/Pidsignal.json
-- Up-to-date symlink: /home/khushant/pid/install/messages/share/messages/msg/Refsignal.json
-- Up-to-date symlink: /home/khushant/pid/install/messages/share/messages/msg/Systemsignal.json
-- Up-to-date symlink: /home/khushant/pid/install/messages/include/messages/messages/msg/detail/pidsignal__functions.h
-- Up-to-date symlink: /home/khushant/pid/install/messages/include/messages/messages/msg/detail/pidsignal__struct.h
-- Up-to-date symlink: /home/khushant/pid/install/messages/include/messages/messages/msg/detail/pidsignal__type_support.h
-- Up-to-date symlink: /home/khushant/pid/install/messages/include/messages/messages/msg/detail/refsignal__functions.h
-- Up-to-date symlink: /home/khushant/pid/install/messages/include/messages/messages/msg/detail/refsignal__struct.h
-- Up-to-date symlink: /home/khushant/pid/install/messages/include/messages/messages/msg/detail/refsignal__type_support.h
-- Up-to-date symlink: /home/khushant/pid/install/messages/include/messages/messages/msg/detail/systemsignal__functions.h
-- Up-to-date symlink: /home/khushant/pid/install/messages/include/messages/messages/msg/detail/systemsignal__struct.h
-- Up-to-date symlink: /home/khushant/pid/install/messages/include/messages/messages/msg/detail/systemsignal__type_support.h
-- Up-to-date symlink: /home/khushant/pid/install/messages/include/messages/messages/msg/pidsignal.h
-- Up-to-date symlink: /home/khushant/pid/install/messages/include/messages/messages/msg/refsignal.h
-- Up-to-date symlink: /home/khushant/pid/install/messages/include/messages/messages/msg/rosidl_generator_c__visibility_control.h
-- Up-to-date symlink: /home/khushant/pid/install/messages/include/messages/messages/msg/systemsignal.h
-- Up-to-date symlink: /home/khushant/pid/install/messages/share/messages/environment/library_path.sh
-- Up-to-date symlink: /home/khushant/pid/install/messages/share/messages/environment/library_path.dsv
-- Up-to-date symlink: /home/khushant/pid/install/messages/include/messages/messages/msg/detail/pidsignal__rosidl_typesupport_introspection_c.h
-- Up-to-date symlink: /home/khushant/pid/install/messages/include/messages/messages/msg/detail/refsignal__rosidl_typesupport_introspection_c.h
-- Up-to-date symlink: /home/khushant/pid/install/messages/include/messages/messages/msg/detail/systemsignal__rosidl_typesupport_introspection_c.h
-- Up-to-date symlink: /home/khushant/pid/install/messages/include/messages/messages/msg/rosidl_typesupport_introspection_c__visibility_control.h
-- Up-to-date symlink: /home/khushant/pid/install/messages/include/messages/messages/msg/detail/pidsignal__rosidl_typesupport_fastrtps_c.h
-- Up-to-date symlink: /home/khushant/pid/install/messages/include/messages/messages/msg/detail/refsignal__rosidl_typesupport_fastrtps_c.h
-- Up-to-date symlink: /home/khushant/pid/install/messages/include/messages/messages/msg/detail/systemsignal__rosidl_typesupport_fastrtps_c.h
-- Up-to-date symlink: /home/khushant/pid/install/messages/include/messages/messages/msg/rosidl_typesupport_fastrtps_c__visibility_control.h
-- Up-to-date symlink: /home/khushant/pid/install/messages/include/messages/messages/msg/detail/pidsignal__builder.hpp
-- Up-to-date symlink: /home/khushant/pid/install/messages/include/messages/messages/msg/detail/pidsignal__struct.hpp
-- Up-to-date symlink: /home/khushant/pid/install/messages/include/messages/messages/msg/detail/pidsignal__traits.hpp
-- Up-to-date symlink: /home/khushant/pid/install/messages/include/messages/messages/msg/detail/refsignal__builder.hpp
-- Up-to-date symlink: /home/khushant/pid/install/messages/include/messages/messages/msg/detail/refsignal__struct.hpp
-- Up-to-date symlink: /home/khushant/pid/install/messages/include/messages/messages/msg/detail/refsignal__traits.hpp
-- Up-to-date symlink: /home/khushant/pid/install/messages/include/messages/messages/msg/detail/systemsignal__builder.hpp
-- Up-to-date symlink: /home/khushant/pid/install/messages/include/messages/messages/msg/detail/systemsignal__struct.hpp
-- Up-to-date symlink: /home/khushant/pid/install/messages/include/messages/messages/msg/detail/systemsignal__traits.hpp
-- Up-to-date symlink: /home/khushant/pid/install/messages/include/messages/messages/msg/pidsignal.hpp
-- Up-to-date symlink: /home/khushant/pid/install/messages/include/messages/messages/msg/refsignal.hpp
-- Up-to-date symlink: /home/khushant/pid/install/messages/include/messages/messages/msg/systemsignal.hpp
-- Up-to-date symlink: /home/khushant/pid/install/messages/include/messages/messages/msg/detail/pidsignal__rosidl_typesupport_introspection_cpp.hpp
-- Up-to-date symlink: /home/khushant/pid/install/messages/include/messages/messages/msg/detail/refsignal__rosidl_typesupport_introspection_cpp.hpp
-- Up-to-date symlink: /home/khushant/pid/install/messages/include/messages/messages/msg/detail/systemsignal__rosidl_typesupport_introspection_cpp.hpp
-- Up-to-date symlink: /home/khushant/pid/install/messages/include/messages/messages/msg/detail/pidsignal__rosidl_typesupport_fastrtps_cpp.hpp
-- Up-to-date symlink: /home/khushant/pid/install/messages/include/messages/messages/msg/detail/refsignal__rosidl_typesupport_fastrtps_cpp.hpp
-- Up-to-date symlink: /home/khushant/pid/install/messages/include/messages/messages/msg/detail/systemsignal__rosidl_typesupport_fastrtps_cpp.hpp
-- Up-to-date symlink: /home/khushant/pid/install/messages/include/messages/messages/msg/rosidl_typesupport_fastrtps_cpp__visibility_control.h
-- Up-to-date symlink: /home/khushant/pid/install/messages/share/messages/environment/pythonpath.sh
-- Up-to-date symlink: /home/khushant/pid/install/messages/share/messages/environment/pythonpath.dsv
-- Up-to-date symlink: /home/khushant/pid/install/messages/lib/python3.10/site-packages/messages-0.0.0-py3.10.egg-info/PKG-INFO
-- Up-to-date symlink: /home/khushant/pid/install/messages/lib/python3.10/site-packages/messages-0.0.0-py3.10.egg-info/SOURCES.txt
-- Up-to-date symlink: /home/khushant/pid/install/messages/lib/python3.10/site-packages/messages-0.0.0-py3.10.egg-info/dependency_links.txt
-- Up-to-date symlink: /home/khushant/pid/install/messages/lib/python3.10/site-packages/messages-0.0.0-py3.10.egg-info/top_level.txt
-- Up-to-date symlink: /home/khushant/pid/install/messages/lib/python3.10/site-packages/messages/__init__.py
-- Up-to-date symlink: /home/khushant/pid/install/messages/lib/python3.10/site-packages/messages/_messages_s.ep.rosidl_typesupport_c.c
-- Up-to-date symlink: /home/khushant/pid/install/messages/lib/python3.10/site-packages/messages/_messages_s.ep.rosidl_typesupport_fastrtps_c.c
-- Up-to-date symlink: /home/khushant/pid/install/messages/lib/python3.10/site-packages/messages/_messages_s.ep.rosidl_typesupport_introspection_c.c
-- Up-to-date symlink: /home/khushant/pid/install/messages/lib/python3.10/site-packages/messages/libmessages__rosidl_generator_py.so
-- Up-to-date symlink: /home/khushant/pid/install/messages/lib/python3.10/site-packages/messages/messages_s__rosidl_typesupport_c.cpython-310-x86_64-linux-gnu.so
-- Up-to-date symlink: /home/khushant/pid/install/messages/lib/python3.10/site-packages/messages/messages_s__rosidl_typesupport_fastrtps_c.cpython-310-x86_64-linux-gnu.so
-- Up-to-date symlink: /home/khushant/pid/install/messages/lib/python3.10/site-packages/messages/messages_s__rosidl_typesupport_introspection_c.cpython-310-x86_64-linux-gnu.so
-- Up-to-date symlink: /home/khushant/pid/install/messages/lib/python3.10/site-packages/messages/msg/__init__.py
-- Up-to-date symlink: /home/khushant/pid/install/messages/lib/python3.10/site-packages/messages/msg/_pidsignal.py
-- Up-to-date symlink: /home/khushant/pid/install/messages/lib/python3.10/site-packages/messages/msg/_pidsignal_s.c
-- Up-to-date symlink: /home/khushant/pid/install/messages/lib/python3.10/site-packages/messages/msg/_refsignal.py
-- Up-to-date symlink: /home/khushant/pid/install/messages/lib/python3.10/site-packages/messages/msg/_refsignal_s.c
-- Up-to-date symlink: /home/khushant/pid/install/messages/lib/python3.10/site-packages/messages/msg/_systemsignal.py
-- Up-to-date symlink: /home/khushant/pid/install/messages/lib/python3.10/site-packages/messages/msg/_systemsignal_s.c
-- Up-to-date symlink: /home/khushant/pid/install/messages/lib/python3.10/site-packages/messages/messages_s__rosidl_typesupport_introspection_c.cpython-310-x86_64-linux-gnu.so
-- Up-to-date symlink: /home/khushant/pid/install/messages/lib/python3.10/site-packages/messages/messages_s__rosidl_typesupport_fastrtps_c.cpython-310-x86_64-linux-gnu.so
-- Up-to-date symlink: /home/khushant/pid/install/messages/lib/python3.10/site-packages/messages/messages_s__rosidl_typesupport_c.cpython-310-x86_64-linux-gnu.so
-- Up-to-date symlink: /home/khushant/pid/install/messages/share/messages/msg/Pidsignal.idl
-- Up-to-date symlink: /home/khushant/pid/install/messages/share/messages/msg/Refsignal.idl
-- Up-to-date symlink: /home/khushant/pid/install/messages/share/messages/msg/Systemsignal.idl
-- Up-to-date symlink: /home/khushant/pid/install/messages/share/messages/msg/Pidsignal.msg
-- Up-to-date symlink: /home/khushant/pid/install/messages/share/messages/msg/Refsignal.msg
-- Up-to-date symlink: /home/khushant/pid/install/messages/share/messages/msg/Systemsignal.msg
-- Up-to-date symlink: /home/khushant/pid/install/messages/share/ament_index/resource_index/package_run_dependencies/messages
-- Up-to-date symlink: /home/khushant/pid/install/messages/share/ament_index/resource_index/parent_prefix_path/messages
-- Up-to-date symlink: /home/khushant/pid/install/messages/share/messages/environment/ament_prefix_path.sh
-- Up-to-date symlink: /home/khushant/pid/install/messages/share/messages/environment/ament_prefix_path.dsv
-- Up-to-date symlink: /home/khushant/pid/install/messages/share/messages/environment/path.sh
-- Up-to-date symlink: /home/khushant/pid/install/messages/share/messages/environment/path.dsv
-- Up-to-date symlink: /home/khushant/pid/install/messages/share/messages/local_setup.bash
-- Up-to-date symlink: /home/khushant/pid/install/messages/share/messages/local_setup.sh
-- Up-to-date symlink: /home/khushant/pid/install/messages/share/messages/local_setup.zsh
-- Up-to-date symlink: /home/khushant/pid/install/messages/share/messages/local_setup.dsv
-- Symlinking: /home/khushant/pid/install/messages/share/messages/package.dsv
-- Up-to-date symlink: /home/khushant/pid/install/messages/share/ament_index/resource_index/packages/messages
-- Up-to-date symlink: /home/khushant/pid/install/messages/share/messages/cmake/rosidl_cmake-extras.cmake
-- Up-to-date symlink: /home/khushant/pid/install/messages/share/messages/cmake/ament_cmake_export_include_directories-extras.cmake
-- Up-to-date symlink: /home/khushant/pid/install/messages/share/messages/cmake/ament_cmake_export_libraries-extras.cmake
-- Up-to-date symlink: /home/khushant/pid/install/messages/share/messages/cmake/ament_cmake_export_targets-extras.cmake
-- Up-to-date symlink: /home/khushant/pid/install/messages/share/messages/cmake/rosidl_cmake_export_typesupport_targets-extras.cmake
-- Up-to-date symlink: /home/khushant/pid/install/messages/share/messages/cmake/ament_cmake_export_dependencies-extras.cmake
-- Up-to-date symlink: /home/khushant/pid/install/messages/share/messages/cmake/rosidl_cmake_export_typesupport_libraries-extras.cmake
-- Up-to-date symlink: /home/khushant/pid/install/messages/share/messages/cmake/messagesConfig.cmake
-- Up-to-date symlink: /home/khushant/pid/install/messages/share/messages/cmake/messagesConfig-version.cmake
-- Up-to-date symlink: /home/khushant/pid/install/messages/share/messages/package.xml
-- Installing: /home/khushant/pid/install/messages/lib/libmessages__rosidl_generator_c.so
-- Set runtime path of "/home/khushant/pid/install/messages/lib/libmessages__rosidl_generator_c.so" to ""
-- Installing: /home/khushant/pid/install/messages/lib/libmessages__rosidl_typesupport_introspection_c.so
-- Set runtime path of "/home/khushant/pid/install/messages/lib/libmessages__rosidl_typesupport_introspection_c.so" to ""
-- Installing: /home/khushant/pid/install/messages/lib/libmessages__rosidl_typesupport_fastrtps_c.so
-- Set runtime path of "/home/khushant/pid/install/messages/lib/libmessages__rosidl_typesupport_fastrtps_c.so" to ""
-- Installing: /home/khushant/pid/install/messages/lib/libmessages__rosidl_typesupport_c.so
-- Set runtime path of "/home/khushant/pid/install/messages/lib/libmessages__rosidl_typesupport_c.so" to ""
-- Installing: /home/khushant/pid/install/messages/lib/libmessages__rosidl_typesupport_introspection_cpp.so
-- Set runtime path of "/home/khushant/pid/install/messages/lib/libmessages__rosidl_typesupport_introspection_cpp.so" to ""
-- Installing: /home/khushant/pid/install/messages/lib/libmessages__rosidl_typesupport_fastrtps_cpp.so
-- Set runtime path of "/home/khushant/pid/install/messages/lib/libmessages__rosidl_typesupport_fastrtps_cpp.so" to ""
-- Installing: /home/khushant/pid/install/messages/lib/libmessages__rosidl_typesupport_cpp.so
-- Set runtime path of "/home/khushant/pid/install/messages/lib/libmessages__rosidl_typesupport_cpp.so" to ""
Listing '/home/khushant/pid/install/messages/lib/python3.10/site-packages/messages'...
Compiling '/home/khushant/pid/install/messages/lib/python3.10/site-packages/messages/__init__.py'...
Listing '/home/khushant/pid/install/messages/lib/python3.10/site-packages/messages/msg'...
Compiling '/home/khushant/pid/install/messages/lib/python3.10/site-packages/messages/msg/__init__.py'...
Compiling '/home/khushant/pid/install/messages/lib/python3.10/site-packages/messages/msg/_pidsignal.py'...
Compiling '/home/khushant/pid/install/messages/lib/python3.10/site-packages/messages/msg/_refsignal.py'...
Compiling '/home/khushant/pid/install/messages/lib/python3.10/site-packages/messages/msg/_systemsignal.py'...
-- Installing: /home/khushant/pid/install/messages/lib/libmessages__rosidl_generator_py.so
-- Set runtime path of "/home/khushant/pid/install/messages/lib/libmessages__rosidl_generator_py.so" to ""
-- Up-to-date: /home/khushant/pid/install/messages/share/messages/cmake/export_messages__rosidl_generator_cExport.cmake
-- Up-to-date: /home/khushant/pid/install/messages/share/messages/cmake/export_messages__rosidl_generator_cExport-noconfig.cmake
-- Up-to-date: /home/khushant/pid/install/messages/share/messages/cmake/messages__rosidl_typesupport_introspection_cExport.cmake
-- Up-to-date: /home/khushant/pid/install/messages/share/messages/cmake/messages__rosidl_typesupport_introspection_cExport-noconfig.cmake
-- Up-to-date: /home/khushant/pid/install/messages/share/messages/cmake/export_messages__rosidl_typesupport_fastrtps_cExport.cmake
-- Up-to-date: /home/khushant/pid/install/messages/share/messages/cmake/export_messages__rosidl_typesupport_fastrtps_cExport-noconfig.cmake
-- Up-to-date: /home/khushant/pid/install/messages/share/messages/cmake/messages__rosidl_typesupport_cExport.cmake
-- Up-to-date: /home/khushant/pid/install/messages/share/messages/cmake/messages__rosidl_typesupport_cExport-noconfig.cmake
-- Up-to-date: /home/khushant/pid/install/messages/share/messages/cmake/export_messages__rosidl_generator_cppExport.cmake
-- Up-to-date: /home/khushant/pid/install/messages/share/messages/cmake/messages__rosidl_typesupport_introspection_cppExport.cmake
-- Up-to-date: /home/khushant/pid/install/messages/share/messages/cmake/messages__rosidl_typesupport_introspection_cppExport-noconfig.cmake
-- Up-to-date: /home/khushant/pid/install/messages/share/messages/cmake/export_messages__rosidl_typesupport_fastrtps_cppExport.cmake
-- Up-to-date: /home/khushant/pid/install/messages/share/messages/cmake/export_messages__rosidl_typesupport_fastrtps_cppExport-noconfig.cmake
-- Up-to-date: /home/khushant/pid/install/messages/share/messages/cmake/messages__rosidl_typesupport_cppExport.cmake
-- Up-to-date: /home/khushant/pid/install/messages/share/messages/cmake/messages__rosidl_typesupport_cppExport-noconfig.cmake
-- Up-to-date: /home/khushant/pid/install/messages/share/messages/cmake/export_messages__rosidl_generator_pyExport.cmake
-- Up-to-date: /home/khushant/pid/install/messages/share/messages/cmake/export_messages__rosidl_generator_pyExport-noconfig.cmake
