[2.375s] Invoking command in '/home/khushant/pid/build/controller': PYTHONPATH=/home/khushant/pid/build/controller/prefix_override:/home/khushant/pid/install/controller/lib/python3.10/site-packages:${PYTHONPATH} WSLENV=ELECTRON_RUN_AS_NODE/w:WT_SESSION:WT_PROFILE_ID: /usr/bin/python3 setup.py develop --uninstall --editable --build-directory /home/khushant/pid/build/controller/build
[3.064s] running develop
[3.363s] Removing /home/khushant/pid/install/controller/lib/python3.10/site-packages/controller.egg-link (link to .)
[3.403s] Invoked command in '/home/khushant/pid/build/controller' returned '0': PYTHONPATH=/home/khushant/pid/build/controller/prefix_override:/home/khushant/pid/install/controller/lib/python3.10/site-packages:${PYTHONPATH} WSLENV=ELECTRON_RUN_AS_NODE/w:WT_SESSION:WT_PROFILE_ID: /usr/bin/python3 setup.py develop --uninstall --editable --build-directory /home/khushant/pid/build/controller/build
[3.407s] Invoking command in '/home/khushant/pid/src/controller': PYTHONPATH=/home/khushant/pid/build/controller/prefix_override:/home/khushant/pid/install/controller/lib/python3.10/site-packages:${PYTHONPATH} WSLENV=ELECTRON_RUN_AS_NODE/w:WT_SESSION:WT_PROFILE_ID: /usr/bin/python3 setup.py egg_info --egg-base ../../build/controller build --build-base /home/khushant/pid/build/controller/build install --record /home/khushant/pid/build/controller/install.log --single-version-externally-managed
[3.994s] running egg_info
[3.995s] writing ../../build/controller/controller.egg-info/PKG-INFO
[3.996s] writing dependency_links to ../../build/controller/controller.egg-info/dependency_links.txt
[3.996s] writing entry points to ../../build/controller/controller.egg-info/entry_points.txt
[3.996s] writing requirements to ../../build/controller/controller.egg-info/requires.txt
[3.996s] writing top-level names to ../../build/controller/controller.egg-info/top_level.txt
[3.999s] reading manifest file '../../build/controller/controller.egg-info/SOURCES.txt'
[4.000s] writing manifest file '../../build/controller/controller.egg-info/SOURCES.txt'
[4.000s] running build
[4.000s] running build_py
[4.001s] copying controller/system.py -> /home/khushant/pid/build/controller/build/lib/controller
[4.001s] copying controller/pid.py -> /home/khushant/pid/build/controller/build/lib/controller
[4.001s] running install
[4.002s] running install_lib
[4.003s] creating /home/khushant/pid/install/controller/lib/python3.10/site-packages/controller
[4.003s] copying /home/khushant/pid/build/controller/build/lib/controller/ref.py -> /home/khushant/pid/install/controller/lib/python3.10/site-packages/controller
[4.004s] copying /home/khushant/pid/build/controller/build/lib/controller/system.py -> /home/khushant/pid/install/controller/lib/python3.10/site-packages/controller
[4.004s] copying /home/khushant/pid/build/controller/build/lib/controller/pid.py -> /home/khushant/pid/install/controller/lib/python3.10/site-packages/controller
[4.004s] copying /home/khushant/pid/build/controller/build/lib/controller/__init__.py -> /home/khushant/pid/install/controller/lib/python3.10/site-packages/controller
[4.006s] byte-compiling /home/khushant/pid/install/controller/lib/python3.10/site-packages/controller/ref.py to ref.cpython-310.pyc
[4.007s] byte-compiling /home/khushant/pid/install/controller/lib/python3.10/site-packages/controller/system.py to system.cpython-310.pyc
[4.008s] byte-compiling /home/khushant/pid/install/controller/lib/python3.10/site-packages/controller/pid.py to pid.cpython-310.pyc
[4.009s] byte-compiling /home/khushant/pid/install/controller/lib/python3.10/site-packages/controller/__init__.py to __init__.cpython-310.pyc
[4.009s] running install_data
[4.010s] running install_egg_info
[4.014s] Copying ../../build/controller/controller.egg-info to /home/khushant/pid/install/controller/lib/python3.10/site-packages/controller-0.0.0-py3.10.egg-info
[4.015s] running install_scripts
[4.058s] Installing pid script to /home/khushant/pid/install/controller/lib/controller
[4.059s] Installing ref script to /home/khushant/pid/install/controller/lib/controller
[4.059s] Installing system script to /home/khushant/pid/install/controller/lib/controller
[4.060s] writing list of installed files to '/home/khushant/pid/build/controller/install.log'
[4.091s] Invoked command in '/home/khushant/pid/src/controller' returned '0': PYTHONPATH=/home/khushant/pid/build/controller/prefix_override:/home/khushant/pid/install/controller/lib/python3.10/site-packages:${PYTHONPATH} WSLENV=ELECTRON_RUN_AS_NODE/w:WT_SESSION:WT_PROFILE_ID: /usr/bin/python3 setup.py egg_info --egg-base ../../build/controller build --build-base /home/khushant/pid/build/controller/build install --record /home/khushant/pid/build/controller/install.log --single-version-externally-managed
